{
  "/media/roussel/Ankata Local/PROJECTS/Doing/hei-admin-ui/hei-admin-ui/src/gen/haClient/base.ts": {
    "path": "/media/roussel/Ankata Local/PROJECTS/Doing/hei-admin-ui/hei-admin-ui/src/gen/haClient/base.ts",
    "statementMap": {
      "0": {
        "start": {
          "line": 21,
          "column": 25
        },
        "end": {
          "line": 21,
          "column": 108
        }
      },
      "1": {
        "start": {
          "line": 27,
          "column": 34
        },
        "end": {
          "line": 32,
          "column": 1
        }
      },
      "2": {
        "start": {
          "line": 53,
          "column": 4
        },
        "end": {
          "line": 56,
          "column": 5
        }
      },
      "3": {
        "start": {
          "line": 54,
          "column": 6
        },
        "end": {
          "line": 54,
          "column": 40
        }
      },
      "4": {
        "start": {
          "line": 55,
          "column": 6
        },
        "end": {
          "line": 55,
          "column": 61
        }
      },
      "5": {
        "start": {
          "line": 68,
          "column": 4
        },
        "end": {
          "line": 68,
          "column": 14
        }
      },
      "6": {
        "start": {
          "line": 69,
          "column": 4
        },
        "end": {
          "line": 69,
          "column": 31
        }
      }
    },
    "fnMap": {
      "0": {
        "name": "(anonymous_0)",
        "decl": {
          "start": {
            "line": 52,
            "column": 2
          },
          "end": {
            "line": 52,
            "column": 3
          }
        },
        "loc": {
          "start": {
            "line": 52,
            "column": 131
          },
          "end": {
            "line": 57,
            "column": 3
          }
        },
        "line": 52
      },
      "1": {
        "name": "(anonymous_1)",
        "decl": {
          "start": {
            "line": 67,
            "column": 2
          },
          "end": {
            "line": 67,
            "column": 3
          }
        },
        "loc": {
          "start": {
            "line": 67,
            "column": 50
          },
          "end": {
            "line": 70,
            "column": 3
          }
        },
        "line": 67
      }
    },
    "branchMap": {
      "0": {
        "loc": {
          "start": {
            "line": 21,
            "column": 26
          },
          "end": {
            "line": 21,
            "column": 87
          }
        },
        "type": "binary-expr",
        "locations": [
          {
            "start": {
              "line": 21,
              "column": 26
            },
            "end": {
              "line": 21,
              "column": 55
            }
          },
          {
            "start": {
              "line": 21,
              "column": 59
            },
            "end": {
              "line": 21,
              "column": 87
            }
          }
        ],
        "line": 21
      },
      "1": {
        "loc": {
          "start": {
            "line": 52,
            "column": 55
          },
          "end": {
            "line": 52,
            "column": 83
          }
        },
        "type": "default-arg",
        "locations": [
          {
            "start": {
              "line": 52,
              "column": 74
            },
            "end": {
              "line": 52,
              "column": 83
            }
          }
        ],
        "line": 52
      },
      "2": {
        "loc": {
          "start": {
            "line": 52,
            "column": 95
          },
          "end": {
            "line": 52,
            "column": 129
          }
        },
        "type": "default-arg",
        "locations": [
          {
            "start": {
              "line": 52,
              "column": 118
            },
            "end": {
              "line": 52,
              "column": 129
            }
          }
        ],
        "line": 52
      },
      "3": {
        "loc": {
          "start": {
            "line": 53,
            "column": 4
          },
          "end": {
            "line": 56,
            "column": 5
          }
        },
        "type": "if",
        "locations": [
          {
            "start": {
              "line": 53,
              "column": 4
            },
            "end": {
              "line": 56,
              "column": 5
            }
          },
          {
            "start": {
              "line": 53,
              "column": 4
            },
            "end": {
              "line": 56,
              "column": 5
            }
          }
        ],
        "line": 53
      },
      "4": {
        "loc": {
          "start": {
            "line": 55,
            "column": 22
          },
          "end": {
            "line": 55,
            "column": 61
          }
        },
        "type": "binary-expr",
        "locations": [
          {
            "start": {
              "line": 55,
              "column": 22
            },
            "end": {
              "line": 55,
              "column": 44
            }
          },
          {
            "start": {
              "line": 55,
              "column": 48
            },
            "end": {
              "line": 55,
              "column": 61
            }
          }
        ],
        "line": 55
      }
    },
    "s": {
      "0": 1,
      "1": 1,
      "2": 0,
      "3": 0,
      "4": 0,
      "5": 0,
      "6": 0
    },
    "f": {
      "0": 0,
      "1": 0
    },
    "b": {
      "0": [1, 0],
      "1": [0],
      "2": [0],
      "3": [0, 0],
      "4": [0, 0]
    },
    "_coverageSchema": "43e27e138ebf9cfc5966b082cf9a028302ed4184",
    "hash": "70f8d595b9980a2aa5797beb2b29d455e29ecf50"
  },
  "/media/roussel/Ankata Local/PROJECTS/Doing/hei-admin-ui/hei-admin-ui/src/gen/haClient/common.ts": {
    "path": "/media/roussel/Ankata Local/PROJECTS/Doing/hei-admin-ui/hei-admin-ui/src/gen/haClient/common.ts",
    "statementMap": {
      "0": {
        "start": {
          "line": 24,
          "column": 30
        },
        "end": {
          "line": 24,
          "column": 51
        }
      },
      "1": {
        "start": {
          "line": 31,
          "column": 33
        },
        "end": {
          "line": 35,
          "column": 1
        }
      },
      "2": {
        "start": {
          "line": 32,
          "column": 2
        },
        "end": {
          "line": 34,
          "column": 3
        }
      },
      "3": {
        "start": {
          "line": 33,
          "column": 4
        },
        "end": {
          "line": 33,
          "column": 125
        }
      },
      "4": {
        "start": {
          "line": 41,
          "column": 33
        },
        "end": {
          "line": 46,
          "column": 1
        }
      },
      "5": {
        "start": {
          "line": 42,
          "column": 2
        },
        "end": {
          "line": 45,
          "column": 3
        }
      },
      "6": {
        "start": {
          "line": 43,
          "column": 32
        },
        "end": {
          "line": 43,
          "column": 146
        }
      },
      "7": {
        "start": {
          "line": 44,
          "column": 4
        },
        "end": {
          "line": 44,
          "column": 46
        }
      },
      "8": {
        "start": {
          "line": 52,
          "column": 36
        },
        "end": {
          "line": 56,
          "column": 1
        }
      },
      "9": {
        "start": {
          "line": 53,
          "column": 2
        },
        "end": {
          "line": 55,
          "column": 3
        }
      },
      "10": {
        "start": {
          "line": 54,
          "column": 4
        },
        "end": {
          "line": 54,
          "column": 91
        }
      },
      "11": {
        "start": {
          "line": 62,
          "column": 37
        },
        "end": {
          "line": 67,
          "column": 1
        }
      },
      "12": {
        "start": {
          "line": 63,
          "column": 2
        },
        "end": {
          "line": 66,
          "column": 3
        }
      },
      "13": {
        "start": {
          "line": 64,
          "column": 24
        },
        "end": {
          "line": 64,
          "column": 141
        }
      },
      "14": {
        "start": {
          "line": 65,
          "column": 4
        },
        "end": {
          "line": 65,
          "column": 53
        }
      },
      "15": {
        "start": {
          "line": 73,
          "column": 32
        },
        "end": {
          "line": 79,
          "column": 1
        }
      },
      "16": {
        "start": {
          "line": 74,
          "column": 2
        },
        "end": {
          "line": 78,
          "column": 3
        }
      },
      "17": {
        "start": {
          "line": 76,
          "column": 6
        },
        "end": {
          "line": 76,
          "column": 135
        }
      },
      "18": {
        "start": {
          "line": 77,
          "column": 4
        },
        "end": {
          "line": 77,
          "column": 66
        }
      },
      "19": {
        "start": {
          "line": 82,
          "column": 2
        },
        "end": {
          "line": 82,
          "column": 31
        }
      },
      "20": {
        "start": {
          "line": 82,
          "column": 25
        },
        "end": {
          "line": 82,
          "column": 31
        }
      },
      "21": {
        "start": {
          "line": 83,
          "column": 2
        },
        "end": {
          "line": 97,
          "column": 3
        }
      },
      "22": {
        "start": {
          "line": 84,
          "column": 4
        },
        "end": {
          "line": 90,
          "column": 5
        }
      },
      "23": {
        "start": {
          "line": 85,
          "column": 7
        },
        "end": {
          "line": 85,
          "column": 96
        }
      },
      "24": {
        "start": {
          "line": 85,
          "column": 44
        },
        "end": {
          "line": 85,
          "column": 95
        }
      },
      "25": {
        "start": {
          "line": 87,
          "column": 6
        },
        "end": {
          "line": 89,
          "column": 7
        }
      },
      "26": {
        "start": {
          "line": 88,
          "column": 8
        },
        "end": {
          "line": 88,
          "column": 118
        }
      },
      "27": {
        "start": {
          "line": 92,
          "column": 4
        },
        "end": {
          "line": 96,
          "column": 5
        }
      },
      "28": {
        "start": {
          "line": 93,
          "column": 6
        },
        "end": {
          "line": 93,
          "column": 44
        }
      },
      "29": {
        "start": {
          "line": 95,
          "column": 6
        },
        "end": {
          "line": 95,
          "column": 41
        }
      },
      "30": {
        "start": {
          "line": 104,
          "column": 31
        },
        "end": {
          "line": 108,
          "column": 1
        }
      },
      "31": {
        "start": {
          "line": 105,
          "column": 23
        },
        "end": {
          "line": 105,
          "column": 54
        }
      },
      "32": {
        "start": {
          "line": 106,
          "column": 2
        },
        "end": {
          "line": 106,
          "column": 48
        }
      },
      "33": {
        "start": {
          "line": 107,
          "column": 2
        },
        "end": {
          "line": 107,
          "column": 38
        }
      },
      "34": {
        "start": {
          "line": 114,
          "column": 37
        },
        "end": {
          "line": 119,
          "column": 1
        }
      },
      "35": {
        "start": {
          "line": 115,
          "column": 20
        },
        "end": {
          "line": 115,
          "column": 45
        }
      },
      "36": {
        "start": {
          "line": 117,
          "column": 4
        },
        "end": {
          "line": 117,
          "column": 137
        }
      },
      "37": {
        "start": {
          "line": 118,
          "column": 2
        },
        "end": {
          "line": 118,
          "column": 92
        }
      },
      "38": {
        "start": {
          "line": 125,
          "column": 28
        },
        "end": {
          "line": 127,
          "column": 1
        }
      },
      "39": {
        "start": {
          "line": 126,
          "column": 2
        },
        "end": {
          "line": 126,
          "column": 45
        }
      },
      "40": {
        "start": {
          "line": 133,
          "column": 37
        },
        "end": {
          "line": 138,
          "column": 1
        }
      },
      "41": {
        "start": {
          "line": 134,
          "column": 2
        },
        "end": {
          "line": 137,
          "column": 3
        }
      },
      "42": {
        "start": {
          "line": 135,
          "column": 29
        },
        "end": {
          "line": 135,
          "column": 113
        }
      },
      "43": {
        "start": {
          "line": 136,
          "column": 4
        },
        "end": {
          "line": 136,
          "column": 48
        }
      }
    },
    "fnMap": {
      "0": {
        "name": "(anonymous_0)",
        "decl": {
          "start": {
            "line": 31,
            "column": 33
          },
          "end": {
            "line": 31,
            "column": 34
          }
        },
        "loc": {
          "start": {
            "line": 31,
            "column": 105
          },
          "end": {
            "line": 35,
            "column": 1
          }
        },
        "line": 31
      },
      "1": {
        "name": "(anonymous_1)",
        "decl": {
          "start": {
            "line": 41,
            "column": 33
          },
          "end": {
            "line": 41,
            "column": 34
          }
        },
        "loc": {
          "start": {
            "line": 41,
            "column": 115
          },
          "end": {
            "line": 46,
            "column": 1
          }
        },
        "line": 41
      },
      "2": {
        "name": "(anonymous_2)",
        "decl": {
          "start": {
            "line": 52,
            "column": 36
          },
          "end": {
            "line": 52,
            "column": 37
          }
        },
        "loc": {
          "start": {
            "line": 52,
            "column": 90
          },
          "end": {
            "line": 56,
            "column": 1
          }
        },
        "line": 52
      },
      "3": {
        "name": "(anonymous_3)",
        "decl": {
          "start": {
            "line": 62,
            "column": 37
          },
          "end": {
            "line": 62,
            "column": 38
          }
        },
        "loc": {
          "start": {
            "line": 62,
            "column": 97
          },
          "end": {
            "line": 67,
            "column": 1
          }
        },
        "line": 62
      },
      "4": {
        "name": "(anonymous_4)",
        "decl": {
          "start": {
            "line": 73,
            "column": 32
          },
          "end": {
            "line": 73,
            "column": 33
          }
        },
        "loc": {
          "start": {
            "line": 73,
            "column": 124
          },
          "end": {
            "line": 79,
            "column": 1
          }
        },
        "line": 73
      },
      "5": {
        "name": "setFlattenedQueryParams",
        "decl": {
          "start": {
            "line": 81,
            "column": 9
          },
          "end": {
            "line": 81,
            "column": 32
          }
        },
        "loc": {
          "start": {
            "line": 81,
            "column": 107
          },
          "end": {
            "line": 98,
            "column": 1
          }
        },
        "line": 81
      },
      "6": {
        "name": "(anonymous_6)",
        "decl": {
          "start": {
            "line": 85,
            "column": 36
          },
          "end": {
            "line": 85,
            "column": 37
          }
        },
        "loc": {
          "start": {
            "line": 85,
            "column": 44
          },
          "end": {
            "line": 85,
            "column": 95
          }
        },
        "line": 85
      },
      "7": {
        "name": "(anonymous_7)",
        "decl": {
          "start": {
            "line": 87,
            "column": 37
          },
          "end": {
            "line": 87,
            "column": 38
          }
        },
        "loc": {
          "start": {
            "line": 88,
            "column": 8
          },
          "end": {
            "line": 88,
            "column": 118
          }
        },
        "line": 88
      },
      "8": {
        "name": "(anonymous_8)",
        "decl": {
          "start": {
            "line": 104,
            "column": 31
          },
          "end": {
            "line": 104,
            "column": 32
          }
        },
        "loc": {
          "start": {
            "line": 104,
            "column": 70
          },
          "end": {
            "line": 108,
            "column": 1
          }
        },
        "line": 104
      },
      "9": {
        "name": "(anonymous_9)",
        "decl": {
          "start": {
            "line": 114,
            "column": 37
          },
          "end": {
            "line": 114,
            "column": 38
          }
        },
        "loc": {
          "start": {
            "line": 114,
            "column": 111
          },
          "end": {
            "line": 119,
            "column": 1
          }
        },
        "line": 114
      },
      "10": {
        "name": "(anonymous_10)",
        "decl": {
          "start": {
            "line": 125,
            "column": 28
          },
          "end": {
            "line": 125,
            "column": 29
          }
        },
        "loc": {
          "start": {
            "line": 125,
            "column": 48
          },
          "end": {
            "line": 127,
            "column": 1
          }
        },
        "line": 125
      },
      "11": {
        "name": "(anonymous_11)",
        "decl": {
          "start": {
            "line": 133,
            "column": 37
          },
          "end": {
            "line": 133,
            "column": 38
          }
        },
        "loc": {
          "start": {
            "line": 133,
            "column": 149
          },
          "end": {
            "line": 138,
            "column": 1
          }
        },
        "line": 133
      },
      "12": {
        "name": "(anonymous_12)",
        "decl": {
          "start": {
            "line": 134,
            "column": 9
          },
          "end": {
            "line": 134,
            "column": 10
          }
        },
        "loc": {
          "start": {
            "line": 134,
            "column": 114
          },
          "end": {
            "line": 137,
            "column": 3
          }
        },
        "line": 134
      }
    },
    "branchMap": {
      "0": {
        "loc": {
          "start": {
            "line": 32,
            "column": 2
          },
          "end": {
            "line": 34,
            "column": 3
          }
        },
        "type": "if",
        "locations": [
          {
            "start": {
              "line": 32,
              "column": 2
            },
            "end": {
              "line": 34,
              "column": 3
            }
          },
          {
            "start": {
              "line": 32,
              "column": 2
            },
            "end": {
              "line": 34,
              "column": 3
            }
          }
        ],
        "line": 32
      },
      "1": {
        "loc": {
          "start": {
            "line": 32,
            "column": 6
          },
          "end": {
            "line": 32,
            "column": 53
          }
        },
        "type": "binary-expr",
        "locations": [
          {
            "start": {
              "line": 32,
              "column": 6
            },
            "end": {
              "line": 32,
              "column": 25
            }
          },
          {
            "start": {
              "line": 32,
              "column": 29
            },
            "end": {
              "line": 32,
              "column": 53
            }
          }
        ],
        "line": 32
      },
      "2": {
        "loc": {
          "start": {
            "line": 42,
            "column": 2
          },
          "end": {
            "line": 45,
            "column": 3
          }
        },
        "type": "if",
        "locations": [
          {
            "start": {
              "line": 42,
              "column": 2
            },
            "end": {
              "line": 45,
              "column": 3
            }
          },
          {
            "start": {
              "line": 42,
              "column": 2
            },
            "end": {
              "line": 45,
              "column": 3
            }
          }
        ],
        "line": 42
      },
      "3": {
        "loc": {
          "start": {
            "line": 42,
            "column": 6
          },
          "end": {
            "line": 42,
            "column": 43
          }
        },
        "type": "binary-expr",
        "locations": [
          {
            "start": {
              "line": 42,
              "column": 6
            },
            "end": {
              "line": 42,
              "column": 19
            }
          },
          {
            "start": {
              "line": 42,
              "column": 23
            },
            "end": {
              "line": 42,
              "column": 43
            }
          }
        ],
        "line": 42
      },
      "4": {
        "loc": {
          "start": {
            "line": 43,
            "column": 32
          },
          "end": {
            "line": 43,
            "column": 146
          }
        },
        "type": "cond-expr",
        "locations": [
          {
            "start": {
              "line": 43,
              "column": 77
            },
            "end": {
              "line": 43,
              "column": 117
            }
          },
          {
            "start": {
              "line": 43,
              "column": 120
            },
            "end": {
              "line": 43,
              "column": 146
            }
          }
        ],
        "line": 43
      },
      "5": {
        "loc": {
          "start": {
            "line": 53,
            "column": 2
          },
          "end": {
            "line": 55,
            "column": 3
          }
        },
        "type": "if",
        "locations": [
          {
            "start": {
              "line": 53,
              "column": 2
            },
            "end": {
              "line": 55,
              "column": 3
            }
          },
          {
            "start": {
              "line": 53,
              "column": 2
            },
            "end": {
              "line": 55,
              "column": 3
            }
          }
        ],
        "line": 53
      },
      "6": {
        "loc": {
          "start": {
            "line": 53,
            "column": 6
          },
          "end": {
            "line": 53,
            "column": 73
          }
        },
        "type": "binary-expr",
        "locations": [
          {
            "start": {
              "line": 53,
              "column": 6
            },
            "end": {
              "line": 53,
              "column": 19
            }
          },
          {
            "start": {
              "line": 53,
              "column": 24
            },
            "end": {
              "line": 53,
              "column": 46
            }
          },
          {
            "start": {
              "line": 53,
              "column": 50
            },
            "end": {
              "line": 53,
              "column": 72
            }
          }
        ],
        "line": 53
      },
      "7": {
        "loc": {
          "start": {
            "line": 63,
            "column": 2
          },
          "end": {
            "line": 66,
            "column": 3
          }
        },
        "type": "if",
        "locations": [
          {
            "start": {
              "line": 63,
              "column": 2
            },
            "end": {
              "line": 66,
              "column": 3
            }
          },
          {
            "start": {
              "line": 63,
              "column": 2
            },
            "end": {
              "line": 66,
              "column": 3
            }
          }
        ],
        "line": 63
      },
      "8": {
        "loc": {
          "start": {
            "line": 63,
            "column": 6
          },
          "end": {
            "line": 63,
            "column": 48
          }
        },
        "type": "binary-expr",
        "locations": [
          {
            "start": {
              "line": 63,
              "column": 6
            },
            "end": {
              "line": 63,
              "column": 19
            }
          },
          {
            "start": {
              "line": 63,
              "column": 23
            },
            "end": {
              "line": 63,
              "column": 48
            }
          }
        ],
        "line": 63
      },
      "9": {
        "loc": {
          "start": {
            "line": 64,
            "column": 24
          },
          "end": {
            "line": 64,
            "column": 141
          }
        },
        "type": "cond-expr",
        "locations": [
          {
            "start": {
              "line": 64,
              "column": 74
            },
            "end": {
              "line": 64,
              "column": 107
            }
          },
          {
            "start": {
              "line": 64,
              "column": 110
            },
            "end": {
              "line": 64,
              "column": 141
            }
          }
        ],
        "line": 64
      },
      "10": {
        "loc": {
          "start": {
            "line": 74,
            "column": 2
          },
          "end": {
            "line": 78,
            "column": 3
          }
        },
        "type": "if",
        "locations": [
          {
            "start": {
              "line": 74,
              "column": 2
            },
            "end": {
              "line": 78,
              "column": 3
            }
          },
          {
            "start": {
              "line": 74,
              "column": 2
            },
            "end": {
              "line": 78,
              "column": 3
            }
          }
        ],
        "line": 74
      },
      "11": {
        "loc": {
          "start": {
            "line": 74,
            "column": 6
          },
          "end": {
            "line": 74,
            "column": 48
          }
        },
        "type": "binary-expr",
        "locations": [
          {
            "start": {
              "line": 74,
              "column": 6
            },
            "end": {
              "line": 74,
              "column": 19
            }
          },
          {
            "start": {
              "line": 74,
              "column": 23
            },
            "end": {
              "line": 74,
              "column": 48
            }
          }
        ],
        "line": 74
      },
      "12": {
        "loc": {
          "start": {
            "line": 76,
            "column": 6
          },
          "end": {
            "line": 76,
            "column": 135
          }
        },
        "type": "cond-expr",
        "locations": [
          {
            "start": {
              "line": 76,
              "column": 56
            },
            "end": {
              "line": 76,
              "column": 101
            }
          },
          {
            "start": {
              "line": 76,
              "column": 104
            },
            "end": {
              "line": 76,
              "column": 135
            }
          }
        ],
        "line": 76
      },
      "13": {
        "loc": {
          "start": {
            "line": 81,
            "column": 83
          },
          "end": {
            "line": 81,
            "column": 99
          }
        },
        "type": "default-arg",
        "locations": [
          {
            "start": {
              "line": 81,
              "column": 97
            },
            "end": {
              "line": 81,
              "column": 99
            }
          }
        ],
        "line": 81
      },
      "14": {
        "loc": {
          "start": {
            "line": 82,
            "column": 2
          },
          "end": {
            "line": 82,
            "column": 31
          }
        },
        "type": "if",
        "locations": [
          {
            "start": {
              "line": 82,
              "column": 2
            },
            "end": {
              "line": 82,
              "column": 31
            }
          },
          {
            "start": {
              "line": 82,
              "column": 2
            },
            "end": {
              "line": 82,
              "column": 31
            }
          }
        ],
        "line": 82
      },
      "15": {
        "loc": {
          "start": {
            "line": 83,
            "column": 2
          },
          "end": {
            "line": 97,
            "column": 3
          }
        },
        "type": "if",
        "locations": [
          {
            "start": {
              "line": 83,
              "column": 2
            },
            "end": {
              "line": 97,
              "column": 3
            }
          },
          {
            "start": {
              "line": 83,
              "column": 2
            },
            "end": {
              "line": 97,
              "column": 3
            }
          }
        ],
        "line": 83
      },
      "16": {
        "loc": {
          "start": {
            "line": 84,
            "column": 4
          },
          "end": {
            "line": 90,
            "column": 5
          }
        },
        "type": "if",
        "locations": [
          {
            "start": {
              "line": 84,
              "column": 4
            },
            "end": {
              "line": 90,
              "column": 5
            }
          },
          {
            "start": {
              "line": 84,
              "column": 4
            },
            "end": {
              "line": 90,
              "column": 5
            }
          }
        ],
        "line": 84
      },
      "17": {
        "loc": {
          "start": {
            "line": 88,
            "column": 81
          },
          "end": {
            "line": 88,
            "column": 102
          }
        },
        "type": "cond-expr",
        "locations": [
          {
            "start": {
              "line": 88,
              "column": 94
            },
            "end": {
              "line": 88,
              "column": 97
            }
          },
          {
            "start": {
              "line": 88,
              "column": 100
            },
            "end": {
              "line": 88,
              "column": 102
            }
          }
        ],
        "line": 88
      },
      "18": {
        "loc": {
          "start": {
            "line": 92,
            "column": 4
          },
          "end": {
            "line": 96,
            "column": 5
          }
        },
        "type": "if",
        "locations": [
          {
            "start": {
              "line": 92,
              "column": 4
            },
            "end": {
              "line": 96,
              "column": 5
            }
          },
          {
            "start": {
              "line": 92,
              "column": 4
            },
            "end": {
              "line": 96,
              "column": 5
            }
          }
        ],
        "line": 92
      },
      "19": {
        "loc": {
          "start": {
            "line": 117,
            "column": 4
          },
          "end": {
            "line": 117,
            "column": 137
          }
        },
        "type": "cond-expr",
        "locations": [
          {
            "start": {
              "line": 117,
              "column": 61
            },
            "end": {
              "line": 117,
              "column": 125
            }
          },
          {
            "start": {
              "line": 117,
              "column": 128
            },
            "end": {
              "line": 117,
              "column": 137
            }
          }
        ],
        "line": 117
      },
      "20": {
        "loc": {
          "start": {
            "line": 117,
            "column": 4
          },
          "end": {
            "line": 117,
            "column": 58
          }
        },
        "type": "binary-expr",
        "locations": [
          {
            "start": {
              "line": 117,
              "column": 4
            },
            "end": {
              "line": 117,
              "column": 13
            }
          },
          {
            "start": {
              "line": 117,
              "column": 17
            },
            "end": {
              "line": 117,
              "column": 30
            }
          },
          {
            "start": {
              "line": 117,
              "column": 34
            },
            "end": {
              "line": 117,
              "column": 58
            }
          }
        ],
        "line": 117
      },
      "21": {
        "loc": {
          "start": {
            "line": 118,
            "column": 9
          },
          "end": {
            "line": 118,
            "column": 92
          }
        },
        "type": "cond-expr",
        "locations": [
          {
            "start": {
              "line": 118,
              "column": 30
            },
            "end": {
              "line": 118,
              "column": 78
            }
          },
          {
            "start": {
              "line": 118,
              "column": 81
            },
            "end": {
              "line": 118,
              "column": 92
            }
          }
        ],
        "line": 118
      },
      "22": {
        "loc": {
          "start": {
            "line": 118,
            "column": 45
          },
          "end": {
            "line": 118,
            "column": 77
          }
        },
        "type": "cond-expr",
        "locations": [
          {
            "start": {
              "line": 118,
              "column": 67
            },
            "end": {
              "line": 118,
              "column": 72
            }
          },
          {
            "start": {
              "line": 118,
              "column": 75
            },
            "end": {
              "line": 118,
              "column": 77
            }
          }
        ],
        "line": 118
      },
      "23": {
        "loc": {
          "start": {
            "line": 118,
            "column": 81
          },
          "end": {
            "line": 118,
            "column": 92
          }
        },
        "type": "binary-expr",
        "locations": [
          {
            "start": {
              "line": 118,
              "column": 81
            },
            "end": {
              "line": 118,
              "column": 86
            }
          },
          {
            "start": {
              "line": 118,
              "column": 90
            },
            "end": {
              "line": 118,
              "column": 92
            }
          }
        ],
        "line": 118
      },
      "24": {
        "loc": {
          "start": {
            "line": 134,
            "column": 45
          },
          "end": {
            "line": 134,
            "column": 79
          }
        },
        "type": "default-arg",
        "locations": [
          {
            "start": {
              "line": 134,
              "column": 68
            },
            "end": {
              "line": 134,
              "column": 79
            }
          }
        ],
        "line": 134
      },
      "25": {
        "loc": {
          "start": {
            "line": 134,
            "column": 81
          },
          "end": {
            "line": 134,
            "column": 109
          }
        },
        "type": "default-arg",
        "locations": [
          {
            "start": {
              "line": 134,
              "column": 100
            },
            "end": {
              "line": 134,
              "column": 109
            }
          }
        ],
        "line": 134
      },
      "26": {
        "loc": {
          "start": {
            "line": 135,
            "column": 59
          },
          "end": {
            "line": 135,
            "column": 94
          }
        },
        "type": "binary-expr",
        "locations": [
          {
            "start": {
              "line": 135,
              "column": 59
            },
            "end": {
              "line": 135,
              "column": 82
            }
          },
          {
            "start": {
              "line": 135,
              "column": 86
            },
            "end": {
              "line": 135,
              "column": 94
            }
          }
        ],
        "line": 135
      }
    },
    "s": {
      "0": 1,
      "1": 1,
      "2": 0,
      "3": 0,
      "4": 1,
      "5": 0,
      "6": 0,
      "7": 0,
      "8": 1,
      "9": 0,
      "10": 0,
      "11": 1,
      "12": 0,
      "13": 0,
      "14": 0,
      "15": 1,
      "16": 0,
      "17": 0,
      "18": 0,
      "19": 0,
      "20": 0,
      "21": 0,
      "22": 0,
      "23": 0,
      "24": 0,
      "25": 0,
      "26": 0,
      "27": 0,
      "28": 0,
      "29": 0,
      "30": 1,
      "31": 0,
      "32": 0,
      "33": 0,
      "34": 1,
      "35": 0,
      "36": 0,
      "37": 0,
      "38": 1,
      "39": 0,
      "40": 1,
      "41": 0,
      "42": 0,
      "43": 0
    },
    "f": {
      "0": 0,
      "1": 0,
      "2": 0,
      "3": 0,
      "4": 0,
      "5": 0,
      "6": 0,
      "7": 0,
      "8": 0,
      "9": 0,
      "10": 0,
      "11": 0,
      "12": 0
    },
    "b": {
      "0": [0, 0],
      "1": [0, 0],
      "2": [0, 0],
      "3": [0, 0],
      "4": [0, 0],
      "5": [0, 0],
      "6": [0, 0, 0],
      "7": [0, 0],
      "8": [0, 0],
      "9": [0, 0],
      "10": [0, 0],
      "11": [0, 0],
      "12": [0, 0],
      "13": [0],
      "14": [0, 0],
      "15": [0, 0],
      "16": [0, 0],
      "17": [0, 0],
      "18": [0, 0],
      "19": [0, 0],
      "20": [0, 0, 0],
      "21": [0, 0],
      "22": [0, 0],
      "23": [0, 0],
      "24": [0],
      "25": [0],
      "26": [0, 0]
    },
    "_coverageSchema": "43e27e138ebf9cfc5966b082cf9a028302ed4184",
    "hash": "44575251a0e9b78a61a5ca6ac2d55ec47c5b129d"
  },
  "/media/roussel/Ankata Local/PROJECTS/Doing/hei-admin-ui/hei-admin-ui/src/gen/haClient/api.ts": {
    "path": "/media/roussel/Ankata Local/PROJECTS/Doing/hei-admin-ui/hei-admin-ui/src/gen/haClient/api.ts",
    "statementMap": {
      "0": {
        "start": {
          "line": 124,
          "column": 60
        },
        "end": {
          "line": 126,
          "column": 10
        }
      },
      "1": {
        "start": {
          "line": 169,
          "column": 33
        },
        "end": {
          "line": 172,
          "column": 10
        }
      },
      "2": {
        "start": {
          "line": 250,
          "column": 61
        },
        "end": {
          "line": 253,
          "column": 10
        }
      },
      "3": {
        "start": {
          "line": 284,
          "column": 37
        },
        "end": {
          "line": 289,
          "column": 10
        }
      },
      "4": {
        "start": {
          "line": 337,
          "column": 48
        },
        "end": {
          "line": 339,
          "column": 10
        }
      },
      "5": {
        "start": {
          "line": 349,
          "column": 28
        },
        "end": {
          "line": 352,
          "column": 10
        }
      },
      "6": {
        "start": {
          "line": 443,
          "column": 29
        },
        "end": {
          "line": 447,
          "column": 10
        }
      },
      "7": {
        "start": {
          "line": 450,
          "column": 27
        },
        "end": {
          "line": 453,
          "column": 10
        }
      },
      "8": {
        "start": {
          "line": 581,
          "column": 30
        },
        "end": {
          "line": 584,
          "column": 10
        }
      },
      "9": {
        "start": {
          "line": 651,
          "column": 31
        },
        "end": {
          "line": 656,
          "column": 10
        }
      },
      "10": {
        "start": {
          "line": 759,
          "column": 30
        },
        "end": {
          "line": 762,
          "column": 10
        }
      },
      "11": {
        "start": {
          "line": 840,
          "column": 30
        },
        "end": {
          "line": 843,
          "column": 10
        }
      },
      "12": {
        "start": {
          "line": 940,
          "column": 27
        },
        "end": {
          "line": 943,
          "column": 10
        }
      },
      "13": {
        "start": {
          "line": 995,
          "column": 30
        },
        "end": {
          "line": 999,
          "column": 10
        }
      },
      "14": {
        "start": {
          "line": 1007,
          "column": 42
        },
        "end": {
          "line": 1365,
          "column": 1
        }
      },
      "15": {
        "start": {
          "line": 1008,
          "column": 2
        },
        "end": {
          "line": 1364,
          "column": 3
        }
      },
      "16": {
        "start": {
          "line": 1018,
          "column": 6
        },
        "end": {
          "line": 1018,
          "column": 105
        }
      },
      "17": {
        "start": {
          "line": 1019,
          "column": 27
        },
        "end": {
          "line": 1019,
          "column": 50
        }
      },
      "18": {
        "start": {
          "line": 1021,
          "column": 29
        },
        "end": {
          "line": 1021,
          "column": 66
        }
      },
      "19": {
        "start": {
          "line": 1023,
          "column": 6
        },
        "end": {
          "line": 1025,
          "column": 7
        }
      },
      "20": {
        "start": {
          "line": 1024,
          "column": 8
        },
        "end": {
          "line": 1024,
          "column": 47
        }
      },
      "21": {
        "start": {
          "line": 1027,
          "column": 37
        },
        "end": {
          "line": 1027,
          "column": 83
        }
      },
      "22": {
        "start": {
          "line": 1028,
          "column": 38
        },
        "end": {
          "line": 1028,
          "column": 47
        }
      },
      "23": {
        "start": {
          "line": 1029,
          "column": 37
        },
        "end": {
          "line": 1029,
          "column": 46
        }
      },
      "24": {
        "start": {
          "line": 1033,
          "column": 6
        },
        "end": {
          "line": 1033,
          "column": 73
        }
      },
      "25": {
        "start": {
          "line": 1035,
          "column": 6
        },
        "end": {
          "line": 1035,
          "column": 66
        }
      },
      "26": {
        "start": {
          "line": 1037,
          "column": 6
        },
        "end": {
          "line": 1037,
          "column": 61
        }
      },
      "27": {
        "start": {
          "line": 1038,
          "column": 35
        },
        "end": {
          "line": 1038,
          "column": 96
        }
      },
      "28": {
        "start": {
          "line": 1039,
          "column": 6
        },
        "end": {
          "line": 1039,
          "column": 116
        }
      },
      "29": {
        "start": {
          "line": 1040,
          "column": 6
        },
        "end": {
          "line": 1040,
          "column": 122
        }
      },
      "30": {
        "start": {
          "line": 1042,
          "column": 6
        },
        "end": {
          "line": 1045,
          "column": 7
        }
      },
      "31": {
        "start": {
          "line": 1057,
          "column": 6
        },
        "end": {
          "line": 1057,
          "column": 68
        }
      },
      "32": {
        "start": {
          "line": 1059,
          "column": 6
        },
        "end": {
          "line": 1059,
          "column": 68
        }
      },
      "33": {
        "start": {
          "line": 1060,
          "column": 27
        },
        "end": {
          "line": 1060,
          "column": 124
        }
      },
      "34": {
        "start": {
          "line": 1062,
          "column": 29
        },
        "end": {
          "line": 1062,
          "column": 66
        }
      },
      "35": {
        "start": {
          "line": 1064,
          "column": 6
        },
        "end": {
          "line": 1066,
          "column": 7
        }
      },
      "36": {
        "start": {
          "line": 1065,
          "column": 8
        },
        "end": {
          "line": 1065,
          "column": 47
        }
      },
      "37": {
        "start": {
          "line": 1068,
          "column": 37
        },
        "end": {
          "line": 1068,
          "column": 83
        }
      },
      "38": {
        "start": {
          "line": 1069,
          "column": 38
        },
        "end": {
          "line": 1069,
          "column": 47
        }
      },
      "39": {
        "start": {
          "line": 1070,
          "column": 37
        },
        "end": {
          "line": 1070,
          "column": 46
        }
      },
      "40": {
        "start": {
          "line": 1074,
          "column": 6
        },
        "end": {
          "line": 1074,
          "column": 73
        }
      },
      "41": {
        "start": {
          "line": 1076,
          "column": 6
        },
        "end": {
          "line": 1076,
          "column": 66
        }
      },
      "42": {
        "start": {
          "line": 1078,
          "column": 6
        },
        "end": {
          "line": 1078,
          "column": 61
        }
      },
      "43": {
        "start": {
          "line": 1079,
          "column": 35
        },
        "end": {
          "line": 1079,
          "column": 96
        }
      },
      "44": {
        "start": {
          "line": 1080,
          "column": 6
        },
        "end": {
          "line": 1080,
          "column": 116
        }
      },
      "45": {
        "start": {
          "line": 1081,
          "column": 6
        },
        "end": {
          "line": 1081,
          "column": 107
        }
      },
      "46": {
        "start": {
          "line": 1083,
          "column": 6
        },
        "end": {
          "line": 1086,
          "column": 7
        }
      },
      "47": {
        "start": {
          "line": 1104,
          "column": 6
        },
        "end": {
          "line": 1104,
          "column": 72
        }
      },
      "48": {
        "start": {
          "line": 1106,
          "column": 6
        },
        "end": {
          "line": 1106,
          "column": 64
        }
      },
      "49": {
        "start": {
          "line": 1108,
          "column": 6
        },
        "end": {
          "line": 1108,
          "column": 80
        }
      },
      "50": {
        "start": {
          "line": 1109,
          "column": 27
        },
        "end": {
          "line": 1111,
          "column": 68
        }
      },
      "51": {
        "start": {
          "line": 1113,
          "column": 29
        },
        "end": {
          "line": 1113,
          "column": 66
        }
      },
      "52": {
        "start": {
          "line": 1115,
          "column": 6
        },
        "end": {
          "line": 1117,
          "column": 7
        }
      },
      "53": {
        "start": {
          "line": 1116,
          "column": 8
        },
        "end": {
          "line": 1116,
          "column": 47
        }
      },
      "54": {
        "start": {
          "line": 1119,
          "column": 37
        },
        "end": {
          "line": 1119,
          "column": 83
        }
      },
      "55": {
        "start": {
          "line": 1120,
          "column": 38
        },
        "end": {
          "line": 1120,
          "column": 47
        }
      },
      "56": {
        "start": {
          "line": 1121,
          "column": 37
        },
        "end": {
          "line": 1121,
          "column": 46
        }
      },
      "57": {
        "start": {
          "line": 1125,
          "column": 6
        },
        "end": {
          "line": 1125,
          "column": 73
        }
      },
      "58": {
        "start": {
          "line": 1127,
          "column": 6
        },
        "end": {
          "line": 1127,
          "column": 66
        }
      },
      "59": {
        "start": {
          "line": 1129,
          "column": 6
        },
        "end": {
          "line": 1129,
          "column": 61
        }
      },
      "60": {
        "start": {
          "line": 1130,
          "column": 35
        },
        "end": {
          "line": 1130,
          "column": 96
        }
      },
      "61": {
        "start": {
          "line": 1131,
          "column": 6
        },
        "end": {
          "line": 1131,
          "column": 116
        }
      },
      "62": {
        "start": {
          "line": 1132,
          "column": 6
        },
        "end": {
          "line": 1132,
          "column": 111
        }
      },
      "63": {
        "start": {
          "line": 1134,
          "column": 6
        },
        "end": {
          "line": 1137,
          "column": 7
        }
      },
      "64": {
        "start": {
          "line": 1146,
          "column": 27
        },
        "end": {
          "line": 1146,
          "column": 43
        }
      },
      "65": {
        "start": {
          "line": 1148,
          "column": 29
        },
        "end": {
          "line": 1148,
          "column": 66
        }
      },
      "66": {
        "start": {
          "line": 1150,
          "column": 6
        },
        "end": {
          "line": 1152,
          "column": 7
        }
      },
      "67": {
        "start": {
          "line": 1151,
          "column": 8
        },
        "end": {
          "line": 1151,
          "column": 47
        }
      },
      "68": {
        "start": {
          "line": 1154,
          "column": 37
        },
        "end": {
          "line": 1154,
          "column": 82
        }
      },
      "69": {
        "start": {
          "line": 1155,
          "column": 38
        },
        "end": {
          "line": 1155,
          "column": 47
        }
      },
      "70": {
        "start": {
          "line": 1156,
          "column": 37
        },
        "end": {
          "line": 1156,
          "column": 46
        }
      },
      "71": {
        "start": {
          "line": 1160,
          "column": 6
        },
        "end": {
          "line": 1160,
          "column": 73
        }
      },
      "72": {
        "start": {
          "line": 1162,
          "column": 6
        },
        "end": {
          "line": 1162,
          "column": 61
        }
      },
      "73": {
        "start": {
          "line": 1163,
          "column": 35
        },
        "end": {
          "line": 1163,
          "column": 96
        }
      },
      "74": {
        "start": {
          "line": 1164,
          "column": 6
        },
        "end": {
          "line": 1164,
          "column": 116
        }
      },
      "75": {
        "start": {
          "line": 1166,
          "column": 6
        },
        "end": {
          "line": 1169,
          "column": 7
        }
      },
      "76": {
        "start": {
          "line": 1181,
          "column": 27
        },
        "end": {
          "line": 1181,
          "column": 34
        }
      },
      "77": {
        "start": {
          "line": 1183,
          "column": 29
        },
        "end": {
          "line": 1183,
          "column": 66
        }
      },
      "78": {
        "start": {
          "line": 1185,
          "column": 6
        },
        "end": {
          "line": 1187,
          "column": 7
        }
      },
      "79": {
        "start": {
          "line": 1186,
          "column": 8
        },
        "end": {
          "line": 1186,
          "column": 47
        }
      },
      "80": {
        "start": {
          "line": 1189,
          "column": 37
        },
        "end": {
          "line": 1189,
          "column": 82
        }
      },
      "81": {
        "start": {
          "line": 1190,
          "column": 38
        },
        "end": {
          "line": 1190,
          "column": 47
        }
      },
      "82": {
        "start": {
          "line": 1191,
          "column": 37
        },
        "end": {
          "line": 1191,
          "column": 46
        }
      },
      "83": {
        "start": {
          "line": 1195,
          "column": 6
        },
        "end": {
          "line": 1195,
          "column": 73
        }
      },
      "84": {
        "start": {
          "line": 1197,
          "column": 6
        },
        "end": {
          "line": 1199,
          "column": 7
        }
      },
      "85": {
        "start": {
          "line": 1198,
          "column": 8
        },
        "end": {
          "line": 1198,
          "column": 49
        }
      },
      "86": {
        "start": {
          "line": 1201,
          "column": 6
        },
        "end": {
          "line": 1203,
          "column": 7
        }
      },
      "87": {
        "start": {
          "line": 1202,
          "column": 8
        },
        "end": {
          "line": 1202,
          "column": 45
        }
      },
      "88": {
        "start": {
          "line": 1205,
          "column": 6
        },
        "end": {
          "line": 1207,
          "column": 7
        }
      },
      "89": {
        "start": {
          "line": 1206,
          "column": 8
        },
        "end": {
          "line": 1206,
          "column": 54
        }
      },
      "90": {
        "start": {
          "line": 1209,
          "column": 6
        },
        "end": {
          "line": 1209,
          "column": 61
        }
      },
      "91": {
        "start": {
          "line": 1210,
          "column": 35
        },
        "end": {
          "line": 1210,
          "column": 96
        }
      },
      "92": {
        "start": {
          "line": 1211,
          "column": 6
        },
        "end": {
          "line": 1211,
          "column": 116
        }
      },
      "93": {
        "start": {
          "line": 1213,
          "column": 6
        },
        "end": {
          "line": 1216,
          "column": 7
        }
      },
      "94": {
        "start": {
          "line": 1228,
          "column": 6
        },
        "end": {
          "line": 1228,
          "column": 68
        }
      },
      "95": {
        "start": {
          "line": 1230,
          "column": 6
        },
        "end": {
          "line": 1230,
          "column": 60
        }
      },
      "96": {
        "start": {
          "line": 1231,
          "column": 27
        },
        "end": {
          "line": 1233,
          "column": 68
        }
      },
      "97": {
        "start": {
          "line": 1235,
          "column": 29
        },
        "end": {
          "line": 1235,
          "column": 66
        }
      },
      "98": {
        "start": {
          "line": 1237,
          "column": 6
        },
        "end": {
          "line": 1239,
          "column": 7
        }
      },
      "99": {
        "start": {
          "line": 1238,
          "column": 8
        },
        "end": {
          "line": 1238,
          "column": 47
        }
      },
      "100": {
        "start": {
          "line": 1241,
          "column": 37
        },
        "end": {
          "line": 1241,
          "column": 82
        }
      },
      "101": {
        "start": {
          "line": 1242,
          "column": 38
        },
        "end": {
          "line": 1242,
          "column": 47
        }
      },
      "102": {
        "start": {
          "line": 1243,
          "column": 37
        },
        "end": {
          "line": 1243,
          "column": 46
        }
      },
      "103": {
        "start": {
          "line": 1247,
          "column": 6
        },
        "end": {
          "line": 1247,
          "column": 73
        }
      },
      "104": {
        "start": {
          "line": 1249,
          "column": 6
        },
        "end": {
          "line": 1249,
          "column": 61
        }
      },
      "105": {
        "start": {
          "line": 1250,
          "column": 35
        },
        "end": {
          "line": 1250,
          "column": 96
        }
      },
      "106": {
        "start": {
          "line": 1251,
          "column": 6
        },
        "end": {
          "line": 1251,
          "column": 116
        }
      },
      "107": {
        "start": {
          "line": 1253,
          "column": 6
        },
        "end": {
          "line": 1256,
          "column": 7
        }
      },
      "108": {
        "start": {
          "line": 1276,
          "column": 6
        },
        "end": {
          "line": 1276,
          "column": 65
        }
      },
      "109": {
        "start": {
          "line": 1277,
          "column": 27
        },
        "end": {
          "line": 1277,
          "column": 124
        }
      },
      "110": {
        "start": {
          "line": 1279,
          "column": 29
        },
        "end": {
          "line": 1279,
          "column": 66
        }
      },
      "111": {
        "start": {
          "line": 1281,
          "column": 6
        },
        "end": {
          "line": 1283,
          "column": 7
        }
      },
      "112": {
        "start": {
          "line": 1282,
          "column": 8
        },
        "end": {
          "line": 1282,
          "column": 47
        }
      },
      "113": {
        "start": {
          "line": 1285,
          "column": 37
        },
        "end": {
          "line": 1285,
          "column": 82
        }
      },
      "114": {
        "start": {
          "line": 1286,
          "column": 38
        },
        "end": {
          "line": 1286,
          "column": 47
        }
      },
      "115": {
        "start": {
          "line": 1287,
          "column": 37
        },
        "end": {
          "line": 1287,
          "column": 46
        }
      },
      "116": {
        "start": {
          "line": 1291,
          "column": 6
        },
        "end": {
          "line": 1291,
          "column": 73
        }
      },
      "117": {
        "start": {
          "line": 1293,
          "column": 6
        },
        "end": {
          "line": 1295,
          "column": 7
        }
      },
      "118": {
        "start": {
          "line": 1294,
          "column": 8
        },
        "end": {
          "line": 1294,
          "column": 45
        }
      },
      "119": {
        "start": {
          "line": 1297,
          "column": 6
        },
        "end": {
          "line": 1299,
          "column": 7
        }
      },
      "120": {
        "start": {
          "line": 1298,
          "column": 8
        },
        "end": {
          "line": 1298,
          "column": 54
        }
      },
      "121": {
        "start": {
          "line": 1301,
          "column": 6
        },
        "end": {
          "line": 1303,
          "column": 7
        }
      },
      "122": {
        "start": {
          "line": 1302,
          "column": 8
        },
        "end": {
          "line": 1302,
          "column": 49
        }
      },
      "123": {
        "start": {
          "line": 1305,
          "column": 6
        },
        "end": {
          "line": 1305,
          "column": 61
        }
      },
      "124": {
        "start": {
          "line": 1306,
          "column": 35
        },
        "end": {
          "line": 1306,
          "column": 96
        }
      },
      "125": {
        "start": {
          "line": 1307,
          "column": 6
        },
        "end": {
          "line": 1307,
          "column": 116
        }
      },
      "126": {
        "start": {
          "line": 1309,
          "column": 6
        },
        "end": {
          "line": 1312,
          "column": 7
        }
      },
      "127": {
        "start": {
          "line": 1326,
          "column": 6
        },
        "end": {
          "line": 1326,
          "column": 69
        }
      },
      "128": {
        "start": {
          "line": 1328,
          "column": 6
        },
        "end": {
          "line": 1328,
          "column": 61
        }
      },
      "129": {
        "start": {
          "line": 1329,
          "column": 27
        },
        "end": {
          "line": 1331,
          "column": 68
        }
      },
      "130": {
        "start": {
          "line": 1333,
          "column": 29
        },
        "end": {
          "line": 1333,
          "column": 66
        }
      },
      "131": {
        "start": {
          "line": 1335,
          "column": 6
        },
        "end": {
          "line": 1337,
          "column": 7
        }
      },
      "132": {
        "start": {
          "line": 1336,
          "column": 8
        },
        "end": {
          "line": 1336,
          "column": 47
        }
      },
      "133": {
        "start": {
          "line": 1339,
          "column": 37
        },
        "end": {
          "line": 1339,
          "column": 82
        }
      },
      "134": {
        "start": {
          "line": 1340,
          "column": 38
        },
        "end": {
          "line": 1340,
          "column": 47
        }
      },
      "135": {
        "start": {
          "line": 1341,
          "column": 37
        },
        "end": {
          "line": 1341,
          "column": 46
        }
      },
      "136": {
        "start": {
          "line": 1345,
          "column": 6
        },
        "end": {
          "line": 1345,
          "column": 73
        }
      },
      "137": {
        "start": {
          "line": 1347,
          "column": 6
        },
        "end": {
          "line": 1349,
          "column": 7
        }
      },
      "138": {
        "start": {
          "line": 1348,
          "column": 8
        },
        "end": {
          "line": 1348,
          "column": 45
        }
      },
      "139": {
        "start": {
          "line": 1351,
          "column": 6
        },
        "end": {
          "line": 1353,
          "column": 7
        }
      },
      "140": {
        "start": {
          "line": 1352,
          "column": 8
        },
        "end": {
          "line": 1352,
          "column": 54
        }
      },
      "141": {
        "start": {
          "line": 1355,
          "column": 6
        },
        "end": {
          "line": 1355,
          "column": 61
        }
      },
      "142": {
        "start": {
          "line": 1356,
          "column": 35
        },
        "end": {
          "line": 1356,
          "column": 96
        }
      },
      "143": {
        "start": {
          "line": 1357,
          "column": 6
        },
        "end": {
          "line": 1357,
          "column": 116
        }
      },
      "144": {
        "start": {
          "line": 1359,
          "column": 6
        },
        "end": {
          "line": 1362,
          "column": 7
        }
      },
      "145": {
        "start": {
          "line": 1371,
          "column": 27
        },
        "end": {
          "line": 1507,
          "column": 1
        }
      },
      "146": {
        "start": {
          "line": 1372,
          "column": 36
        },
        "end": {
          "line": 1372,
          "column": 77
        }
      },
      "147": {
        "start": {
          "line": 1373,
          "column": 2
        },
        "end": {
          "line": 1506,
          "column": 3
        }
      },
      "148": {
        "start": {
          "line": 1385,
          "column": 32
        },
        "end": {
          "line": 1385,
          "column": 123
        }
      },
      "149": {
        "start": {
          "line": 1386,
          "column": 6
        },
        "end": {
          "line": 1386,
          "column": 92
        }
      },
      "150": {
        "start": {
          "line": 1401,
          "column": 32
        },
        "end": {
          "line": 1401,
          "column": 112
        }
      },
      "151": {
        "start": {
          "line": 1402,
          "column": 6
        },
        "end": {
          "line": 1402,
          "column": 92
        }
      },
      "152": {
        "start": {
          "line": 1419,
          "column": 32
        },
        "end": {
          "line": 1419,
          "column": 127
        }
      },
      "153": {
        "start": {
          "line": 1420,
          "column": 6
        },
        "end": {
          "line": 1420,
          "column": 92
        }
      },
      "154": {
        "start": {
          "line": 1429,
          "column": 32
        },
        "end": {
          "line": 1429,
          "column": 88
        }
      },
      "155": {
        "start": {
          "line": 1430,
          "column": 6
        },
        "end": {
          "line": 1430,
          "column": 92
        }
      },
      "156": {
        "start": {
          "line": 1447,
          "column": 32
        },
        "end": {
          "line": 1447,
          "column": 104
        }
      },
      "157": {
        "start": {
          "line": 1448,
          "column": 6
        },
        "end": {
          "line": 1448,
          "column": 92
        }
      },
      "158": {
        "start": {
          "line": 1463,
          "column": 32
        },
        "end": {
          "line": 1463,
          "column": 108
        }
      },
      "159": {
        "start": {
          "line": 1464,
          "column": 6
        },
        "end": {
          "line": 1464,
          "column": 92
        }
      },
      "160": {
        "start": {
          "line": 1483,
          "column": 32
        },
        "end": {
          "line": 1483,
          "column": 122
        }
      },
      "161": {
        "start": {
          "line": 1484,
          "column": 6
        },
        "end": {
          "line": 1484,
          "column": 92
        }
      },
      "162": {
        "start": {
          "line": 1503,
          "column": 32
        },
        "end": {
          "line": 1503,
          "column": 125
        }
      },
      "163": {
        "start": {
          "line": 1504,
          "column": 6
        },
        "end": {
          "line": 1504,
          "column": 92
        }
      },
      "164": {
        "start": {
          "line": 1513,
          "column": 32
        },
        "end": {
          "line": 1608,
          "column": 1
        }
      },
      "165": {
        "start": {
          "line": 1514,
          "column": 21
        },
        "end": {
          "line": 1514,
          "column": 47
        }
      },
      "166": {
        "start": {
          "line": 1515,
          "column": 2
        },
        "end": {
          "line": 1607,
          "column": 3
        }
      },
      "167": {
        "start": {
          "line": 1524,
          "column": 6
        },
        "end": {
          "line": 1524,
          "column": 125
        }
      },
      "168": {
        "start": {
          "line": 1524,
          "column": 100
        },
        "end": {
          "line": 1524,
          "column": 124
        }
      },
      "169": {
        "start": {
          "line": 1535,
          "column": 6
        },
        "end": {
          "line": 1535,
          "column": 114
        }
      },
      "170": {
        "start": {
          "line": 1535,
          "column": 89
        },
        "end": {
          "line": 1535,
          "column": 113
        }
      },
      "171": {
        "start": {
          "line": 1547,
          "column": 6
        },
        "end": {
          "line": 1547,
          "column": 129
        }
      },
      "172": {
        "start": {
          "line": 1547,
          "column": 104
        },
        "end": {
          "line": 1547,
          "column": 128
        }
      },
      "173": {
        "start": {
          "line": 1556,
          "column": 6
        },
        "end": {
          "line": 1556,
          "column": 90
        }
      },
      "174": {
        "start": {
          "line": 1556,
          "column": 65
        },
        "end": {
          "line": 1556,
          "column": 89
        }
      },
      "175": {
        "start": {
          "line": 1568,
          "column": 6
        },
        "end": {
          "line": 1568,
          "column": 106
        }
      },
      "176": {
        "start": {
          "line": 1568,
          "column": 81
        },
        "end": {
          "line": 1568,
          "column": 105
        }
      },
      "177": {
        "start": {
          "line": 1579,
          "column": 6
        },
        "end": {
          "line": 1579,
          "column": 110
        }
      },
      "178": {
        "start": {
          "line": 1579,
          "column": 85
        },
        "end": {
          "line": 1579,
          "column": 109
        }
      },
      "179": {
        "start": {
          "line": 1592,
          "column": 6
        },
        "end": {
          "line": 1592,
          "column": 124
        }
      },
      "180": {
        "start": {
          "line": 1592,
          "column": 99
        },
        "end": {
          "line": 1592,
          "column": 123
        }
      },
      "181": {
        "start": {
          "line": 1605,
          "column": 6
        },
        "end": {
          "line": 1605,
          "column": 127
        }
      },
      "182": {
        "start": {
          "line": 1605,
          "column": 102
        },
        "end": {
          "line": 1605,
          "column": 126
        }
      },
      "183": {
        "start": {
          "line": 1626,
          "column": 4
        },
        "end": {
          "line": 1628,
          "column": 58
        }
      },
      "184": {
        "start": {
          "line": 1628,
          "column": 23
        },
        "end": {
          "line": 1628,
          "column": 57
        }
      },
      "185": {
        "start": {
          "line": 1641,
          "column": 4
        },
        "end": {
          "line": 1643,
          "column": 58
        }
      },
      "186": {
        "start": {
          "line": 1643,
          "column": 23
        },
        "end": {
          "line": 1643,
          "column": 57
        }
      },
      "187": {
        "start": {
          "line": 1657,
          "column": 4
        },
        "end": {
          "line": 1659,
          "column": 58
        }
      },
      "188": {
        "start": {
          "line": 1659,
          "column": 23
        },
        "end": {
          "line": 1659,
          "column": 57
        }
      },
      "189": {
        "start": {
          "line": 1670,
          "column": 4
        },
        "end": {
          "line": 1672,
          "column": 58
        }
      },
      "190": {
        "start": {
          "line": 1672,
          "column": 23
        },
        "end": {
          "line": 1672,
          "column": 57
        }
      },
      "191": {
        "start": {
          "line": 1686,
          "column": 4
        },
        "end": {
          "line": 1688,
          "column": 58
        }
      },
      "192": {
        "start": {
          "line": 1688,
          "column": 23
        },
        "end": {
          "line": 1688,
          "column": 57
        }
      },
      "193": {
        "start": {
          "line": 1701,
          "column": 4
        },
        "end": {
          "line": 1703,
          "column": 58
        }
      },
      "194": {
        "start": {
          "line": 1703,
          "column": 23
        },
        "end": {
          "line": 1703,
          "column": 57
        }
      },
      "195": {
        "start": {
          "line": 1718,
          "column": 4
        },
        "end": {
          "line": 1720,
          "column": 58
        }
      },
      "196": {
        "start": {
          "line": 1720,
          "column": 23
        },
        "end": {
          "line": 1720,
          "column": 57
        }
      },
      "197": {
        "start": {
          "line": 1735,
          "column": 4
        },
        "end": {
          "line": 1737,
          "column": 58
        }
      },
      "198": {
        "start": {
          "line": 1737,
          "column": 23
        },
        "end": {
          "line": 1737,
          "column": 57
        }
      },
      "199": {
        "start": {
          "line": 1745,
          "column": 44
        },
        "end": {
          "line": 1812,
          "column": 1
        }
      },
      "200": {
        "start": {
          "line": 1746,
          "column": 2
        },
        "end": {
          "line": 1811,
          "column": 3
        }
      },
      "201": {
        "start": {
          "line": 1754,
          "column": 27
        },
        "end": {
          "line": 1754,
          "column": 34
        }
      },
      "202": {
        "start": {
          "line": 1756,
          "column": 29
        },
        "end": {
          "line": 1756,
          "column": 66
        }
      },
      "203": {
        "start": {
          "line": 1758,
          "column": 6
        },
        "end": {
          "line": 1760,
          "column": 7
        }
      },
      "204": {
        "start": {
          "line": 1759,
          "column": 8
        },
        "end": {
          "line": 1759,
          "column": 47
        }
      },
      "205": {
        "start": {
          "line": 1762,
          "column": 37
        },
        "end": {
          "line": 1762,
          "column": 82
        }
      },
      "206": {
        "start": {
          "line": 1763,
          "column": 38
        },
        "end": {
          "line": 1763,
          "column": 47
        }
      },
      "207": {
        "start": {
          "line": 1764,
          "column": 37
        },
        "end": {
          "line": 1764,
          "column": 46
        }
      },
      "208": {
        "start": {
          "line": 1768,
          "column": 6
        },
        "end": {
          "line": 1768,
          "column": 73
        }
      },
      "209": {
        "start": {
          "line": 1770,
          "column": 6
        },
        "end": {
          "line": 1770,
          "column": 61
        }
      },
      "210": {
        "start": {
          "line": 1771,
          "column": 35
        },
        "end": {
          "line": 1771,
          "column": 96
        }
      },
      "211": {
        "start": {
          "line": 1772,
          "column": 6
        },
        "end": {
          "line": 1772,
          "column": 116
        }
      },
      "212": {
        "start": {
          "line": 1774,
          "column": 6
        },
        "end": {
          "line": 1777,
          "column": 7
        }
      },
      "213": {
        "start": {
          "line": 1786,
          "column": 27
        },
        "end": {
          "line": 1786,
          "column": 36
        }
      },
      "214": {
        "start": {
          "line": 1788,
          "column": 29
        },
        "end": {
          "line": 1788,
          "column": 66
        }
      },
      "215": {
        "start": {
          "line": 1790,
          "column": 6
        },
        "end": {
          "line": 1792,
          "column": 7
        }
      },
      "216": {
        "start": {
          "line": 1791,
          "column": 8
        },
        "end": {
          "line": 1791,
          "column": 47
        }
      },
      "217": {
        "start": {
          "line": 1794,
          "column": 37
        },
        "end": {
          "line": 1794,
          "column": 82
        }
      },
      "218": {
        "start": {
          "line": 1795,
          "column": 38
        },
        "end": {
          "line": 1795,
          "column": 47
        }
      },
      "219": {
        "start": {
          "line": 1796,
          "column": 37
        },
        "end": {
          "line": 1796,
          "column": 46
        }
      },
      "220": {
        "start": {
          "line": 1800,
          "column": 6
        },
        "end": {
          "line": 1800,
          "column": 73
        }
      },
      "221": {
        "start": {
          "line": 1802,
          "column": 6
        },
        "end": {
          "line": 1802,
          "column": 61
        }
      },
      "222": {
        "start": {
          "line": 1803,
          "column": 35
        },
        "end": {
          "line": 1803,
          "column": 96
        }
      },
      "223": {
        "start": {
          "line": 1804,
          "column": 6
        },
        "end": {
          "line": 1804,
          "column": 116
        }
      },
      "224": {
        "start": {
          "line": 1806,
          "column": 6
        },
        "end": {
          "line": 1809,
          "column": 7
        }
      },
      "225": {
        "start": {
          "line": 1818,
          "column": 29
        },
        "end": {
          "line": 1842,
          "column": 1
        }
      },
      "226": {
        "start": {
          "line": 1819,
          "column": 36
        },
        "end": {
          "line": 1819,
          "column": 79
        }
      },
      "227": {
        "start": {
          "line": 1820,
          "column": 2
        },
        "end": {
          "line": 1841,
          "column": 3
        }
      },
      "228": {
        "start": {
          "line": 1828,
          "column": 32
        },
        "end": {
          "line": 1828,
          "column": 77
        }
      },
      "229": {
        "start": {
          "line": 1829,
          "column": 6
[...]
        },
        "end": {
          "line": 88,
          "column": 3
        }
      },
      "18": {
        "start": {
          "line": 75,
          "column": 4
        },
        "end": {
          "line": 75,
          "column": 26
        }
      },
      "19": {
        "start": {
          "line": 76,
          "column": 24
        },
        "end": {
          "line": 76,
          "column": 65
        }
      },
      "20": {
        "start": {
          "line": 77,
          "column": 4
        },
        "end": {
          "line": 87,
          "column": 5
        }
      },
      "21": {
        "start": {
          "line": 78,
          "column": 6
        },
        "end": {
          "line": 78,
          "column": 53
        }
      },
      "22": {
        "start": {
          "line": 79,
          "column": 11
        },
        "end": {
          "line": 87,
          "column": 5
        }
      },
      "23": {
        "start": {
          "line": 80,
          "column": 6
        },
        "end": {
          "line": 80,
          "column": 55
        }
      },
      "24": {
        "start": {
          "line": 81,
          "column": 11
        },
        "end": {
          "line": 87,
          "column": 5
        }
      },
      "25": {
        "start": {
          "line": 82,
          "column": 6
        },
        "end": {
          "line": 84,
          "column": 7
        }
      },
      "26": {
        "start": {
          "line": 86,
          "column": 6
        },
        "end": {
          "line": 86,
          "column": 43
        }
      },
      "27": {
        "start": {
          "line": 89,
          "column": 2
        },
        "end": {
          "line": 107,
          "column": 3
        }
      },
      "28": {
        "start": {
          "line": 96,
          "column": 78
        },
        "end": {
          "line": 96,
          "column": 105
        }
      },
      "29": {
        "start": {
          "line": 109,
          "column": 29
        },
        "end": {
          "line": 115,
          "column": 1
        }
      },
      "30": {
        "start": {
          "line": 110,
          "column": 2
        },
        "end": {
          "line": 114,
          "column": 3
        }
      }
    },
    "fnMap": {
      "0": {
        "name": "(anonymous_0)",
        "decl": {
          "start": {
            "line": 54,
            "column": 20
          },
          "end": {
            "line": 54,
            "column": 21
          }
        },
        "loc": {
          "start": {
            "line": 54,
            "column": 28
          },
          "end": {
            "line": 56,
            "column": 1
          }
        },
        "line": 54
      },
      "1": {
        "name": "(anonymous_1)",
        "decl": {
          "start": {
            "line": 58,
            "column": 29
          },
          "end": {
            "line": 58,
            "column": 30
          }
        },
        "loc": {
          "start": {
            "line": 58,
            "column": 35
          },
          "end": {
            "line": 108,
            "column": 1
          }
        },
        "line": 58
      },
      "2": {
        "name": "(anonymous_2)",
        "decl": {
          "start": {
            "line": 61,
            "column": 31
          },
          "end": {
            "line": 61,
            "column": 32
          }
        },
        "loc": {
          "start": {
            "line": 61,
            "column": 43
          },
          "end": {
            "line": 73,
            "column": 3
          }
        },
        "line": 61
      },
      "3": {
        "name": "(anonymous_3)",
        "decl": {
          "start": {
            "line": 74,
            "column": 23
          },
          "end": {
            "line": 74,
            "column": 24
          }
        },
        "loc": {
          "start": {
            "line": 74,
            "column": 32
          },
          "end": {
            "line": 88,
            "column": 3
          }
        },
        "line": 74
      },
      "4": {
        "name": "(anonymous_4)",
        "decl": {
          "start": {
            "line": 96,
            "column": 73
          },
          "end": {
            "line": 96,
            "column": 74
          }
        },
        "loc": {
          "start": {
            "line": 96,
            "column": 78
          },
          "end": {
            "line": 96,
            "column": 105
          }
        },
        "line": 96
      },
      "5": {
        "name": "(anonymous_5)",
        "decl": {
          "start": {
            "line": 109,
            "column": 29
          },
          "end": {
            "line": 109,
            "column": 30
          }
        },
        "loc": {
          "start": {
            "line": 109,
            "column": 35
          },
          "end": {
            "line": 115,
            "column": 1
          }
        },
        "line": 109
      }
    },
    "branchMap": {
      "0": {
        "loc": {
          "start": {
            "line": 63,
            "column": 4
          },
          "end": {
            "line": 71,
            "column": 5
          }
        },
        "type": "if",
        "locations": [
          {
            "start": {
              "line": 63,
              "column": 4
            },
            "end": {
              "line": 71,
              "column": 5
            }
          },
          {
            "start": {
              "line": 63,
              "column": 4
            },
            "end": {
              "line": 71,
              "column": 5
            }
          }
        ],
        "line": 63
      },
      "1": {
        "loc": {
          "start": {
            "line": 65,
            "column": 11
          },
          "end": {
            "line": 71,
            "column": 5
          }
        },
        "type": "if",
        "locations": [
          {
            "start": {
              "line": 65,
              "column": 11
            },
            "end": {
              "line": 71,
              "column": 5
            }
          },
          {
            "start": {
              "line": 65,
              "column": 11
            },
            "end": {
              "line": 71,
              "column": 5
            }
          }
        ],
        "line": 65
      },
      "2": {
        "loc": {
          "start": {
            "line": 67,
            "column": 11
          },
          "end": {
            "line": 71,
            "column": 5
          }
        },
        "type": "if",
        "locations": [
          {
            "start": {
              "line": 67,
              "column": 11
            },
            "end": {
              "line": 71,
              "column": 5
            }
          },
          {
            "start": {
              "line": 67,
              "column": 11
            },
            "end": {
              "line": 71,
              "column": 5
            }
          }
        ],
        "line": 67
      },
      "3": {
        "loc": {
          "start": {
            "line": 69,
            "column": 11
          },
          "end": {
            "line": 71,
            "column": 5
          }
        },
        "type": "if",
        "locations": [
          {
            "start": {
              "line": 69,
              "column": 11
            },
            "end": {
              "line": 71,
              "column": 5
            }
          },
          {
            "start": {
              "line": 69,
              "column": 11
            },
            "end": {
              "line": 71,
              "column": 5
            }
          }
        ],
        "line": 69
      },
      "4": {
        "loc": {
          "start": {
            "line": 77,
            "column": 4
          },
          "end": {
            "line": 87,
            "column": 5
          }
        },
        "type": "if",
        "locations": [
          {
            "start": {
              "line": 77,
              "column": 4
            },
            "end": {
              "line": 87,
              "column": 5
            }
          },
          {
            "start": {
              "line": 77,
              "column": 4
            },
            "end": {
              "line": 87,
              "column": 5
            }
          }
        ],
        "line": 77
      },
      "5": {
        "loc": {
          "start": {
            "line": 79,
            "column": 11
          },
          "end": {
            "line": 87,
            "column": 5
          }
        },
        "type": "if",
        "locations": [
          {
            "start": {
              "line": 79,
              "column": 11
            },
            "end": {
              "line": 87,
              "column": 5
            }
          },
          {
            "start": {
              "line": 79,
              "column": 11
            },
            "end": {
              "line": 87,
              "column": 5
            }
          }
        ],
        "line": 79
      },
      "6": {
        "loc": {
          "start": {
            "line": 81,
            "column": 11
          },
          "end": {
            "line": 87,
            "column": 5
          }
        },
        "type": "if",
        "locations": [
          {
            "start": {
              "line": 81,
              "column": 11
            },
            "end": {
              "line": 87,
              "column": 5
            }
          },
          {
            "start": {
              "line": 81,
              "column": 11
            },
            "end": {
              "line": 87,
              "column": 5
            }
          }
        ],
        "line": 81
      }
    },
    "s": {
      "0": 1,
      "1": 1,
      "2": 0,
      "3": 1,
      "4": 0,
      "5": 0,
      "6": 0,
      "7": 0,
      "8": 0,
      "9": 0,
      "10": 0,
      "11": 0,
      "12": 0,
      "13": 0,
      "14": 0,
      "15": 0,
      "16": 0,
      "17": 0,
      "18": 0,
      "19": 0,
      "20": 0,
      "21": 0,
      "22": 0,
      "23": 0,
      "24": 0,
      "25": 0,
      "26": 0,
      "27": 0,
      "28": 0,
      "29": 1,
      "30": 0
    },
    "f": {
      "0": 0,
      "1": 0,
      "2": 0,
      "3": 0,
      "4": 0,
      "5": 0
    },
    "b": {
      "0": [0, 0],
      "1": [0, 0],
      "2": [0, 0],
      "3": [0, 0],
      "4": [0, 0],
      "5": [0, 0],
      "6": [0, 0]
    },
    "_coverageSchema": "43e27e138ebf9cfc5966b082cf9a028302ed4184",
    "hash": "6ae50a64841084c0e35d0cf7a5bb9265eac315d6"
  },
  "/media/roussel/Ankata Local/PROJECTS/Doing/hei-admin-ui/hei-admin-ui/src/security/LoginPage.js": {
    "path": "/media/roussel/Ankata Local/PROJECTS/Doing/hei-admin-ui/hei-admin-ui/src/security/LoginPage.js",
    "statementMap": {
      "0": {
        "start": {
          "line": 7,
          "column": 14
        },
        "end": {
          "line": 34,
          "column": 1
        }
      },
      "1": {
        "start": {
          "line": 8,
          "column": 19
        },
        "end": {
          "line": 8,
          "column": 91
        }
      },
      "2": {
        "start": {
          "line": 9,
          "column": 2
        },
        "end": {
          "line": 33,
          "column": 3
        }
      },
      "3": {
        "start": {
          "line": 36,
          "column": 20
        },
        "end": {
          "line": 91,
          "column": 1
        }
      },
      "4": {
        "start": {
          "line": 37,
          "column": 22
        },
        "end": {
          "line": 37,
          "column": 80
        }
      },
      "5": {
        "start": {
          "line": 38,
          "column": 26
        },
        "end": {
          "line": 38,
          "column": 103
        }
      },
      "6": {
        "start": {
          "line": 38,
          "column": 32
        },
        "end": {
          "line": 38,
          "column": 103
        }
      },
      "7": {
        "start": {
          "line": 39,
          "column": 37
        },
        "end": {
          "line": 39,
          "column": 106
        }
      },
      "8": {
        "start": {
          "line": 39,
          "column": 43
        },
        "end": {
          "line": 39,
          "column": 106
        }
      },
      "9": {
        "start": {
          "line": 40,
          "column": 34
        },
        "end": {
          "line": 40,
          "column": 131
        }
      },
      "10": {
        "start": {
          "line": 40,
          "column": 41
        },
        "end": {
          "line": 40,
          "column": 130
        }
      },
      "11": {
        "start": {
          "line": 42,
          "column": 2
        },
        "end": {
          "line": 90,
          "column": 3
        }
      }
    },
    "fnMap": {
      "0": {
        "name": "(anonymous_0)",
        "decl": {
          "start": {
            "line": 7,
            "column": 14
          },
          "end": {
            "line": 7,
            "column": 15
          }
        },
        "loc": {
          "start": {
            "line": 7,
            "column": 71
          },
          "end": {
            "line": 34,
            "column": 1
          }
        },
        "line": 7
      },
      "1": {
        "name": "(anonymous_1)",
        "decl": {
          "start": {
            "line": 36,
            "column": 20
          },
          "end": {
            "line": 36,
            "column": 21
          }
        },
        "loc": {
          "start": {
            "line": 36,
            "column": 26
          },
          "end": {
            "line": 91,
            "column": 1
          }
        },
        "line": 36
      },
      "2": {
        "name": "(anonymous_2)",
        "decl": {
          "start": {
            "line": 38,
            "column": 26
          },
          "end": {
            "line": 38,
            "column": 27
          }
        },
        "loc": {
          "start": {
            "line": 38,
            "column": 32
          },
          "end": {
            "line": 38,
            "column": 103
          }
        },
        "line": 38
      },
      "3": {
        "name": "(anonymous_3)",
        "decl": {
          "start": {
            "line": 39,
            "column": 37
          },
          "end": {
            "line": 39,
            "column": 38
          }
        },
        "loc": {
          "start": {
            "line": 39,
            "column": 43
          },
          "end": {
            "line": 39,
            "column": 106
          }
        },
        "line": 39
      },
      "4": {
        "name": "(anonymous_4)",
        "decl": {
          "start": {
            "line": 40,
            "column": 34
          },
          "end": {
            "line": 40,
            "column": 35
          }
        },
        "loc": {
          "start": {
            "line": 40,
            "column": 41
          },
          "end": {
            "line": 40,
            "column": 130
          }
        },
        "line": 40
      }
    },
    "branchMap": {
      "0": {
        "loc": {
          "start": {
            "line": 40,
            "column": 41
          },
          "end": {
            "line": 40,
            "column": 130
          }
        },
        "type": "cond-expr",
        "locations": [
          {
            "start": {
              "line": 40,
              "column": 78
            },
            "end": {
              "line": 40,
              "column": 108
            }
          },
          {
            "start": {
              "line": 40,
              "column": 111
            },
            "end": {
              "line": 40,
              "column": 130
            }
          }
        ],
        "line": 40
      },
      "1": {
        "loc": {
          "start": {
            "line": 54,
            "column": 7
          },
          "end": {
            "line": 88,
            "column": 7
          }
        },
        "type": "cond-expr",
        "locations": [
          {
            "start": {
              "line": 55,
              "column": 8
            },
            "end": {
              "line": 85,
              "column": 15
            }
          },
          {
            "start": {
              "line": 87,
              "column": 8
            },
            "end": {
              "line": 87,
              "column": 35
            }
          }
        ],
        "line": 54
      }
    },
    "s": {
      "0": 1,
      "1": 0,
      "2": 0,
      "3": 1,
      "4": 1,
      "5": 1,
      "6": 1,
      "7": 1,
      "8": 0,
      "9": 1,
      "10": 1,
      "11": 1
    },
    "f": {
      "0": 0,
      "1": 1,
      "2": 1,
      "3": 0,
      "4": 1
    },
    "b": {
      "0": [0, 1],
      "1": [0, 1]
    },
    "_coverageSchema": "43e27e138ebf9cfc5966b082cf9a028302ed4184",
    "hash": "34c5e4ee0fabefc6c33f863a5ef3d357c7355fa9"
  },
  "/media/roussel/Ankata Local/PROJECTS/Doing/hei-admin-ui/hei-admin-ui/src/App.js": {
    "path": "/media/roussel/Ankata Local/PROJECTS/Doing/hei-admin-ui/hei-admin-ui/src/App.js",
    "statementMap": {
      "0": {
        "start": {
          "line": 24,
          "column": 18
        },
        "end": {
          "line": 24,
          "column": 74
        }
      },
      "1": {
        "start": {
          "line": 24,
          "column": 35
        },
        "end": {
          "line": 24,
          "column": 73
        }
      },
      "2": {
        "start": {
          "line": 25,
          "column": 12
        },
        "end": {
          "line": 64,
          "column": 1
        }
      },
      "3": {
        "start": {
          "line": 26,
          "column": 2
        },
        "end": {
          "line": 63,
          "column": 10
        }
      },
      "4": {
        "start": {
          "line": 30,
          "column": 45
        },
        "end": {
          "line": 30,
          "column": 59
        }
      }
    },
    "fnMap": {
      "0": {
        "name": "(anonymous_0)",
        "decl": {
          "start": {
            "line": 24,
            "column": 29
          },
          "end": {
            "line": 24,
            "column": 30
          }
        },
        "loc": {
          "start": {
            "line": 24,
            "column": 35
          },
          "end": {
            "line": 24,
            "column": 73
          }
        },
        "line": 24
      },
      "1": {
        "name": "(anonymous_1)",
        "decl": {
          "start": {
            "line": 25,
            "column": 12
          },
          "end": {
            "line": 25,
            "column": 13
          }
        },
        "loc": {
          "start": {
            "line": 26,
            "column": 2
          },
          "end": {
            "line": 63,
            "column": 10
          }
        },
        "line": 26
      },
      "2": {
        "name": "(anonymous_2)",
        "decl": {
          "start": {
            "line": 30,
            "column": 39
          },
          "end": {
            "line": 30,
            "column": 40
          }
        },
        "loc": {
          "start": {
            "line": 30,
            "column": 45
          },
          "end": {
            "line": 30,
            "column": 59
          }
        },
        "line": 30
      }
    },
    "branchMap": {},
    "s": {
      "0": 1,
      "1": 0,
      "2": 1,
      "3": 1,
      "4": 1
    },
    "f": {
      "0": 0,
      "1": 1,
      "2": 1
    },
    "b": {},
    "_coverageSchema": "43e27e138ebf9cfc5966b082cf9a028302ed4184",
    "hash": "52eabc31dabc98da04840dd3d8d55928ac95be46"
  }
}
