<?xml version="1.0" encoding="UTF-8"?>
<coverage generated="1679110799348" clover="3.2.0">
  <project timestamp="1679110799348" name="All files">
    <metrics statements="1045" coveredstatements="263" conditionals="431" coveredconditionals="39" methods="331" coveredmethods="60" elements="1807" coveredelements="362" complexity="0" loc="1045" ncloc="1045" packages="12" files="55" classes="55"/>
    <package name="src">
      <metrics statements="34" coveredstatements="23" conditionals="4" coveredconditionals="0" methods="10" coveredmethods="6"/>
      <file name="App.js" path="C:\Users\NITRO 5\Downloads\hei-admin-ui\src\App.js">
        <metrics statements="4" coveredstatements="4" conditionals="0" coveredconditionals="0" methods="3" coveredmethods="2"/>
        <line num="24" count="4" type="stmt"/>
        <line num="25" count="4" type="stmt"/>
        <line num="26" count="9" type="stmt"/>
        <line num="30" count="9" type="stmt"/>
      </file>
      <file name="HaAppBar.js" path="C:\Users\NITRO 5\Downloads\hei-admin-ui\src\HaAppBar.js">
        <metrics statements="7" coveredstatements="5" conditionals="0" coveredconditionals="0" methods="3" coveredmethods="2"/>
        <line num="6" count="4" type="stmt"/>
        <line num="7" count="13" type="stmt"/>
        <line num="8" count="0" type="stmt"/>
        <line num="9" count="0" type="stmt"/>
        <line num="11" count="13" type="stmt"/>
        <line num="20" count="4" type="stmt"/>
        <line num="21" count="13" type="stmt"/>
      </file>
      <file name="HaLayout.js" path="C:\Users\NITRO 5\Downloads\hei-admin-ui\src\HaLayout.js">
        <metrics statements="2" coveredstatements="2" conditionals="0" coveredconditionals="0" methods="1" coveredmethods="1"/>
        <line num="8" count="4" type="stmt"/>
        <line num="9" count="13" type="stmt"/>
      </file>
      <file name="MyBreadcrumb.js" path="C:\Users\NITRO 5\Downloads\hei-admin-ui\src\MyBreadcrumb.js">
        <metrics statements="13" coveredstatements="4" conditionals="4" coveredconditionals="0" methods="3" coveredmethods="1"/>
        <line num="5" count="4" type="stmt"/>
        <line num="6" count="13" type="stmt"/>
        <line num="7" count="13" type="stmt"/>
        <line num="8" count="0" type="cond" truecount="0" falsecount="2"/>
        <line num="9" count="0" type="cond" truecount="0" falsecount="2"/>
        <line num="10" count="0" type="stmt"/>
        <line num="12" count="0" type="stmt"/>
        <line num="13" count="0" type="stmt"/>
        <line num="14" count="0" type="stmt"/>
        <line num="16" count="0" type="stmt"/>
        <line num="17" count="0" type="stmt"/>
        <line num="20" count="0" type="stmt"/>
        <line num="23" count="13" type="stmt"/>
      </file>
      <file name="aws-exports.js" path="C:\Users\NITRO 5\Downloads\hei-admin-ui\src\aws-exports.js">
        <metrics statements="1" coveredstatements="1" conditionals="0" coveredconditionals="0" methods="0" coveredmethods="0"/>
        <line num="4" count="4" type="stmt"/>
      </file>
      <file name="conf.js" path="C:\Users\NITRO 5\Downloads\hei-admin-ui\src\conf.js">
        <metrics statements="6" coveredstatements="6" conditionals="0" coveredconditionals="0" methods="0" coveredmethods="0"/>
        <line num="1" count="4" type="stmt"/>
        <line num="3" count="4" type="stmt"/>
        <line num="5" count="4" type="stmt"/>
        <line num="33" count="4" type="stmt"/>
        <line num="38" count="4" type="stmt"/>
        <line num="44" count="4" type="stmt"/>
      </file>
      <file name="haTheme.js" path="C:\Users\NITRO 5\Downloads\hei-admin-ui\src\haTheme.js">
        <metrics statements="1" coveredstatements="1" conditionals="0" coveredconditionals="0" methods="0" coveredmethods="0"/>
        <line num="4" count="4" type="stmt"/>
      </file>
    </package>
    <package name="src.gen.haClient">
      <metrics statements="545" coveredstatements="83" conditionals="262" coveredconditionals="23" methods="170" coveredmethods="20"/>
      <file name="api.ts" path="C:\Users\NITRO 5\Downloads\hei-admin-ui\src\gen\haClient\api.ts">
        <metrics statements="490" coveredstatements="49" conditionals="208" coveredconditionals="8" methods="156" coveredmethods="12"/>
        <line num="932" count="4" type="stmt"/>
        <line num="933" count="0" type="stmt"/>
        <line num="943" count="0" type="stmt"/>
        <line num="944" count="0" type="stmt"/>
        <line num="946" count="0" type="stmt"/>
        <line num="948" count="0" type="cond" truecount="0" falsecount="2"/>
        <line num="949" count="0" type="stmt"/>
        <line num="952" count="0" type="stmt"/>
        <line num="953" count="0" type="stmt"/>
        <line num="954" count="0" type="stmt"/>
        <line num="958" count="0" type="stmt"/>
        <line num="962" count="0" type="stmt"/>
        <line num="964" count="0" type="stmt"/>
        <line num="965" count="0" type="cond" truecount="0" falsecount="4"/>
        <line num="966" count="0" type="stmt"/>
        <line num="967" count="0" type="stmt"/>
        <line num="969" count="0" type="stmt"/>
        <line num="984" count="0" type="stmt"/>
        <line num="986" count="0" type="stmt"/>
        <line num="987" count="0" type="stmt"/>
        <line num="990" count="0" type="stmt"/>
        <line num="992" count="0" type="cond" truecount="0" falsecount="2"/>
        <line num="993" count="0" type="stmt"/>
        <line num="996" count="0" type="stmt"/>
        <line num="997" count="0" type="stmt"/>
        <line num="998" count="0" type="stmt"/>
        <line num="1002" count="0" type="stmt"/>
        <line num="1006" count="0" type="stmt"/>
        <line num="1008" count="0" type="stmt"/>
        <line num="1009" count="0" type="cond" truecount="0" falsecount="4"/>
        <line num="1010" count="0" type="stmt"/>
        <line num="1011" count="0" type="stmt"/>
        <line num="1013" count="0" type="stmt"/>
        <line num="1029" count="0" type="stmt"/>
        <line num="1031" count="0" type="stmt"/>
        <line num="1033" count="0" type="stmt"/>
        <line num="1034" count="0" type="stmt"/>
        <line num="1038" count="0" type="stmt"/>
        <line num="1040" count="0" type="cond" truecount="0" falsecount="2"/>
        <line num="1041" count="0" type="stmt"/>
        <line num="1044" count="0" type="stmt"/>
        <line num="1045" count="0" type="stmt"/>
        <line num="1046" count="0" type="stmt"/>
        <line num="1050" count="0" type="stmt"/>
        <line num="1054" count="0" type="stmt"/>
        <line num="1056" count="0" type="stmt"/>
        <line num="1057" count="0" type="cond" truecount="0" falsecount="4"/>
        <line num="1058" count="0" type="stmt"/>
        <line num="1059" count="0" type="stmt"/>
        <line num="1061" count="0" type="stmt"/>
        <line num="1073" count="0" type="stmt"/>
        <line num="1075" count="0" type="stmt"/>
        <line num="1077" count="0" type="cond" truecount="0" falsecount="2"/>
        <line num="1078" count="0" type="stmt"/>
        <line num="1081" count="0" type="stmt"/>
        <line num="1082" count="0" type="stmt"/>
        <line num="1083" count="0" type="stmt"/>
        <line num="1087" count="0" type="stmt"/>
        <line num="1091" count="0" type="stmt"/>
        <line num="1092" count="0" type="cond" truecount="0" falsecount="4"/>
        <line num="1093" count="0" type="stmt"/>
        <line num="1095" count="0" type="stmt"/>
        <line num="1110" count="0" type="stmt"/>
        <line num="1112" count="0" type="stmt"/>
        <line num="1114" count="0" type="cond" truecount="0" falsecount="2"/>
        <line num="1115" count="0" type="stmt"/>
        <line num="1118" count="0" type="stmt"/>
        <line num="1119" count="0" type="stmt"/>
        <line num="1120" count="0" type="stmt"/>
        <line num="1124" count="0" type="stmt"/>
        <line num="1126" count="0" type="cond" truecount="0" falsecount="2"/>
        <line num="1127" count="0" type="stmt"/>
        <line num="1130" count="0" type="cond" truecount="0" falsecount="2"/>
        <line num="1131" count="0" type="stmt"/>
        <line num="1134" count="0" type="cond" truecount="0" falsecount="2"/>
        <line num="1135" count="0" type="stmt"/>
        <line num="1140" count="0" type="stmt"/>
        <line num="1141" count="0" type="cond" truecount="0" falsecount="4"/>
        <line num="1142" count="0" type="stmt"/>
        <line num="1144" count="0" type="stmt"/>
        <line num="1159" count="0" type="stmt"/>
        <line num="1161" count="0" type="stmt"/>
        <line num="1162" count="0" type="stmt"/>
        <line num="1166" count="0" type="stmt"/>
        <line num="1168" count="0" type="cond" truecount="0" falsecount="2"/>
        <line num="1169" count="0" type="stmt"/>
        <line num="1172" count="0" type="stmt"/>
        <line num="1173" count="0" type="stmt"/>
        <line num="1174" count="0" type="stmt"/>
        <line num="1178" count="0" type="stmt"/>
        <line num="1182" count="0" type="stmt"/>
        <line num="1183" count="0" type="cond" truecount="0" falsecount="4"/>
        <line num="1184" count="0" type="stmt"/>
        <line num="1186" count="0" type="stmt"/>
        <line num="1203" count="0" type="stmt"/>
        <line num="1204" count="0" type="stmt"/>
        <line num="1207" count="0" type="stmt"/>
        <line num="1209" count="0" type="cond" truecount="0" falsecount="2"/>
        <line num="1210" count="0" type="stmt"/>
        <line num="1213" count="0" type="stmt"/>
        <line num="1214" count="0" type="stmt"/>
        <line num="1215" count="0" type="stmt"/>
        <line num="1219" count="0" type="stmt"/>
        <line num="1221" count="0" type="cond" truecount="0" falsecount="2"/>
        <line num="1222" count="0" type="stmt"/>
        <line num="1225" count="0" type="cond" truecount="0" falsecount="2"/>
        <line num="1226" count="0" type="stmt"/>
        <line num="1229" count="0" type="cond" truecount="0" falsecount="2"/>
        <line num="1230" count="0" type="stmt"/>
        <line num="1235" count="0" type="stmt"/>
        <line num="1236" count="0" type="cond" truecount="0" falsecount="4"/>
        <line num="1237" count="0" type="stmt"/>
        <line num="1239" count="0" type="stmt"/>
        <line num="1256" count="0" type="stmt"/>
        <line num="1258" count="0" type="stmt"/>
        <line num="1259" count="0" type="stmt"/>
        <line num="1263" count="0" type="stmt"/>
        <line num="1265" count="0" type="cond" truecount="0" falsecount="2"/>
        <line num="1266" count="0" type="stmt"/>
        <line num="1269" count="0" type="stmt"/>
        <line num="1270" count="0" type="stmt"/>
        <line num="1271" count="0" type="stmt"/>
        <line num="1275" count="0" type="stmt"/>
        <line num="1277" count="0" type="cond" truecount="0" falsecount="2"/>
        <line num="1278" count="0" type="stmt"/>
        <line num="1281" count="0" type="cond" truecount="0" falsecount="2"/>
        <line num="1282" count="0" type="stmt"/>
        <line num="1287" count="0" type="stmt"/>
        <line num="1288" count="0" type="cond" truecount="0" falsecount="4"/>
        <line num="1289" count="0" type="stmt"/>
        <line num="1291" count="0" type="stmt"/>
        <line num="1303" count="4" type="stmt"/>
        <line num="1304" count="0" type="stmt"/>
        <line num="1305" count="0" type="stmt"/>
        <line num="1314" count="0" type="stmt"/>
        <line num="1315" count="0" type="stmt"/>
        <line num="1326" count="0" type="stmt"/>
        <line num="1327" count="0" type="stmt"/>
        <line num="1339" count="0" type="stmt"/>
        <line num="1340" count="0" type="stmt"/>
        <line num="1349" count="0" type="stmt"/>
        <line num="1350" count="0" type="stmt"/>
        <line num="1362" count="0" type="stmt"/>
        <line num="1363" count="0" type="stmt"/>
        <line num="1374" count="0" type="stmt"/>
        <line num="1375" count="0" type="stmt"/>
        <line num="1388" count="0" type="stmt"/>
        <line num="1389" count="0" type="stmt"/>
        <line num="1402" count="0" type="stmt"/>
        <line num="1403" count="0" type="stmt"/>
        <line num="1412" count="4" type="stmt"/>
        <line num="1413" count="0" type="stmt"/>
        <line num="1414" count="0" type="stmt"/>
        <line num="1423" count="0" type="stmt"/>
        <line num="1434" count="0" type="stmt"/>
        <line num="1446" count="0" type="stmt"/>
        <line num="1455" count="0" type="stmt"/>
        <line num="1467" count="0" type="stmt"/>
        <line num="1478" count="0" type="stmt"/>
        <line num="1491" count="0" type="stmt"/>
        <line num="1504" count="0" type="stmt"/>
        <line num="1525" count="0" type="stmt"/>
        <line num="1538" count="0" type="stmt"/>
        <line num="1552" count="0" type="stmt"/>
        <line num="1563" count="0" type="stmt"/>
        <line num="1577" count="0" type="stmt"/>
        <line num="1590" count="0" type="stmt"/>
        <line num="1605" count="0" type="stmt"/>
        <line num="1620" count="0" type="stmt"/>
        <line num="1629" count="4" type="stmt"/>
        <line num="1630" count="36" type="stmt"/>
        <line num="1638" count="0" type="stmt"/>
        <line num="1640" count="0" type="stmt"/>
        <line num="1642" count="0" type="cond" truecount="0" falsecount="2"/>
        <line num="1643" count="0" type="stmt"/>
        <line num="1646" count="0" type="stmt"/>
        <line num="1647" count="0" type="stmt"/>
        <line num="1648" count="0" type="stmt"/>
        <line num="1652" count="0" type="stmt"/>
        <line num="1656" count="0" type="stmt"/>
        <line num="1657" count="0" type="cond" truecount="0" falsecount="4"/>
        <line num="1658" count="0" type="stmt"/>
        <line num="1660" count="0" type="stmt"/>
        <line num="1672" count="36" type="stmt"/>
        <line num="1674" count="36" type="stmt"/>
        <line num="1676" count="36" type="cond" truecount="1" falsecount="1"/>
        <line num="1677" count="36" type="stmt"/>
        <line num="1680" count="36" type="stmt"/>
        <line num="1681" count="36" type="stmt"/>
        <line num="1682" count="36" type="stmt"/>
        <line num="1686" count="36" type="stmt"/>
        <line num="1690" count="36" type="stmt"/>
        <line num="1691" count="36" type="cond" truecount="2" falsecount="2"/>
        <line num="1692" count="36" type="stmt"/>
        <line num="1694" count="36" type="stmt"/>
        <line num="1706" count="4" type="stmt"/>
        <line num="1707" count="36" type="stmt"/>
        <line num="1708" count="36" type="stmt"/>
        <line num="1716" count="0" type="stmt"/>
        <line num="1717" count="0" type="stmt"/>
        <line num="1726" count="36" type="stmt"/>
        <line num="1727" count="36" type="stmt"/>
        <line num="1736" count="4" type="stmt"/>
        <line num="1737" count="0" type="stmt"/>
        <line num="1738" count="0" type="stmt"/>
        <line num="1746" count="0" type="stmt"/>
        <line num="1755" count="0" type="stmt"/>
        <line num="1775" count="0" type="stmt"/>
        <line num="1786" count="36" type="stmt"/>
        <line num="1795" count="4" type="stmt"/>
        <line num="1796" count="0" type="stmt"/>
        <line num="1806" count="0" type="stmt"/>
        <line num="1807" count="0" type="stmt"/>
        <line num="1809" count="0" type="stmt"/>
        <line num="1811" count="0" type="cond" truecount="0" falsecount="2"/>
        <line num="1812" count="0" type="stmt"/>
        <line num="1815" count="0" type="stmt"/>
        <line num="1816" count="0" type="stmt"/>
        <line num="1817" count="0" type="stmt"/>
        <line num="1821" count="0" type="stmt"/>
        <line num="1825" count="0" type="stmt"/>
        <line num="1827" count="0" type="stmt"/>
        <line num="1828" count="0" type="cond" truecount="0" falsecount="4"/>
        <line num="1829" count="0" type="stmt"/>
        <line num="1830" count="0" type="stmt"/>
        <line num="1832" count="0" type="stmt"/>
        <line num="1846" count="0" type="stmt"/>
        <line num="1847" count="0" type="stmt"/>
        <line num="1849" count="0" type="stmt"/>
        <line num="1851" count="0" type="cond" truecount="0" falsecount="2"/>
        <line num="1852" count="0" type="stmt"/>
        <line num="1855" count="0" type="stmt"/>
        <line num="1856" count="0" type="stmt"/>
        <line num="1857" count="0" type="stmt"/>
        <line num="1861" count="0" type="stmt"/>
        <line num="1865" count="0" type="stmt"/>
        <line num="1867" count="0" type="stmt"/>
        <line num="1868" count="0" type="cond" truecount="0" falsecount="4"/>
        <line num="1869" count="0" type="stmt"/>
        <line num="1870" count="0" type="stmt"/>
        <line num="1872" count="0" type="stmt"/>
        <line num="1886" count="0" type="stmt"/>
        <line num="1887" count="0" type="stmt"/>
        <line num="1890" count="0" type="stmt"/>
        <line num="1892" count="0" type="cond" truecount="0" falsecount="2"/>
        <line num="1893" count="0" type="stmt"/>
        <line num="1896" count="0" type="stmt"/>
        <line num="1897" count="0" type="stmt"/>
        <line num="1898" count="0" type="stmt"/>
        <line num="1902" count="0" type="stmt"/>
        <line num="1906" count="0" type="stmt"/>
        <line num="1907" count="0" type="cond" truecount="0" falsecount="4"/>
        <line num="1908" count="0" type="stmt"/>
        <line num="1910" count="0" type="stmt"/>
        <line num="1922" count="0" type="stmt"/>
        <line num="1924" count="0" type="stmt"/>
        <line num="1926" count="0" type="cond" truecount="0" falsecount="2"/>
        <line num="1927" count="0" type="stmt"/>
        <line num="1930" count="0" type="stmt"/>
        <line num="1931" count="0" type="stmt"/>
        <line num="1932" count="0" type="stmt"/>
        <line num="1936" count="0" type="stmt"/>
        <line num="1940" count="0" type="stmt"/>
        <line num="1941" count="0" type="cond" truecount="0" falsecount="4"/>
        <line num="1942" count="0" type="stmt"/>
        <line num="1944" count="0" type="stmt"/>
        <line num="1958" count="0" type="stmt"/>
        <line num="1959" count="0" type="stmt"/>
        <line num="1962" count="0" type="stmt"/>
        <line num="1964" count="0" type="cond" truecount="0" falsecount="2"/>
        <line num="1965" count="0" type="stmt"/>
        <line num="1968" count="0" type="stmt"/>
        <line num="1969" count="0" type="stmt"/>
        <line num="1970" count="0" type="stmt"/>
        <line num="1974" count="0" type="stmt"/>
        <line num="1978" count="0" type="stmt"/>
        <line num="1979" count="0" type="cond" truecount="0" falsecount="4"/>
        <line num="1980" count="0" type="stmt"/>
        <line num="1982" count="0" type="stmt"/>
        <line num="1994" count="0" type="stmt"/>
        <line num="1996" count="0" type="stmt"/>
        <line num="1998" count="0" type="cond" truecount="0" falsecount="2"/>
        <line num="1999" count="0" type="stmt"/>
        <line num="2002" count="0" type="stmt"/>
        <line num="2003" count="0" type="stmt"/>
        <line num="2004" count="0" type="stmt"/>
        <line num="2008" count="0" type="stmt"/>
        <line num="2012" count="0" type="stmt"/>
        <line num="2013" count="0" type="cond" truecount="0" falsecount="4"/>
        <line num="2014" count="0" type="stmt"/>
        <line num="2016" count="0" type="stmt"/>
        <line num="2028" count="4" type="stmt"/>
        <line num="2029" count="0" type="stmt"/>
        <line num="2030" count="0" type="stmt"/>
        <line num="2039" count="0" type="stmt"/>
        <line num="2040" count="0" type="stmt"/>
        <line num="2050" count="0" type="stmt"/>
        <line num="2051" count="0" type="stmt"/>
        <line num="2061" count="0" type="stmt"/>
        <line num="2062" count="0" type="stmt"/>
        <line num="2071" count="0" type="stmt"/>
        <line num="2072" count="0" type="stmt"/>
        <line num="2082" count="0" type="stmt"/>
        <line num="2083" count="0" type="stmt"/>
        <line num="2092" count="0" type="stmt"/>
        <line num="2093" count="0" type="stmt"/>
        <line num="2102" count="4" type="stmt"/>
        <line num="2103" count="0" type="stmt"/>
        <line num="2104" count="0" type="stmt"/>
        <line num="2113" count="0" type="stmt"/>
        <line num="2123" count="0" type="stmt"/>
        <line num="2133" count="0" type="stmt"/>
        <line num="2142" count="0" type="stmt"/>
        <line num="2152" count="0" type="stmt"/>
        <line num="2161" count="0" type="stmt"/>
        <line num="2182" count="0" type="stmt"/>
        <line num="2194" count="0" type="stmt"/>
        <line num="2206" count="0" type="stmt"/>
        <line num="2217" count="0" type="stmt"/>
        <line num="2229" count="0" type="stmt"/>
        <line num="2240" count="0" type="stmt"/>
        <line num="2249" count="4" type="stmt"/>
        <line num="2250" count="9" type="stmt"/>
        <line num="2260" count="0" type="stmt"/>
        <line num="2261" count="0" type="stmt"/>
        <line num="2263" count="0" type="stmt"/>
        <line num="2265" count="0" type="cond" truecount="0" falsecount="2"/>
        <line num="2266" count="0" type="stmt"/>
        <line num="2269" count="0" type="stmt"/>
        <line num="2270" count="0" type="stmt"/>
        <line num="2271" count="0" type="stmt"/>
        <line num="2275" count="0" type="stmt"/>
        <line num="2279" count="0" type="stmt"/>
        <line num="2281" count="0" type="stmt"/>
        <line num="2282" count="0" type="cond" truecount="0" falsecount="4"/>
        <line num="2283" count="0" type="stmt"/>
        <line num="2284" count="0" type="stmt"/>
        <line num="2286" count="0" type="stmt"/>
        <line num="2300" count="0" type="stmt"/>
        <line num="2301" count="0" type="stmt"/>
        <line num="2303" count="0" type="stmt"/>
        <line num="2305" count="0" type="cond" truecount="0" falsecount="2"/>
        <line num="2306" count="0" type="stmt"/>
        <line num="2309" count="0" type="stmt"/>
        <line num="2310" count="0" type="stmt"/>
        <line num="2311" count="0" type="stmt"/>
        <line num="2315" count="0" type="stmt"/>
        <line num="2319" count="0" type="stmt"/>
        <line num="2321" count="0" type="stmt"/>
        <line num="2322" count="0" type="cond" truecount="0" falsecount="4"/>
        <line num="2323" count="0" type="stmt"/>
        <line num="2324" count="0" type="stmt"/>
        <line num="2326" count="0" type="stmt"/>
        <line num="2340" count="0" type="stmt"/>
        <line num="2341" count="0" type="stmt"/>
        <line num="2344" count="0" type="stmt"/>
        <line num="2346" count="0" type="cond" truecount="0" falsecount="2"/>
        <line num="2347" count="0" type="stmt"/>
        <line num="2350" count="0" type="stmt"/>
        <line num="2351" count="0" type="stmt"/>
        <line num="2352" count="0" type="stmt"/>
        <line num="2356" count="0" type="stmt"/>
        <line num="2360" count="0" type="stmt"/>
        <line num="2361" count="0" type="cond" truecount="0" falsecount="4"/>
        <line num="2362" count="0" type="stmt"/>
        <line num="2364" count="0" type="stmt"/>
        <line num="2378" count="0" type="stmt"/>
        <line num="2380" count="0" type="stmt"/>
        <line num="2382" count="0" type="cond" truecount="0" falsecount="2"/>
        <line num="2383" count="0" type="stmt"/>
        <line num="2386" count="0" type="stmt"/>
        <line num="2387" count="0" type="stmt"/>
        <line num="2388" count="0" type="stmt"/>
        <line num="2392" count="0" type="stmt"/>
        <line num="2394" count="0" type="cond" truecount="0" falsecount="2"/>
        <line num="2395" count="0" type="stmt"/>
        <line num="2398" count="0" type="cond" truecount="0" falsecount="2"/>
        <line num="2399" count="0" type="stmt"/>
        <line num="2404" count="0" type="stmt"/>
        <line num="2405" count="0" type="cond" truecount="0" falsecount="4"/>
        <line num="2406" count="0" type="stmt"/>
        <line num="2408" count="0" type="stmt"/>
        <line num="2422" count="9" type="stmt"/>
        <line num="2423" count="9" type="stmt"/>
        <line num="2426" count="9" type="stmt"/>
        <line num="2428" count="9" type="cond" truecount="1" falsecount="1"/>
        <line num="2429" count="9" type="stmt"/>
        <line num="2432" count="9" type="stmt"/>
        <line num="2433" count="9" type="stmt"/>
        <line num="2434" count="9" type="stmt"/>
        <line num="2438" count="9" type="stmt"/>
        <line num="2442" count="9" type="stmt"/>
        <line num="2443" count="9" type="cond" truecount="2" falsecount="2"/>
        <line num="2444" count="9" type="stmt"/>
        <line num="2446" count="9" type="stmt"/>
        <line num="2463" count="0" type="stmt"/>
        <line num="2465" count="0" type="stmt"/>
        <line num="2467" count="0" type="cond" truecount="0" falsecount="2"/>
        <line num="2468" count="0" type="stmt"/>
        <line num="2471" count="0" type="stmt"/>
        <line num="2472" count="0" type="stmt"/>
        <line num="2473" count="0" type="stmt"/>
        <line num="2477" count="0" type="stmt"/>
        <line num="2479" count="0" type="cond" truecount="0" falsecount="2"/>
        <line num="2480" count="0" type="stmt"/>
        <line num="2483" count="0" type="cond" truecount="0" falsecount="2"/>
        <line num="2484" count="0" type="stmt"/>
        <line num="2487" count="0" type="cond" truecount="0" falsecount="2"/>
        <line num="2488" count="0" type="stmt"/>
        <line num="2491" count="0" type="cond" truecount="0" falsecount="2"/>
        <line num="2492" count="0" type="stmt"/>
        <line num="2495" count="0" type="cond" truecount="0" falsecount="2"/>
        <line num="2496" count="0" type="stmt"/>
        <line num="2501" count="0" type="stmt"/>
        <line num="2502" count="0" type="cond" truecount="0" falsecount="4"/>
        <line num="2503" count="0" type="stmt"/>
        <line num="2505" count="0" type="stmt"/>
        <line num="2519" count="0" type="stmt"/>
        <line num="2520" count="0" type="stmt"/>
        <line num="2523" count="0" type="stmt"/>
        <line num="2525" count="0" type="cond" truecount="0" falsecount="2"/>
        <line num="2526" count="0" type="stmt"/>
        <line num="2529" count="0" type="stmt"/>
        <line num="2530" count="0" type="stmt"/>
        <line num="2531" count="0" type="stmt"/>
        <line num="2535" count="0" type="stmt"/>
        <line num="2539" count="0" type="stmt"/>
        <line num="2540" count="0" type="cond" truecount="0" falsecount="4"/>
        <line num="2541" count="0" type="stmt"/>
        <line num="2543" count="0" type="stmt"/>
        <line num="2560" count="0" type="stmt"/>
        <line num="2562" count="0" type="stmt"/>
        <line num="2564" count="0" type="cond" truecount="0" falsecount="2"/>
        <line num="2565" count="0" type="stmt"/>
        <line num="2568" count="0" type="stmt"/>
        <line num="2569" count="0" type="stmt"/>
        <line num="2570" count="0" type="stmt"/>
        <line num="2574" count="0" type="stmt"/>
        <line num="2576" count="0" type="cond" truecount="0" falsecount="2"/>
        <line num="2577" count="0" type="stmt"/>
        <line num="2580" count="0" type="cond" truecount="0" falsecount="2"/>
        <line num="2581" count="0" type="stmt"/>
        <line num="2584" count="0" type="cond" truecount="0" falsecount="2"/>
        <line num="2585" count="0" type="stmt"/>
        <line num="2588" count="0" type="cond" truecount="0" falsecount="2"/>
        <line num="2589" count="0" type="stmt"/>
        <line num="2592" count="0" type="cond" truecount="0" falsecount="2"/>
        <line num="2593" count="0" type="stmt"/>
        <line num="2598" count="0" type="stmt"/>
        <line num="2599" count="0" type="cond" truecount="0" falsecount="4"/>
        <line num="2600" count="0" type="stmt"/>
        <line num="2602" count="0" type="stmt"/>
        <line num="2614" count="4" type="stmt"/>
        <line num="2615" count="9" type="stmt"/>
        <line num="2616" count="9" type="stmt"/>
        <line num="2625" count="0" type="stmt"/>
        <line num="2626" count="0" type="stmt"/>
        <line num="2636" count="0" type="stmt"/>
        <line num="2637" count="0" type="stmt"/>
        <line num="2647" count="0" type="stmt"/>
        <line num="2648" count="0" type="stmt"/>
        <line num="2659" count="0" type="stmt"/>
        <line num="2660" count="0" type="stmt"/>
        <line num="2670" count="9" type="stmt"/>
        <line num="2671" count="9" type="stmt"/>
        <line num="2685" count="0" type="stmt"/>
        <line num="2686" count="0" type="stmt"/>
        <line num="2696" count="0" type="stmt"/>
        <line num="2697" count="0" type="stmt"/>
        <line num="2711" count="0" type="stmt"/>
        <line num="2712" count="0" type="stmt"/>
        <line num="2721" count="4" type="stmt"/>
        <line num="2722" count="0" type="stmt"/>
        <line num="2723" count="0" type="stmt"/>
        <line num="2732" count="0" type="stmt"/>
        <line num="2742" count="0" type="stmt"/>
        <line num="2752" count="0" type="stmt"/>
        <line num="2763" count="0" type="stmt"/>
        <line num="2773" count="0" type="stmt"/>
        <line num="2787" count="0" type="stmt"/>
        <line num="2797" count="0" type="stmt"/>
        <line num="2811" count="0" type="stmt"/>
        <line num="2832" count="0" type="stmt"/>
        <line num="2844" count="0" type="stmt"/>
        <line num="2856" count="0" type="stmt"/>
        <line num="2869" count="0" type="stmt"/>
        <line num="2881" count="9" type="stmt"/>
        <line num="2897" count="0" type="stmt"/>
        <line num="2909" count="0" type="stmt"/>
        <line num="2925" count="0" type="stmt"/>
      </file>
      <file name="base.ts" path="C:\Users\NITRO 5\Downloads\hei-admin-ui\src\gen\haClient\base.ts">
        <metrics statements="7" coveredstatements="5" conditionals="6" coveredconditionals="5" methods="2" coveredmethods="1"/>
        <line num="21" count="4" type="stmt"/>
        <line num="27" count="4" type="stmt"/>
        <line num="53" count="45" type="cond" truecount="1" falsecount="1"/>
        <line num="54" count="45" type="stmt"/>
        <line num="55" count="45" type="cond" truecount="2" falsecount="0"/>
        <line num="67" count="0" type="stmt"/>
        <line num="69" count="0" type="stmt"/>
      </file>
      <file name="common.ts" path="C:\Users\NITRO 5\Downloads\hei-admin-ui\src\gen\haClient\common.ts">
        <metrics statements="39" coveredstatements="22" conditionals="44" coveredconditionals="9" methods="10" coveredmethods="6"/>
        <line num="24" count="4" type="stmt"/>
        <line num="31" count="4" type="stmt"/>
        <line num="32" count="9" type="cond" truecount="3" falsecount="1"/>
        <line num="33" count="0" type="stmt"/>
        <line num="41" count="4" type="stmt"/>
        <line num="42" count="0" type="cond" truecount="0" falsecount="4"/>
        <line num="43" count="0" type="cond" truecount="0" falsecount="2"/>
        <line num="46" count="0" type="stmt"/>
        <line num="54" count="4" type="stmt"/>
        <line num="55" count="0" type="cond" truecount="0" falsecount="5"/>
        <line num="56" count="0" type="stmt"/>
        <line num="64" count="4" type="stmt"/>
        <line num="65" count="45" type="cond" truecount="3" falsecount="1"/>
        <line num="66" count="45" type="cond" truecount="1" falsecount="1"/>
        <line num="69" count="45" type="stmt"/>
        <line num="77" count="4" type="stmt"/>
        <line num="78" count="0" type="cond" truecount="0" falsecount="4"/>
        <line num="79" count="0" type="cond" truecount="0" falsecount="2"/>
        <line num="82" count="0" type="stmt"/>
        <line num="90" count="4" type="stmt"/>
        <line num="91" count="45" type="stmt"/>
        <line num="92" count="45" type="stmt"/>
        <line num="93" count="45" type="stmt"/>
        <line num="94" count="0" type="cond" truecount="0" falsecount="2"/>
        <line num="95" count="0" type="stmt"/>
        <line num="96" count="0" type="stmt"/>
        <line num="97" count="0" type="stmt"/>
        <line num="100" count="0" type="stmt"/>
        <line num="104" count="45" type="stmt"/>
        <line num="111" count="4" type="stmt"/>
        <line num="112" count="0" type="stmt"/>
        <line num="113" count="0" type="cond" truecount="0" falsecount="5"/>
        <line num="116" count="0" type="cond" truecount="0" falsecount="2"/>
        <line num="125" count="4" type="stmt"/>
        <line num="126" count="45" type="stmt"/>
        <line num="133" count="4" type="stmt"/>
        <line num="134" count="45" type="cond" truecount="0" falsecount="2"/>
        <line num="135" count="45" type="cond" truecount="2" falsecount="0"/>
        <line num="136" count="45" type="stmt"/>
      </file>
      <file name="configuration.ts" path="C:\Users\NITRO 5\Downloads\hei-admin-ui\src\gen\haClient\configuration.ts">
        <metrics statements="9" coveredstatements="7" conditionals="4" coveredconditionals="1" methods="2" coveredmethods="1"/>
        <line num="78" count="45" type="stmt"/>
        <line num="79" count="45" type="stmt"/>
        <line num="80" count="45" type="stmt"/>
        <line num="81" count="45" type="stmt"/>
        <line num="82" count="45" type="stmt"/>
        <line num="83" count="45" type="stmt"/>
        <line num="84" count="45" type="stmt"/>
        <line num="98" count="0" type="stmt"/>
        <line num="99" count="0" type="cond" truecount="0" falsecount="3"/>
      </file>
      <file name="index.ts" path="C:\Users\NITRO 5\Downloads\hei-admin-ui\src\gen\haClient\index.ts">
        <metrics statements="0" coveredstatements="0" conditionals="0" coveredconditionals="0" methods="0" coveredmethods="0"/>
      </file>
    </package>
    <package name="src.menu">
      <metrics statements="18" coveredstatements="11" conditionals="8" coveredconditionals="2" methods="5" coveredmethods="2"/>
      <file name="HaMenu.js" path="C:\Users\NITRO 5\Downloads\hei-admin-ui\src\menu\HaMenu.js">
        <metrics statements="9" coveredstatements="4" conditionals="6" coveredconditionals="1" methods="1" coveredmethods="1"/>
        <line num="7" count="4" type="stmt"/>
        <line num="8" count="13" type="stmt"/>
        <line num="10" count="13" type="cond" truecount="1" falsecount="1"/>
        <line num="11" count="13" type="stmt"/>
        <line num="13" count="0" type="cond" truecount="0" falsecount="2"/>
        <line num="14" count="0" type="stmt"/>
        <line num="16" count="0" type="cond" truecount="0" falsecount="2"/>
        <line num="17" count="0" type="stmt"/>
        <line num="19" count="0" type="stmt"/>
      </file>
      <file name="ManagerMenu.js" path="C:\Users\NITRO 5\Downloads\hei-admin-ui\src\menu\ManagerMenu.js">
        <metrics statements="2" coveredstatements="1" conditionals="0" coveredconditionals="0" methods="1" coveredmethods="0"/>
        <line num="6" count="4" type="stmt"/>
        <line num="7" count="0" type="stmt"/>
      </file>
      <file name="StudentMenu.js" path="C:\Users\NITRO 5\Downloads\hei-admin-ui\src\menu\StudentMenu.js">
        <metrics statements="5" coveredstatements="5" conditionals="2" coveredconditionals="1" methods="2" coveredmethods="1"/>
        <line num="8" count="4" type="stmt"/>
        <line num="9" count="13" type="stmt"/>
        <line num="10" count="13" type="stmt"/>
        <line num="11" count="13" type="stmt"/>
        <line num="12" count="13" type="stmt"/>
      </file>
      <file name="TeacherMenu.js" path="C:\Users\NITRO 5\Downloads\hei-admin-ui\src\menu\TeacherMenu.js">
        <metrics statements="2" coveredstatements="1" conditionals="0" coveredconditionals="0" methods="1" coveredmethods="0"/>
        <line num="5" count="4" type="stmt"/>
        <line num="6" count="0" type="stmt"/>
      </file>
    </package>
    <package name="src.operations.fees">
      <metrics statements="106" coveredstatements="16" conditionals="36" coveredconditionals="0" methods="37" coveredmethods="0"/>
      <file name="ByStatusFeeList.js" path="C:\Users\NITRO 5\Downloads\hei-admin-ui\src\operations\fees\ByStatusFeeList.js">
        <metrics statements="5" coveredstatements="1" conditionals="2" coveredconditionals="0" methods="3" coveredmethods="0"/>
        <line num="8" count="4" type="stmt"/>
        <line num="9" count="0" type="cond" truecount="0" falsecount="2"/>
        <line num="10" count="0" type="stmt"/>
        <line num="23" count="0" type="stmt"/>
        <line num="26" count="0" type="stmt"/>
      </file>
      <file name="FeeList.js" path="C:\Users\NITRO 5\Downloads\hei-admin-ui\src\operations\fees\FeeList.js">
        <metrics statements="16" coveredstatements="2" conditionals="4" coveredconditionals="0" methods="6" coveredmethods="0"/>
        <line num="15" count="4" type="stmt"/>
        <line num="16" count="0" type="stmt"/>
        <line num="21" count="4" type="stmt"/>
        <line num="22" count="0" type="stmt"/>
        <line num="23" count="0" type="cond" truecount="0" falsecount="2"/>
        <line num="24" count="0" type="stmt"/>
        <line num="25" count="0" type="stmt"/>
        <line num="26" count="0" type="stmt"/>
        <line num="27" count="0" type="stmt"/>
        <line num="28" count="0" type="stmt"/>
        <line num="29" count="0" type="stmt"/>
        <line num="30" count="0" type="stmt"/>
        <line num="32" count="0" type="stmt"/>
        <line num="36" count="0" type="stmt"/>
        <line num="46" count="0" type="stmt"/>
        <line num="49" count="0" type="stmt"/>
      </file>
      <file name="FeeShow.js" path="C:\Users\NITRO 5\Downloads\hei-admin-ui\src\operations\fees\FeeShow.js">
        <metrics statements="19" coveredstatements="3" conditionals="4" coveredconditionals="0" methods="8" coveredmethods="0"/>
        <line num="13" count="4" type="stmt"/>
        <line num="14" count="0" type="cond" truecount="0" falsecount="2"/>
        <line num="21" count="4" type="stmt"/>
        <line num="22" count="0" type="stmt"/>
        <line num="27" count="0" type="stmt"/>
        <line num="28" count="0" type="stmt"/>
        <line num="31" count="0" type="cond" truecount="0" falsecount="2"/>
        <line num="41" count="4" type="stmt"/>
        <line num="42" count="0" type="stmt"/>
        <line num="43" count="0" type="stmt"/>
        <line num="44" count="0" type="stmt"/>
        <line num="45" count="0" type="stmt"/>
        <line num="46" count="0" type="stmt"/>
        <line num="47" count="0" type="stmt"/>
        <line num="48" count="0" type="stmt"/>
        <line num="49" count="0" type="stmt"/>
        <line num="50" count="0" type="stmt"/>
        <line num="52" count="0" type="stmt"/>
        <line num="56" count="0" type="stmt"/>
      </file>
      <file name="FeesCreate.js" path="C:\Users\NITRO 5\Downloads\hei-admin-ui\src\operations\fees\FeesCreate.js">
        <metrics statements="62" coveredstatements="8" conditionals="22" coveredconditionals="0" methods="19" coveredmethods="0"/>
        <line num="20" count="4" type="stmt"/>
        <line num="30" count="4" type="stmt"/>
        <line num="31" count="4" type="stmt"/>
        <line num="32" count="0" type="stmt"/>
        <line num="36" count="0" type="stmt"/>
        <line num="37" count="0" type="stmt"/>
        <line num="42" count="4" type="stmt"/>
        <line num="43" count="0" type="stmt"/>
        <line num="47" count="0" type="stmt"/>
        <line num="51" count="4" type="stmt"/>
        <line num="52" count="0" type="stmt"/>
        <line num="56" count="0" type="stmt"/>
        <line num="61" count="4" type="stmt"/>
        <line num="62" count="0" type="stmt"/>
        <line num="63" count="0" type="stmt"/>
        <line num="64" count="0" type="stmt"/>
        <line num="65" count="0" type="stmt"/>
        <line num="66" count="0" type="stmt"/>
        <line num="67" count="0" type="stmt"/>
        <line num="74" count="0" type="stmt"/>
        <line num="85" count="0" type="stmt"/>
        <line num="95" count="4" type="stmt"/>
        <line num="96" count="0" type="stmt"/>
        <line num="97" count="0" type="stmt"/>
        <line num="98" count="0" type="stmt"/>
        <line num="99" count="0" type="stmt"/>
        <line num="100" count="0" type="stmt"/>
        <line num="101" count="0" type="stmt"/>
        <line num="102" count="0" type="stmt"/>
        <line num="103" count="0" type="stmt"/>
        <line num="105" count="0" type="stmt"/>
        <line num="109" count="0" type="stmt"/>
        <line num="117" count="0" type="stmt"/>
        <line num="118" count="0" type="stmt"/>
        <line num="119" count="0" type="stmt"/>
        <line num="121" count="0" type="stmt"/>
        <line num="122" count="0" type="stmt"/>
        <line num="123" count="0" type="stmt"/>
        <line num="124" count="0" type="stmt"/>
        <line num="125" count="0" type="stmt"/>
        <line num="127" count="0" type="cond" truecount="0" falsecount="2"/>
        <line num="130" count="0" type="stmt"/>
        <line num="131" count="0" type="cond" truecount="0" falsecount="2"/>
        <line num="132" count="0" type="stmt"/>
        <line num="133" count="0" type="stmt"/>
        <line num="142" count="0" type="stmt"/>
        <line num="143" count="0" type="cond" truecount="0" falsecount="2"/>
        <line num="144" count="0" type="stmt"/>
        <line num="145" count="0" type="stmt"/>
        <line num="146" count="0" type="stmt"/>
        <line num="156" count="0" type="stmt"/>
        <line num="158" count="0" type="stmt"/>
        <line num="164" count="0" type="stmt"/>
        <line num="174" count="4" type="stmt"/>
        <line num="175" count="0" type="stmt"/>
        <line num="176" count="0" type="cond" truecount="0" falsecount="2"/>
        <line num="177" count="0" type="cond" truecount="0" falsecount="2"/>
        <line num="178" count="0" type="cond" truecount="0" falsecount="2"/>
        <line num="179" count="0" type="cond" truecount="0" falsecount="2"/>
        <line num="181" count="0" type="stmt"/>
        <line num="182" count="0" type="stmt"/>
        <line num="183" count="0" type="stmt"/>
      </file>
      <file name="byStatusRowStyle.js" path="C:\Users\NITRO 5\Downloads\hei-admin-ui\src\operations\fees\byStatusRowStyle.js">
        <metrics statements="3" coveredstatements="1" conditionals="4" coveredconditionals="0" methods="1" coveredmethods="0"/>
        <line num="3" count="4" type="stmt"/>
        <line num="4" count="0" type="cond" truecount="0" falsecount="2"/>
        <line num="5" count="0" type="stmt"/>
      </file>
      <file name="index.js" path="C:\Users\NITRO 5\Downloads\hei-admin-ui\src\operations\fees\index.js">
        <metrics statements="1" coveredstatements="1" conditionals="0" coveredconditionals="0" methods="0" coveredmethods="0"/>
        <line num="7" count="4" type="stmt"/>
      </file>
    </package>
    <package name="src.operations.payments">
      <metrics statements="26" coveredstatements="4" conditionals="4" coveredconditionals="0" methods="10" coveredmethods="0"/>
      <file name="PaymentCreate.js" path="C:\Users\NITRO 5\Downloads\hei-admin-ui\src\operations\payments\PaymentCreate.js">
        <metrics statements="19" coveredstatements="1" conditionals="2" coveredconditionals="0" methods="7" coveredmethods="0"/>
        <line num="9" count="4" type="stmt"/>
        <line num="10" count="0" type="stmt"/>
        <line num="11" count="0" type="stmt"/>
        <line num="12" count="0" type="stmt"/>
        <line num="13" count="0" type="stmt"/>
        <line num="14" count="0" type="stmt"/>
        <line num="15" count="0" type="stmt"/>
        <line num="16" count="0" type="stmt"/>
        <line num="17" count="0" type="stmt"/>
        <line num="18" count="0" type="stmt"/>
        <line num="20" count="0" type="stmt"/>
        <line num="23" count="0" type="stmt"/>
        <line num="24" count="0" type="stmt"/>
        <line num="25" count="0" type="stmt"/>
        <line num="26" count="0" type="stmt"/>
        <line num="29" count="0" type="stmt"/>
        <line num="34" count="0" type="stmt"/>
        <line num="42" count="0" type="stmt"/>
        <line num="44" count="0" type="stmt"/>
      </file>
      <file name="PaymentList.js" path="C:\Users\NITRO 5\Downloads\hei-admin-ui\src\operations\payments\PaymentList.js">
        <metrics statements="6" coveredstatements="2" conditionals="2" coveredconditionals="0" methods="3" coveredmethods="0"/>
        <line num="7" count="4" type="stmt"/>
        <line num="8" count="0" type="stmt"/>
        <line num="13" count="4" type="stmt"/>
        <line num="14" count="0" type="stmt"/>
        <line num="15" count="0" type="stmt"/>
        <line num="27" count="0" type="stmt"/>
      </file>
      <file name="index.js" path="C:\Users\NITRO 5\Downloads\hei-admin-ui\src\operations\payments\index.js">
        <metrics statements="1" coveredstatements="1" conditionals="0" coveredconditionals="0" methods="0" coveredmethods="0"/>
        <line num="5" count="4" type="stmt"/>
      </file>
    </package>
    <package name="src.operations.profile">
      <metrics statements="30" coveredstatements="19" conditionals="16" coveredconditionals="6" methods="10" coveredmethods="7"/>
      <file name="ProfileEdit.js" path="C:\Users\NITRO 5\Downloads\hei-admin-ui\src\operations\profile\ProfileEdit.js">
        <metrics statements="10" coveredstatements="3" conditionals="4" coveredconditionals="0" methods="3" coveredmethods="0"/>
        <line num="5" count="4" type="stmt"/>
        <line num="6" count="0" type="stmt"/>
        <line num="15" count="4" type="stmt"/>
        <line num="16" count="0" type="stmt"/>
        <line num="17" count="0" type="stmt"/>
        <line num="18" count="0" type="cond" truecount="0" falsecount="2"/>
        <line num="19" count="0" type="cond" truecount="0" falsecount="2"/>
        <line num="20" count="0" type="stmt"/>
        <line num="23" count="4" type="stmt"/>
        <line num="24" count="0" type="stmt"/>
      </file>
      <file name="ProfileShow.js" path="C:\Users\NITRO 5\Downloads\hei-admin-ui\src\operations\profile\ProfileShow.js">
        <metrics statements="18" coveredstatements="14" conditionals="12" coveredconditionals="6" methods="7" coveredmethods="7"/>
        <line num="6" count="4" type="stmt"/>
        <line num="7" count="9" type="stmt"/>
        <line num="8" count="9" type="cond" truecount="1" falsecount="1"/>
        <line num="9" count="0" type="cond" truecount="0" falsecount="2"/>
        <line num="10" count="0" type="stmt"/>
        <line num="12" count="9" type="stmt"/>
        <line num="13" count="9" type="cond" truecount="1" falsecount="1"/>
        <line num="14" count="0" type="cond" truecount="0" falsecount="2"/>
        <line num="15" count="0" type="stmt"/>
        <line num="17" count="9" type="stmt"/>
        <line num="19" count="9" type="stmt"/>
        <line num="20" count="9" type="cond" truecount="2" falsecount="0"/>
        <line num="23" count="9" type="stmt"/>
        <line num="24" count="9" type="cond" truecount="2" falsecount="0"/>
        <line num="27" count="9" type="stmt"/>
        <line num="45" count="4" type="stmt"/>
        <line num="46" count="9" type="stmt"/>
        <line num="47" count="9" type="stmt"/>
      </file>
      <file name="index.js" path="C:\Users\NITRO 5\Downloads\hei-admin-ui\src\operations\profile\index.js">
        <metrics statements="2" coveredstatements="2" conditionals="0" coveredconditionals="0" methods="0" coveredmethods="0"/>
        <line num="4" count="4" type="stmt"/>
        <line num="10" count="4" type="stmt"/>
      </file>
    </package>
    <package name="src.operations.studentGrades">
      <metrics statements="1" coveredstatements="1" conditionals="0" coveredconditionals="0" methods="0" coveredmethods="0"/>
      <file name="index.js" path="C:\Users\NITRO 5\Downloads\hei-admin-ui\src\operations\studentGrades\index.js">
        <metrics statements="1" coveredstatements="1" conditionals="0" coveredconditionals="0" methods="0" coveredmethods="0"/>
        <line num="5" count="4" type="stmt"/>
      </file>
    </package>
    <package name="src.operations.students">
      <metrics statements="37" coveredstatements="5" conditionals="16" coveredconditionals="0" methods="9" coveredmethods="0"/>
      <file name="StudentCreate.js" path="C:\Users\NITRO 5\Downloads\hei-admin-ui\src\operations\students\StudentCreate.js">
        <metrics statements="27" coveredstatements="1" conditionals="10" coveredconditionals="0" methods="6" coveredmethods="0"/>
        <line num="7" count="4" type="stmt"/>
        <line num="8" count="0" type="stmt"/>
        <line num="16" count="0" type="stmt"/>
        <line num="17" count="0" type="stmt"/>
        <line num="18" count="0" type="stmt"/>
        <line num="19" count="0" type="stmt"/>
        <line num="21" count="0" type="stmt"/>
        <line num="22" count="0" type="stmt"/>
        <line num="23" count="0" type="stmt"/>
        <line num="35" count="0" type="stmt"/>
        <line num="36" count="0" type="stmt"/>
        <line num="37" count="0" type="stmt"/>
        <line num="38" count="0" type="stmt"/>
        <line num="39" count="0" type="stmt"/>
        <line num="41" count="0" type="cond" truecount="0" falsecount="2"/>
        <line num="42" count="0" type="cond" truecount="0" falsecount="2"/>
        <line num="43" count="0" type="stmt"/>
        <line num="44" count="0" type="stmt"/>
        <line num="45" count="0" type="cond" truecount="0" falsecount="2"/>
        <line num="46" count="0" type="stmt"/>
        <line num="47" count="0" type="stmt"/>
        <line num="48" count="0" type="stmt"/>
        <line num="57" count="0" type="stmt"/>
        <line num="58" count="0" type="stmt"/>
        <line num="59" count="0" type="stmt"/>
        <line num="61" count="0" type="stmt"/>
        <line num="78" count="0" type="stmt"/>
      </file>
      <file name="StudentList.js" path="C:\Users\NITRO 5\Downloads\hei-admin-ui\src\operations\students\StudentList.js">
        <metrics statements="3" coveredstatements="1" conditionals="2" coveredconditionals="0" methods="1" coveredmethods="0"/>
        <line num="9" count="4" type="stmt"/>
        <line num="10" count="0" type="stmt"/>
        <line num="11" count="0" type="stmt"/>
      </file>
      <file name="StudentShow.js" path="C:\Users\NITRO 5\Downloads\hei-admin-ui\src\operations\students\StudentShow.js">
        <metrics statements="6" coveredstatements="2" conditionals="4" coveredconditionals="0" methods="2" coveredmethods="0"/>
        <line num="9" count="4" type="stmt"/>
        <line num="10" count="0" type="stmt"/>
        <line num="11" count="0" type="stmt"/>
        <line num="23" count="4" type="stmt"/>
        <line num="24" count="0" type="stmt"/>
        <line num="25" count="0" type="stmt"/>
      </file>
      <file name="index.js" path="C:\Users\NITRO 5\Downloads\hei-admin-ui\src\operations\students\index.js">
        <metrics statements="1" coveredstatements="1" conditionals="0" coveredconditionals="0" methods="0" coveredmethods="0"/>
        <line num="7" count="4" type="stmt"/>
      </file>
    </package>
    <package name="src.operations.teachers">
      <metrics statements="12" coveredstatements="6" conditionals="0" coveredconditionals="0" methods="5" coveredmethods="0"/>
      <file name="TeacherCreate.js" path="C:\Users\NITRO 5\Downloads\hei-admin-ui\src\operations\teachers\TeacherCreate.js">
        <metrics statements="5" coveredstatements="2" conditionals="0" coveredconditionals="0" methods="2" coveredmethods="0"/>
        <line num="4" count="4" type="stmt"/>
        <line num="5" count="0" type="stmt"/>
        <line num="6" count="0" type="stmt"/>
        <line num="8" count="4" type="stmt"/>
        <line num="9" count="0" type="stmt"/>
      </file>
      <file name="TeacherList.js" path="C:\Users\NITRO 5\Downloads\hei-admin-ui\src\operations\teachers\TeacherList.js">
        <metrics statements="2" coveredstatements="1" conditionals="0" coveredconditionals="0" methods="1" coveredmethods="0"/>
        <line num="6" count="4" type="stmt"/>
        <line num="7" count="0" type="stmt"/>
      </file>
      <file name="TeacherShow.js" path="C:\Users\NITRO 5\Downloads\hei-admin-ui\src\operations\teachers\TeacherShow.js">
        <metrics statements="4" coveredstatements="2" conditionals="0" coveredconditionals="0" methods="2" coveredmethods="0"/>
        <line num="5" count="4" type="stmt"/>
        <line num="6" count="0" type="stmt"/>
        <line num="13" count="4" type="stmt"/>
        <line num="14" count="0" type="stmt"/>
      </file>
      <file name="index.js" path="C:\Users\NITRO 5\Downloads\hei-admin-ui\src\operations\teachers\index.js">
        <metrics statements="1" coveredstatements="1" conditionals="0" coveredconditionals="0" methods="0" coveredmethods="0"/>
        <line num="7" count="4" type="stmt"/>
      </file>
    </package>
    <package name="src.operations.utils">
      <metrics statements="33" coveredstatements="13" conditionals="25" coveredconditionals="1" methods="9" coveredmethods="2"/>
      <file name="CustomDateField.js" path="C:\Users\NITRO 5\Downloads\hei-admin-ui\src\operations\utils\CustomDateField.js">
        <metrics statements="4" coveredstatements="4" conditionals="2" coveredconditionals="1" methods="1" coveredmethods="1"/>
        <line num="3" count="4" type="stmt"/>
        <line num="4" count="18" type="stmt"/>
        <line num="5" count="18" type="cond" truecount="1" falsecount="1"/>
        <line num="6" count="18" type="stmt"/>
      </file>
      <file name="EditToolBar.js" path="C:\Users\NITRO 5\Downloads\hei-admin-ui\src\operations\utils\EditToolBar.js">
        <metrics statements="2" coveredstatements="1" conditionals="0" coveredconditionals="0" methods="1" coveredmethods="0"/>
        <line num="3" count="4" type="stmt"/>
        <line num="4" count="0" type="stmt"/>
      </file>
      <file name="PrevNextPagination.js" path="C:\Users\NITRO 5\Downloads\hei-admin-ui\src\operations\utils\PrevNextPagination.js">
        <metrics statements="15" coveredstatements="2" conditionals="17" coveredconditionals="0" methods="3" coveredmethods="0"/>
        <line num="7" count="4" type="stmt"/>
        <line num="9" count="4" type="stmt"/>
        <line num="10" count="0" type="stmt"/>
        <line num="11" count="0" type="stmt"/>
        <line num="12" count="0" type="cond" truecount="0" falsecount="2"/>
        <line num="13" count="0" type="cond" truecount="0" falsecount="6"/>
        <line num="14" count="0" type="stmt"/>
        <line num="15" count="0" type="stmt"/>
        <line num="17" count="0" type="cond" truecount="0" falsecount="4"/>
        <line num="21" count="0" type="stmt"/>
        <line num="24" count="0" type="stmt"/>
        <line num="25" count="0" type="stmt"/>
        <line num="26" count="0" type="stmt"/>
        <line num="28" count="0" type="stmt"/>
        <line num="37" count="0" type="stmt"/>
      </file>
      <file name="SexRadioButton.js" path="C:\Users\NITRO 5\Downloads\hei-admin-ui\src\operations\utils\SexRadioButton.js">
        <metrics statements="2" coveredstatements="1" conditionals="0" coveredconditionals="0" methods="1" coveredmethods="0"/>
        <line num="3" count="4" type="stmt"/>
        <line num="4" count="0" type="stmt"/>
      </file>
      <file name="index.js" path="C:\Users\NITRO 5\Downloads\hei-admin-ui\src\operations\utils\index.js">
        <metrics statements="0" coveredstatements="0" conditionals="0" coveredconditionals="0" methods="0" coveredmethods="0"/>
      </file>
      <file name="money.ts" path="C:\Users\NITRO 5\Downloads\hei-admin-ui\src\operations\utils\money.ts">
        <metrics statements="3" coveredstatements="2" conditionals="0" coveredconditionals="0" methods="1" coveredmethods="0"/>
        <line num="1" count="4" type="stmt"/>
        <line num="3" count="4" type="stmt"/>
        <line num="4" count="0" type="stmt"/>
      </file>
      <file name="typography.js" path="C:\Users\NITRO 5\Downloads\hei-admin-ui\src\operations\utils\typography.js">
        <metrics statements="7" coveredstatements="3" conditionals="6" coveredconditionals="0" methods="2" coveredmethods="1"/>
        <line num="1" count="4" type="stmt"/>
        <line num="2" count="4" type="stmt"/>
        <line num="4" count="4" type="stmt"/>
        <line num="5" count="0" type="cond" truecount="0" falsecount="2"/>
        <line num="6" count="0" type="cond" truecount="0" falsecount="2"/>
        <line num="7" count="0" type="cond" truecount="0" falsecount="2"/>
        <line num="8" count="0" type="stmt"/>
      </file>
    </package>
    <package name="src.providers">
      <metrics statements="157" coveredstatements="65" conditionals="42" coveredconditionals="5" methods="54" coveredmethods="19"/>
      <file name="api.js" path="C:\Users\NITRO 5\Downloads\hei-admin-ui\src\providers\api.js">
        <metrics statements="2" coveredstatements="2" conditionals="0" coveredconditionals="0" methods="2" coveredmethods="1"/>
        <line num="4" count="9" type="stmt"/>
        <line num="5" count="4" type="stmt"/>
      </file>
      <file name="authProvider.ts" path="C:\Users\NITRO 5\Downloads\hei-admin-ui\src\providers\authProvider.ts">
        <metrics statements="57" coveredstatements="41" conditionals="6" coveredconditionals="3" methods="20" coveredmethods="14"/>
        <line num="12" count="4" type="stmt"/>
        <line num="14" count="4" type="stmt"/>
        <line num="15" count="4" type="stmt"/>
        <line num="16" count="4" type="stmt"/>
        <line num="17" count="4" type="stmt"/>
        <line num="18" count="4" type="stmt"/>
        <line num="19" count="4" type="stmt"/>
        <line num="20" count="4" type="stmt"/>
        <line num="22" count="4" type="stmt"/>
        <line num="23" count="63" type="stmt"/>
        <line num="24" count="36" type="stmt"/>
        <line num="25" count="36" type="stmt"/>
        <line num="26" count="36" type="stmt"/>
        <line num="27" count="36" type="stmt"/>
        <line num="29" count="36" type="stmt"/>
        <line num="31" count="0" type="stmt"/>
        <line num="32" count="0" type="stmt"/>
        <line num="36" count="4" type="stmt"/>
        <line num="38" count="4" type="stmt"/>
        <line num="40" count="4" type="stmt"/>
        <line num="41" count="9" type="stmt"/>
        <line num="42" count="9" type="stmt"/>
        <line num="43" count="9" type="stmt"/>
        <line num="46" count="93" type="stmt"/>
        <line num="48" count="27" type="stmt"/>
        <line num="50" count="4" type="stmt"/>
        <line num="51" count="9" type="stmt"/>
        <line num="52" count="9" type="stmt"/>
        <line num="53" count="9" type="stmt"/>
        <line num="56" count="4" type="stmt"/>
        <line num="61" count="9" type="stmt"/>
        <line num="62" count="9" type="cond" truecount="1" falsecount="1"/>
        <line num="63" count="0" type="stmt"/>
        <line num="64" count="0" type="stmt"/>
        <line num="65" count="0" type="stmt"/>
        <line num="66" count="0" type="stmt"/>
        <line num="68" count="9" type="stmt"/>
        <line num="72" count="9" type="stmt"/>
        <line num="73" count="9" type="stmt"/>
        <line num="74" count="9" type="stmt"/>
        <line num="78" count="54" type="stmt"/>
        <line num="80" count="27" type="cond" truecount="2" falsecount="2"/>
        <line num="81" count="0" type="stmt"/>
        <line num="85" count="27" type="stmt"/>
        <line num="89" count="0" type="stmt"/>
        <line num="91" count="0" type="stmt"/>
        <line num="93" count="18" type="stmt"/>
        <line num="98" count="9" type="stmt"/>
        <line num="99" count="9" type="stmt"/>
        <line num="100" count="9" type="stmt"/>
        <line num="104" count="0" type="stmt"/>
        <line num="105" count="0" type="stmt"/>
        <line num="106" count="0" type="stmt"/>
        <line num="107" count="0" type="stmt"/>
        <line num="108" count="0" type="stmt"/>
        <line num="109" count="0" type="stmt"/>
        <line num="110" count="0" type="stmt"/>
      </file>
      <file name="dataProvider.ts" path="C:\Users\NITRO 5\Downloads\hei-admin-ui\src\providers\dataProvider.ts">
        <metrics statements="31" coveredstatements="7" conditionals="18" coveredconditionals="1" methods="6" coveredmethods="2"/>
        <line num="9" count="4" type="stmt"/>
        <line num="11" count="4" type="stmt"/>
        <line num="12" count="9" type="cond" truecount="1" falsecount="1"/>
        <line num="13" count="0" type="cond" truecount="0" falsecount="2"/>
        <line num="14" count="0" type="cond" truecount="0" falsecount="2"/>
        <line num="15" count="0" type="cond" truecount="0" falsecount="2"/>
        <line num="16" count="0" type="cond" truecount="0" falsecount="2"/>
        <line num="17" count="0" type="stmt"/>
        <line num="20" count="4" type="stmt"/>
        <line num="22" count="0" type="stmt"/>
        <line num="23" count="0" type="cond" truecount="0" falsecount="2"/>
        <line num="24" count="0" type="stmt"/>
        <line num="25" count="0" type="cond" truecount="0" falsecount="2"/>
        <line num="26" count="0" type="stmt"/>
        <line num="27" count="0" type="stmt"/>
        <line num="30" count="0" type="stmt"/>
        <line num="31" count="0" type="stmt"/>
        <line num="32" count="0" type="stmt"/>
        <line num="35" count="9" type="stmt"/>
        <line num="36" count="9" type="stmt"/>
        <line num="39" count="0" type="stmt"/>
        <line num="40" count="0" type="stmt"/>
        <line num="43" count="0" type="stmt"/>
        <line num="46" count="0" type="stmt"/>
        <line num="50" count="4" type="stmt"/>
        <line num="51" count="0" type="stmt"/>
        <line num="52" count="0" type="stmt"/>
        <line num="53" count="0" type="stmt"/>
        <line num="54" count="0" type="stmt"/>
        <line num="55" count="0" type="stmt"/>
        <line num="57" count="0" type="stmt"/>
      </file>
      <file name="feeProvider.ts" path="C:\Users\NITRO 5\Downloads\hei-admin-ui\src\providers\feeProvider.ts">
        <metrics statements="19" coveredstatements="5" conditionals="6" coveredconditionals="0" methods="8" coveredmethods="0"/>
        <line num="4" count="4" type="stmt"/>
        <line num="5" count="4" type="stmt"/>
        <line num="6" count="4" type="stmt"/>
        <line num="7" count="0" type="stmt"/>
        <line num="8" count="0" type="stmt"/>
        <line num="10" count="4" type="stmt"/>
        <line num="12" count="4" type="stmt"/>
        <line num="14" count="0" type="cond" truecount="0" falsecount="2"/>
        <line num="17" count="0" type="stmt"/>
        <line num="23" count="0" type="stmt"/>
        <line num="24" count="0" type="stmt"/>
        <line num="25" count="0" type="stmt"/>
        <line num="28" count="0" type="stmt"/>
        <line num="29" count="0" type="cond" truecount="0" falsecount="2"/>
        <line num="30" count="0" type="stmt"/>
        <line num="31" count="0" type="cond" truecount="0" falsecount="2"/>
        <line num="32" count="0" type="stmt"/>
        <line num="36" count="0" type="stmt"/>
        <line num="37" count="0" type="stmt"/>
      </file>
      <file name="paymentProvider.ts" path="C:\Users\NITRO 5\Downloads\hei-admin-ui\src\providers\paymentProvider.ts">
        <metrics statements="15" coveredstatements="3" conditionals="2" coveredconditionals="0" methods="6" coveredmethods="0"/>
        <line num="6" count="4" type="stmt"/>
        <line num="7" count="4" type="stmt"/>
        <line num="9" count="4" type="stmt"/>
        <line num="11" count="0" type="stmt"/>
        <line num="12" count="0" type="stmt"/>
        <line num="13" count="0" type="stmt"/>
        <line num="19" count="0" type="stmt"/>
        <line num="22" count="0" type="stmt"/>
        <line num="23" count="0" type="stmt"/>
        <line num="24" count="0" type="stmt"/>
        <line num="25" count="0" type="cond" truecount="0" falsecount="2"/>
        <line num="26" count="0" type="stmt"/>
        <line num="30" count="0" type="stmt"/>
        <line num="31" count="0" type="stmt"/>
        <line num="32" count="0" type="stmt"/>
      </file>
      <file name="profileProvider.ts" path="C:\Users\NITRO 5\Downloads\hei-admin-ui\src\providers\profileProvider.ts">
        <metrics statements="13" coveredstatements="5" conditionals="6" coveredconditionals="1" methods="6" coveredmethods="2"/>
        <line num="6" count="4" type="stmt"/>
        <line num="8" count="9" type="stmt"/>
        <line num="9" count="9" type="cond" truecount="1" falsecount="1"/>
        <line num="10" count="9" type="stmt"/>
        <line num="12" count="9" type="stmt"/>
        <line num="14" count="0" type="cond" truecount="0" falsecount="2"/>
        <line num="15" count="0" type="stmt"/>
        <line num="17" count="0" type="stmt"/>
        <line num="19" count="0" type="cond" truecount="0" falsecount="2"/>
        <line num="20" count="0" type="stmt"/>
        <line num="22" count="0" type="stmt"/>
        <line num="26" count="0" type="stmt"/>
        <line num="29" count="0" type="stmt"/>
      </file>
      <file name="studentProvider.ts" path="C:\Users\NITRO 5\Downloads\hei-admin-ui\src\providers\studentProvider.ts">
        <metrics statements="13" coveredstatements="1" conditionals="4" coveredconditionals="0" methods="3" coveredmethods="0"/>
        <line num="5" count="4" type="stmt"/>
        <line num="7" count="0" type="stmt"/>
        <line num="8" count="0" type="stmt"/>
        <line num="11" count="0" type="stmt"/>
        <line num="12" count="0" type="stmt"/>
        <line num="15" count="0" type="cond" truecount="0" falsecount="2"/>
        <line num="17" count="0" type="stmt"/>
        <line num="18" count="0" type="stmt"/>
        <line num="19" count="0" type="stmt"/>
        <line num="20" count="0" type="cond" truecount="0" falsecount="2"/>
        <line num="21" count="0" type="stmt"/>
        <line num="24" count="0" type="stmt"/>
        <line num="25" count="0" type="stmt"/>
      </file>
      <file name="teacherProvider.ts" path="C:\Users\NITRO 5\Downloads\hei-admin-ui\src\providers\teacherProvider.ts">
        <metrics statements="7" coveredstatements="1" conditionals="0" coveredconditionals="0" methods="3" coveredmethods="0"/>
        <line num="4" count="4" type="stmt"/>
        <line num="6" count="0" type="stmt"/>
        <line num="7" count="0" type="stmt"/>
        <line num="10" count="0" type="stmt"/>
        <line num="11" count="0" type="stmt"/>
        <line num="14" count="0" type="stmt"/>
        <line num="15" count="0" type="stmt"/>
      </file>
    </package>
    <package name="src.security">
      <metrics statements="46" coveredstatements="17" conditionals="18" coveredconditionals="2" methods="12" coveredmethods="4"/>
      <file name="CompletePasswordPage.js" path="C:\Users\NITRO 5\Downloads\hei-admin-ui\src\security\CompletePasswordPage.js">
        <metrics statements="31" coveredstatements="4" conditionals="14" coveredconditionals="0" methods="6" coveredmethods="0"/>
        <line num="5" count="4" type="stmt"/>
        <line num="54" count="4" type="stmt"/>
        <line num="55" count="0" type="stmt"/>
        <line num="58" count="4" type="stmt"/>
        <line num="59" count="0" type="stmt"/>
        <line num="60" count="0" type="stmt"/>
        <line num="61" count="0" type="stmt"/>
        <line num="62" count="0" type="stmt"/>
        <line num="63" count="0" type="cond" truecount="0" falsecount="2"/>
        <line num="64" count="0" type="stmt"/>
        <line num="65" count="0" type="cond" truecount="0" falsecount="2"/>
        <line num="66" count="0" type="stmt"/>
        <line num="67" count="0" type="cond" truecount="0" falsecount="2"/>
        <line num="68" count="0" type="stmt"/>
        <line num="69" count="0" type="cond" truecount="0" falsecount="2"/>
        <line num="70" count="0" type="stmt"/>
        <line num="72" count="0" type="stmt"/>
        <line num="74" count="0" type="stmt"/>
        <line num="75" count="0" type="stmt"/>
        <line num="76" count="0" type="stmt"/>
        <line num="77" count="0" type="cond" truecount="0" falsecount="2"/>
        <line num="78" count="0" type="stmt"/>
        <line num="79" count="0" type="cond" truecount="0" falsecount="2"/>
        <line num="80" count="0" type="stmt"/>
        <line num="81" count="0" type="cond" truecount="0" falsecount="2"/>
        <line num="82" count="0" type="stmt"/>
        <line num="86" count="0" type="stmt"/>
        <line num="89" count="0" type="stmt"/>
        <line num="96" count="0" type="stmt"/>
        <line num="109" count="4" type="stmt"/>
        <line num="110" count="0" type="stmt"/>
      </file>
      <file name="LoginPage.js" path="C:\Users\NITRO 5\Downloads\hei-admin-ui\src\security\LoginPage.js">
        <metrics statements="9" coveredstatements="7" conditionals="4" coveredconditionals="2" methods="5" coveredmethods="3"/>
        <line num="7" count="4" type="stmt"/>
        <line num="8" count="0" type="stmt"/>
        <line num="9" count="0" type="stmt"/>
        <line num="36" count="4" type="stmt"/>
        <line num="37" count="9" type="stmt"/>
        <line num="38" count="9" type="stmt"/>
        <line num="39" count="9" type="stmt"/>
        <line num="40" count="9" type="cond" truecount="1" falsecount="1"/>
        <line num="42" count="9" type="stmt"/>
      </file>
      <file name="permissions.ts" path="C:\Users\NITRO 5\Downloads\hei-admin-ui\src\security\permissions.ts">
        <metrics statements="6" coveredstatements="6" conditionals="0" coveredconditionals="0" methods="1" coveredmethods="1"/>
        <line num="3" count="4" type="stmt"/>
        <line num="4" count="18" type="stmt"/>
        <line num="6" count="18" type="stmt"/>
        <line num="7" count="18" type="stmt"/>
        <line num="9" count="18" type="stmt"/>
        <line num="31" count="18" type="stmt"/>
      </file>
    </package>
  </project>
</coverage>
