<?xml version="1.0" encoding="UTF-8"?>
<coverage generated="1679066345292" clover="3.2.0">
  <project timestamp="1679066345292" name="All files">
    <metrics statements="1050" coveredstatements="151" conditionals="417" coveredconditionals="3" methods="326" coveredmethods="16" elements="1793" coveredelements="170" complexity="0" loc="1050" ncloc="1050" packages="12" files="54" classes="54"/>
    <package name="src">
      <metrics statements="34" coveredstatements="16" conditionals="4" coveredconditionals="0" methods="10" coveredmethods="2"/>
      <file name="App.js" path="/home/anatole/hei-admin-ui/src/App.js">
        <metrics statements="4" coveredstatements="4" conditionals="0" coveredconditionals="0" methods="3" coveredmethods="2"/>
        <line num="24" count="36" type="stmt"/>
        <line num="25" count="36" type="stmt"/>
        <line num="26" count="116" type="stmt"/>
        <line num="30" count="116" type="stmt"/>
      </file>
      <file name="HaAppBar.js" path="/home/anatole/hei-admin-ui/src/HaAppBar.js">
        <metrics statements="7" coveredstatements="2" conditionals="0" coveredconditionals="0" methods="3" coveredmethods="0"/>
        <line num="6" count="36" type="stmt"/>
        <line num="7" count="0" type="stmt"/>
        <line num="8" count="0" type="stmt"/>
        <line num="9" count="0" type="stmt"/>
        <line num="11" count="0" type="stmt"/>
        <line num="20" count="36" type="stmt"/>
        <line num="21" count="0" type="stmt"/>
      </file>
      <file name="HaLayout.js" path="/home/anatole/hei-admin-ui/src/HaLayout.js">
        <metrics statements="2" coveredstatements="1" conditionals="0" coveredconditionals="0" methods="1" coveredmethods="0"/>
        <line num="8" count="36" type="stmt"/>
        <line num="9" count="0" type="stmt"/>
      </file>
      <file name="MyBreadcrumb.js" path="/home/anatole/hei-admin-ui/src/MyBreadcrumb.js">
        <metrics statements="13" coveredstatements="1" conditionals="4" coveredconditionals="0" methods="3" coveredmethods="0"/>
        <line num="5" count="36" type="stmt"/>
        <line num="6" count="0" type="stmt"/>
        <line num="7" count="0" type="stmt"/>
        <line num="8" count="0" type="cond" truecount="0" falsecount="2"/>
        <line num="9" count="0" type="cond" truecount="0" falsecount="2"/>
        <line num="10" count="0" type="stmt"/>
        <line num="12" count="0" type="stmt"/>
        <line num="13" count="0" type="stmt"/>
        <line num="14" count="0" type="stmt"/>
        <line num="16" count="0" type="stmt"/>
        <line num="17" count="0" type="stmt"/>
        <line num="20" count="0" type="stmt"/>
        <line num="23" count="0" type="stmt"/>
      </file>
      <file name="aws-exports.js" path="/home/anatole/hei-admin-ui/src/aws-exports.js">
        <metrics statements="1" coveredstatements="1" conditionals="0" coveredconditionals="0" methods="0" coveredmethods="0"/>
        <line num="4" count="36" type="stmt"/>
      </file>
      <file name="conf.js" path="/home/anatole/hei-admin-ui/src/conf.js">
        <metrics statements="6" coveredstatements="6" conditionals="0" coveredconditionals="0" methods="0" coveredmethods="0"/>
        <line num="1" count="36" type="stmt"/>
        <line num="3" count="36" type="stmt"/>
        <line num="5" count="36" type="stmt"/>
        <line num="33" count="36" type="stmt"/>
        <line num="38" count="36" type="stmt"/>
        <line num="44" count="36" type="stmt"/>
      </file>
      <file name="haTheme.js" path="/home/anatole/hei-admin-ui/src/haTheme.js">
        <metrics statements="1" coveredstatements="1" conditionals="0" coveredconditionals="0" methods="0" coveredmethods="0"/>
        <line num="4" count="36" type="stmt"/>
      </file>
    </package>
    <package name="src.gen.haClient">
      <metrics statements="567" coveredstatements="24" conditionals="262" coveredconditionals="1" methods="170" coveredmethods="0"/>
      <file name="api.ts" path="/home/anatole/hei-admin-ui/src/gen/haClient/api.ts">
        <metrics statements="512" coveredstatements="12" conditionals="206" coveredconditionals="0" methods="156" coveredmethods="0"/>
        <line num="910" count="36" type="stmt"/>
        <line num="911" count="0" type="stmt"/>
        <line num="921" count="0" type="stmt"/>
        <line num="922" count="0" type="stmt"/>
        <line num="924" count="0" type="stmt"/>
        <line num="926" count="0" type="cond" truecount="0" falsecount="2"/>
        <line num="927" count="0" type="stmt"/>
        <line num="930" count="0" type="stmt"/>
        <line num="931" count="0" type="stmt"/>
        <line num="932" count="0" type="stmt"/>
        <line num="936" count="0" type="stmt"/>
        <line num="938" count="0" type="stmt"/>
        <line num="940" count="0" type="stmt"/>
        <line num="941" count="0" type="cond" truecount="0" falsecount="4"/>
        <line num="942" count="0" type="stmt"/>
        <line num="943" count="0" type="stmt"/>
        <line num="945" count="0" type="stmt"/>
        <line num="960" count="0" type="stmt"/>
        <line num="962" count="0" type="stmt"/>
        <line num="963" count="0" type="stmt"/>
        <line num="965" count="0" type="stmt"/>
        <line num="967" count="0" type="cond" truecount="0" falsecount="2"/>
        <line num="968" count="0" type="stmt"/>
        <line num="971" count="0" type="stmt"/>
        <line num="972" count="0" type="stmt"/>
        <line num="973" count="0" type="stmt"/>
        <line num="977" count="0" type="stmt"/>
        <line num="979" count="0" type="stmt"/>
        <line num="981" count="0" type="stmt"/>
        <line num="982" count="0" type="cond" truecount="0" falsecount="4"/>
        <line num="983" count="0" type="stmt"/>
        <line num="984" count="0" type="stmt"/>
        <line num="986" count="0" type="stmt"/>
        <line num="1007" count="0" type="stmt"/>
        <line num="1009" count="0" type="stmt"/>
        <line num="1011" count="0" type="stmt"/>
        <line num="1012" count="0" type="stmt"/>
        <line num="1016" count="0" type="stmt"/>
        <line num="1018" count="0" type="cond" truecount="0" falsecount="2"/>
        <line num="1019" count="0" type="stmt"/>
        <line num="1022" count="0" type="stmt"/>
        <line num="1023" count="0" type="stmt"/>
        <line num="1024" count="0" type="stmt"/>
        <line num="1028" count="0" type="stmt"/>
        <line num="1030" count="0" type="stmt"/>
        <line num="1032" count="0" type="stmt"/>
        <line num="1033" count="0" type="cond" truecount="0" falsecount="4"/>
        <line num="1034" count="0" type="stmt"/>
        <line num="1035" count="0" type="stmt"/>
        <line num="1037" count="0" type="stmt"/>
        <line num="1049" count="0" type="stmt"/>
        <line num="1051" count="0" type="stmt"/>
        <line num="1053" count="0" type="cond" truecount="0" falsecount="2"/>
        <line num="1054" count="0" type="stmt"/>
        <line num="1057" count="0" type="stmt"/>
        <line num="1058" count="0" type="stmt"/>
        <line num="1059" count="0" type="stmt"/>
        <line num="1063" count="0" type="stmt"/>
        <line num="1065" count="0" type="stmt"/>
        <line num="1066" count="0" type="cond" truecount="0" falsecount="4"/>
        <line num="1067" count="0" type="stmt"/>
        <line num="1069" count="0" type="stmt"/>
        <line num="1084" count="0" type="stmt"/>
        <line num="1086" count="0" type="stmt"/>
        <line num="1088" count="0" type="cond" truecount="0" falsecount="2"/>
        <line num="1089" count="0" type="stmt"/>
        <line num="1092" count="0" type="stmt"/>
        <line num="1093" count="0" type="stmt"/>
        <line num="1094" count="0" type="stmt"/>
        <line num="1098" count="0" type="stmt"/>
        <line num="1100" count="0" type="cond" truecount="0" falsecount="2"/>
        <line num="1101" count="0" type="stmt"/>
        <line num="1104" count="0" type="cond" truecount="0" falsecount="2"/>
        <line num="1105" count="0" type="stmt"/>
        <line num="1108" count="0" type="cond" truecount="0" falsecount="2"/>
        <line num="1109" count="0" type="stmt"/>
        <line num="1112" count="0" type="stmt"/>
        <line num="1113" count="0" type="cond" truecount="0" falsecount="4"/>
        <line num="1114" count="0" type="stmt"/>
        <line num="1116" count="0" type="stmt"/>
        <line num="1131" count="0" type="stmt"/>
        <line num="1133" count="0" type="stmt"/>
        <line num="1134" count="0" type="stmt"/>
        <line num="1138" count="0" type="stmt"/>
        <line num="1140" count="0" type="cond" truecount="0" falsecount="2"/>
        <line num="1141" count="0" type="stmt"/>
        <line num="1144" count="0" type="stmt"/>
        <line num="1145" count="0" type="stmt"/>
        <line num="1146" count="0" type="stmt"/>
        <line num="1150" count="0" type="stmt"/>
        <line num="1152" count="0" type="stmt"/>
        <line num="1153" count="0" type="cond" truecount="0" falsecount="4"/>
        <line num="1154" count="0" type="stmt"/>
        <line num="1156" count="0" type="stmt"/>
        <line num="1172" count="0" type="stmt"/>
        <line num="1173" count="0" type="stmt"/>
        <line num="1175" count="0" type="stmt"/>
        <line num="1177" count="0" type="cond" truecount="0" falsecount="2"/>
        <line num="1178" count="0" type="stmt"/>
        <line num="1181" count="0" type="stmt"/>
        <line num="1182" count="0" type="stmt"/>
        <line num="1183" count="0" type="stmt"/>
        <line num="1187" count="0" type="stmt"/>
        <line num="1189" count="0" type="cond" truecount="0" falsecount="2"/>
        <line num="1190" count="0" type="stmt"/>
        <line num="1193" count="0" type="cond" truecount="0" falsecount="2"/>
        <line num="1194" count="0" type="stmt"/>
        <line num="1197" count="0" type="stmt"/>
        <line num="1198" count="0" type="cond" truecount="0" falsecount="4"/>
        <line num="1199" count="0" type="stmt"/>
        <line num="1201" count="0" type="stmt"/>
        <line num="1218" count="0" type="stmt"/>
        <line num="1220" count="0" type="stmt"/>
        <line num="1221" count="0" type="stmt"/>
        <line num="1225" count="0" type="stmt"/>
        <line num="1227" count="0" type="cond" truecount="0" falsecount="2"/>
        <line num="1228" count="0" type="stmt"/>
        <line num="1231" count="0" type="stmt"/>
        <line num="1232" count="0" type="stmt"/>
        <line num="1233" count="0" type="stmt"/>
        <line num="1237" count="0" type="stmt"/>
        <line num="1239" count="0" type="cond" truecount="0" falsecount="2"/>
        <line num="1240" count="0" type="stmt"/>
        <line num="1243" count="0" type="cond" truecount="0" falsecount="2"/>
        <line num="1244" count="0" type="stmt"/>
        <line num="1247" count="0" type="stmt"/>
        <line num="1248" count="0" type="cond" truecount="0" falsecount="4"/>
        <line num="1249" count="0" type="stmt"/>
        <line num="1251" count="0" type="stmt"/>
        <line num="1263" count="36" type="stmt"/>
        <line num="1264" count="0" type="stmt"/>
        <line num="1265" count="0" type="stmt"/>
        <line num="1277" count="0" type="stmt"/>
        <line num="1278" count="0" type="stmt"/>
        <line num="1293" count="0" type="stmt"/>
        <line num="1294" count="0" type="stmt"/>
        <line num="1311" count="0" type="stmt"/>
        <line num="1312" count="0" type="stmt"/>
        <line num="1321" count="0" type="stmt"/>
        <line num="1322" count="0" type="stmt"/>
        <line num="1339" count="0" type="stmt"/>
        <line num="1340" count="0" type="stmt"/>
        <line num="1355" count="0" type="stmt"/>
        <line num="1356" count="0" type="stmt"/>
        <line num="1373" count="0" type="stmt"/>
        <line num="1374" count="0" type="stmt"/>
        <line num="1393" count="0" type="stmt"/>
        <line num="1394" count="0" type="stmt"/>
        <line num="1403" count="36" type="stmt"/>
        <line num="1404" count="0" type="stmt"/>
        <line num="1405" count="0" type="stmt"/>
        <line num="1414" count="0" type="stmt"/>
        <line num="1425" count="0" type="stmt"/>
        <line num="1437" count="0" type="stmt"/>
        <line num="1446" count="0" type="stmt"/>
        <line num="1458" count="0" type="stmt"/>
        <line num="1469" count="0" type="stmt"/>
        <line num="1481" count="0" type="stmt"/>
        <line num="1494" count="0" type="stmt"/>
        <line num="1515" count="0" type="stmt"/>
        <line num="1517" count="0" type="stmt"/>
        <line num="1530" count="0" type="stmt"/>
        <line num="1532" count="0" type="stmt"/>
        <line num="1546" count="0" type="stmt"/>
        <line num="1548" count="0" type="stmt"/>
        <line num="1559" count="0" type="stmt"/>
        <line num="1561" count="0" type="stmt"/>
        <line num="1575" count="0" type="stmt"/>
        <line num="1577" count="0" type="stmt"/>
        <line num="1590" count="0" type="stmt"/>
        <line num="1592" count="0" type="stmt"/>
        <line num="1606" count="0" type="stmt"/>
        <line num="1608" count="0" type="stmt"/>
        <line num="1623" count="0" type="stmt"/>
        <line num="1625" count="0" type="stmt"/>
        <line num="1633" count="36" type="stmt"/>
        <line num="1634" count="0" type="stmt"/>
        <line num="1642" count="0" type="stmt"/>
        <line num="1644" count="0" type="stmt"/>
        <line num="1646" count="0" type="cond" truecount="0" falsecount="2"/>
        <line num="1647" count="0" type="stmt"/>
        <line num="1650" count="0" type="stmt"/>
        <line num="1651" count="0" type="stmt"/>
        <line num="1652" count="0" type="stmt"/>
        <line num="1656" count="0" type="stmt"/>
        <line num="1658" count="0" type="stmt"/>
        <line num="1659" count="0" type="cond" truecount="0" falsecount="4"/>
        <line num="1660" count="0" type="stmt"/>
        <line num="1662" count="0" type="stmt"/>
        <line num="1674" count="0" type="stmt"/>
        <line num="1676" count="0" type="stmt"/>
        <line num="1678" count="0" type="cond" truecount="0" falsecount="2"/>
        <line num="1679" count="0" type="stmt"/>
        <line num="1682" count="0" type="stmt"/>
        <line num="1683" count="0" type="stmt"/>
        <line num="1684" count="0" type="stmt"/>
        <line num="1688" count="0" type="stmt"/>
        <line num="1690" count="0" type="stmt"/>
        <line num="1691" count="0" type="cond" truecount="0" falsecount="4"/>
        <line num="1692" count="0" type="stmt"/>
        <line num="1694" count="0" type="stmt"/>
        <line num="1706" count="36" type="stmt"/>
        <line num="1707" count="0" type="stmt"/>
        <line num="1708" count="0" type="stmt"/>
        <line num="1716" count="0" type="stmt"/>
        <line num="1717" count="0" type="stmt"/>
        <line num="1726" count="0" type="stmt"/>
        <line num="1727" count="0" type="stmt"/>
        <line num="1736" count="36" type="stmt"/>
        <line num="1737" count="0" type="stmt"/>
        <line num="1738" count="0" type="stmt"/>
        <line num="1746" count="0" type="stmt"/>
        <line num="1755" count="0" type="stmt"/>
        <line num="1775" count="0" type="stmt"/>
        <line num="1777" count="0" type="stmt"/>
        <line num="1788" count="0" type="stmt"/>
        <line num="1790" count="0" type="stmt"/>
        <line num="1798" count="36" type="stmt"/>
        <line num="1799" count="0" type="stmt"/>
        <line num="1809" count="0" type="stmt"/>
        <line num="1810" count="0" type="stmt"/>
        <line num="1812" count="0" type="stmt"/>
        <line num="1814" count="0" type="cond" truecount="0" falsecount="2"/>
        <line num="1815" count="0" type="stmt"/>
        <line num="1818" count="0" type="stmt"/>
        <line num="1819" count="0" type="stmt"/>
        <line num="1820" count="0" type="stmt"/>
        <line num="1824" count="0" type="stmt"/>
        <line num="1826" count="0" type="stmt"/>
        <line num="1828" count="0" type="stmt"/>
        <line num="1829" count="0" type="cond" truecount="0" falsecount="4"/>
        <line num="1830" count="0" type="stmt"/>
        <line num="1831" count="0" type="stmt"/>
        <line num="1833" count="0" type="stmt"/>
        <line num="1847" count="0" type="stmt"/>
        <line num="1848" count="0" type="stmt"/>
        <line num="1850" count="0" type="stmt"/>
        <line num="1852" count="0" type="cond" truecount="0" falsecount="2"/>
        <line num="1853" count="0" type="stmt"/>
        <line num="1856" count="0" type="stmt"/>
        <line num="1857" count="0" type="stmt"/>
        <line num="1858" count="0" type="stmt"/>
        <line num="1862" count="0" type="stmt"/>
        <line num="1864" count="0" type="stmt"/>
        <line num="1866" count="0" type="stmt"/>
        <line num="1867" count="0" type="cond" truecount="0" falsecount="4"/>
        <line num="1868" count="0" type="stmt"/>
        <line num="1869" count="0" type="stmt"/>
        <line num="1871" count="0" type="stmt"/>
        <line num="1885" count="0" type="stmt"/>
        <line num="1886" count="0" type="stmt"/>
        <line num="1888" count="0" type="stmt"/>
        <line num="1890" count="0" type="cond" truecount="0" falsecount="2"/>
        <line num="1891" count="0" type="stmt"/>
        <line num="1894" count="0" type="stmt"/>
        <line num="1895" count="0" type="stmt"/>
        <line num="1896" count="0" type="stmt"/>
        <line num="1900" count="0" type="stmt"/>
        <line num="1902" count="0" type="stmt"/>
        <line num="1903" count="0" type="cond" truecount="0" falsecount="4"/>
        <line num="1904" count="0" type="stmt"/>
        <line num="1906" count="0" type="stmt"/>
        <line num="1918" count="0" type="stmt"/>
        <line num="1920" count="0" type="stmt"/>
        <line num="1922" count="0" type="cond" truecount="0" falsecount="2"/>
        <line num="1923" count="0" type="stmt"/>
        <line num="1926" count="0" type="stmt"/>
        <line num="1927" count="0" type="stmt"/>
        <line num="1928" count="0" type="stmt"/>
        <line num="1932" count="0" type="stmt"/>
        <line num="1934" count="0" type="stmt"/>
        <line num="1935" count="0" type="cond" truecount="0" falsecount="4"/>
        <line num="1936" count="0" type="stmt"/>
        <line num="1938" count="0" type="stmt"/>
        <line num="1952" count="0" type="stmt"/>
        <line num="1953" count="0" type="stmt"/>
        <line num="1955" count="0" type="stmt"/>
        <line num="1957" count="0" type="cond" truecount="0" falsecount="2"/>
        <line num="1958" count="0" type="stmt"/>
        <line num="1961" count="0" type="stmt"/>
        <line num="1962" count="0" type="stmt"/>
        <line num="1963" count="0" type="stmt"/>
        <line num="1967" count="0" type="stmt"/>
        <line num="1969" count="0" type="stmt"/>
        <line num="1970" count="0" type="cond" truecount="0" falsecount="4"/>
        <line num="1971" count="0" type="stmt"/>
        <line num="1973" count="0" type="stmt"/>
        <line num="1985" count="0" type="stmt"/>
        <line num="1987" count="0" type="stmt"/>
        <line num="1989" count="0" type="cond" truecount="0" falsecount="2"/>
        <line num="1990" count="0" type="stmt"/>
        <line num="1993" count="0" type="stmt"/>
        <line num="1994" count="0" type="stmt"/>
        <line num="1995" count="0" type="stmt"/>
        <line num="1999" count="0" type="stmt"/>
        <line num="2001" count="0" type="stmt"/>
        <line num="2002" count="0" type="cond" truecount="0" falsecount="4"/>
        <line num="2003" count="0" type="stmt"/>
        <line num="2005" count="0" type="stmt"/>
        <line num="2017" count="36" type="stmt"/>
        <line num="2018" count="0" type="stmt"/>
        <line num="2019" count="0" type="stmt"/>
        <line num="2028" count="0" type="stmt"/>
        <line num="2029" count="0" type="stmt"/>
        <line num="2042" count="0" type="stmt"/>
        <line num="2043" count="0" type="stmt"/>
        <line num="2053" count="0" type="stmt"/>
        <line num="2054" count="0" type="stmt"/>
        <line num="2063" count="0" type="stmt"/>
        <line num="2064" count="0" type="stmt"/>
        <line num="2074" count="0" type="stmt"/>
        <line num="2075" count="0" type="stmt"/>
        <line num="2084" count="0" type="stmt"/>
        <line num="2085" count="0" type="stmt"/>
        <line num="2094" count="36" type="stmt"/>
        <line num="2095" count="0" type="stmt"/>
        <line num="2096" count="0" type="stmt"/>
        <line num="2105" count="0" type="stmt"/>
        <line num="2115" count="0" type="stmt"/>
        <line num="2125" count="0" type="stmt"/>
        <line num="2134" count="0" type="stmt"/>
        <line num="2144" count="0" type="stmt"/>
        <line num="2153" count="0" type="stmt"/>
        <line num="2174" count="0" type="stmt"/>
        <line num="2176" count="0" type="stmt"/>
        <line num="2188" count="0" type="stmt"/>
        <line num="2190" count="0" type="stmt"/>
        <line num="2202" count="0" type="stmt"/>
        <line num="2204" count="0" type="stmt"/>
        <line num="2215" count="0" type="stmt"/>
        <line num="2217" count="0" type="stmt"/>
        <line num="2229" count="0" type="stmt"/>
        <line num="2231" count="0" type="stmt"/>
        <line num="2242" count="0" type="stmt"/>
        <line num="2244" count="0" type="stmt"/>
        <line num="2252" count="36" type="stmt"/>
        <line num="2253" count="0" type="stmt"/>
        <line num="2263" count="0" type="stmt"/>
        <line num="2264" count="0" type="stmt"/>
        <line num="2266" count="0" type="stmt"/>
        <line num="2268" count="0" type="cond" truecount="0" falsecount="2"/>
        <line num="2269" count="0" type="stmt"/>
        <line num="2272" count="0" type="stmt"/>
        <line num="2273" count="0" type="stmt"/>
        <line num="2274" count="0" type="stmt"/>
        <line num="2278" count="0" type="stmt"/>
        <line num="2280" count="0" type="stmt"/>
        <line num="2282" count="0" type="stmt"/>
        <line num="2283" count="0" type="cond" truecount="0" falsecount="4"/>
        <line num="2284" count="0" type="stmt"/>
        <line num="2285" count="0" type="stmt"/>
        <line num="2287" count="0" type="stmt"/>
        <line num="2301" count="0" type="stmt"/>
        <line num="2302" count="0" type="stmt"/>
        <line num="2304" count="0" type="stmt"/>
        <line num="2306" count="0" type="cond" truecount="0" falsecount="2"/>
        <line num="2307" count="0" type="stmt"/>
        <line num="2310" count="0" type="stmt"/>
        <line num="2311" count="0" type="stmt"/>
        <line num="2312" count="0" type="stmt"/>
        <line num="2316" count="0" type="stmt"/>
        <line num="2318" count="0" type="stmt"/>
        <line num="2320" count="0" type="stmt"/>
        <line num="2321" count="0" type="cond" truecount="0" falsecount="4"/>
        <line num="2322" count="0" type="stmt"/>
        <line num="2323" count="0" type="stmt"/>
        <line num="2325" count="0" type="stmt"/>
        <line num="2339" count="0" type="stmt"/>
        <line num="2340" count="0" type="stmt"/>
        <line num="2342" count="0" type="stmt"/>
        <line num="2344" count="0" type="cond" truecount="0" falsecount="2"/>
        <line num="2345" count="0" type="stmt"/>
        <line num="2348" count="0" type="stmt"/>
        <line num="2349" count="0" type="stmt"/>
        <line num="2350" count="0" type="stmt"/>
        <line num="2354" count="0" type="stmt"/>
        <line num="2356" count="0" type="stmt"/>
        <line num="2357" count="0" type="cond" truecount="0" falsecount="4"/>
        <line num="2358" count="0" type="stmt"/>
        <line num="2360" count="0" type="stmt"/>
        <line num="2374" count="0" type="stmt"/>
        <line num="2376" count="0" type="stmt"/>
        <line num="2378" count="0" type="cond" truecount="0" falsecount="2"/>
        <line num="2379" count="0" type="stmt"/>
        <line num="2382" count="0" type="stmt"/>
        <line num="2383" count="0" type="stmt"/>
        <line num="2384" count="0" type="stmt"/>
        <line num="2388" count="0" type="stmt"/>
        <line num="2390" count="0" type="cond" truecount="0" falsecount="2"/>
        <line num="2391" count="0" type="stmt"/>
        <line num="2394" count="0" type="cond" truecount="0" falsecount="2"/>
        <line num="2395" count="0" type="stmt"/>
        <line num="2398" count="0" type="stmt"/>
        <line num="2399" count="0" type="cond" truecount="0" falsecount="4"/>
        <line num="2400" count="0" type="stmt"/>
        <line num="2402" count="0" type="stmt"/>
        <line num="2416" count="0" type="stmt"/>
        <line num="2417" count="0" type="stmt"/>
        <line num="2419" count="0" type="stmt"/>
        <line num="2421" count="0" type="cond" truecount="0" falsecount="2"/>
        <line num="2422" count="0" type="stmt"/>
        <line num="2425" count="0" type="stmt"/>
        <line num="2426" count="0" type="stmt"/>
        <line num="2427" count="0" type="stmt"/>
        <line num="2431" count="0" type="stmt"/>
        <line num="2433" count="0" type="stmt"/>
        <line num="2434" count="0" type="cond" truecount="0" falsecount="4"/>
        <line num="2435" count="0" type="stmt"/>
        <line num="2437" count="0" type="stmt"/>
        <line num="2461" count="0" type="stmt"/>
        <line num="2463" count="0" type="stmt"/>
        <line num="2465" count="0" type="cond" truecount="0" falsecount="2"/>
        <line num="2466" count="0" type="stmt"/>
        <line num="2469" count="0" type="stmt"/>
        <line num="2470" count="0" type="stmt"/>
        <line num="2471" count="0" type="stmt"/>
        <line num="2475" count="0" type="stmt"/>
        <line num="2477" count="0" type="cond" truecount="0" falsecount="2"/>
        <line num="2478" count="0" type="stmt"/>
        <line num="2481" count="0" type="cond" truecount="0" falsecount="2"/>
        <line num="2482" count="0" type="stmt"/>
        <line num="2485" count="0" type="cond" truecount="0" falsecount="2"/>
        <line num="2486" count="0" type="stmt"/>
        <line num="2489" count="0" type="cond" truecount="0" falsecount="2"/>
        <line num="2490" count="0" type="stmt"/>
        <line num="2493" count="0" type="cond" truecount="0" falsecount="2"/>
        <line num="2494" count="0" type="stmt"/>
        <line num="2497" count="0" type="stmt"/>
        <line num="2498" count="0" type="cond" truecount="0" falsecount="4"/>
        <line num="2499" count="0" type="stmt"/>
        <line num="2501" count="0" type="stmt"/>
        <line num="2515" count="0" type="stmt"/>
        <line num="2516" count="0" type="stmt"/>
        <line num="2518" count="0" type="stmt"/>
        <line num="2520" count="0" type="cond" truecount="0" falsecount="2"/>
        <line num="2521" count="0" type="stmt"/>
        <line num="2524" count="0" type="stmt"/>
        <line num="2525" count="0" type="stmt"/>
        <line num="2526" count="0" type="stmt"/>
        <line num="2530" count="0" type="stmt"/>
        <line num="2532" count="0" type="stmt"/>
        <line num="2533" count="0" type="cond" truecount="0" falsecount="4"/>
        <line num="2534" count="0" type="stmt"/>
        <line num="2536" count="0" type="stmt"/>
        <line num="2560" count="0" type="stmt"/>
        <line num="2562" count="0" type="stmt"/>
        <line num="2564" count="0" type="cond" truecount="0" falsecount="2"/>
        <line num="2565" count="0" type="stmt"/>
        <line num="2568" count="0" type="stmt"/>
        <line num="2569" count="0" type="stmt"/>
        <line num="2570" count="0" type="stmt"/>
        <line num="2574" count="0" type="stmt"/>
        <line num="2576" count="0" type="cond" truecount="0" falsecount="2"/>
        <line num="2577" count="0" type="stmt"/>
        <line num="2580" count="0" type="cond" truecount="0" falsecount="2"/>
        <line num="2581" count="0" type="stmt"/>
        <line num="2584" count="0" type="cond" truecount="0" falsecount="2"/>
        <line num="2585" count="0" type="stmt"/>
        <line num="2588" count="0" type="cond" truecount="0" falsecount="2"/>
        <line num="2589" count="0" type="stmt"/>
        <line num="2592" count="0" type="cond" truecount="0" falsecount="2"/>
        <line num="2593" count="0" type="stmt"/>
        <line num="2596" count="0" type="stmt"/>
        <line num="2597" count="0" type="cond" truecount="0" falsecount="4"/>
        <line num="2598" count="0" type="stmt"/>
        <line num="2600" count="0" type="stmt"/>
        <line num="2612" count="36" type="stmt"/>
        <line num="2613" count="0" type="stmt"/>
        <line num="2614" count="0" type="stmt"/>
        <line num="2626" count="0" type="stmt"/>
        <line num="2627" count="0" type="stmt"/>
        <line num="2640" count="0" type="stmt"/>
        <line num="2641" count="0" type="stmt"/>
        <line num="2651" count="0" type="stmt"/>
        <line num="2652" count="0" type="stmt"/>
        <line num="2667" count="0" type="stmt"/>
        <line num="2668" count="0" type="stmt"/>
        <line num="2678" count="0" type="stmt"/>
        <line num="2679" count="0" type="stmt"/>
        <line num="2700" count="0" type="stmt"/>
        <line num="2701" count="0" type="stmt"/>
        <line num="2711" count="0" type="stmt"/>
        <line num="2712" count="0" type="stmt"/>
        <line num="2733" count="0" type="stmt"/>
        <line num="2734" count="0" type="stmt"/>
        <line num="2743" count="36" type="stmt"/>
        <line num="2744" count="0" type="stmt"/>
        <line num="2745" count="0" type="stmt"/>
        <line num="2754" count="0" type="stmt"/>
        <line num="2764" count="0" type="stmt"/>
        <line num="2774" count="0" type="stmt"/>
        <line num="2785" count="0" type="stmt"/>
        <line num="2795" count="0" type="stmt"/>
        <line num="2809" count="0" type="stmt"/>
        <line num="2819" count="0" type="stmt"/>
        <line num="2833" count="0" type="stmt"/>
        <line num="2854" count="0" type="stmt"/>
        <line num="2856" count="0" type="stmt"/>
        <line num="2868" count="0" type="stmt"/>
        <line num="2870" count="0" type="stmt"/>
        <line num="2882" count="0" type="stmt"/>
        <line num="2884" count="0" type="stmt"/>
        <line num="2897" count="0" type="stmt"/>
        <line num="2899" count="0" type="stmt"/>
        <line num="2911" count="0" type="stmt"/>
        <line num="2913" count="0" type="stmt"/>
        <line num="2929" count="0" type="stmt"/>
        <line num="2931" count="0" type="stmt"/>
        <line num="2943" count="0" type="stmt"/>
        <line num="2945" count="0" type="stmt"/>
        <line num="2961" count="0" type="stmt"/>
        <line num="2963" count="0" type="stmt"/>
      </file>
      <file name="base.ts" path="/home/anatole/hei-admin-ui/src/gen/haClient/base.ts">
        <metrics statements="7" coveredstatements="2" conditionals="8" coveredconditionals="1" methods="2" coveredmethods="0"/>
        <line num="20" count="36" type="cond" truecount="1" falsecount="1"/>
        <line num="26" count="36" type="stmt"/>
        <line num="52" count="0" type="cond" truecount="0" falsecount="2"/>
        <line num="53" count="0" type="stmt"/>
        <line num="54" count="0" type="cond" truecount="0" falsecount="2"/>
        <line num="66" count="0" type="stmt"/>
        <line num="68" count="0" type="stmt"/>
      </file>
      <file name="common.ts" path="/home/anatole/hei-admin-ui/src/gen/haClient/common.ts">
        <metrics statements="39" coveredstatements="10" conditionals="44" coveredconditionals="0" methods="10" coveredmethods="0"/>
        <line num="23" count="36" type="stmt"/>
        <line num="30" count="36" type="stmt"/>
        <line num="31" count="0" type="cond" truecount="0" falsecount="4"/>
        <line num="32" count="0" type="stmt"/>
        <line num="40" count="36" type="stmt"/>
        <line num="41" count="0" type="cond" truecount="0" falsecount="4"/>
        <line num="42" count="0" type="cond" truecount="0" falsecount="2"/>
        <line num="43" count="0" type="stmt"/>
        <line num="51" count="36" type="stmt"/>
        <line num="52" count="0" type="cond" truecount="0" falsecount="5"/>
        <line num="53" count="0" type="stmt"/>
        <line num="61" count="36" type="stmt"/>
        <line num="62" count="0" type="cond" truecount="0" falsecount="4"/>
        <line num="63" count="0" type="cond" truecount="0" falsecount="2"/>
        <line num="64" count="0" type="stmt"/>
        <line num="72" count="36" type="stmt"/>
        <line num="73" count="0" type="cond" truecount="0" falsecount="4"/>
        <line num="75" count="0" type="cond" truecount="0" falsecount="2"/>
        <line num="76" count="0" type="stmt"/>
        <line num="84" count="36" type="stmt"/>
        <line num="85" count="0" type="stmt"/>
        <line num="86" count="0" type="stmt"/>
        <line num="87" count="0" type="stmt"/>
        <line num="88" count="0" type="cond" truecount="0" falsecount="2"/>
        <line num="89" count="0" type="stmt"/>
        <line num="90" count="0" type="stmt"/>
        <line num="91" count="0" type="stmt"/>
        <line num="94" count="0" type="stmt"/>
        <line num="98" count="0" type="stmt"/>
        <line num="105" count="36" type="stmt"/>
        <line num="106" count="0" type="stmt"/>
        <line num="108" count="0" type="cond" truecount="0" falsecount="5"/>
        <line num="109" count="0" type="cond" truecount="0" falsecount="6"/>
        <line num="116" count="36" type="stmt"/>
        <line num="117" count="0" type="stmt"/>
        <line num="124" count="36" type="stmt"/>
        <line num="125" count="0" type="cond" truecount="0" falsecount="2"/>
        <line num="126" count="0" type="cond" truecount="0" falsecount="2"/>
        <line num="127" count="0" type="stmt"/>
      </file>
      <file name="configuration.ts" path="/home/anatole/hei-admin-ui/src/gen/haClient/configuration.ts">
        <metrics statements="9" coveredstatements="0" conditionals="4" coveredconditionals="0" methods="2" coveredmethods="0"/>
        <line num="77" count="0" type="stmt"/>
        <line num="78" count="0" type="stmt"/>
        <line num="79" count="0" type="stmt"/>
        <line num="80" count="0" type="stmt"/>
        <line num="81" count="0" type="stmt"/>
        <line num="82" count="0" type="stmt"/>
        <line num="83" count="0" type="stmt"/>
        <line num="97" count="0" type="stmt"/>
        <line num="98" count="0" type="cond" truecount="0" falsecount="3"/>
      </file>
      <file name="index.ts" path="/home/anatole/hei-admin-ui/src/gen/haClient/index.ts">
        <metrics statements="0" coveredstatements="0" conditionals="0" coveredconditionals="0" methods="0" coveredmethods="0"/>
      </file>
    </package>
    <package name="src.menu">
      <metrics statements="18" coveredstatements="4" conditionals="8" coveredconditionals="0" methods="5" coveredmethods="0"/>
      <file name="HaMenu.js" path="/home/anatole/hei-admin-ui/src/menu/HaMenu.js">
        <metrics statements="9" coveredstatements="1" conditionals="6" coveredconditionals="0" methods="1" coveredmethods="0"/>
        <line num="6" count="36" type="stmt"/>
        <line num="7" count="0" type="stmt"/>
        <line num="9" count="0" type="cond" truecount="0" falsecount="2"/>
        <line num="10" count="0" type="stmt"/>
        <line num="12" count="0" type="cond" truecount="0" falsecount="2"/>
        <line num="13" count="0" type="stmt"/>
        <line num="15" count="0" type="cond" truecount="0" falsecount="2"/>
        <line num="16" count="0" type="stmt"/>
        <line num="18" count="0" type="stmt"/>
      </file>
      <file name="ManagerMenu.js" path="/home/anatole/hei-admin-ui/src/menu/ManagerMenu.js">
        <metrics statements="2" coveredstatements="1" conditionals="0" coveredconditionals="0" methods="1" coveredmethods="0"/>
        <line num="6" count="36" type="stmt"/>
        <line num="7" count="0" type="stmt"/>
      </file>
      <file name="StudentMenu.js" path="/home/anatole/hei-admin-ui/src/menu/StudentMenu.js">
        <metrics statements="5" coveredstatements="1" conditionals="2" coveredconditionals="0" methods="2" coveredmethods="0"/>
        <line num="8" count="36" type="stmt"/>
        <line num="9" count="0" type="stmt"/>
        <line num="10" count="0" type="stmt"/>
        <line num="11" count="0" type="stmt"/>
        <line num="12" count="0" type="stmt"/>
      </file>
      <file name="TeacherMenu.js" path="/home/anatole/hei-admin-ui/src/menu/TeacherMenu.js">
        <metrics statements="2" coveredstatements="1" conditionals="0" coveredconditionals="0" methods="1" coveredmethods="0"/>
        <line num="5" count="36" type="stmt"/>
        <line num="6" count="0" type="stmt"/>
      </file>
    </package>
    <package name="src.operations.fees">
      <metrics statements="107" coveredstatements="16" conditionals="34" coveredconditionals="0" methods="37" coveredmethods="0"/>
      <file name="ByStatusFeeList.js" path="/home/anatole/hei-admin-ui/src/operations/fees/ByStatusFeeList.js">
        <metrics statements="8" coveredstatements="2" conditionals="2" coveredconditionals="0" methods="4" coveredmethods="0"/>
        <line num="7" count="36" type="stmt"/>
        <line num="8" count="0" type="stmt"/>
        <line num="9" count="0" type="stmt"/>
        <line num="11" count="36" type="stmt"/>
        <line num="12" count="0" type="cond" truecount="0" falsecount="2"/>
        <line num="13" count="0" type="stmt"/>
        <line num="26" count="0" type="stmt"/>
        <line num="29" count="0" type="stmt"/>
      </file>
      <file name="FeeList.js" path="/home/anatole/hei-admin-ui/src/operations/fees/FeeList.js">
        <metrics statements="16" coveredstatements="2" conditionals="4" coveredconditionals="0" methods="6" coveredmethods="0"/>
        <line num="14" count="36" type="stmt"/>
        <line num="15" count="0" type="stmt"/>
        <line num="20" count="36" type="stmt"/>
        <line num="21" count="0" type="stmt"/>
        <line num="22" count="0" type="cond" truecount="0" falsecount="2"/>
        <line num="23" count="0" type="stmt"/>
        <line num="24" count="0" type="stmt"/>
        <line num="25" count="0" type="stmt"/>
        <line num="26" count="0" type="stmt"/>
        <line num="27" count="0" type="stmt"/>
        <line num="28" count="0" type="stmt"/>
        <line num="29" count="0" type="stmt"/>
        <line num="31" count="0" type="stmt"/>
        <line num="35" count="0" type="stmt"/>
        <line num="45" count="0" type="stmt"/>
        <line num="48" count="0" type="stmt"/>
      </file>
      <file name="FeeShow.js" path="/home/anatole/hei-admin-ui/src/operations/fees/FeeShow.js">
        <metrics statements="17" coveredstatements="2" conditionals="2" coveredconditionals="0" methods="7" coveredmethods="0"/>
        <line num="14" count="36" type="stmt"/>
        <line num="15" count="0" type="stmt"/>
        <line num="20" count="0" type="stmt"/>
        <line num="21" count="0" type="stmt"/>
        <line num="24" count="0" type="cond" truecount="0" falsecount="2"/>
        <line num="33" count="36" type="stmt"/>
        <line num="34" count="0" type="stmt"/>
        <line num="35" count="0" type="stmt"/>
        <line num="36" count="0" type="stmt"/>
        <line num="37" count="0" type="stmt"/>
        <line num="38" count="0" type="stmt"/>
        <line num="39" count="0" type="stmt"/>
        <line num="40" count="0" type="stmt"/>
        <line num="41" count="0" type="stmt"/>
        <line num="42" count="0" type="stmt"/>
        <line num="44" count="0" type="stmt"/>
        <line num="48" count="0" type="stmt"/>
      </file>
      <file name="FeesCreate.js" path="/home/anatole/hei-admin-ui/src/operations/fees/FeesCreate.js">
        <metrics statements="62" coveredstatements="8" conditionals="22" coveredconditionals="0" methods="19" coveredmethods="0"/>
        <line num="20" count="36" type="stmt"/>
        <line num="30" count="36" type="stmt"/>
        <line num="31" count="36" type="stmt"/>
        <line num="32" count="0" type="stmt"/>
        <line num="36" count="0" type="stmt"/>
        <line num="37" count="0" type="stmt"/>
        <line num="42" count="36" type="stmt"/>
        <line num="43" count="0" type="stmt"/>
        <line num="47" count="0" type="stmt"/>
        <line num="51" count="36" type="stmt"/>
        <line num="52" count="0" type="stmt"/>
        <line num="56" count="0" type="stmt"/>
        <line num="61" count="36" type="stmt"/>
        <line num="62" count="0" type="stmt"/>
        <line num="63" count="0" type="stmt"/>
        <line num="64" count="0" type="stmt"/>
        <line num="65" count="0" type="stmt"/>
        <line num="66" count="0" type="stmt"/>
        <line num="67" count="0" type="stmt"/>
        <line num="74" count="0" type="stmt"/>
        <line num="85" count="0" type="stmt"/>
        <line num="95" count="36" type="stmt"/>
        <line num="96" count="0" type="stmt"/>
        <line num="97" count="0" type="stmt"/>
        <line num="98" count="0" type="stmt"/>
        <line num="99" count="0" type="stmt"/>
        <line num="100" count="0" type="stmt"/>
        <line num="101" count="0" type="stmt"/>
        <line num="102" count="0" type="stmt"/>
        <line num="103" count="0" type="stmt"/>
        <line num="105" count="0" type="stmt"/>
        <line num="109" count="0" type="stmt"/>
        <line num="117" count="0" type="stmt"/>
        <line num="118" count="0" type="stmt"/>
        <line num="119" count="0" type="stmt"/>
        <line num="121" count="0" type="stmt"/>
        <line num="122" count="0" type="stmt"/>
        <line num="123" count="0" type="stmt"/>
        <line num="124" count="0" type="stmt"/>
        <line num="125" count="0" type="stmt"/>
        <line num="127" count="0" type="cond" truecount="0" falsecount="2"/>
        <line num="130" count="0" type="stmt"/>
        <line num="131" count="0" type="cond" truecount="0" falsecount="2"/>
        <line num="132" count="0" type="stmt"/>
        <line num="133" count="0" type="stmt"/>
        <line num="142" count="0" type="stmt"/>
        <line num="143" count="0" type="cond" truecount="0" falsecount="2"/>
        <line num="144" count="0" type="stmt"/>
        <line num="145" count="0" type="stmt"/>
        <line num="146" count="0" type="stmt"/>
        <line num="156" count="0" type="stmt"/>
        <line num="158" count="0" type="stmt"/>
        <line num="164" count="0" type="stmt"/>
        <line num="174" count="36" type="stmt"/>
        <line num="175" count="0" type="stmt"/>
        <line num="176" count="0" type="cond" truecount="0" falsecount="2"/>
        <line num="177" count="0" type="cond" truecount="0" falsecount="2"/>
        <line num="178" count="0" type="cond" truecount="0" falsecount="2"/>
        <line num="179" count="0" type="cond" truecount="0" falsecount="2"/>
        <line num="181" count="0" type="stmt"/>
        <line num="182" count="0" type="stmt"/>
        <line num="183" count="0" type="stmt"/>
      </file>
      <file name="byStatusRowStyle.js" path="/home/anatole/hei-admin-ui/src/operations/fees/byStatusRowStyle.js">
        <metrics statements="3" coveredstatements="1" conditionals="4" coveredconditionals="0" methods="1" coveredmethods="0"/>
        <line num="3" count="36" type="stmt"/>
        <line num="4" count="0" type="cond" truecount="0" falsecount="2"/>
        <line num="5" count="0" type="stmt"/>
      </file>
      <file name="index.js" path="/home/anatole/hei-admin-ui/src/operations/fees/index.js">
        <metrics statements="1" coveredstatements="1" conditionals="0" coveredconditionals="0" methods="0" coveredmethods="0"/>
        <line num="7" count="36" type="stmt"/>
      </file>
    </package>
    <package name="src.operations.payments">
      <metrics statements="25" coveredstatements="4" conditionals="2" coveredconditionals="0" methods="10" coveredmethods="0"/>
      <file name="PaymentCreate.js" path="/home/anatole/hei-admin-ui/src/operations/payments/PaymentCreate.js">
        <metrics statements="19" coveredstatements="1" conditionals="2" coveredconditionals="0" methods="7" coveredmethods="0"/>
        <line num="9" count="36" type="stmt"/>
        <line num="10" count="0" type="stmt"/>
        <line num="11" count="0" type="stmt"/>
        <line num="12" count="0" type="stmt"/>
        <line num="13" count="0" type="stmt"/>
        <line num="14" count="0" type="stmt"/>
        <line num="15" count="0" type="stmt"/>
        <line num="16" count="0" type="stmt"/>
        <line num="17" count="0" type="stmt"/>
        <line num="18" count="0" type="stmt"/>
        <line num="20" count="0" type="stmt"/>
        <line num="23" count="0" type="stmt"/>
        <line num="24" count="0" type="stmt"/>
        <line num="25" count="0" type="stmt"/>
        <line num="26" count="0" type="stmt"/>
        <line num="29" count="0" type="stmt"/>
        <line num="34" count="0" type="stmt"/>
        <line num="42" count="0" type="stmt"/>
        <line num="44" count="0" type="stmt"/>
      </file>
      <file name="PaymentList.js" path="/home/anatole/hei-admin-ui/src/operations/payments/PaymentList.js">
        <metrics statements="5" coveredstatements="2" conditionals="0" coveredconditionals="0" methods="3" coveredmethods="0"/>
        <line num="6" count="36" type="stmt"/>
        <line num="7" count="0" type="stmt"/>
        <line num="12" count="36" type="stmt"/>
        <line num="13" count="0" type="stmt"/>
        <line num="24" count="0" type="stmt"/>
      </file>
      <file name="index.js" path="/home/anatole/hei-admin-ui/src/operations/payments/index.js">
        <metrics statements="1" coveredstatements="1" conditionals="0" coveredconditionals="0" methods="0" coveredmethods="0"/>
        <line num="5" count="36" type="stmt"/>
      </file>
    </package>
    <package name="src.operations.profile">
      <metrics statements="20" coveredstatements="6" conditionals="8" coveredconditionals="0" methods="7" coveredmethods="0"/>
      <file name="ProfileEdit.js" path="/home/anatole/hei-admin-ui/src/operations/profile/ProfileEdit.js">
        <metrics statements="4" coveredstatements="2" conditionals="0" coveredconditionals="0" methods="2" coveredmethods="0"/>
        <line num="5" count="36" type="stmt"/>
        <line num="6" count="0" type="stmt"/>
        <line num="16" count="36" type="stmt"/>
        <line num="17" count="0" type="stmt"/>
      </file>
      <file name="ProfileShow.js" path="/home/anatole/hei-admin-ui/src/operations/profile/ProfileShow.js">
        <metrics statements="14" coveredstatements="2" conditionals="8" coveredconditionals="0" methods="5" coveredmethods="0"/>
        <line num="7" count="36" type="stmt"/>
        <line num="8" count="0" type="stmt"/>
        <line num="9" count="0" type="cond" truecount="0" falsecount="2"/>
        <line num="10" count="0" type="cond" truecount="0" falsecount="2"/>
        <line num="11" count="0" type="stmt"/>
        <line num="13" count="0" type="stmt"/>
        <line num="14" count="0" type="cond" truecount="0" falsecount="2"/>
        <line num="15" count="0" type="cond" truecount="0" falsecount="2"/>
        <line num="16" count="0" type="stmt"/>
        <line num="18" count="0" type="stmt"/>
        <line num="19" count="0" type="stmt"/>
        <line num="35" count="36" type="stmt"/>
        <line num="36" count="0" type="stmt"/>
        <line num="37" count="0" type="stmt"/>
      </file>
      <file name="index.js" path="/home/anatole/hei-admin-ui/src/operations/profile/index.js">
        <metrics statements="2" coveredstatements="2" conditionals="0" coveredconditionals="0" methods="0" coveredmethods="0"/>
        <line num="4" count="36" type="stmt"/>
        <line num="10" count="36" type="stmt"/>
      </file>
    </package>
    <package name="src.operations.studentGrades">
      <metrics statements="1" coveredstatements="1" conditionals="0" coveredconditionals="0" methods="0" coveredmethods="0"/>
      <file name="index.js" path="/home/anatole/hei-admin-ui/src/operations/studentGrades/index.js">
        <metrics statements="1" coveredstatements="1" conditionals="0" coveredconditionals="0" methods="0" coveredmethods="0"/>
        <line num="5" count="36" type="stmt"/>
      </file>
    </package>
    <package name="src.operations.students">
      <metrics statements="37" coveredstatements="5" conditionals="16" coveredconditionals="0" methods="9" coveredmethods="0"/>
      <file name="StudentCreate.js" path="/home/anatole/hei-admin-ui/src/operations/students/StudentCreate.js">
        <metrics statements="27" coveredstatements="1" conditionals="10" coveredconditionals="0" methods="6" coveredmethods="0"/>
        <line num="7" count="36" type="stmt"/>
        <line num="8" count="0" type="stmt"/>
        <line num="16" count="0" type="stmt"/>
        <line num="17" count="0" type="stmt"/>
        <line num="18" count="0" type="stmt"/>
        <line num="19" count="0" type="stmt"/>
        <line num="21" count="0" type="stmt"/>
        <line num="22" count="0" type="stmt"/>
        <line num="23" count="0" type="stmt"/>
        <line num="35" count="0" type="stmt"/>
        <line num="36" count="0" type="stmt"/>
        <line num="37" count="0" type="stmt"/>
        <line num="38" count="0" type="stmt"/>
        <line num="39" count="0" type="stmt"/>
        <line num="41" count="0" type="cond" truecount="0" falsecount="2"/>
        <line num="42" count="0" type="cond" truecount="0" falsecount="2"/>
        <line num="43" count="0" type="stmt"/>
        <line num="44" count="0" type="stmt"/>
        <line num="45" count="0" type="cond" truecount="0" falsecount="2"/>
        <line num="46" count="0" type="stmt"/>
        <line num="47" count="0" type="stmt"/>
        <line num="48" count="0" type="stmt"/>
        <line num="57" count="0" type="stmt"/>
        <line num="58" count="0" type="stmt"/>
        <line num="59" count="0" type="stmt"/>
        <line num="61" count="0" type="stmt"/>
        <line num="78" count="0" type="stmt"/>
      </file>
      <file name="StudentList.js" path="/home/anatole/hei-admin-ui/src/operations/students/StudentList.js">
        <metrics statements="3" coveredstatements="1" conditionals="2" coveredconditionals="0" methods="1" coveredmethods="0"/>
        <line num="8" count="36" type="stmt"/>
        <line num="9" count="0" type="stmt"/>
        <line num="10" count="0" type="stmt"/>
      </file>
      <file name="StudentShow.js" path="/home/anatole/hei-admin-ui/src/operations/students/StudentShow.js">
        <metrics statements="6" coveredstatements="2" conditionals="4" coveredconditionals="0" methods="2" coveredmethods="0"/>
        <line num="8" count="36" type="stmt"/>
        <line num="9" count="0" type="stmt"/>
        <line num="10" count="0" type="stmt"/>
        <line num="22" count="36" type="stmt"/>
        <line num="23" count="0" type="stmt"/>
        <line num="24" count="0" type="stmt"/>
      </file>
      <file name="index.js" path="/home/anatole/hei-admin-ui/src/operations/students/index.js">
        <metrics statements="1" coveredstatements="1" conditionals="0" coveredconditionals="0" methods="0" coveredmethods="0"/>
        <line num="7" count="36" type="stmt"/>
      </file>
    </package>
    <package name="src.operations.teachers">
      <metrics statements="9" coveredstatements="5" conditionals="0" coveredconditionals="0" methods="4" coveredmethods="0"/>
      <file name="TeacherCreate.js" path="/home/anatole/hei-admin-ui/src/operations/teachers/TeacherCreate.js">
        <metrics statements="2" coveredstatements="1" conditionals="0" coveredconditionals="0" methods="1" coveredmethods="0"/>
        <line num="4" count="36" type="stmt"/>
        <line num="5" count="0" type="stmt"/>
      </file>
      <file name="TeacherList.js" path="/home/anatole/hei-admin-ui/src/operations/teachers/TeacherList.js">
        <metrics statements="2" coveredstatements="1" conditionals="0" coveredconditionals="0" methods="1" coveredmethods="0"/>
        <line num="6" count="36" type="stmt"/>
        <line num="7" count="0" type="stmt"/>
      </file>
      <file name="TeacherShow.js" path="/home/anatole/hei-admin-ui/src/operations/teachers/TeacherShow.js">
        <metrics statements="4" coveredstatements="2" conditionals="0" coveredconditionals="0" methods="2" coveredmethods="0"/>
        <line num="5" count="36" type="stmt"/>
        <line num="6" count="0" type="stmt"/>
        <line num="13" count="36" type="stmt"/>
        <line num="14" count="0" type="stmt"/>
      </file>
      <file name="index.js" path="/home/anatole/hei-admin-ui/src/operations/teachers/index.js">
        <metrics statements="1" coveredstatements="1" conditionals="0" coveredconditionals="0" methods="0" coveredmethods="0"/>
        <line num="7" count="36" type="stmt"/>
      </file>
    </package>
    <package name="src.operations.utils">
      <metrics statements="29" coveredstatements="9" conditionals="23" coveredconditionals="0" methods="8" coveredmethods="1"/>
      <file name="EditToolBar.js" path="/home/anatole/hei-admin-ui/src/operations/utils/EditToolBar.js">
        <metrics statements="2" coveredstatements="1" conditionals="0" coveredconditionals="0" methods="1" coveredmethods="0"/>
        <line num="3" count="36" type="stmt"/>
        <line num="4" count="0" type="stmt"/>
      </file>
      <file name="PrevNextPagination.js" path="/home/anatole/hei-admin-ui/src/operations/utils/PrevNextPagination.js">
        <metrics statements="15" coveredstatements="2" conditionals="17" coveredconditionals="0" methods="3" coveredmethods="0"/>
        <line num="7" count="36" type="stmt"/>
        <line num="9" count="36" type="stmt"/>
        <line num="10" count="0" type="stmt"/>
        <line num="11" count="0" type="stmt"/>
        <line num="12" count="0" type="cond" truecount="0" falsecount="2"/>
        <line num="13" count="0" type="cond" truecount="0" falsecount="6"/>
        <line num="14" count="0" type="stmt"/>
        <line num="15" count="0" type="stmt"/>
        <line num="17" count="0" type="cond" truecount="0" falsecount="4"/>
        <line num="21" count="0" type="stmt"/>
        <line num="24" count="0" type="stmt"/>
        <line num="25" count="0" type="stmt"/>
        <line num="26" count="0" type="stmt"/>
        <line num="28" count="0" type="stmt"/>
        <line num="37" count="0" type="stmt"/>
      </file>
      <file name="SexRadioButton.js" path="/home/anatole/hei-admin-ui/src/operations/utils/SexRadioButton.js">
        <metrics statements="2" coveredstatements="1" conditionals="0" coveredconditionals="0" methods="1" coveredmethods="0"/>
        <line num="3" count="36" type="stmt"/>
        <line num="4" count="0" type="stmt"/>
      </file>
      <file name="index.js" path="/home/anatole/hei-admin-ui/src/operations/utils/index.js">
        <metrics statements="0" coveredstatements="0" conditionals="0" coveredconditionals="0" methods="0" coveredmethods="0"/>
      </file>
      <file name="money.ts" path="/home/anatole/hei-admin-ui/src/operations/utils/money.ts">
        <metrics statements="3" coveredstatements="2" conditionals="0" coveredconditionals="0" methods="1" coveredmethods="0"/>
        <line num="1" count="36" type="stmt"/>
        <line num="3" count="36" type="stmt"/>
        <line num="4" count="0" type="stmt"/>
      </file>
      <file name="typography.js" path="/home/anatole/hei-admin-ui/src/operations/utils/typography.js">
        <metrics statements="7" coveredstatements="3" conditionals="6" coveredconditionals="0" methods="2" coveredmethods="1"/>
        <line num="1" count="36" type="stmt"/>
        <line num="2" count="36" type="stmt"/>
        <line num="4" count="36" type="stmt"/>
        <line num="5" count="0" type="cond" truecount="0" falsecount="2"/>
        <line num="6" count="0" type="cond" truecount="0" falsecount="2"/>
        <line num="7" count="0" type="cond" truecount="0" falsecount="2"/>
        <line num="8" count="0" type="stmt"/>
      </file>
    </package>
    <package name="src.providers">
      <metrics statements="157" coveredstatements="44" conditionals="42" coveredconditionals="0" methods="54" coveredmethods="9"/>
      <file name="api.js" path="/home/anatole/hei-admin-ui/src/providers/api.js">
        <metrics statements="2" coveredstatements="2" conditionals="0" coveredconditionals="0" methods="2" coveredmethods="0"/>
        <line num="4" count="36" type="stmt"/>
        <line num="5" count="36" type="stmt"/>
      </file>
      <file name="authProvider.ts" path="/home/anatole/hei-admin-ui/src/providers/authProvider.ts">
        <metrics statements="57" coveredstatements="27" conditionals="6" coveredconditionals="0" methods="20" coveredmethods="9"/>
        <line num="12" count="36" type="stmt"/>
        <line num="14" count="36" type="stmt"/>
        <line num="15" count="36" type="stmt"/>
        <line num="16" count="36" type="stmt"/>
        <line num="17" count="36" type="stmt"/>
        <line num="18" count="36" type="stmt"/>
        <line num="19" count="36" type="stmt"/>
        <line num="20" count="36" type="stmt"/>
        <line num="22" count="36" type="stmt"/>
        <line num="23" count="188" type="stmt"/>
        <line num="24" count="0" type="stmt"/>
        <line num="25" count="0" type="stmt"/>
        <line num="26" count="0" type="stmt"/>
        <line num="27" count="0" type="stmt"/>
        <line num="29" count="0" type="stmt"/>
        <line num="31" count="0" type="stmt"/>
        <line num="32" count="0" type="stmt"/>
        <line num="36" count="36" type="stmt"/>
        <line num="38" count="36" type="stmt"/>
        <line num="40" count="36" type="stmt"/>
        <line num="41" count="0" type="stmt"/>
        <line num="42" count="0" type="stmt"/>
        <line num="43" count="0" type="stmt"/>
        <line num="46" count="72" type="stmt"/>
        <line num="48" count="36" type="stmt"/>
        <line num="50" count="36" type="stmt"/>
        <line num="51" count="0" type="stmt"/>
        <line num="52" count="0" type="stmt"/>
        <line num="53" count="0" type="stmt"/>
        <line num="56" count="36" type="stmt"/>
        <line num="61" count="2" type="stmt"/>
        <line num="62" count="0" type="cond" truecount="0" falsecount="2"/>
        <line num="63" count="0" type="stmt"/>
        <line num="64" count="0" type="stmt"/>
        <line num="65" count="0" type="stmt"/>
        <line num="66" count="0" type="stmt"/>
        <line num="68" count="0" type="stmt"/>
        <line num="72" count="36" type="stmt"/>
        <line num="73" count="36" type="stmt"/>
        <line num="74" count="36" type="stmt"/>
        <line num="78" count="188" type="stmt"/>
        <line num="80" count="0" type="cond" truecount="0" falsecount="4"/>
        <line num="81" count="0" type="stmt"/>
        <line num="85" count="188" type="stmt"/>
        <line num="89" count="0" type="stmt"/>
        <line num="91" count="0" type="stmt"/>
        <line num="93" count="36" type="stmt"/>
        <line num="98" count="116" type="stmt"/>
        <line num="99" count="116" type="stmt"/>
        <line num="100" count="116" type="stmt"/>
        <line num="104" count="0" type="stmt"/>
        <line num="105" count="0" type="stmt"/>
        <line num="106" count="0" type="stmt"/>
        <line num="107" count="0" type="stmt"/>
        <line num="108" count="0" type="stmt"/>
        <line num="109" count="0" type="stmt"/>
        <line num="110" count="0" type="stmt"/>
      </file>
      <file name="dataProvider.ts" path="/home/anatole/hei-admin-ui/src/providers/dataProvider.ts">
        <metrics statements="31" coveredstatements="4" conditionals="18" coveredconditionals="0" methods="6" coveredmethods="0"/>
        <line num="9" count="36" type="stmt"/>
        <line num="11" count="36" type="stmt"/>
        <line num="12" count="0" type="cond" truecount="0" falsecount="2"/>
        <line num="13" count="0" type="cond" truecount="0" falsecount="2"/>
        <line num="14" count="0" type="cond" truecount="0" falsecount="2"/>
        <line num="15" count="0" type="cond" truecount="0" falsecount="2"/>
        <line num="16" count="0" type="cond" truecount="0" falsecount="2"/>
        <line num="17" count="0" type="stmt"/>
        <line num="20" count="36" type="stmt"/>
        <line num="22" count="0" type="stmt"/>
        <line num="23" count="0" type="cond" truecount="0" falsecount="2"/>
        <line num="24" count="0" type="stmt"/>
        <line num="25" count="0" type="cond" truecount="0" falsecount="2"/>
        <line num="26" count="0" type="stmt"/>
        <line num="27" count="0" type="stmt"/>
        <line num="30" count="0" type="stmt"/>
        <line num="31" count="0" type="stmt"/>
        <line num="32" count="0" type="stmt"/>
        <line num="35" count="0" type="stmt"/>
        <line num="36" count="0" type="stmt"/>
        <line num="39" count="0" type="stmt"/>
        <line num="40" count="0" type="stmt"/>
        <line num="43" count="0" type="stmt"/>
        <line num="46" count="0" type="stmt"/>
        <line num="50" count="36" type="stmt"/>
        <line num="51" count="0" type="stmt"/>
        <line num="52" count="0" type="stmt"/>
        <line num="53" count="0" type="stmt"/>
        <line num="54" count="0" type="stmt"/>
        <line num="55" count="0" type="stmt"/>
        <line num="57" count="0" type="stmt"/>
      </file>
      <file name="feeProvider.ts" path="/home/anatole/hei-admin-ui/src/providers/feeProvider.ts">
        <metrics statements="19" coveredstatements="5" conditionals="6" coveredconditionals="0" methods="8" coveredmethods="0"/>
        <line num="4" count="36" type="stmt"/>
        <line num="5" count="36" type="stmt"/>
        <line num="6" count="36" type="stmt"/>
        <line num="7" count="0" type="stmt"/>
        <line num="8" count="0" type="stmt"/>
        <line num="10" count="36" type="stmt"/>
        <line num="12" count="36" type="stmt"/>
        <line num="14" count="0" type="cond" truecount="0" falsecount="2"/>
        <line num="17" count="0" type="stmt"/>
        <line num="23" count="0" type="stmt"/>
        <line num="24" count="0" type="stmt"/>
        <line num="25" count="0" type="stmt"/>
        <line num="28" count="0" type="stmt"/>
        <line num="29" count="0" type="cond" truecount="0" falsecount="2"/>
        <line num="30" count="0" type="stmt"/>
        <line num="31" count="0" type="cond" truecount="0" falsecount="2"/>
        <line num="32" count="0" type="stmt"/>
        <line num="36" count="0" type="stmt"/>
        <line num="37" count="0" type="stmt"/>
      </file>
      <file name="paymentProvider.ts" path="/home/anatole/hei-admin-ui/src/providers/paymentProvider.ts">
        <metrics statements="15" coveredstatements="3" conditionals="2" coveredconditionals="0" methods="6" coveredmethods="0"/>
        <line num="6" count="36" type="stmt"/>
        <line num="7" count="36" type="stmt"/>
        <line num="9" count="36" type="stmt"/>
        <line num="11" count="0" type="stmt"/>
        <line num="12" count="0" type="stmt"/>
        <line num="13" count="0" type="stmt"/>
        <line num="19" count="0" type="stmt"/>
        <line num="22" count="0" type="stmt"/>
        <line num="23" count="0" type="stmt"/>
        <line num="24" count="0" type="stmt"/>
        <line num="25" count="0" type="cond" truecount="0" falsecount="2"/>
        <line num="26" count="0" type="stmt"/>
        <line num="30" count="0" type="stmt"/>
        <line num="31" count="0" type="stmt"/>
        <line num="32" count="0" type="stmt"/>
      </file>
      <file name="profileProvider.ts" path="/home/anatole/hei-admin-ui/src/providers/profileProvider.ts">
        <metrics statements="13" coveredstatements="1" conditionals="6" coveredconditionals="0" methods="6" coveredmethods="0"/>
        <line num="5" count="36" type="stmt"/>
        <line num="7" count="0" type="stmt"/>
        <line num="8" count="0" type="cond" truecount="0" falsecount="2"/>
        <line num="9" count="0" type="stmt"/>
        <line num="11" count="0" type="stmt"/>
        <line num="13" count="0" type="cond" truecount="0" falsecount="2"/>
        <line num="14" count="0" type="stmt"/>
        <line num="16" count="0" type="stmt"/>
        <line num="18" count="0" type="cond" truecount="0" falsecount="2"/>
        <line num="19" count="0" type="stmt"/>
        <line num="21" count="0" type="stmt"/>
        <line num="25" count="0" type="stmt"/>
        <line num="28" count="0" type="stmt"/>
      </file>
      <file name="studentProvider.ts" path="/home/anatole/hei-admin-ui/src/providers/studentProvider.ts">
        <metrics statements="13" coveredstatements="1" conditionals="4" coveredconditionals="0" methods="3" coveredmethods="0"/>
        <line num="5" count="36" type="stmt"/>
        <line num="7" count="0" type="stmt"/>
        <line num="8" count="0" type="stmt"/>
        <line num="11" count="0" type="stmt"/>
        <line num="12" count="0" type="stmt"/>
        <line num="15" count="0" type="cond" truecount="0" falsecount="2"/>
        <line num="17" count="0" type="stmt"/>
        <line num="18" count="0" type="stmt"/>
        <line num="19" count="0" type="stmt"/>
        <line num="20" count="0" type="cond" truecount="0" falsecount="2"/>
        <line num="21" count="0" type="stmt"/>
        <line num="24" count="0" type="stmt"/>
        <line num="25" count="0" type="stmt"/>
      </file>
      <file name="teacherProvider.ts" path="/home/anatole/hei-admin-ui/src/providers/teacherProvider.ts">
        <metrics statements="7" coveredstatements="1" conditionals="0" coveredconditionals="0" methods="3" coveredmethods="0"/>
        <line num="4" count="36" type="stmt"/>
        <line num="6" count="0" type="stmt"/>
        <line num="7" count="0" type="stmt"/>
        <line num="10" count="0" type="stmt"/>
        <line num="11" count="0" type="stmt"/>
        <line num="14" count="0" type="stmt"/>
        <line num="15" count="0" type="stmt"/>
      </file>
    </package>
    <package name="src.security">
      <metrics statements="46" coveredstatements="17" conditionals="18" coveredconditionals="2" methods="12" coveredmethods="4"/>
      <file name="CompletePasswordPage.js" path="/home/anatole/hei-admin-ui/src/security/CompletePasswordPage.js">
        <metrics statements="31" coveredstatements="4" conditionals="14" coveredconditionals="0" methods="6" coveredmethods="0"/>
        <line num="5" count="36" type="stmt"/>
        <line num="54" count="36" type="stmt"/>
        <line num="55" count="0" type="stmt"/>
        <line num="58" count="36" type="stmt"/>
        <line num="59" count="0" type="stmt"/>
        <line num="60" count="0" type="stmt"/>
        <line num="61" count="0" type="stmt"/>
        <line num="62" count="0" type="stmt"/>
        <line num="63" count="0" type="cond" truecount="0" falsecount="2"/>
        <line num="64" count="0" type="stmt"/>
        <line num="65" count="0" type="cond" truecount="0" falsecount="2"/>
        <line num="66" count="0" type="stmt"/>
        <line num="67" count="0" type="cond" truecount="0" falsecount="2"/>
        <line num="68" count="0" type="stmt"/>
        <line num="69" count="0" type="cond" truecount="0" falsecount="2"/>
        <line num="70" count="0" type="stmt"/>
        <line num="72" count="0" type="stmt"/>
        <line num="74" count="0" type="stmt"/>
        <line num="75" count="0" type="stmt"/>
        <line num="76" count="0" type="stmt"/>
        <line num="77" count="0" type="cond" truecount="0" falsecount="2"/>
        <line num="78" count="0" type="stmt"/>
        <line num="79" count="0" type="cond" truecount="0" falsecount="2"/>
        <line num="80" count="0" type="stmt"/>
        <line num="81" count="0" type="cond" truecount="0" falsecount="2"/>
        <line num="82" count="0" type="stmt"/>
        <line num="86" count="0" type="stmt"/>
        <line num="89" count="0" type="stmt"/>
        <line num="96" count="0" type="stmt"/>
        <line num="109" count="36" type="stmt"/>
        <line num="110" count="0" type="stmt"/>
      </file>
      <file name="LoginPage.js" path="/home/anatole/hei-admin-ui/src/security/LoginPage.js">
        <metrics statements="9" coveredstatements="7" conditionals="4" coveredconditionals="2" methods="5" coveredmethods="3"/>
        <line num="7" count="36" type="stmt"/>
        <line num="8" count="0" type="stmt"/>
        <line num="9" count="0" type="stmt"/>
        <line num="36" count="36" type="stmt"/>
        <line num="37" count="116" type="stmt"/>
        <line num="38" count="116" type="stmt"/>
        <line num="39" count="116" type="stmt"/>
        <line num="40" count="116" type="cond" truecount="1" falsecount="1"/>
        <line num="42" count="116" type="stmt"/>
      </file>
      <file name="permissions.ts" path="/home/anatole/hei-admin-ui/src/security/permissions.ts">
        <metrics statements="6" coveredstatements="6" conditionals="0" coveredconditionals="0" methods="1" coveredmethods="1"/>
        <line num="3" count="36" type="stmt"/>
        <line num="4" count="36" type="stmt"/>
        <line num="6" count="36" type="stmt"/>
        <line num="7" count="36" type="stmt"/>
        <line num="9" count="36" type="stmt"/>
        <line num="31" count="36" type="stmt"/>
      </file>
    </package>
  </project>
</coverage>
