{"C:\\Users\\NITRO 5\\Downloads\\hei-admin-ui\\src\\App.js": {"path":"C:\\Users\\NITRO 5\\Downloads\\hei-admin-ui\\src\\App.js","statementMap":{"0":{"start":{"line":24,"column":18},"end":{"line":24,"column":74}},"1":{"start":{"line":24,"column":35},"end":{"line":24,"column":73}},"2":{"start":{"line":25,"column":12},"end":{"line":64,"column":1}},"3":{"start":{"line":26,"column":2},"end":{"line":63,"column":10}},"4":{"start":{"line":30,"column":45},"end":{"line":30,"column":59}}},"fnMap":{"0":{"name":"(anonymous_0)","decl":{"start":{"line":24,"column":29},"end":{"line":24,"column":30}},"loc":{"start":{"line":24,"column":35},"end":{"line":24,"column":73}},"line":24},"1":{"name":"(anonymous_1)","decl":{"start":{"line":25,"column":12},"end":{"line":25,"column":13}},"loc":{"start":{"line":26,"column":2},"end":{"line":63,"column":10}},"line":26},"2":{"name":"(anonymous_2)","decl":{"start":{"line":30,"column":39},"end":{"line":30,"column":40}},"loc":{"start":{"line":30,"column":45},"end":{"line":30,"column":59}},"line":30}},"branchMap":{},"s":{"0":4,"1":0,"2":4,"3":9,"4":9},"f":{"0":0,"1":9,"2":9},"b":{},"_coverageSchema":"43e27e138ebf9cfc5966b082cf9a028302ed4184","hash":"56566fdc7dd133a053b3bd89773353539a92141c"}
,"C:\\Users\\NITRO 5\\Downloads\\hei-admin-ui\\src\\HaAppBar.js": {"path":"C:\\Users\\NITRO 5\\Downloads\\hei-admin-ui\\src\\HaAppBar.js","statementMap":{"0":{"start":{"line":6,"column":17},"end":{"line":18,"column":1}},"1":{"start":{"line":7,"column":17},"end":{"line":10,"column":3}},"2":{"start":{"line":8,"column":4},"end":{"line":8,"column":25}},"3":{"start":{"line":9,"column":4},"end":{"line":9,"column":28}},"4":{"start":{"line":11,"column":2},"end":{"line":17,"column":3}},"5":{"start":{"line":20,"column":17},"end":{"line":27,"column":1}},"6":{"start":{"line":21,"column":2},"end":{"line":26,"column":3}}},"fnMap":{"0":{"name":"(anonymous_0)","decl":{"start":{"line":6,"column":17},"end":{"line":6,"column":18}},"loc":{"start":{"line":6,"column":23},"end":{"line":18,"column":1}},"line":6},"1":{"name":"(anonymous_1)","decl":{"start":{"line":7,"column":17},"end":{"line":7,"column":18}},"loc":{"start":{"line":7,"column":23},"end":{"line":10,"column":3}},"line":7},"2":{"name":"(anonymous_2)","decl":{"start":{"line":20,"column":17},"end":{"line":20,"column":18}},"loc":{"start":{"line":20,"column":26},"end":{"line":27,"column":1}},"line":20}},"branchMap":{},"s":{"0":4,"1":13,"2":0,"3":0,"4":13,"5":4,"6":13},"f":{"0":13,"1":0,"2":13},"b":{},"_coverageSchema":"43e27e138ebf9cfc5966b082cf9a028302ed4184","hash":"908abe7a8b40a9c09a45138e2842bbfd71fd409b"}
,"C:\\Users\\NITRO 5\\Downloads\\hei-admin-ui\\src\\HaLayout.js": {"path":"C:\\Users\\NITRO 5\\Downloads\\hei-admin-ui\\src\\HaLayout.js","statementMap":{"0":{"start":{"line":8,"column":17},"end":{"line":12,"column":1}},"1":{"start":{"line":9,"column":2},"end":{"line":11,"column":23}}},"fnMap":{"0":{"name":"(anonymous_0)","decl":{"start":{"line":8,"column":17},"end":{"line":8,"column":18}},"loc":{"start":{"line":9,"column":2},"end":{"line":11,"column":23}},"line":9}},"branchMap":{},"s":{"0":4,"1":13},"f":{"0":13},"b":{},"_coverageSchema":"43e27e138ebf9cfc5966b082cf9a028302ed4184","hash":"d29bfdb03b39dcfe79f0da8f43bd29074a3f5977"}
,"C:\\Users\\NITRO 5\\Downloads\\hei-admin-ui\\src\\MyBreadcrumb.js": {"path":"C:\\Users\\NITRO 5\\Downloads\\hei-admin-ui\\src\\MyBreadcrumb.js","statementMap":{"0":{"start":{"line":5,"column":28},"end":{"line":44,"column":1}},"1":{"start":{"line":6,"column":38},"end":{"line":6,"column":53}},"2":{"start":{"line":7,"column":26},"end":{"line":21,"column":3}},"3":{"start":{"line":8,"column":4},"end":{"line":19,"column":5}},"4":{"start":{"line":9,"column":6},"end":{"line":18,"column":7}},"5":{"start":{"line":10,"column":8},"end":{"line":10,"column":40}},"6":{"start":{"line":12,"column":25},"end":{"line":15,"column":9}},"7":{"start":{"line":13,"column":26},"end":{"line":13,"column":90}},"8":{"start":{"line":14,"column":10},"end":{"line":14,"column":41}},"9":{"start":{"line":16,"column":8},"end":{"line":16,"column":18}},"10":{"start":{"line":17,"column":8},"end":{"line":17,"column":40}},"11":{"start":{"line":20,"column":4},"end":{"line":20,"column":31}},"12":{"start":{"line":23,"column":2},"end":{"line":43,"column":3}}},"fnMap":{"0":{"name":"(anonymous_0)","decl":{"start":{"line":5,"column":28},"end":{"line":5,"column":29}},"loc":{"start":{"line":5,"column":34},"end":{"line":44,"column":1}},"line":5},"1":{"name":"(anonymous_1)","decl":{"start":{"line":7,"column":26},"end":{"line":7,"column":27}},"loc":{"start":{"line":7,"column":42},"end":{"line":21,"column":3}},"line":7},"2":{"name":"(anonymous_2)","decl":{"start":{"line":12,"column":25},"end":{"line":12,"column":26}},"loc":{"start":{"line":12,"column":37},"end":{"line":15,"column":9}},"line":12}},"branchMap":{"0":{"loc":{"start":{"line":8,"column":4},"end":{"line":19,"column":5}},"type":"if","locations":[{"start":{"line":8,"column":4},"end":{"line":19,"column":5}},{"start":{"line":8,"column":4},"end":{"line":19,"column":5}}],"line":8},"1":{"loc":{"start":{"line":9,"column":6},"end":{"line":18,"column":7}},"type":"if","locations":[{"start":{"line":9,"column":6},"end":{"line":18,"column":7}},{"start":{"line":9,"column":6},"end":{"line":18,"column":7}}],"line":9}},"s":{"0":4,"1":13,"2":13,"3":0,"4":0,"5":0,"6":0,"7":0,"8":0,"9":0,"10":0,"11":0,"12":13},"f":{"0":13,"1":0,"2":0},"b":{"0":[0,0],"1":[0,0]},"_coverageSchema":"43e27e138ebf9cfc5966b082cf9a028302ed4184","hash":"3aaaf870d0268911b1fd0bb03700ebc1b58a09dc"}
,"C:\\Users\\NITRO 5\\Downloads\\hei-admin-ui\\src\\aws-exports.js": {"path":"C:\\Users\\NITRO 5\\Downloads\\hei-admin-ui\\src\\aws-exports.js","statementMap":{"0":{"start":{"line":4,"column":18},"end":{"line":33,"column":1}}},"fnMap":{},"branchMap":{},"s":{"0":4},"f":{},"b":{},"_coverageSchema":"43e27e138ebf9cfc5966b082cf9a028302ed4184","hash":"6b27d087335a871a135edbd79f33acd4b4e9c9a8"}
,"C:\\Users\\NITRO 5\\Downloads\\hei-admin-ui\\src\\conf.js": {"path":"C:\\Users\\NITRO 5\\Downloads\\hei-admin-ui\\src\\conf.js","statementMap":{"0":{"start":{"line":1,"column":27},"end":{"line":1,"column":31}},"1":{"start":{"line":3,"column":28},"end":{"line":3,"column":48}},"2":{"start":{"line":5,"column":34},"end":{"line":32,"column":1}},"3":{"start":{"line":33,"column":30},"end":{"line":36,"column":1}},"4":{"start":{"line":38,"column":39},"end":{"line":42,"column":1}},"5":{"start":{"line":44,"column":28},"end":{"line":47,"column":1}}},"fnMap":{},"branchMap":{},"s":{"0":4,"1":4,"2":4,"3":4,"4":4,"5":4},"f":{},"b":{},"_coverageSchema":"43e27e138ebf9cfc5966b082cf9a028302ed4184","hash":"27eb12b83eed4002fc59d960f54336fcbeaf2da8"}
,"C:\\Users\\NITRO 5\\Downloads\\hei-admin-ui\\src\\haTheme.js": {"path":"C:\\Users\\NITRO 5\\Downloads\\hei-admin-ui\\src\\haTheme.js","statementMap":{"0":{"start":{"line":4,"column":25},"end":{"line":18,"column":2}}},"fnMap":{},"branchMap":{},"s":{"0":4},"f":{},"b":{},"_coverageSchema":"43e27e138ebf9cfc5966b082cf9a028302ed4184","hash":"1e957565e8c72cd4e1e6b72e9ae7609822567370"}
,"C:\\Users\\NITRO 5\\Downloads\\hei-admin-ui\\src\\gen\\haClient\\api.ts": {"path":"C:\\Users\\NITRO 5\\Downloads\\hei-admin-ui\\src\\gen\\haClient\\api.ts","statementMap":{"0":{"start":{"line":932,"column":42},"end":{"line":1297,"column":1}},"1":{"start":{"line":933,"column":4},"end":{"line":1296,"column":5}},"2":{"start":{"line":943,"column":12},"end":{"line":943,"column":111}},"3":{"start":{"line":944,"column":33},"end":{"line":944,"column":56}},"4":{"start":{"line":946,"column":35},"end":{"line":946,"column":72}},"5":{"start":{"line":948,"column":12},"end":{"line":950,"column":13}},"6":{"start":{"line":949,"column":16},"end":{"line":949,"column":56}},"7":{"start":{"line":952,"column":43},"end":{"line":952,"column":88}},"8":{"start":{"line":953,"column":44},"end":{"line":953,"column":53}},"9":{"start":{"line":954,"column":43},"end":{"line":954,"column":52}},"10":{"start":{"line":958,"column":12},"end":{"line":958,"column":79}},"11":{"start":{"line":962,"column":12},"end":{"line":962,"column":73}},"12":{"start":{"line":964,"column":12},"end":{"line":964,"column":68}},"13":{"start":{"line":965,"column":41},"end":{"line":965,"column":102}},"14":{"start":{"line":966,"column":12},"end":{"line":966,"column":121}},"15":{"start":{"line":967,"column":12},"end":{"line":967,"column":128}},"16":{"start":{"line":969,"column":12},"end":{"line":972,"column":14}},"17":{"start":{"line":984,"column":12},"end":{"line":984,"column":74}},"18":{"start":{"line":986,"column":12},"end":{"line":986,"column":74}},"19":{"start":{"line":987,"column":33},"end":{"line":988,"column":84}},"20":{"start":{"line":990,"column":35},"end":{"line":990,"column":72}},"21":{"start":{"line":992,"column":12},"end":{"line":994,"column":13}},"22":{"start":{"line":993,"column":16},"end":{"line":993,"column":56}},"23":{"start":{"line":996,"column":43},"end":{"line":996,"column":88}},"24":{"start":{"line":997,"column":44},"end":{"line":997,"column":53}},"25":{"start":{"line":998,"column":43},"end":{"line":998,"column":52}},"26":{"start":{"line":1002,"column":12},"end":{"line":1002,"column":79}},"27":{"start":{"line":1006,"column":12},"end":{"line":1006,"column":73}},"28":{"start":{"line":1008,"column":12},"end":{"line":1008,"column":68}},"29":{"start":{"line":1009,"column":41},"end":{"line":1009,"column":102}},"30":{"start":{"line":1010,"column":12},"end":{"line":1010,"column":121}},"31":{"start":{"line":1011,"column":12},"end":{"line":1011,"column":113}},"32":{"start":{"line":1013,"column":12},"end":{"line":1016,"column":14}},"33":{"start":{"line":1029,"column":12},"end":{"line":1029,"column":78}},"34":{"start":{"line":1031,"column":12},"end":{"line":1031,"column":70}},"35":{"start":{"line":1033,"column":12},"end":{"line":1033,"column":86}},"36":{"start":{"line":1034,"column":33},"end":{"line":1036,"column":76}},"37":{"start":{"line":1038,"column":35},"end":{"line":1038,"column":72}},"38":{"start":{"line":1040,"column":12},"end":{"line":1042,"column":13}},"39":{"start":{"line":1041,"column":16},"end":{"line":1041,"column":56}},"40":{"start":{"line":1044,"column":43},"end":{"line":1044,"column":88}},"41":{"start":{"line":1045,"column":44},"end":{"line":1045,"column":53}},"42":{"start":{"line":1046,"column":43},"end":{"line":1046,"column":52}},"43":{"start":{"line":1050,"column":12},"end":{"line":1050,"column":79}},"44":{"start":{"line":1054,"column":12},"end":{"line":1054,"column":73}},"45":{"start":{"line":1056,"column":12},"end":{"line":1056,"column":68}},"46":{"start":{"line":1057,"column":41},"end":{"line":1057,"column":102}},"47":{"start":{"line":1058,"column":12},"end":{"line":1058,"column":121}},"48":{"start":{"line":1059,"column":12},"end":{"line":1059,"column":117}},"49":{"start":{"line":1061,"column":12},"end":{"line":1064,"column":14}},"50":{"start":{"line":1073,"column":33},"end":{"line":1073,"column":49}},"51":{"start":{"line":1075,"column":35},"end":{"line":1075,"column":72}},"52":{"start":{"line":1077,"column":12},"end":{"line":1079,"column":13}},"53":{"start":{"line":1078,"column":16},"end":{"line":1078,"column":56}},"54":{"start":{"line":1081,"column":43},"end":{"line":1081,"column":87}},"55":{"start":{"line":1082,"column":44},"end":{"line":1082,"column":53}},"56":{"start":{"line":1083,"column":43},"end":{"line":1083,"column":52}},"57":{"start":{"line":1087,"column":12},"end":{"line":1087,"column":79}},"58":{"start":{"line":1091,"column":12},"end":{"line":1091,"column":68}},"59":{"start":{"line":1092,"column":41},"end":{"line":1092,"column":102}},"60":{"start":{"line":1093,"column":12},"end":{"line":1093,"column":121}},"61":{"start":{"line":1095,"column":12},"end":{"line":1098,"column":14}},"62":{"start":{"line":1110,"column":33},"end":{"line":1110,"column":40}},"63":{"start":{"line":1112,"column":35},"end":{"line":1112,"column":72}},"64":{"start":{"line":1114,"column":12},"end":{"line":1116,"column":13}},"65":{"start":{"line":1115,"column":16},"end":{"line":1115,"column":56}},"66":{"start":{"line":1118,"column":43},"end":{"line":1118,"column":87}},"67":{"start":{"line":1119,"column":44},"end":{"line":1119,"column":53}},"68":{"start":{"line":1120,"column":43},"end":{"line":1120,"column":52}},"69":{"start":{"line":1124,"column":12},"end":{"line":1124,"column":79}},"70":{"start":{"line":1126,"column":12},"end":{"line":1128,"column":13}},"71":{"start":{"line":1127,"column":16},"end":{"line":1127,"column":58}},"72":{"start":{"line":1130,"column":12},"end":{"line":1132,"column":13}},"73":{"start":{"line":1131,"column":16},"end":{"line":1131,"column":54}},"74":{"start":{"line":1134,"column":12},"end":{"line":1136,"column":13}},"75":{"start":{"line":1135,"column":16},"end":{"line":1135,"column":63}},"76":{"start":{"line":1140,"column":12},"end":{"line":1140,"column":68}},"77":{"start":{"line":1141,"column":41},"end":{"line":1141,"column":102}},"78":{"start":{"line":1142,"column":12},"end":{"line":1142,"column":121}},"79":{"start":{"line":1144,"column":12},"end":{"line":1147,"column":14}},"80":{"start":{"line":1159,"column":12},"end":{"line":1159,"column":74}},"81":{"start":{"line":1161,"column":12},"end":{"line":1161,"column":66}},"82":{"start":{"line":1162,"column":33},"end":{"line":1164,"column":76}},"83":{"start":{"line":1166,"column":35},"end":{"line":1166,"column":72}},"84":{"start":{"line":1168,"column":12},"end":{"line":1170,"column":13}},"85":{"start":{"line":1169,"column":16},"end":{"line":1169,"column":56}},"86":{"start":{"line":1172,"column":43},"end":{"line":1172,"column":87}},"87":{"start":{"line":1173,"column":44},"end":{"line":1173,"column":53}},"88":{"start":{"line":1174,"column":43},"end":{"line":1174,"column":52}},"89":{"start":{"line":1178,"column":12},"end":{"line":1178,"column":79}},"90":{"start":{"line":1182,"column":12},"end":{"line":1182,"column":68}},"91":{"start":{"line":1183,"column":41},"end":{"line":1183,"column":102}},"92":{"start":{"line":1184,"column":12},"end":{"line":1184,"column":121}},"93":{"start":{"line":1186,"column":12},"end":{"line":1189,"column":14}},"94":{"start":{"line":1203,"column":12},"end":{"line":1203,"column":71}},"95":{"start":{"line":1204,"column":33},"end":{"line":1205,"column":84}},"96":{"start":{"line":1207,"column":35},"end":{"line":1207,"column":72}},"97":{"start":{"line":1209,"column":12},"end":{"line":1211,"column":13}},"98":{"start":{"line":1210,"column":16},"end":{"line":1210,"column":56}},"99":{"start":{"line":1213,"column":43},"end":{"line":1213,"column":87}},"100":{"start":{"line":1214,"column":44},"end":{"line":1214,"column":53}},"101":{"start":{"line":1215,"column":43},"end":{"line":1215,"column":52}},"102":{"start":{"line":1219,"column":12},"end":{"line":1219,"column":79}},"103":{"start":{"line":1221,"column":12},"end":{"line":1223,"column":13}},"104":{"start":{"line":1222,"column":16},"end":{"line":1222,"column":54}},"105":{"start":{"line":1225,"column":12},"end":{"line":1227,"column":13}},"106":{"start":{"line":1226,"column":16},"end":{"line":1226,"column":63}},"107":{"start":{"line":1229,"column":12},"end":{"line":1231,"column":13}},"108":{"start":{"line":1230,"column":16},"end":{"line":1230,"column":58}},"109":{"start":{"line":1235,"column":12},"end":{"line":1235,"column":68}},"110":{"start":{"line":1236,"column":41},"end":{"line":1236,"column":102}},"111":{"start":{"line":1237,"column":12},"end":{"line":1237,"column":121}},"112":{"start":{"line":1239,"column":12},"end":{"line":1242,"column":14}},"113":{"start":{"line":1256,"column":12},"end":{"line":1256,"column":75}},"114":{"start":{"line":1258,"column":12},"end":{"line":1258,"column":67}},"115":{"start":{"line":1259,"column":33},"end":{"line":1261,"column":76}},"116":{"start":{"line":1263,"column":35},"end":{"line":1263,"column":72}},"117":{"start":{"line":1265,"column":12},"end":{"line":1267,"column":13}},"118":{"start":{"line":1266,"column":16},"end":{"line":1266,"column":56}},"119":{"start":{"line":1269,"column":43},"end":{"line":1269,"column":87}},"120":{"start":{"line":1270,"column":44},"end":{"line":1270,"column":53}},"121":{"start":{"line":1271,"column":43},"end":{"line":1271,"column":52}},"122":{"start":{"line":1275,"column":12},"end":{"line":1275,"column":79}},"123":{"start":{"line":1277,"column":12},"end":{"line":1279,"column":13}},"124":{"start":{"line":1278,"column":16},"end":{"line":1278,"column":54}},"125":{"start":{"line":1281,"column":12},"end":{"line":1283,"column":13}},"126":{"start":{"line":1282,"column":16},"end":{"line":1282,"column":63}},"127":{"start":{"line":1287,"column":12},"end":{"line":1287,"column":68}},"128":{"start":{"line":1288,"column":41},"end":{"line":1288,"column":102}},"129":{"start":{"line":1289,"column":12},"end":{"line":1289,"column":121}},"130":{"start":{"line":1291,"column":12},"end":{"line":1294,"column":14}},"131":{"start":{"line":1303,"column":27},"end":{"line":1406,"column":1}},"132":{"start":{"line":1304,"column":38},"end":{"line":1304,"column":79}},"133":{"start":{"line":1305,"column":4},"end":{"line":1405,"column":5}},"134":{"start":{"line":1314,"column":38},"end":{"line":1314,"column":129}},"135":{"start":{"line":1315,"column":12},"end":{"line":1315,"column":99}},"136":{"start":{"line":1326,"column":38},"end":{"line":1326,"column":118}},"137":{"start":{"line":1327,"column":12},"end":{"line":1327,"column":99}},"138":{"start":{"line":1339,"column":38},"end":{"line":1339,"column":133}},"139":{"start":{"line":1340,"column":12},"end":{"line":1340,"column":99}},"140":{"start":{"line":1349,"column":38},"end":{"line":1349,"column":94}},"141":{"start":{"line":1350,"column":12},"end":{"line":1350,"column":99}},"142":{"start":{"line":1362,"column":38},"end":{"line":1362,"column":110}},"143":{"start":{"line":1363,"column":12},"end":{"line":1363,"column":99}},"144":{"start":{"line":1374,"column":38},"end":{"line":1374,"column":114}},"145":{"start":{"line":1375,"column":12},"end":{"line":1375,"column":99}},"146":{"start":{"line":1388,"column":38},"end":{"line":1388,"column":128}},"147":{"start":{"line":1389,"column":12},"end":{"line":1389,"column":99}},"148":{"start":{"line":1402,"column":38},"end":{"line":1402,"column":131}},"149":{"start":{"line":1403,"column":12},"end":{"line":1403,"column":99}},"150":{"start":{"line":1412,"column":32},"end":{"line":1507,"column":1}},"151":{"start":{"line":1413,"column":23},"end":{"line":1413,"column":49}},"152":{"start":{"line":1414,"column":4},"end":{"line":1506,"column":6}},"153":{"start":{"line":1423,"column":12},"end":{"line":1423,"column":134}},"154":{"start":{"line":1423,"column":108},"end":{"line":1423,"column":132}},"155":{"start":{"line":1434,"column":12},"end":{"line":1434,"column":123}},"156":{"start":{"line":1434,"column":97},"end":{"line":1434,"column":121}},"157":{"start":{"line":1446,"column":12},"end":{"line":1446,"column":138}},"158":{"start":{"line":1446,"column":112},"end":{"line":1446,"column":136}},"159":{"start":{"line":1455,"column":12},"end":{"line":1455,"column":99}},"160":{"start":{"line":1455,"column":73},"end":{"line":1455,"column":97}},"161":{"start":{"line":1467,"column":12},"end":{"line":1467,"column":115}},"162":{"start":{"line":1467,"column":89},"end":{"line":1467,"column":113}},"163":{"start":{"line":1478,"column":12},"end":{"line":1478,"column":119}},"164":{"start":{"line":1478,"column":93},"end":{"line":1478,"column":117}},"165":{"start":{"line":1491,"column":12},"end":{"line":1491,"column":133}},"166":{"start":{"line":1491,"column":107},"end":{"line":1491,"column":131}},"167":{"start":{"line":1504,"column":12},"end":{"line":1504,"column":136}},"168":{"start":{"line":1504,"column":110},"end":{"line":1504,"column":134}},"169":{"start":{"line":1525,"column":8},"end":{"line":1525,"column":161}},"170":{"start":{"line":1525,"column":125},"end":{"line":1525,"column":159}},"171":{"start":{"line":1538,"column":8},"end":{"line":1538,"column":150}},"172":{"start":{"line":1538,"column":114},"end":{"line":1538,"column":148}},"173":{"start":{"line":1552,"column":8},"end":{"line":1552,"column":165}},"174":{"start":{"line":1552,"column":129},"end":{"line":1552,"column":163}},"175":{"start":{"line":1563,"column":8},"end":{"line":1563,"column":126}},"176":{"start":{"line":1563,"column":90},"end":{"line":1563,"column":124}},"177":{"start":{"line":1577,"column":8},"end":{"line":1577,"column":142}},"178":{"start":{"line":1577,"column":106},"end":{"line":1577,"column":140}},"179":{"start":{"line":1590,"column":8},"end":{"line":1590,"column":146}},"180":{"start":{"line":1590,"column":110},"end":{"line":1590,"column":144}},"181":{"start":{"line":1605,"column":8},"end":{"line":1605,"column":160}},"182":{"start":{"line":1605,"column":124},"end":{"line":1605,"column":158}},"183":{"start":{"line":1620,"column":8},"end":{"line":1620,"column":163}},"184":{"start":{"line":1620,"column":127},"end":{"line":1620,"column":161}},"185":{"start":{"line":1629,"column":44},"end":{"line":1700,"column":1}},"186":{"start":{"line":1630,"column":4},"end":{"line":1699,"column":5}},"187":{"start":{"line":1638,"column":33},"end":{"line":1638,"column":40}},"188":{"start":{"line":1640,"column":35},"end":{"line":1640,"column":72}},"189":{"start":{"line":1642,"column":12},"end":{"line":1644,"column":13}},"190":{"start":{"line":1643,"column":16},"end":{"line":1643,"column":56}},"191":{"start":{"line":1646,"column":43},"end":{"line":1646,"column":87}},"192":{"start":{"line":1647,"column":44},"end":{"line":1647,"column":53}},"193":{"start":{"line":1648,"column":43},"end":{"line":1648,"column":52}},"194":{"start":{"line":1652,"column":12},"end":{"line":1652,"column":79}},"195":{"start":{"line":1656,"column":12},"end":{"line":1656,"column":68}},"196":{"start":{"line":1657,"column":41},"end":{"line":1657,"column":102}},"197":{"start":{"line":1658,"column":12},"end":{"line":1658,"column":121}},"198":{"start":{"line":1660,"column":12},"end":{"line":1663,"column":14}},"199":{"start":{"line":1672,"column":33},"end":{"line":1672,"column":42}},"200":{"start":{"line":1674,"column":35},"end":{"line":1674,"column":72}},"201":{"start":{"line":1676,"column":12},"end":{"line":1678,"column":13}},"202":{"start":{"line":1677,"column":16},"end":{"line":1677,"column":56}},"203":{"start":{"line":1680,"column":43},"end":{"line":1680,"column":87}},"204":{"start":{"line":1681,"column":44},"end":{"line":1681,"column":53}},"205":{"start":{"line":1682,"column":43},"end":{"line":1682,"column":52}},"206":{"start":{"line":1686,"column":12},"end":{"line":1686,"column":79}},"207":{"start":{"line":1690,"column":12},"end":{"line":1690,"column":68}},"208":{"start":{"line":1691,"column":41},"end":{"line":1691,"column":102}},"209":{"start":{"line":1692,"column":12},"end":{"line":1692,"column":121}},"210":{"start":{"line":1694,"column":12},"end":{"line":1697,"column":14}},"211":{"start":{"line":1706,"column":29},"end":{"line":1730,"column":1}},"212":{"start":{"line":1707,"column":38},"end":{"line":1707,"column":81}},"213":{"start":{"line":1708,"column":4},"end":{"line":1729,"column":5}},"214":{"start":{"line":1716,"column":38},"end":{"line":1716,"column":83}},"215":{"start":{"line":1717,"column":12},"end":{"line":1717,"column":99}},"216":{"start":{"line":1726,"column":38},"end":{"line":1726,"column":85}},"217":{"start":{"line":1727,"column":12},"end":{"line":1727,"column":99}},"218":{"start":{"line":1736,"column":34},"end":{"line":1758,"column":1}},"219":{"start":{"line":1737,"column":23},"end":{"line":1737,"column":51}},"220":{"start":{"line":1738,"column":4},"end":{"line":1757,"column":6}},"221":{"start":{"line":1746,"column":12},"end":{"line":1746,"column":88}},"222":{"start":{"line":1746,"column":62},"end":{"line":1746,"column":86}},"223":{"start":{"line":1755,"column":12},"end":{"line":1755,"column":90}},"224":{"start":{"line":1755,"column":64},"end":{"line":1755,"column":88}},"225":{"start":{"line":1775,"column":8},"end":{"line":1775,"column":117}},"226":{"start":{"line":1775,"column":81},"end":{"line":1775,"column":115}},"227":{"start":{"line":1786,"column":8},"end":{"line":1786,"column":119}},"228":{"start":{"line":1786,"column":83},"end":{"line":1786,"column":117}},"229":{"start":{"line":1795,"column":44},"end":{"line":2022,"column":1}},"230":{"start":{"line":1796,"column":4},"end":{"line":2021,"column":5}},"231":{"start":{"line":1806,"column":12},"end":{"line":1806,"column":72}},"232":{"start":{"line":1807,"column":33},"end":{"line":1807,"column":43}},"233":{"start":{"line":1809,"column":35},"end":{"line":1809,"column":72}},"234":{"start":{"line":1811,"column":12},"end":{"line":1813,"column":13}},"235":{"start":{"line":1812,"column":16},"end":{"line":1812,"column":56}},"236":{"start":{"line":1815,"column":43},"end":{"line":1815,"column":87}},"237":{"start":{"line":1816,"column":44},"end":{"line":1816,"column":53}},"238":{"start":{"line":1817,"column":43},"end":{"line":1817,"column":52}},"239":{"start":{"line":1821,"column":12},"end":{"line":1821,"column":79}},"240":{"start":{"line":1825,"column":12},"end":{"line":1825,"column":73}},"241":{"start":{"line":1827,"column":12},"end":{"line":1827,"column":68}},"242":{"start":{"line":1828,"column":41},"end":{"line":1828,"column":102}},"243":{"start":{"line":1829,"column":12},"end":{"line":1829,"column":121}},"244":{"start":{"line":1830,"column":12},"end":{"line":1830,"column":110}},"245":{"start":{"line":1832,"column":12},"end":{"line":1835,"column":14}},"246":{"start":{"line":1846,"column":12},"end":{"line":1846,"column":69}},"247":{"start":{"line":1847,"column":33},"end":{"line":1847,"column":42}},"248":{"start":{"line":1849,"column":35},"end":{"line":1849,"column":72}},"249":{"start":{"line":1851,"column":12},"end":{"line":1853,"column":13}},"250":{"start":{"line":1852,"column":16},"end":{"line":1852,"column":56}},"251":{"start":{"line":1855,"column":43},"end":{"line":1855,"column":87}},"252":{"start":{"line":1856,"column":44},"end":{"line":1856,"column":53}},"253":{"start":{"line":1857,"column":43},"end":{"line":1857,"column":52}},"254":{"start":{"line":1861,"column":12},"end":{"line":1861,"column":79}},"255":{"start":{"line":1865,"column":12},"end":{"line":1865,"column":73}},"256":{"start":{"line":1867,"column":12},"end":{"line":1867,"column":68}},"257":{"start":{"line":1868,"column":41},"end":{"line":1868,"column":102}},"258":{"start":{"line":1869,"column":12},"end":{"line":1869,"column":121}},"259":{"start":{"line":1870,"column":12},"end":{"line":1870,"column":109}},"260":{"start":{"line":1872,"column":12},"end":{"line":1875,"column":14}},"261":{"start":{"line":1886,"column":12},"end":{"line":1886,"column":56}},"262":{"start":{"line":1887,"column":33},"end":{"line":1888,"column":69}},"263":{"start":{"line":1890,"column":35},"end":{"line":1890,"column":72}},"264":{"start":{"line":1892,"column":12},"end":{"line":1894,"column":13}},"265":{"start":{"line":1893,"column":16},"end":{"line":1893,"column":56}},"266":{"start":{"line":1896,"column":43},"end":{"line":1896,"column":87}},"267":{"start":{"line":1897,"column":44},"end":{"line":1897,"column":53}},"268":{"start":{"line":1898,"column":43},"end":{"line":1898,"column":52}},"269":{"start":{"line":1902,"column":12},"end":{"line":1902,"column":79}},"270":{"start":{"line":1906,"column":12},"end":{"line":1906,"column":68}},"271":{"start":{"line":1907,"column":41},"end":{"line":1907,"column":102}},"272":{"start":{"line":1908,"column":12},"end":{"line":1908,"column":121}},"273":{"start":{"line":1910,"column":12},"end":{"line":1913,"column":14}},"274":{"start":{"line":1922,"column":33},"end":{"line":1922,"column":43}},"275":{"start":{"line":1924,"column":35},"end":{"line":1924,"column":72}},"276":{"start":{"line":1926,"column":12},"end":{"line":1928,"column":13}},"277":{"start":{"line":1927,"column":16},"end":{"line":1927,"column":56}},"278":{"start":{"line":1930,"column":43},"end":{"line":1930,"column":87}},"279":{"start":{"line":1931,"column":44},"end":{"line":1931,"column":53}},"280":{"start":{"line":1932,"column":43},"end":{"line":1932,"column":52}},"281":{"start":{"line":1936,"column":12},"end":{"line":1936,"column":79}},"282":{"start":{"line":1940,"column":12},"end":{"line":1940,"column":68}},"283":{"start":{"line":1941,"column":41},"end":{"line":1941,"column":102}},"284":{"start":{"line":1942,"column":12},"end":{"line":1942,"column":121}},"285":{"start":{"line":1944,"column":12},"end":{"line":1947,"column":14}},"286":{"start":{"line":1958,"column":12},"end":{"line":1958,"column":55}},"287":{"start":{"line":1959,"column":33},"end":{"line":1960,"column":69}},"288":{"start":{"line":1962,"column":35},"end":{"line":1962,"column":72}},"289":{"start":{"line":1964,"column":12},"end":{"line":1966,"column":13}},"290":{"start":{"line":1965,"column":16},"end":{"line":1965,"column":56}},"291":{"start":{"line":1968,"column":43},"end":{"line":1968,"column":87}},"292":{"start":{"line":1969,"column":44},"end":{"line":1969,"column":53}},"293":{"start":{"line":1970,"column":43},"end":{"line":1970,"column":52}},"294":{"start":{"line":1974,"column":12},"end":{"line":1974,"column":79}},"295":{"start":{"line":1978,"column":12},"end":{"line":1978,"column":68}},"296":{"start":{"line":1979,"column":41},"end":{"line":1979,"column":102}},"297":{"start":{"line":1980,"column":12},"end":{"line":1980,"column":121}},"298":{"start":{"line":1982,"column":12},"end":{"line":1985,"column":14}},"299":{"start":{"line":1994,"column":33},"end":{"line":1994,"column":42}},"300":{"start":{"line":1996,"column":35},"end":{"line":1996,"column":72}},"301":{"start":{"line":1998,"column":12},"end":{"line":2000,"column":13}},"302":{"start":{"line":1999,"column":16},"end":{"line":1999,"column":56}},"303":{"start":{"line":2002,"column":43},"end":{"line":2002,"column":87}},"304":{"start":{"line":2003,"column":44},"end":{"line":2003,"column":53}},"305":{"start":{"line":2004,"column":43},"end":{"line":2004,"column":52}},"306":{"start":{"line":2008,"column":12},"end":{"line":2008,"column":79}},"307":{"start":{"line":2012,"column":12},"end":{"line":2012,"column":68}},"308":{"start":{"line":2013,"column":41},"end":{"line":2013,"column":102}},"309":{"start":{"line":2014,"column":12},"end":{"line":2014,"column":121}},"310":{"start":{"line":2016,"column":12},"end":{"line":2019,"column":14}},"311":{"start":{"line":2028,"column":29},"end":{"line":2096,"column":1}},"312":{"start":{"line":2029,"column":38},"end":{"line":2029,"column":81}},"313":{"start":{"line":2030,"column":4},"end":{"line":2095,"column":5}},"314":{"start":{"line":2039,"column":38},"end":{"line":2039,"column":108}},"315":{"start":{"line":2040,"column":12},"end":{"line":2040,"column":99}},"316":{"start":{"line":2050,"column":38},"end":{"line":2050,"column":106}},"317":{"start":{"line":2051,"column":12},"end":{"line":2051,"column":99}},"318":{"start":{"line":2061,"column":38},"end":{"line":2061,"column":96}},"319":{"start":{"line":2062,"column":12},"end":{"line":2062,"column":99}},"320":{"start":{"line":2071,"column":38},"end":{"line":2071,"column":89}},"321":{"start":{"line":2072,"column":12},"end":{"line":2072,"column":99}},"322":{"start":{"line":2082,"column":38},"end":{"line":2082,"column":95}},"323":{"start":{"line":2083,"column":12},"end":{"line":2083,"column":99}},"324":{"start":{"line":2092,"column":38},"end":{"line":2092,"column":88}},"325":{"start":{"line":2093,"column":12},"end":{"line":2093,"column":99}},"326":{"start":{"line":2102,"column":34},"end":{"line":2164,"column":1}},"327":{"start":{"line":2103,"column":23},"end":{"line":2103,"column":51}},"328":{"start":{"line":2104,"column":4},"end":{"line":2163,"column":6}},"329":{"start":{"line":2113,"column":12},"end":{"line":2113,"column":113}},"330":{"start":{"line":2113,"column":87},"end":{"line":2113,"column":111}},"331":{"start":{"line":2123,"column":12},"end":{"line":2123,"column":111}},"332":{"start":{"line":2123,"column":85},"end":{"line":2123,"column":109}},"333":{"start":{"line":2133,"column":12},"end":{"line":2133,"column":101}},"334":{"start":{"line":2133,"column":75},"end":{"line":2133,"column":99}},"335":{"start":{"line":2142,"column":12},"end":{"line":2142,"column":94}},"336":{"start":{"line":2142,"column":68},"end":{"line":2142,"column":92}},"337":{"start":{"line":2152,"column":12},"end":{"line":2152,"column":100}},"338":{"start":{"line":2152,"column":74},"end":{"line":2152,"column":98}},"339":{"start":{"line":2161,"column":12},"end":{"line":2161,"column":93}},"340":{"start":{"line":2161,"column":67},"end":{"line":2161,"column":91}},"341":{"start":{"line":2182,"column":8},"end":{"line":2182,"column":142}},"342":{"start":{"line":2182,"column":106},"end":{"line":2182,"column":140}},"343":{"start":{"line":2194,"column":8},"end":{"line":2194,"column":140}},"344":{"start":{"line":2194,"column":104},"end":{"line":2194,"column":138}},"345":{"start":{"line":2206,"column":8},"end":{"line":2206,"column":130}},"346":{"start":{"line":2206,"column":94},"end":{"line":2206,"column":128}},"347":{"start":{"line":2217,"column":8},"end":{"line":2217,"column":123}},"348":{"start":{"line":2217,"column":87},"end":{"line":2217,"column":121}},"349":{"start":{"line":2229,"column":8},"end":{"line":2229,"column":129}},"350":{"start":{"line":2229,"column":93},"end":{"line":2229,"column":127}},"351":{"start":{"line":2240,"column":8},"end":{"line":2240,"column":122}},"352":{"start":{"line":2240,"column":86},"end":{"line":2240,"column":120}},"353":{"start":{"line":2249,"column":41},"end":{"line":2608,"column":1}},"354":{"start":{"line":2250,"column":4},"end":{"line":2607,"column":5}},"355":{"start":{"line":2260,"column":12},"end":{"line":2260,"column":75}},"356":{"start":{"line":2261,"column":33},"end":{"line":2261,"column":44}},"357":{"start":{"line":2263,"column":35},"end":{"line":2263,"column":72}},"358":{"start":{"line":2265,"column":12},"end":{"line":2267,"column":13}},"359":{"start":{"line":2266,"column":16},"end":{"line":2266,"column":56}},"360":{"start":{"line":2269,"column":43},"end":{"line":2269,"column":87}},"361":{"start":{"line":2270,"column":44},"end":{"line":2270,"column":53}},"362":{"start":{"line":2271,"column":43},"end":{"line":2271,"column":52}},"363":{"start":{"line":2275,"column":12},"end":{"line":2275,"column":79}},"364":{"start":{"line":2279,"column":12},"end":{"line":2279,"column":73}},"365":{"start":{"line":2281,"column":12},"end":{"line":2281,"column":68}},"366":{"start":{"line":2282,"column":41},"end":{"line":2282,"column":102}},"367":{"start":{"line":2283,"column":12},"end":{"line":2283,"column":121}},"368":{"start":{"line":2284,"column":12},"end":{"line":2284,"column":111}},"369":{"start":{"line":2286,"column":12},"end":{"line":2289,"column":14}},"370":{"start":{"line":2300,"column":12},"end":{"line":2300,"column":75}},"371":{"start":{"line":2301,"column":33},"end":{"line":2301,"column":44}},"372":{"start":{"line":2303,"column":35},"end":{"line":2303,"column":72}},"373":{"start":{"line":2305,"column":12},"end":{"line":2307,"column":13}},"374":{"start":{"line":2306,"column":16},"end":{"line":2306,"column":56}},"375":{"start":{"line":2309,"column":43},"end":{"line":2309,"column":87}},"376":{"start":{"line":2310,"column":44},"end":{"line":2310,"column":53}},"377":{"start":{"line":2311,"column":43},"end":{"line":2311,"column":52}},"378":{"start":{"line":2315,"column":12},"end":{"line":2315,"column":79}},"379":{"start":{"line":2319,"column":12},"end":{"line":2319,"column":73}},"380":{"start":{"line":2321,"column":12},"end":{"line":2321,"column":68}},"381":{"start":{"line":2322,"column":41},"end":{"line":2322,"column":102}},"382":{"start":{"line":2323,"column":12},"end":{"line":2323,"column":121}},"383":{"start":{"line":2324,"column":12},"end":{"line":2324,"column":111}},"384":{"start":{"line":2326,"column":12},"end":{"line":2329,"column":14}},"385":{"start":{"line":2340,"column":12},"end":{"line":2340,"column":57}},"386":{"start":{"line":2341,"column":33},"end":{"line":2342,"column":69}},"387":{"start":{"line":2344,"column":35},"end":{"line":2344,"column":72}},"388":{"start":{"line":2346,"column":12},"end":{"line":2348,"column":13}},"389":{"start":{"line":2347,"column":16},"end":{"line":2347,"column":56}},"390":{"start":{"line":2350,"column":43},"end":{"line":2350,"column":87}},"391":{"start":{"line":2351,"column":44},"end":{"line":2351,"column":53}},"392":{"start":{"line":2352,"column":43},"end":{"line":2352,"column":52}},"393":{"start":{"line":2356,"column":12},"end":{"line":2356,"column":79}},"394":{"start":{"line":2360,"column":12},"end":{"line":2360,"column":68}},"395":{"start":{"line":2361,"column":41},"end":{"line":2361,"column":102}},"396":{"start":{"line":2362,"column":12},"end":{"line":2362,"column":121}},"397":{"start":{"line":2364,"column":12},"end":{"line":2367,"column":14}},"398":{"start":{"line":2378,"column":33},"end":{"line":2378,"column":44}},"399":{"start":{"line":2380,"column":35},"end":{"line":2380,"column":72}},"400":{"start":{"line":2382,"column":12},"end":{"line":2384,"column":13}},"401":{"start":{"line":2383,"column":16},"end":{"line":2383,"column":56}},"402":{"start":{"line":2386,"column":43},"end":{"line":2386,"column":87}},"403":{"start":{"line":2387,"column":44},"end":{"line":2387,"column":53}},"404":{"start":{"line":2388,"column":43},"end":{"line":2388,"column":52}},"405":{"start":{"line":2392,"column":12},"end":{"line":2392,"column":79}},"406":{"start":{"line":2394,"column":12},"end":{"line":2396,"column":13}},"407":{"start":{"line":2395,"column":16},"end":{"line":2395,"column":54}},"408":{"start":{"line":2398,"column":12},"end":{"line":2400,"column":13}},"409":{"start":{"line":2399,"column":16},"end":{"line":2399,"column":63}},"410":{"start":{"line":2404,"column":12},"end":{"line":2404,"column":68}},"411":{"start":{"line":2405,"column":41},"end":{"line":2405,"column":102}},"412":{"start":{"line":2406,"column":12},"end":{"line":2406,"column":121}},"413":{"start":{"line":2408,"column":12},"end":{"line":2411,"column":14}},"414":{"start":{"line":2422,"column":12},"end":{"line":2422,"column":57}},"415":{"start":{"line":2423,"column":33},"end":{"line":2424,"column":69}},"416":{"start":{"line":2426,"column":35},"end":{"line":2426,"column":72}},"417":{"start":{"line":2428,"column":12},"end":{"line":2430,"column":13}},"418":{"start":{"line":2429,"column":16},"end":{"line":2429,"column":56}},"419":{"start":{"line":2432,"column":43},"end":{"line":2432,"column":87}},"420":{"start":{"line":2433,"column":44},"end":{"line":2433,"column":53}},"421":{"start":{"line":2434,"column":43},"end":{"line":2434,"column":52}},"422":{"start":{"line":2438,"column":12},"end":{"line":2438,"column":79}},"423":{"start":{"line":2442,"column":12},"end":{"line":2442,"column":68}},"424":{"start":{"line":2443,"column":41},"end":{"line":2443,"column":102}},"425":{"start":{"line":2444,"column":12},"end":{"line":2444,"column":121}},"426":{"start":{"line":2446,"column":12},"end":{"line":2449,"column":14}},"427":{"start":{"line":2463,"column":33},"end":{"line":2463,"column":44}},"428":{"start":{"line":2465,"column":35},"end":{"line":2465,"column":72}},"429":{"start":{"line":2467,"column":12},"end":{"line":2469,"column":13}},"430":{"start":{"line":2468,"column":16},"end":{"line":2468,"column":56}},"431":{"start":{"line":2471,"column":43},"end":{"line":2471,"column":87}},"432":{"start":{"line":2472,"column":44},"end":{"line":2472,"column":53}},"433":{"start":{"line":2473,"column":43},"end":{"line":2473,"column":52}},"434":{"start":{"line":2477,"column":12},"end":{"line":2477,"column":79}},"435":{"start":{"line":2479,"column":12},"end":{"line":2481,"column":13}},"436":{"start":{"line":2480,"column":16},"end":{"line":2480,"column":54}},"437":{"start":{"line":2483,"column":12},"end":{"line":2485,"column":13}},"438":{"start":{"line":2484,"column":16},"end":{"line":2484,"column":63}},"439":{"start":{"line":2487,"column":12},"end":{"line":2489,"column":13}},"440":{"start":{"line":2488,"column":16},"end":{"line":2488,"column":52}},"441":{"start":{"line":2491,"column":12},"end":{"line":2493,"column":13}},"442":{"start":{"line":2492,"column":16},"end":{"line":2492,"column":65}},"443":{"start":{"line":2495,"column":12},"end":{"line":2497,"column":13}},"444":{"start":{"line":2496,"column":16},"end":{"line":2496,"column":63}},"445":{"start":{"line":2501,"column":12},"end":{"line":2501,"column":68}},"446":{"start":{"line":2502,"column":41},"end":{"line":2502,"column":102}},"447":{"start":{"line":2503,"column":12},"end":{"line":2503,"column":121}},"448":{"start":{"line":2505,"column":12},"end":{"line":2508,"column":14}},"449":{"start":{"line":2519,"column":12},"end":{"line":2519,"column":57}},"450":{"start":{"line":2520,"column":33},"end":{"line":2521,"column":69}},"451":{"start":{"line":2523,"column":35},"end":{"line":2523,"column":72}},"452":{"start":{"line":2525,"column":12},"end":{"line":2527,"column":13}},"453":{"start":{"line":2526,"column":16},"end":{"line":2526,"column":56}},"454":{"start":{"line":2529,"column":43},"end":{"line":2529,"column":87}},"455":{"start":{"line":2530,"column":44},"end":{"line":2530,"column":53}},"456":{"start":{"line":2531,"column":43},"end":{"line":2531,"column":52}},"457":{"start":{"line":2535,"column":12},"end":{"line":2535,"column":79}},"458":{"start":{"line":2539,"column":12},"end":{"line":2539,"column":68}},"459":{"start":{"line":2540,"column":41},"end":{"line":2540,"column":102}},"460":{"start":{"line":2541,"column":12},"end":{"line":2541,"column":121}},"461":{"start":{"line":2543,"column":12},"end":{"line":2546,"column":14}},"462":{"start":{"line":2560,"column":33},"end":{"line":2560,"column":44}},"463":{"start":{"line":2562,"column":35},"end":{"line":2562,"column":72}},"464":{"start":{"line":2564,"column":12},"end":{"line":2566,"column":13}},"465":{"start":{"line":2565,"column":16},"end":{"line":2565,"column":56}},"466":{"start":{"line":2568,"column":43},"end":{"line":2568,"column":87}},"467":{"start":{"line":2569,"column":44},"end":{"line":2569,"column":53}},"468":{"start":{"line":2570,"column":43},"end":{"line":2570,"column":52}},"469":{"start":{"line":2574,"column":12},"end":{"line":2574,"column":79}},"470":{"start":{"line":2576,"column":12},"end":{"line":2578,"column":13}},"471":{"start":{"line":2577,"column":16},"end":{"line":2577,"column":54}},"472":{"start":{"line":2580,"column":12},"end":{"line":2582,"column":13}},"473":{"start":{"line":2581,"column":16},"end":{"line":2581,"column":63}},"474":{"start":{"line":2584,"column":12},"end":{"line":2586,"column":13}},"475":{"start":{"line":2585,"column":16},"end":{"line":2585,"column":52}},"476":{"start":{"line":2588,"column":12},"end":{"line":2590,"column":13}},"477":{"start":{"line":2589,"column":16},"end":{"line":2589,"column":65}},"478":{"start":{"line":2592,"column":12},"end":{"line":2594,"column":13}},"479":{"start":{"line":2593,"column":16},"end":{"line":2593,"column":63}},"480":{"start":{"line":2598,"column":12},"end":{"line":2598,"column":68}},"481":{"start":{"line":2599,"column":41},"end":{"line":2599,"column":102}},"482":{"start":{"line":2600,"column":12},"end":{"line":2600,"column":121}},"483":{"start":{"line":2602,"column":12},"end":{"line":2605,"column":14}},"484":{"start":{"line":2614,"column":26},"end":{"line":2715,"column":1}},"485":{"start":{"line":2615,"column":38},"end":{"line":2615,"column":78}},"486":{"start":{"line":2616,"column":4},"end":{"line":2714,"column":5}},"487":{"start":{"line":2625,"column":38},"end":{"line":2625,"column":110}},"488":{"start":{"line":2626,"column":12},"end":{"line":2626,"column":99}},"489":{"start":{"line":2636,"column":38},"end":{"line":2636,"column":110}},"490":{"start":{"line":2637,"column":12},"end":{"line":2637,"column":99}},"491":{"start":{"line":2647,"column":38},"end":{"line":2647,"column":97}},"492":{"start":{"line":2648,"column":12},"end":{"line":2648,"column":99}},"493":{"start":{"line":2659,"column":38},"end":{"line":2659,"column":106}},"494":{"start":{"line":2660,"column":12},"end":{"line":2660,"column":99}},"495":{"start":{"line":2670,"column":38},"end":{"line":2670,"column":97}},"496":{"start":{"line":2671,"column":12},"end":{"line":2671,"column":99}},"497":{"start":{"line":2685,"column":38},"end":{"line":2685,"column":132}},"498":{"start":{"line":2686,"column":12},"end":{"line":2686,"column":99}},"499":{"start":{"line":2696,"column":38},"end":{"line":2696,"column":97}},"500":{"start":{"line":2697,"column":12},"end":{"line":2697,"column":99}},"501":{"start":{"line":2711,"column":38},"end":{"line":2711,"column":132}},"502":{"start":{"line":2712,"column":12},"end":{"line":2712,"column":99}},"503":{"start":{"line":2721,"column":31},"end":{"line":2814,"column":1}},"504":{"start":{"line":2722,"column":23},"end":{"line":2722,"column":48}},"505":{"start":{"line":2723,"column":4},"end":{"line":2813,"column":6}},"506":{"start":{"line":2732,"column":12},"end":{"line":2732,"column":115}},"507":{"start":{"line":2732,"column":89},"end":{"line":2732,"column":113}},"508":{"start":{"line":2742,"column":12},"end":{"line":2742,"column":115}},"509":{"start":{"line":2742,"column":89},"end":{"line":2742,"column":113}},"510":{"start":{"line":2752,"column":12},"end":{"line":2752,"column":102}},"511":{"start":{"line":2752,"column":76},"end":{"line":2752,"column":100}},"512":{"start":{"line":2763,"column":12},"end":{"line":2763,"column":111}},"513":{"start":{"line":2763,"column":85},"end":{"line":2763,"column":109}},"514":{"start":{"line":2773,"column":12},"end":{"line":2773,"column":102}},"515":{"start":{"line":2773,"column":76},"end":{"line":2773,"column":100}},"516":{"start":{"line":2787,"column":12},"end":{"line":2787,"column":137}},"517":{"start":{"line":2787,"column":111},"end":{"line":2787,"column":135}},"518":{"start":{"line":2797,"column":12},"end":{"line":2797,"column":102}},"519":{"start":{"line":2797,"column":76},"end":{"line":2797,"column":100}},"520":{"start":{"line":2811,"column":12},"end":{"line":2811,"column":137}},"521":{"start":{"line":2811,"column":111},"end":{"line":2811,"column":135}},"522":{"start":{"line":2832,"column":8},"end":{"line":2832,"column":141}},"523":{"start":{"line":2832,"column":105},"end":{"line":2832,"column":139}},"524":{"start":{"line":2844,"column":8},"end":{"line":2844,"column":141}},"525":{"start":{"line":2844,"column":105},"end":{"line":2844,"column":139}},"526":{"start":{"line":2856,"column":8},"end":{"line":2856,"column":128}},"527":{"start":{"line":2856,"column":92},"end":{"line":2856,"column":126}},"528":{"start":{"line":2869,"column":8},"end":{"line":2869,"column":137}},"529":{"start":{"line":2869,"column":101},"end":{"line":2869,"column":135}},"530":{"start":{"line":2881,"column":8},"end":{"line":2881,"column":128}},"531":{"start":{"line":2881,"column":92},"end":{"line":2881,"column":126}},"532":{"start":{"line":2897,"column":8},"end":{"line":2897,"column":163}},"533":{"start":{"line":2897,"column":127},"end":{"line":2897,"column":161}},"534":{"start":{"line":2909,"column":8},"end":{"line":2909,"column":128}},"535":{"start":{"line":2909,"column":92},"end":{"line":2909,"column":126}},"536":{"start":{"line":2925,"column":8},"end":{"line":2925,"column":163}},"537":{"start":{"line":2925,"column":127},"end":{"line":2925,"column":161}}},"fnMap":{"0":{"name":"(anonymous_0)","decl":{"start":{"line":932,"column":42},"end":{"line":932,"column":43}},"loc":{"start":{"line":932,"column":83},"end":{"line":1297,"column":1}},"line":932},"1":{"name":"(anonymous_1)","decl":{"start":{"line":941,"column":34},"end":{"line":941,"column":35}},"loc":{"start":{"line":941,"column":152},"end":{"line":973,"column":9}},"line":941},"2":{"name":"(anonymous_2)","decl":{"start":{"line":982,"column":27},"end":{"line":982,"column":28}},"loc":{"start":{"line":982,"column":141},"end":{"line":1017,"column":9}},"line":982},"3":{"name":"(anonymous_3)","decl":{"start":{"line":1027,"column":31},"end":{"line":1027,"column":32}},"loc":{"start":{"line":1027,"column":168},"end":{"line":1065,"column":9}},"line":1027},"4":{"name":"(anonymous_4)","decl":{"start":{"line":1072,"column":25},"end":{"line":1072,"column":26}},"loc":{"start":{"line":1072,"column":91},"end":{"line":1099,"column":9}},"line":1072},"5":{"name":"(anonymous_5)","decl":{"start":{"line":1109,"column":17},"end":{"line":1109,"column":18}},"loc":{"start":{"line":1109,"column":154},"end":{"line":1148,"column":9}},"line":1109},"6":{"name":"(anonymous_6)","decl":{"start":{"line":1157,"column":27},"end":{"line":1157,"column":28}},"loc":{"start":{"line":1157,"column":127},"end":{"line":1190,"column":9}},"line":1157},"7":{"name":"(anonymous_7)","decl":{"start":{"line":1201,"column":24},"end":{"line":1201,"column":25}},"loc":{"start":{"line":1201,"column":180},"end":{"line":1243,"column":9}},"line":1201},"8":{"name":"(anonymous_8)","decl":{"start":{"line":1254,"column":28},"end":{"line":1254,"column":29}},"loc":{"start":{"line":1254,"column":162},"end":{"line":1295,"column":9}},"line":1254},"9":{"name":"(anonymous_9)","decl":{"start":{"line":1303,"column":27},"end":{"line":1303,"column":28}},"loc":{"start":{"line":1303,"column":67},"end":{"line":1406,"column":1}},"line":1303},"10":{"name":"(anonymous_10)","decl":{"start":{"line":1313,"column":8},"end":{"line":1313,"column":9}},"loc":{"start":{"line":1313,"column":204},"end":{"line":1316,"column":9}},"line":1313},"11":{"name":"(anonymous_11)","decl":{"start":{"line":1325,"column":8},"end":{"line":1325,"column":9}},"loc":{"start":{"line":1325,"column":191},"end":{"line":1328,"column":9}},"line":1325},"12":{"name":"(anonymous_12)","decl":{"start":{"line":1338,"column":8},"end":{"line":1338,"column":9}},"loc":{"start":{"line":1338,"column":222},"end":{"line":1341,"column":9}},"line":1338},"13":{"name":"(anonymous_13)","decl":{"start":{"line":1348,"column":8},"end":{"line":1348,"column":9}},"loc":{"start":{"line":1348,"column":143},"end":{"line":1351,"column":9}},"line":1348},"14":{"name":"(anonymous_14)","decl":{"start":{"line":1361,"column":8},"end":{"line":1361,"column":9}},"loc":{"start":{"line":1361,"column":204},"end":{"line":1364,"column":9}},"line":1361},"15":{"name":"(anonymous_15)","decl":{"start":{"line":1373,"column":8},"end":{"line":1373,"column":9}},"loc":{"start":{"line":1373,"column":170},"end":{"line":1376,"column":9}},"line":1373},"16":{"name":"(anonymous_16)","decl":{"start":{"line":1387,"column":8},"end":{"line":1387,"column":9}},"loc":{"start":{"line":1387,"column":230},"end":{"line":1390,"column":9}},"line":1387},"17":{"name":"(anonymous_17)","decl":{"start":{"line":1401,"column":8},"end":{"line":1401,"column":9}},"loc":{"start":{"line":1401,"column":216},"end":{"line":1404,"column":9}},"line":1401},"18":{"name":"(anonymous_18)","decl":{"start":{"line":1412,"column":32},"end":{"line":1412,"column":33}},"loc":{"start":{"line":1412,"column":115},"end":{"line":1507,"column":1}},"line":1412},"19":{"name":"(anonymous_19)","decl":{"start":{"line":1422,"column":8},"end":{"line":1422,"column":9}},"loc":{"start":{"line":1422,"column":128},"end":{"line":1424,"column":9}},"line":1422},"20":{"name":"(anonymous_20)","decl":{"start":{"line":1423,"column":95},"end":{"line":1423,"column":96}},"loc":{"start":{"line":1423,"column":108},"end":{"line":1423,"column":132}},"line":1423},"21":{"name":"(anonymous_21)","decl":{"start":{"line":1433,"column":8},"end":{"line":1433,"column":9}},"loc":{"start":{"line":1433,"column":115},"end":{"line":1435,"column":9}},"line":1433},"22":{"name":"(anonymous_22)","decl":{"start":{"line":1434,"column":84},"end":{"line":1434,"column":85}},"loc":{"start":{"line":1434,"column":97},"end":{"line":1434,"column":121}},"line":1434},"23":{"name":"(anonymous_23)","decl":{"start":{"line":1445,"column":8},"end":{"line":1445,"column":9}},"loc":{"start":{"line":1445,"column":146},"end":{"line":1447,"column":9}},"line":1445},"24":{"name":"(anonymous_24)","decl":{"start":{"line":1446,"column":99},"end":{"line":1446,"column":100}},"loc":{"start":{"line":1446,"column":112},"end":{"line":1446,"column":136}},"line":1446},"25":{"name":"(anonymous_25)","decl":{"start":{"line":1454,"column":8},"end":{"line":1454,"column":9}},"loc":{"start":{"line":1454,"column":67},"end":{"line":1456,"column":9}},"line":1454},"26":{"name":"(anonymous_26)","decl":{"start":{"line":1455,"column":60},"end":{"line":1455,"column":61}},"loc":{"start":{"line":1455,"column":73},"end":{"line":1455,"column":97}},"line":1455},"27":{"name":"(anonymous_27)","decl":{"start":{"line":1466,"column":8},"end":{"line":1466,"column":9}},"loc":{"start":{"line":1466,"column":128},"end":{"line":1468,"column":9}},"line":1466},"28":{"name":"(anonymous_28)","decl":{"start":{"line":1467,"column":76},"end":{"line":1467,"column":77}},"loc":{"start":{"line":1467,"column":89},"end":{"line":1467,"column":113}},"line":1467},"29":{"name":"(anonymous_29)","decl":{"start":{"line":1477,"column":8},"end":{"line":1477,"column":9}},"loc":{"start":{"line":1477,"column":94},"end":{"line":1479,"column":9}},"line":1477},"30":{"name":"(anonymous_30)","decl":{"start":{"line":1478,"column":80},"end":{"line":1478,"column":81}},"loc":{"start":{"line":1478,"column":93},"end":{"line":1478,"column":117}},"line":1478},"31":{"name":"(anonymous_31)","decl":{"start":{"line":1490,"column":8},"end":{"line":1490,"column":9}},"loc":{"start":{"line":1490,"column":154},"end":{"line":1492,"column":9}},"line":1490},"32":{"name":"(anonymous_32)","decl":{"start":{"line":1491,"column":94},"end":{"line":1491,"column":95}},"loc":{"start":{"line":1491,"column":107},"end":{"line":1491,"column":131}},"line":1491},"33":{"name":"(anonymous_33)","decl":{"start":{"line":1503,"column":8},"end":{"line":1503,"column":9}},"loc":{"start":{"line":1503,"column":140},"end":{"line":1505,"column":9}},"line":1503},"34":{"name":"(anonymous_34)","decl":{"start":{"line":1504,"column":97},"end":{"line":1504,"column":98}},"loc":{"start":{"line":1504,"column":110},"end":{"line":1504,"column":134}},"line":1504},"35":{"name":"(anonymous_35)","decl":{"start":{"line":1524,"column":4},"end":{"line":1524,"column":5}},"loc":{"start":{"line":1524,"column":118},"end":{"line":1526,"column":5}},"line":1524},"36":{"name":"(anonymous_36)","decl":{"start":{"line":1525,"column":112},"end":{"line":1525,"column":113}},"loc":{"start":{"line":1525,"column":125},"end":{"line":1525,"column":159}},"line":1525},"37":{"name":"(anonymous_37)","decl":{"start":{"line":1537,"column":4},"end":{"line":1537,"column":5}},"loc":{"start":{"line":1537,"column":107},"end":{"line":1539,"column":5}},"line":1537},"38":{"name":"(anonymous_38)","decl":{"start":{"line":1538,"column":101},"end":{"line":1538,"column":102}},"loc":{"start":{"line":1538,"column":114},"end":{"line":1538,"column":148}},"line":1538},"39":{"name":"(anonymous_39)","decl":{"start":{"line":1551,"column":4},"end":{"line":1551,"column":5}},"loc":{"start":{"line":1551,"column":134},"end":{"line":1553,"column":5}},"line":1551},"40":{"name":"(anonymous_40)","decl":{"start":{"line":1552,"column":116},"end":{"line":1552,"column":117}},"loc":{"start":{"line":1552,"column":129},"end":{"line":1552,"column":163}},"line":1552},"41":{"name":"(anonymous_41)","decl":{"start":{"line":1562,"column":4},"end":{"line":1562,"column":5}},"loc":{"start":{"line":1562,"column":57},"end":{"line":1564,"column":5}},"line":1562},"42":{"name":"(anonymous_42)","decl":{"start":{"line":1563,"column":77},"end":{"line":1563,"column":78}},"loc":{"start":{"line":1563,"column":90},"end":{"line":1563,"column":124}},"line":1563},"43":{"name":"(anonymous_43)","decl":{"start":{"line":1576,"column":4},"end":{"line":1576,"column":5}},"loc":{"start":{"line":1576,"column":120},"end":{"line":1578,"column":5}},"line":1576},"44":{"name":"(anonymous_44)","decl":{"start":{"line":1577,"column":93},"end":{"line":1577,"column":94}},"loc":{"start":{"line":1577,"column":106},"end":{"line":1577,"column":140}},"line":1577},"45":{"name":"(anonymous_45)","decl":{"start":{"line":1589,"column":4},"end":{"line":1589,"column":5}},"loc":{"start":{"line":1589,"column":93},"end":{"line":1591,"column":5}},"line":1589},"46":{"name":"(anonymous_46)","decl":{"start":{"line":1590,"column":97},"end":{"line":1590,"column":98}},"loc":{"start":{"line":1590,"column":110},"end":{"line":1590,"column":144}},"line":1590},"47":{"name":"(anonymous_47)","decl":{"start":{"line":1604,"column":4},"end":{"line":1604,"column":5}},"loc":{"start":{"line":1604,"column":146},"end":{"line":1606,"column":5}},"line":1604},"48":{"name":"(anonymous_48)","decl":{"start":{"line":1605,"column":111},"end":{"line":1605,"column":112}},"loc":{"start":{"line":1605,"column":124},"end":{"line":1605,"column":158}},"line":1605},"49":{"name":"(anonymous_49)","decl":{"start":{"line":1619,"column":4},"end":{"line":1619,"column":5}},"loc":{"start":{"line":1619,"column":128},"end":{"line":1621,"column":5}},"line":1619},"50":{"name":"(anonymous_50)","decl":{"start":{"line":1620,"column":114},"end":{"line":1620,"column":115}},"loc":{"start":{"line":1620,"column":127},"end":{"line":1620,"column":161}},"line":1620},"51":{"name":"(anonymous_51)","decl":{"start":{"line":1629,"column":44},"end":{"line":1629,"column":45}},"loc":{"start":{"line":1629,"column":85},"end":{"line":1700,"column":1}},"line":1629},"52":{"name":"(anonymous_52)","decl":{"start":{"line":1637,"column":14},"end":{"line":1637,"column":15}},"loc":{"start":{"line":1637,"column":80},"end":{"line":1664,"column":9}},"line":1637},"53":{"name":"(anonymous_53)","decl":{"start":{"line":1671,"column":16},"end":{"line":1671,"column":17}},"loc":{"start":{"line":1671,"column":82},"end":{"line":1698,"column":9}},"line":1671},"54":{"name":"(anonymous_54)","decl":{"start":{"line":1706,"column":29},"end":{"line":1706,"column":30}},"loc":{"start":{"line":1706,"column":69},"end":{"line":1730,"column":1}},"line":1706},"55":{"name":"(anonymous_55)","decl":{"start":{"line":1715,"column":8},"end":{"line":1715,"column":9}},"loc":{"start":{"line":1715,"column":126},"end":{"line":1718,"column":9}},"line":1715},"56":{"name":"(anonymous_56)","decl":{"start":{"line":1725,"column":8},"end":{"line":1725,"column":9}},"loc":{"start":{"line":1725,"column":128},"end":{"line":1728,"column":9}},"line":1725},"57":{"name":"(anonymous_57)","decl":{"start":{"line":1736,"column":34},"end":{"line":1736,"column":35}},"loc":{"start":{"line":1736,"column":117},"end":{"line":1758,"column":1}},"line":1736},"58":{"name":"(anonymous_58)","decl":{"start":{"line":1745,"column":8},"end":{"line":1745,"column":9}},"loc":{"start":{"line":1745,"column":50},"end":{"line":1747,"column":9}},"line":1745},"59":{"name":"(anonymous_59)","decl":{"start":{"line":1746,"column":49},"end":{"line":1746,"column":50}},"loc":{"start":{"line":1746,"column":62},"end":{"line":1746,"column":86}},"line":1746},"60":{"name":"(anonymous_60)","decl":{"start":{"line":1754,"column":8},"end":{"line":1754,"column":9}},"loc":{"start":{"line":1754,"column":52},"end":{"line":1756,"column":9}},"line":1754},"61":{"name":"(anonymous_61)","decl":{"start":{"line":1755,"column":51},"end":{"line":1755,"column":52}},"loc":{"start":{"line":1755,"column":64},"end":{"line":1755,"column":88}},"line":1755},"62":{"name":"(anonymous_62)","decl":{"start":{"line":1774,"column":4},"end":{"line":1774,"column":5}},"loc":{"start":{"line":1774,"column":46},"end":{"line":1776,"column":5}},"line":1774},"63":{"name":"(anonymous_63)","decl":{"start":{"line":1775,"column":68},"end":{"line":1775,"column":69}},"loc":{"start":{"line":1775,"column":81},"end":{"line":1775,"column":115}},"line":1775},"64":{"name":"(anonymous_64)","decl":{"start":{"line":1785,"column":4},"end":{"line":1785,"column":5}},"loc":{"start":{"line":1785,"column":48},"end":{"line":1787,"column":5}},"line":1785},"65":{"name":"(anonymous_65)","decl":{"start":{"line":1786,"column":70},"end":{"line":1786,"column":71}},"loc":{"start":{"line":1786,"column":83},"end":{"line":1786,"column":117}},"line":1786},"66":{"name":"(anonymous_66)","decl":{"start":{"line":1795,"column":44},"end":{"line":1795,"column":45}},"loc":{"start":{"line":1795,"column":85},"end":{"line":2022,"column":1}},"line":1795},"67":{"name":"(anonymous_67)","decl":{"start":{"line":1804,"column":31},"end":{"line":1804,"column":32}},"loc":{"start":{"line":1804,"column":113},"end":{"line":1836,"column":9}},"line":1804},"68":{"name":"(anonymous_68)","decl":{"start":{"line":1844,"column":30},"end":{"line":1844,"column":31}},"loc":{"start":{"line":1844,"column":117},"end":{"line":1876,"column":9}},"line":1844},"69":{"name":"(anonymous_69)","decl":{"start":{"line":1884,"column":23},"end":{"line":1884,"column":24}},"loc":{"start":{"line":1884,"column":101},"end":{"line":1914,"column":9}},"line":1884},"70":{"name":"(anonymous_70)","decl":{"start":{"line":1921,"column":20},"end":{"line":1921,"column":21}},"loc":{"start":{"line":1921,"column":86},"end":{"line":1948,"column":9}},"line":1921},"71":{"name":"(anonymous_71)","decl":{"start":{"line":1956,"column":22},"end":{"line":1956,"column":23}},"loc":{"start":{"line":1956,"column":100},"end":{"line":1986,"column":9}},"line":1956},"72":{"name":"(anonymous_72)","decl":{"start":{"line":1993,"column":19},"end":{"line":1993,"column":20}},"loc":{"start":{"line":1993,"column":85},"end":{"line":2020,"column":9}},"line":1993},"73":{"name":"(anonymous_73)","decl":{"start":{"line":2028,"column":29},"end":{"line":2028,"column":30}},"loc":{"start":{"line":2028,"column":69},"end":{"line":2096,"column":1}},"line":2028},"74":{"name":"(anonymous_74)","decl":{"start":{"line":2038,"column":8},"end":{"line":2038,"column":9}},"loc":{"start":{"line":2038,"column":159},"end":{"line":2041,"column":9}},"line":2038},"75":{"name":"(anonymous_75)","decl":{"start":{"line":2049,"column":8},"end":{"line":2049,"column":9}},"loc":{"start":{"line":2049,"column":169},"end":{"line":2052,"column":9}},"line":2049},"76":{"name":"(anonymous_76)","decl":{"start":{"line":2060,"column":8},"end":{"line":2060,"column":9}},"loc":{"start":{"line":2060,"column":147},"end":{"line":2063,"column":9}},"line":2060},"77":{"name":"(anonymous_77)","decl":{"start":{"line":2070,"column":8},"end":{"line":2070,"column":9}},"loc":{"start":{"line":2070,"column":139},"end":{"line":2073,"column":9}},"line":2070},"78":{"name":"(anonymous_78)","decl":{"start":{"line":2081,"column":8},"end":{"line":2081,"column":9}},"loc":{"start":{"line":2081,"column":145},"end":{"line":2084,"column":9}},"line":2081},"79":{"name":"(anonymous_79)","decl":{"start":{"line":2091,"column":8},"end":{"line":2091,"column":9}},"loc":{"start":{"line":2091,"column":137},"end":{"line":2094,"column":9}},"line":2091},"80":{"name":"(anonymous_80)","decl":{"start":{"line":2102,"column":34},"end":{"line":2102,"column":35}},"loc":{"start":{"line":2102,"column":117},"end":{"line":2164,"column":1}},"line":2102},"81":{"name":"(anonymous_81)","decl":{"start":{"line":2112,"column":8},"end":{"line":2112,"column":9}},"loc":{"start":{"line":2112,"column":83},"end":{"line":2114,"column":9}},"line":2112},"82":{"name":"(anonymous_82)","decl":{"start":{"line":2113,"column":74},"end":{"line":2113,"column":75}},"loc":{"start":{"line":2113,"column":87},"end":{"line":2113,"column":111}},"line":2113},"83":{"name":"(anonymous_83)","decl":{"start":{"line":2122,"column":8},"end":{"line":2122,"column":9}},"loc":{"start":{"line":2122,"column":93},"end":{"line":2124,"column":9}},"line":2122},"84":{"name":"(anonymous_84)","decl":{"start":{"line":2123,"column":72},"end":{"line":2123,"column":73}},"loc":{"start":{"line":2123,"column":85},"end":{"line":2123,"column":109}},"line":2123},"85":{"name":"(anonymous_85)","decl":{"start":{"line":2132,"column":8},"end":{"line":2132,"column":9}},"loc":{"start":{"line":2132,"column":71},"end":{"line":2134,"column":9}},"line":2132},"86":{"name":"(anonymous_86)","decl":{"start":{"line":2133,"column":62},"end":{"line":2133,"column":63}},"loc":{"start":{"line":2133,"column":75},"end":{"line":2133,"column":99}},"line":2133},"87":{"name":"(anonymous_87)","decl":{"start":{"line":2141,"column":8},"end":{"line":2141,"column":9}},"loc":{"start":{"line":2141,"column":63},"end":{"line":2143,"column":9}},"line":2141},"88":{"name":"(anonymous_88)","decl":{"start":{"line":2142,"column":55},"end":{"line":2142,"column":56}},"loc":{"start":{"line":2142,"column":68},"end":{"line":2142,"column":92}},"line":2142},"89":{"name":"(anonymous_89)","decl":{"start":{"line":2151,"column":8},"end":{"line":2151,"column":9}},"loc":{"start":{"line":2151,"column":69},"end":{"line":2153,"column":9}},"line":2151},"90":{"name":"(anonymous_90)","decl":{"start":{"line":2152,"column":61},"end":{"line":2152,"column":62}},"loc":{"start":{"line":2152,"column":74},"end":{"line":2152,"column":98}},"line":2152},"91":{"name":"(anonymous_91)","decl":{"start":{"line":2160,"column":8},"end":{"line":2160,"column":9}},"loc":{"start":{"line":2160,"column":61},"end":{"line":2162,"column":9}},"line":2160},"92":{"name":"(anonymous_92)","decl":{"start":{"line":2161,"column":54},"end":{"line":2161,"column":55}},"loc":{"start":{"line":2161,"column":67},"end":{"line":2161,"column":91}},"line":2161},"93":{"name":"(anonymous_93)","decl":{"start":{"line":2181,"column":4},"end":{"line":2181,"column":5}},"loc":{"start":{"line":2181,"column":79},"end":{"line":2183,"column":5}},"line":2181},"94":{"name":"(anonymous_94)","decl":{"start":{"line":2182,"column":93},"end":{"line":2182,"column":94}},"loc":{"start":{"line":2182,"column":106},"end":{"line":2182,"column":140}},"line":2182},"95":{"name":"(anonymous_95)","decl":{"start":{"line":2193,"column":4},"end":{"line":2193,"column":5}},"loc":{"start":{"line":2193,"column":83},"end":{"line":2195,"column":5}},"line":2193},"96":{"name":"(anonymous_96)","decl":{"start":{"line":2194,"column":91},"end":{"line":2194,"column":92}},"loc":{"start":{"line":2194,"column":104},"end":{"line":2194,"column":138}},"line":2194},"97":{"name":"(anonymous_97)","decl":{"start":{"line":2205,"column":4},"end":{"line":2205,"column":5}},"loc":{"start":{"line":2205,"column":67},"end":{"line":2207,"column":5}},"line":2205},"98":{"name":"(anonymous_98)","decl":{"start":{"line":2206,"column":81},"end":{"line":2206,"column":82}},"loc":{"start":{"line":2206,"column":94},"end":{"line":2206,"column":128}},"line":2206},"99":{"name":"(anonymous_99)","decl":{"start":{"line":2216,"column":4},"end":{"line":2216,"column":5}},"loc":{"start":{"line":2216,"column":52},"end":{"line":2218,"column":5}},"line":2216},"100":{"name":"(anonymous_100)","decl":{"start":{"line":2217,"column":74},"end":{"line":2217,"column":75}},"loc":{"start":{"line":2217,"column":87},"end":{"line":2217,"column":121}},"line":2217},"101":{"name":"(anonymous_101)","decl":{"start":{"line":2228,"column":4},"end":{"line":2228,"column":5}},"loc":{"start":{"line":2228,"column":66},"end":{"line":2230,"column":5}},"line":2228},"102":{"name":"(anonymous_102)","decl":{"start":{"line":2229,"column":80},"end":{"line":2229,"column":81}},"loc":{"start":{"line":2229,"column":93},"end":{"line":2229,"column":127}},"line":2229},"103":{"name":"(anonymous_103)","decl":{"start":{"line":2239,"column":4},"end":{"line":2239,"column":5}},"loc":{"start":{"line":2239,"column":51},"end":{"line":2241,"column":5}},"line":2239},"104":{"name":"(anonymous_104)","decl":{"start":{"line":2240,"column":73},"end":{"line":2240,"column":74}},"loc":{"start":{"line":2240,"column":86},"end":{"line":2240,"column":120}},"line":2240},"105":{"name":"(anonymous_105)","decl":{"start":{"line":2249,"column":41},"end":{"line":2249,"column":42}},"loc":{"start":{"line":2249,"column":82},"end":{"line":2608,"column":1}},"line":2249},"106":{"name":"(anonymous_106)","decl":{"start":{"line":2258,"column":32},"end":{"line":2258,"column":33}},"loc":{"start":{"line":2258,"column":123},"end":{"line":2290,"column":9}},"line":2258},"107":{"name":"(anonymous_107)","decl":{"start":{"line":2298,"column":32},"end":{"line":2298,"column":33}},"loc":{"start":{"line":2298,"column":123},"end":{"line":2330,"column":9}},"line":2298},"108":{"name":"(anonymous_108)","decl":{"start":{"line":2338,"column":24},"end":{"line":2338,"column":25}},"loc":{"start":{"line":2338,"column":102},"end":{"line":2368,"column":9}},"line":2338},"109":{"name":"(anonymous_109)","decl":{"start":{"line":2377,"column":21},"end":{"line":2377,"column":22}},"loc":{"start":{"line":2377,"column":121},"end":{"line":2412,"column":9}},"line":2377},"110":{"name":"(anonymous_110)","decl":{"start":{"line":2420,"column":24},"end":{"line":2420,"column":25}},"loc":{"start":{"line":2420,"column":102},"end":{"line":2450,"column":9}},"line":2420},"111":{"name":"(anonymous_111)","decl":{"start":{"line":2462,"column":21},"end":{"line":2462,"column":22}},"loc":{"start":{"line":2462,"column":174},"end":{"line":2509,"column":9}},"line":2462},"112":{"name":"(anonymous_112)","decl":{"start":{"line":2517,"column":24},"end":{"line":2517,"column":25}},"loc":{"start":{"line":2517,"column":102},"end":{"line":2547,"column":9}},"line":2517},"113":{"name":"(anonymous_113)","decl":{"start":{"line":2559,"column":21},"end":{"line":2559,"column":22}},"loc":{"start":{"line":2559,"column":174},"end":{"line":2606,"column":9}},"line":2559},"114":{"name":"(anonymous_114)","decl":{"start":{"line":2614,"column":26},"end":{"line":2614,"column":27}},"loc":{"start":{"line":2614,"column":66},"end":{"line":2715,"column":1}},"line":2614},"115":{"name":"(anonymous_115)","decl":{"start":{"line":2624,"column":8},"end":{"line":2624,"column":9}},"loc":{"start":{"line":2624,"column":177},"end":{"line":2627,"column":9}},"line":2624},"116":{"name":"(anonymous_116)","decl":{"start":{"line":2635,"column":8},"end":{"line":2635,"column":9}},"loc":{"start":{"line":2635,"column":177},"end":{"line":2638,"column":9}},"line":2635},"117":{"name":"(anonymous_117)","decl":{"start":{"line":2646,"column":8},"end":{"line":2646,"column":9}},"loc":{"start":{"line":2646,"column":149},"end":{"line":2649,"column":9}},"line":2646},"118":{"name":"(anonymous_118)","decl":{"start":{"line":2658,"column":8},"end":{"line":2658,"column":9}},"loc":{"start":{"line":2658,"column":175},"end":{"line":2661,"column":9}},"line":2658},"119":{"name":"(anonymous_119)","decl":{"start":{"line":2669,"column":8},"end":{"line":2669,"column":9}},"loc":{"start":{"line":2669,"column":149},"end":{"line":2672,"column":9}},"line":2669},"120":{"name":"(anonymous_120)","decl":{"start":{"line":2684,"column":8},"end":{"line":2684,"column":9}},"loc":{"start":{"line":2684,"column":228},"end":{"line":2687,"column":9}},"line":2684},"121":{"name":"(anonymous_121)","decl":{"start":{"line":2695,"column":8},"end":{"line":2695,"column":9}},"loc":{"start":{"line":2695,"column":149},"end":{"line":2698,"column":9}},"line":2695},"122":{"name":"(anonymous_122)","decl":{"start":{"line":2710,"column":8},"end":{"line":2710,"column":9}},"loc":{"start":{"line":2710,"column":228},"end":{"line":2713,"column":9}},"line":2710},"123":{"name":"(anonymous_123)","decl":{"start":{"line":2721,"column":31},"end":{"line":2721,"column":32}},"loc":{"start":{"line":2721,"column":114},"end":{"line":2814,"column":1}},"line":2721},"124":{"name":"(anonymous_124)","decl":{"start":{"line":2731,"column":8},"end":{"line":2731,"column":9}},"loc":{"start":{"line":2731,"column":101},"end":{"line":2733,"column":9}},"line":2731},"125":{"name":"(anonymous_125)","decl":{"start":{"line":2732,"column":76},"end":{"line":2732,"column":77}},"loc":{"start":{"line":2732,"column":89},"end":{"line":2732,"column":113}},"line":2732},"126":{"name":"(anonymous_126)","decl":{"start":{"line":2741,"column":8},"end":{"line":2741,"column":9}},"loc":{"start":{"line":2741,"column":101},"end":{"line":2743,"column":9}},"line":2741},"127":{"name":"(anonymous_127)","decl":{"start":{"line":2742,"column":76},"end":{"line":2742,"column":77}},"loc":{"start":{"line":2742,"column":89},"end":{"line":2742,"column":113}},"line":2742},"128":{"name":"(anonymous_128)","decl":{"start":{"line":2751,"column":8},"end":{"line":2751,"column":9}},"loc":{"start":{"line":2751,"column":73},"end":{"line":2753,"column":9}},"line":2751},"129":{"name":"(anonymous_129)","decl":{"start":{"line":2752,"column":63},"end":{"line":2752,"column":64}},"loc":{"start":{"line":2752,"column":76},"end":{"line":2752,"column":100}},"line":2752},"130":{"name":"(anonymous_130)","decl":{"start":{"line":2762,"column":8},"end":{"line":2762,"column":9}},"loc":{"start":{"line":2762,"column":99},"end":{"line":2764,"column":9}},"line":2762},"131":{"name":"(anonymous_131)","decl":{"start":{"line":2763,"column":72},"end":{"line":2763,"column":73}},"loc":{"start":{"line":2763,"column":85},"end":{"line":2763,"column":109}},"line":2763},"132":{"name":"(anonymous_132)","decl":{"start":{"line":2772,"column":8},"end":{"line":2772,"column":9}},"loc":{"start":{"line":2772,"column":73},"end":{"line":2774,"column":9}},"line":2772},"133":{"name":"(anonymous_133)","decl":{"start":{"line":2773,"column":63},"end":{"line":2773,"column":64}},"loc":{"start":{"line":2773,"column":76},"end":{"line":2773,"column":100}},"line":2773},"134":{"name":"(anonymous_134)","decl":{"start":{"line":2786,"column":8},"end":{"line":2786,"column":9}},"loc":{"start":{"line":2786,"column":152},"end":{"line":2788,"column":9}},"line":2786},"135":{"name":"(anonymous_135)","decl":{"start":{"line":2787,"column":98},"end":{"line":2787,"column":99}},"loc":{"start":{"line":2787,"column":111},"end":{"line":2787,"column":135}},"line":2787},"136":{"name":"(anonymous_136)","decl":{"start":{"line":2796,"column":8},"end":{"line":2796,"column":9}},"loc":{"start":{"line":2796,"column":73},"end":{"line":2798,"column":9}},"line":2796},"137":{"name":"(anonymous_137)","decl":{"start":{"line":2797,"column":63},"end":{"line":2797,"column":64}},"loc":{"start":{"line":2797,"column":76},"end":{"line":2797,"column":100}},"line":2797},"138":{"name":"(anonymous_138)","decl":{"start":{"line":2810,"column":8},"end":{"line":2810,"column":9}},"loc":{"start":{"line":2810,"column":152},"end":{"line":2812,"column":9}},"line":2810},"139":{"name":"(anonymous_139)","decl":{"start":{"line":2811,"column":98},"end":{"line":2811,"column":99}},"loc":{"start":{"line":2811,"column":111},"end":{"line":2811,"column":135}},"line":2811},"140":{"name":"(anonymous_140)","decl":{"start":{"line":2831,"column":4},"end":{"line":2831,"column":5}},"loc":{"start":{"line":2831,"column":89},"end":{"line":2833,"column":5}},"line":2831},"141":{"name":"(anonymous_141)","decl":{"start":{"line":2832,"column":92},"end":{"line":2832,"column":93}},"loc":{"start":{"line":2832,"column":105},"end":{"line":2832,"column":139}},"line":2832},"142":{"name":"(anonymous_142)","decl":{"start":{"line":2843,"column":4},"end":{"line":2843,"column":5}},"loc":{"start":{"line":2843,"column":89},"end":{"line":2845,"column":5}},"line":2843},"143":{"name":"(anonymous_143)","decl":{"start":{"line":2844,"column":92},"end":{"line":2844,"column":93}},"loc":{"start":{"line":2844,"column":105},"end":{"line":2844,"column":139}},"line":2844},"144":{"name":"(anonymous_144)","decl":{"start":{"line":2855,"column":4},"end":{"line":2855,"column":5}},"loc":{"start":{"line":2855,"column":68},"end":{"line":2857,"column":5}},"line":2855},"145":{"name":"(anonymous_145)","decl":{"start":{"line":2856,"column":79},"end":{"line":2856,"column":80}},"loc":{"start":{"line":2856,"column":92},"end":{"line":2856,"column":126}},"line":2856},"146":{"name":"(anonymous_146)","decl":{"start":{"line":2868,"column":4},"end":{"line":2868,"column":5}},"loc":{"start":{"line":2868,"column":87},"end":{"line":2870,"column":5}},"line":2868},"147":{"name":"(anonymous_147)","decl":{"start":{"line":2869,"column":88},"end":{"line":2869,"column":89}},"loc":{"start":{"line":2869,"column":101},"end":{"line":2869,"column":135}},"line":2869},"148":{"name":"(anonymous_148)","decl":{"start":{"line":2880,"column":4},"end":{"line":2880,"column":5}},"loc":{"start":{"line":2880,"column":68},"end":{"line":2882,"column":5}},"line":2880},"149":{"name":"(anonymous_149)","decl":{"start":{"line":2881,"column":79},"end":{"line":2881,"column":80}},"loc":{"start":{"line":2881,"column":92},"end":{"line":2881,"column":126}},"line":2881},"150":{"name":"(anonymous_150)","decl":{"start":{"line":2896,"column":4},"end":{"line":2896,"column":5}},"loc":{"start":{"line":2896,"column":140},"end":{"line":2898,"column":5}},"line":2896},"151":{"name":"(anonymous_151)","decl":{"start":{"line":2897,"column":114},"end":{"line":2897,"column":115}},"loc":{"start":{"line":2897,"column":127},"end":{"line":2897,"column":161}},"line":2897},"152":{"name":"(anonymous_152)","decl":{"start":{"line":2908,"column":4},"end":{"line":2908,"column":5}},"loc":{"start":{"line":2908,"column":68},"end":{"line":2910,"column":5}},"line":2908},"153":{"name":"(anonymous_153)","decl":{"start":{"line":2909,"column":79},"end":{"line":2909,"column":80}},"loc":{"start":{"line":2909,"column":92},"end":{"line":2909,"column":126}},"line":2909},"154":{"name":"(anonymous_154)","decl":{"start":{"line":2924,"column":4},"end":{"line":2924,"column":5}},"loc":{"start":{"line":2924,"column":140},"end":{"line":2926,"column":5}},"line":2924},"155":{"name":"(anonymous_155)","decl":{"start":{"line":2925,"column":114},"end":{"line":2925,"column":115}},"loc":{"start":{"line":2925,"column":127},"end":{"line":2925,"column":161}},"line":2925}},"branchMap":{"0":{"loc":{"start":{"line":941,"column":93},"end":{"line":941,"column":125}},"type":"default-arg","locations":[{"start":{"line":941,"column":123},"end":{"line":941,"column":125}}],"line":941},"1":{"loc":{"start":{"line":948,"column":12},"end":{"line":950,"column":13}},"type":"if","locations":[{"start":{"line":948,"column":12},"end":{"line":950,"column":13}},{"start":{"line":948,"column":12},"end":{"line":950,"column":13}}],"line":948},"2":{"loc":{"start":{"line":965,"column":41},"end":{"line":965,"column":102}},"type":"cond-expr","locations":[{"start":{"line":965,"column":78},"end":{"line":965,"column":97}},{"start":{"line":965,"column":100},"end":{"line":965,"column":102}}],"line":965},"3":{"loc":{"start":{"line":965,"column":41},"end":{"line":965,"column":75}},"type":"binary-expr","locations":[{"start":{"line":965,"column":41},"end":{"line":965,"column":52}},{"start":{"line":965,"column":56},"end":{"line":965,"column":75}}],"line":965},"4":{"loc":{"start":{"line":982,"column":82},"end":{"line":982,"column":114}},"type":"default-arg","locations":[{"start":{"line":982,"column":112},"end":{"line":982,"column":114}}],"line":982},"5":{"loc":{"start":{"line":992,"column":12},"end":{"line":994,"column":13}},"type":"if","locations":[{"start":{"line":992,"column":12},"end":{"line":994,"column":13}},{"start":{"line":992,"column":12},"end":{"line":994,"column":13}}],"line":992},"6":{"loc":{"start":{"line":1009,"column":41},"end":{"line":1009,"column":102}},"type":"cond-expr","locations":[{"start":{"line":1009,"column":78},"end":{"line":1009,"column":97}},{"start":{"line":1009,"column":100},"end":{"line":1009,"column":102}}],"line":1009},"7":{"loc":{"start":{"line":1009,"column":41},"end":{"line":1009,"column":75}},"type":"binary-expr","locations":[{"start":{"line":1009,"column":41},"end":{"line":1009,"column":52}},{"start":{"line":1009,"column":56},"end":{"line":1009,"column":75}}],"line":1009},"8":{"loc":{"start":{"line":1027,"column":109},"end":{"line":1027,"column":141}},"type":"default-arg","locations":[{"start":{"line":1027,"column":139},"end":{"line":1027,"column":141}}],"line":1027},"9":{"loc":{"start":{"line":1040,"column":12},"end":{"line":1042,"column":13}},"type":"if","locations":[{"start":{"line":1040,"column":12},"end":{"line":1042,"column":13}},{"start":{"line":1040,"column":12},"end":{"line":1042,"column":13}}],"line":1040},"10":{"loc":{"start":{"line":1057,"column":41},"end":{"line":1057,"column":102}},"type":"cond-expr","locations":[{"start":{"line":1057,"column":78},"end":{"line":1057,"column":97}},{"start":{"line":1057,"column":100},"end":{"line":1057,"column":102}}],"line":1057},"11":{"loc":{"start":{"line":1057,"column":41},"end":{"line":1057,"column":75}},"type":"binary-expr","locations":[{"start":{"line":1057,"column":41},"end":{"line":1057,"column":52}},{"start":{"line":1057,"column":56},"end":{"line":1057,"column":75}}],"line":1057},"12":{"loc":{"start":{"line":1072,"column":32},"end":{"line":1072,"column":64}},"type":"default-arg","locations":[{"start":{"line":1072,"column":62},"end":{"line":1072,"colu
[...]
,"C:\\Users\\NITRO 5\\Downloads\\hei-admin-ui\\src\\providers\\paymentProvider.ts": {"path":"C:\\Users\\NITRO 5\\Downloads\\hei-admin-ui\\src\\providers\\paymentProvider.ts","statementMap":{"0":{"start":{"line":6,"column":20},"end":{"line":6,"column":24}},"1":{"start":{"line":7,"column":15},"end":{"line":7,"column":137}},"2":{"start":{"line":7,"column":80},"end":{"line":7,"column":137}},"3":{"start":{"line":9,"column":44},"end":{"line":34,"column":1}},"4":{"start":{"line":11,"column":33},"end":{"line":11,"column":58}},"5":{"start":{"line":12,"column":19},"end":{"line":12,"column":88}},"6":{"start":{"line":13,"column":4},"end":{"line":16,"column":7}},"7":{"start":{"line":13,"column":39},"end":{"line":16,"column":5}},"8":{"start":{"line":19,"column":4},"end":{"line":19,"column":48}},"9":{"start":{"line":22,"column":21},"end":{"line":22,"column":33}},"10":{"start":{"line":23,"column":20},"end":{"line":23,"column":37}},"11":{"start":{"line":24,"column":4},"end":{"line":28,"column":6}},"12":{"start":{"line":25,"column":6},"end":{"line":27,"column":7}},"13":{"start":{"line":26,"column":8},"end":{"line":26,"column":79}},"14":{"start":{"line":30,"column":33},"end":{"line":30,"column":53}},"15":{"start":{"line":31,"column":19},"end":{"line":31,"column":86}},"16":{"start":{"line":32,"column":4},"end":{"line":32,"column":29}}},"fnMap":{"0":{"name":"(anonymous_0)","decl":{"start":{"line":7,"column":15},"end":{"line":7,"column":16}},"loc":{"start":{"line":7,"column":80},"end":{"line":7,"column":137}},"line":7},"1":{"name":"(anonymous_1)","decl":{"start":{"line":10,"column":2},"end":{"line":10,"column":3}},"loc":{"start":{"line":10,"column":60},"end":{"line":17,"column":3}},"line":10},"2":{"name":"(anonymous_2)","decl":{"start":{"line":13,"column":27},"end":{"line":13,"column":28}},"loc":{"start":{"line":13,"column":39},"end":{"line":16,"column":5}},"line":13},"3":{"name":"(anonymous_3)","decl":{"start":{"line":18,"column":2},"end":{"line":18,"column":3}},"loc":{"start":{"line":18,"column":30},"end":{"line":20,"column":3}},"line":18},"4":{"name":"(anonymous_4)","decl":{"start":{"line":21,"column":2},"end":{"line":21,"column":3}},"loc":{"start":{"line":21,"column":44},"end":{"line":33,"column":3}},"line":21},"5":{"name":"(anonymous_5)","decl":{"start":{"line":24,"column":21},"end":{"line":24,"column":22}},"loc":{"start":{"line":24,"column":39},"end":{"line":28,"column":5}},"line":24}},"branchMap":{"0":{"loc":{"start":{"line":25,"column":6},"end":{"line":27,"column":7}},"type":"if","locations":[{"start":{"line":25,"column":6},"end":{"line":27,"column":7}},{"start":{"line":25,"column":6},"end":{"line":27,"column":7}}],"line":25}},"s":{"0":4,"1":4,"2":0,"3":4,"4":0,"5":0,"6":0,"7":0,"8":0,"9":0,"10":0,"11":0,"12":0,"13":0,"14":0,"15":0,"16":0},"f":{"0":0,"1":0,"2":0,"3":0,"4":0,"5":0},"b":{"0":[0,0]},"_coverageSchema":"43e27e138ebf9cfc5966b082cf9a028302ed4184","hash":"a76ebb02bf869b7781942153f238fa681644d7bc"}
,"C:\\Users\\NITRO 5\\Downloads\\hei-admin-ui\\src\\providers\\profileProvider.ts": {"path":"C:\\Users\\NITRO 5\\Downloads\\hei-admin-ui\\src\\providers\\profileProvider.ts","statementMap":{"0":{"start":{"line":6,"column":44},"end":{"line":31,"column":1}},"1":{"start":{"line":8,"column":17},"end":{"line":8,"column":45}},"2":{"start":{"line":9,"column":4},"end":{"line":13,"column":5}},"3":{"start":{"line":10,"column":6},"end":{"line":12,"column":36}},"4":{"start":{"line":12,"column":24},"end":{"line":12,"column":35}},"5":{"start":{"line":14,"column":4},"end":{"line":18,"column":5}},"6":{"start":{"line":15,"column":6},"end":{"line":17,"column":36}},"7":{"start":{"line":17,"column":24},"end":{"line":17,"column":35}},"8":{"start":{"line":19,"column":4},"end":{"line":23,"column":5}},"9":{"start":{"line":20,"column":6},"end":{"line":22,"column":36}},"10":{"start":{"line":22,"column":24},"end":{"line":22,"column":35}},"11":{"start":{"line":26,"column":4},"end":{"line":26,"column":48}},"12":{"start":{"line":29,"column":4},"end":{"line":29,"column":48}}},"fnMap":{"0":{"name":"(anonymous_0)","decl":{"start":{"line":7,"column":2},"end":{"line":7,"column":3}},"loc":{"start":{"line":7,"column":27},"end":{"line":24,"column":3}},"line":7},"1":{"name":"(anonymous_1)","decl":{"start":{"line":12,"column":14},"end":{"line":12,"column":15}},"loc":{"start":{"line":12,"column":24},"end":{"line":12,"column":35}},"line":12},"2":{"name":"(anonymous_2)","decl":{"start":{"line":17,"column":14},"end":{"line":17,"column":15}},"loc":{"start":{"line":17,"column":24},"end":{"line":17,"column":35}},"line":17},"3":{"name":"(anonymous_3)","decl":{"start":{"line":22,"column":14},"end":{"line":22,"column":15}},"loc":{"start":{"line":22,"column":24},"end":{"line":22,"column":35}},"line":22},"4":{"name":"(anonymous_4)","decl":{"start":{"line":25,"column":11},"end":{"line":25,"column":12}},"loc":{"start":{"line":25,"column":81},"end":{"line":27,"column":3}},"line":25},"5":{"name":"(anonymous_5)","decl":{"start":{"line":28,"column":16},"end":{"line":28,"column":17}},"loc":{"start":{"line":28,"column":60},"end":{"line":30,"column":3}},"line":28}},"branchMap":{"0":{"loc":{"start":{"line":9,"column":4},"end":{"line":13,"column":5}},"type":"if","locations":[{"start":{"line":9,"column":4},"end":{"line":13,"column":5}},{"start":{"line":9,"column":4},"end":{"line":13,"column":5}}],"line":9},"1":{"loc":{"start":{"line":14,"column":4},"end":{"line":18,"column":5}},"type":"if","locations":[{"start":{"line":14,"column":4},"end":{"line":18,"column":5}},{"start":{"line":14,"column":4},"end":{"line":18,"column":5}}],"line":14},"2":{"loc":{"start":{"line":19,"column":4},"end":{"line":23,"column":5}},"type":"if","locations":[{"start":{"line":19,"column":4},"end":{"line":23,"column":5}},{"start":{"line":19,"column":4},"end":{"line":23,"column":5}}],"line":19}},"s":{"0":4,"1":9,"2":9,"3":9,"4":9,"5":0,"6":0,"7":0,"8":0,"9":0,"10":0,"11":0,"12":0},"f":{"0":9,"1":9,"2":0,"3":0,"4":0,"5":0},"b":{"0":[9,0],"1":[0,0],"2":[0,0]},"_coverageSchema":"43e27e138ebf9cfc5966b082cf9a028302ed4184","hash":"8028bc42e3a425d9f4dc50b3dd58d164a39e52fb"}
,"C:\\Users\\NITRO 5\\Downloads\\hei-admin-ui\\src\\providers\\studentProvider.ts": {"path":"C:\\Users\\NITRO 5\\Downloads\\hei-admin-ui\\src\\providers\\studentProvider.ts","statementMap":{"0":{"start":{"line":5,"column":44},"end":{"line":28,"column":1}},"1":{"start":{"line":7,"column":19},"end":{"line":7,"column":111}},"2":{"start":{"line":8,"column":4},"end":{"line":8,"column":22}},"3":{"start":{"line":11,"column":19},"end":{"line":11,"column":54}},"4":{"start":{"line":12,"column":4},"end":{"line":12,"column":22}},"5":{"start":{"line":15,"column":4},"end":{"line":26,"column":5}},"6":{"start":{"line":17,"column":30},"end":{"line":17,"column":40}},"7":{"start":{"line":18,"column":6},"end":{"line":18,"column":62}},"8":{"start":{"line":19,"column":32},"end":{"line":19,"column":89}},"9":{"start":{"line":20,"column":6},"end":{"line":20,"column":92}},"10":{"start":{"line":21,"column":6},"end":{"line":21,"column":30}},"11":{"start":{"line":24,"column":21},"end":{"line":24,"column":69}},"12":{"start":{"line":25,"column":6},"end":{"line":25,"column":24}}},"fnMap":{"0":{"name":"(anonymous_0)","decl":{"start":{"line":6,"column":2},"end":{"line":6,"column":3}},"loc":{"start":{"line":6,"column":60},"end":{"line":9,"column":3}},"line":6},"1":{"name":"(anonymous_1)","decl":{"start":{"line":10,"column":2},"end":{"line":10,"column":3}},"loc":{"start":{"line":10,"column":27},"end":{"line":13,"column":3}},"line":10},"2":{"name":"(anonymous_2)","decl":{"start":{"line":14,"column":2},"end":{"line":14,"column":3}},"loc":{"start":{"line":14,"column":35},"end":{"line":27,"column":3}},"line":14}},"branchMap":{"0":{"loc":{"start":{"line":15,"column":4},"end":{"line":26,"column":5}},"type":"if","locations":[{"start":{"line":15,"column":4},"end":{"line":26,"column":5}},{"start":{"line":15,"column":4},"end":{"line":26,"column":5}}],"line":15},"1":{"loc":{"start":{"line":20,"column":6},"end":{"line":20,"column":92}},"type":"binary-expr","locations":[{"start":{"line":20,"column":6},"end":{"line":20,"column":23}},{"start":{"line":20,"column":28},"end":{"line":20,"column":91}}],"line":20}},"s":{"0":4,"1":0,"2":0,"3":0,"4":0,"5":0,"6":0,"7":0,"8":0,"9":0,"10":0,"11":0,"12":0},"f":{"0":0,"1":0,"2":0},"b":{"0":[0,0],"1":[0,0]},"_coverageSchema":"43e27e138ebf9cfc5966b082cf9a028302ed4184","hash":"2b54b29371f1d62d13c45154a7e459537bdc9e30"}
,"C:\\Users\\NITRO 5\\Downloads\\hei-admin-ui\\src\\providers\\teacherProvider.ts": {"path":"C:\\Users\\NITRO 5\\Downloads\\hei-admin-ui\\src\\providers\\teacherProvider.ts","statementMap":{"0":{"start":{"line":4,"column":44},"end":{"line":17,"column":1}},"1":{"start":{"line":6,"column":19},"end":{"line":6,"column":111}},"2":{"start":{"line":7,"column":4},"end":{"line":7,"column":22}},"3":{"start":{"line":10,"column":19},"end":{"line":10,"column":54}},"4":{"start":{"line":11,"column":4},"end":{"line":11,"column":22}},"5":{"start":{"line":14,"column":19},"end":{"line":14,"column":65}},"6":{"start":{"line":15,"column":4},"end":{"line":15,"column":22}}},"fnMap":{"0":{"name":"(anonymous_0)","decl":{"start":{"line":5,"column":2},"end":{"line":5,"column":3}},"loc":{"start":{"line":5,"column":60},"end":{"line":8,"column":3}},"line":5},"1":{"name":"(anonymous_1)","decl":{"start":{"line":9,"column":2},"end":{"line":9,"column":3}},"loc":{"start":{"line":9,"column":27},"end":{"line":12,"column":3}},"line":9},"2":{"name":"(anonymous_2)","decl":{"start":{"line":13,"column":2},"end":{"line":13,"column":3}},"loc":{"start":{"line":13,"column":40},"end":{"line":16,"column":3}},"line":13}},"branchMap":{},"s":{"0":4,"1":0,"2":0,"3":0,"4":0,"5":0,"6":0},"f":{"0":0,"1":0,"2":0},"b":{},"_coverageSchema":"43e27e138ebf9cfc5966b082cf9a028302ed4184","hash":"2090d8082c52aabefa12e4f15d005630e37db700"}
,"C:\\Users\\NITRO 5\\Downloads\\hei-admin-ui\\src\\security\\CompletePasswordPage.js": {"path":"C:\\Users\\NITRO 5\\Downloads\\hei-admin-ui\\src\\security\\CompletePasswordPage.js","statementMap":{"0":{"start":{"line":5,"column":18},"end":{"line":52,"column":2}},"1":{"start":{"line":54,"column":20},"end":{"line":56,"column":1}},"2":{"start":{"line":55,"column":2},"end":{"line":55,"column":78}},"3":{"start":{"line":58,"column":29},"end":{"line":108,"column":1}},"4":{"start":{"line":59,"column":18},"end":{"line":59,"column":29}},"5":{"start":{"line":60,"column":34},"end":{"line":60,"column":44}},"6":{"start":{"line":61,"column":31},"end":{"line":73,"column":3}},"7":{"start":{"line":62,"column":17},"end":{"line":62,"column":36}},"8":{"start":{"line":63,"column":4},"end":{"line":71,"column":5}},"9":{"start":{"line":64,"column":6},"end":{"line":64,"column":18}},"10":{"start":{"line":65,"column":11},"end":{"line":71,"column":5}},"11":{"start":{"line":66,"column":6},"end":{"line":66,"column":18}},"12":{"start":{"line":67,"column":11},"end":{"line":71,"column":5}},"13":{"start":{"line":68,"column":6},"end":{"line":68,"column":18}},"14":{"start":{"line":69,"column":11},"end":{"line":71,"column":5}},"15":{"start":{"line":70,"column":6},"end":{"line":70,"column":18}},"16":{"start":{"line":72,"column":4},"end":{"line":72,"column":15}},"17":{"start":{"line":74,"column":23},"end":{"line":88,"column":3}},"18":{"start":{"line":75,"column":4},"end":{"line":75,"column":26}},"19":{"start":{"line":76,"column":24},"end":{"line":76,"column":65}},"20":{"start":{"line":77,"column":4},"end":{"line":87,"column":5}},"21":{"start":{"line":78,"column":6},"end":{"line":78,"column":53}},"22":{"start":{"line":79,"column":11},"end":{"line":87,"column":5}},"23":{"start":{"line":80,"column":6},"end":{"line":80,"column":55}},"24":{"start":{"line":81,"column":11},"end":{"line":87,"column":5}},"25":{"start":{"line":82,"column":6},"end":{"line":84,"column":7}},"26":{"start":{"line":86,"column":6},"end":{"line":86,"column":43}},"27":{"start":{"line":89,"column":2},"end":{"line":107,"column":3}},"28":{"start":{"line":96,"column":78},"end":{"line":96,"column":105}},"29":{"start":{"line":109,"column":29},"end":{"line":115,"column":1}},"30":{"start":{"line":110,"column":2},"end":{"line":114,"column":3}}},"fnMap":{"0":{"name":"(anonymous_0)","decl":{"start":{"line":54,"column":20},"end":{"line":54,"column":21}},"loc":{"start":{"line":54,"column":28},"end":{"line":56,"column":1}},"line":54},"1":{"name":"(anonymous_1)","decl":{"start":{"line":58,"column":29},"end":{"line":58,"column":30}},"loc":{"start":{"line":58,"column":35},"end":{"line":108,"column":1}},"line":58},"2":{"name":"(anonymous_2)","decl":{"start":{"line":61,"column":31},"end":{"line":61,"column":32}},"loc":{"start":{"line":61,"column":43},"end":{"line":73,"column":3}},"line":61},"3":{"name":"(anonymous_3)","decl":{"start":{"line":74,"column":23},"end":{"line":74,"column":24}},"loc":{"start":{"line":74,"column":32},"end":{"line":88,"column":3}},"line":74},"4":{"name":"(anonymous_4)","decl":{"start":{"line":96,"column":73},"end":{"line":96,"column":74}},"loc":{"start":{"line":96,"column":78},"end":{"line":96,"column":105}},"line":96},"5":{"name":"(anonymous_5)","decl":{"start":{"line":109,"column":29},"end":{"line":109,"column":30}},"loc":{"start":{"line":109,"column":35},"end":{"line":115,"column":1}},"line":109}},"branchMap":{"0":{"loc":{"start":{"line":63,"column":4},"end":{"line":71,"column":5}},"type":"if","locations":[{"start":{"line":63,"column":4},"end":{"line":71,"column":5}},{"start":{"line":63,"column":4},"end":{"line":71,"column":5}}],"line":63},"1":{"loc":{"start":{"line":65,"column":11},"end":{"line":71,"column":5}},"type":"if","locations":[{"start":{"line":65,"column":11},"end":{"line":71,"column":5}},{"start":{"line":65,"column":11},"end":{"line":71,"column":5}}],"line":65},"2":{"loc":{"start":{"line":67,"column":11},"end":{"line":71,"column":5}},"type":"if","locations":[{"start":{"line":67,"column":11},"end":{"line":71,"column":5}},{"start":{"line":67,"column":11},"end":{"line":71,"column":5}}],"line":67},"3":{"loc":{"start":{"line":69,"column":11},"end":{"line":71,"column":5}},"type":"if","locations":[{"start":{"line":69,"column":11},"end":{"line":71,"column":5}},{"start":{"line":69,"column":11},"end":{"line":71,"column":5}}],"line":69},"4":{"loc":{"start":{"line":77,"column":4},"end":{"line":87,"column":5}},"type":"if","locations":[{"start":{"line":77,"column":4},"end":{"line":87,"column":5}},{"start":{"line":77,"column":4},"end":{"line":87,"column":5}}],"line":77},"5":{"loc":{"start":{"line":79,"column":11},"end":{"line":87,"column":5}},"type":"if","locations":[{"start":{"line":79,"column":11},"end":{"line":87,"column":5}},{"start":{"line":79,"column":11},"end":{"line":87,"column":5}}],"line":79},"6":{"loc":{"start":{"line":81,"column":11},"end":{"line":87,"column":5}},"type":"if","locations":[{"start":{"line":81,"column":11},"end":{"line":87,"column":5}},{"start":{"line":81,"column":11},"end":{"line":87,"column":5}}],"line":81}},"s":{"0":4,"1":4,"2":0,"3":4,"4":0,"5":0,"6":0,"7":0,"8":0,"9":0,"10":0,"11":0,"12":0,"13":0,"14":0,"15":0,"16":0,"17":0,"18":0,"19":0,"20":0,"21":0,"22":0,"23":0,"24":0,"25":0,"26":0,"27":0,"28":0,"29":4,"30":0},"f":{"0":0,"1":0,"2":0,"3":0,"4":0,"5":0},"b":{"0":[0,0],"1":[0,0],"2":[0,0],"3":[0,0],"4":[0,0],"5":[0,0],"6":[0,0]},"_coverageSchema":"43e27e138ebf9cfc5966b082cf9a028302ed4184","hash":"3085969d49816b37b047fdb306b65335e9577f4d"}
,"C:\\Users\\NITRO 5\\Downloads\\hei-admin-ui\\src\\security\\LoginPage.js": {"path":"C:\\Users\\NITRO 5\\Downloads\\hei-admin-ui\\src\\security\\LoginPage.js","statementMap":{"0":{"start":{"line":7,"column":14},"end":{"line":34,"column":1}},"1":{"start":{"line":8,"column":19},"end":{"line":8,"column":91}},"2":{"start":{"line":9,"column":2},"end":{"line":33,"column":3}},"3":{"start":{"line":36,"column":20},"end":{"line":91,"column":1}},"4":{"start":{"line":37,"column":22},"end":{"line":37,"column":80}},"5":{"start":{"line":38,"column":26},"end":{"line":38,"column":103}},"6":{"start":{"line":38,"column":32},"end":{"line":38,"column":103}},"7":{"start":{"line":39,"column":37},"end":{"line":39,"column":106}},"8":{"start":{"line":39,"column":43},"end":{"line":39,"column":106}},"9":{"start":{"line":40,"column":34},"end":{"line":40,"column":131}},"10":{"start":{"line":40,"column":41},"end":{"line":40,"column":130}},"11":{"start":{"line":42,"column":2},"end":{"line":90,"column":3}}},"fnMap":{"0":{"name":"(anonymous_0)","decl":{"start":{"line":7,"column":14},"end":{"line":7,"column":15}},"loc":{"start":{"line":7,"column":71},"end":{"line":34,"column":1}},"line":7},"1":{"name":"(anonymous_1)","decl":{"start":{"line":36,"column":20},"end":{"line":36,"column":21}},"loc":{"start":{"line":36,"column":26},"end":{"line":91,"column":1}},"line":36},"2":{"name":"(anonymous_2)","decl":{"start":{"line":38,"column":26},"end":{"line":38,"column":27}},"loc":{"start":{"line":38,"column":32},"end":{"line":38,"column":103}},"line":38},"3":{"name":"(anonymous_3)","decl":{"start":{"line":39,"column":37},"end":{"line":39,"column":38}},"loc":{"start":{"line":39,"column":43},"end":{"line":39,"column":106}},"line":39},"4":{"name":"(anonymous_4)","decl":{"start":{"line":40,"column":34},"end":{"line":40,"column":35}},"loc":{"start":{"line":40,"column":41},"end":{"line":40,"column":130}},"line":40}},"branchMap":{"0":{"loc":{"start":{"line":40,"column":41},"end":{"line":40,"column":130}},"type":"cond-expr","locations":[{"start":{"line":40,"column":78},"end":{"line":40,"column":108}},{"start":{"line":40,"column":111},"end":{"line":40,"column":130}}],"line":40},"1":{"loc":{"start":{"line":54,"column":7},"end":{"line":88,"column":7}},"type":"cond-expr","locations":[{"start":{"line":55,"column":8},"end":{"line":85,"column":15}},{"start":{"line":87,"column":8},"end":{"line":87,"column":35}}],"line":54}},"s":{"0":4,"1":0,"2":0,"3":4,"4":9,"5":9,"6":9,"7":9,"8":0,"9":9,"10":9,"11":9},"f":{"0":0,"1":9,"2":9,"3":0,"4":9},"b":{"0":[0,9],"1":[0,9]},"_coverageSchema":"43e27e138ebf9cfc5966b082cf9a028302ed4184","hash":"1438381b629c23f21eb095ec42c047b62d904e3e"}
,"C:\\Users\\NITRO 5\\Downloads\\hei-admin-ui\\src\\security\\permissions.ts": {"path":"C:\\Users\\NITRO 5\\Downloads\\hei-admin-ui\\src\\security\\permissions.ts","statementMap":{"0":{"start":{"line":3,"column":30},"end":{"line":32,"column":1}},"1":{"start":{"line":4,"column":19},"end":{"line":4,"column":52}},"2":{"start":{"line":6,"column":28},"end":{"line":6,"column":72}},"3":{"start":{"line":7,"column":28},"end":{"line":7,"column":60}},"4":{"start":{"line":9,"column":26},"end":{"line":30,"column":3}},"5":{"start":{"line":31,"column":2},"end":{"line":31,"column":62}}},"fnMap":{"0":{"name":"(anonymous_0)","decl":{"start":{"line":3,"column":30},"end":{"line":3,"column":31}},"loc":{"start":{"line":3,"column":48},"end":{"line":32,"column":1}},"line":3}},"branchMap":{},"s":{"0":4,"1":18,"2":18,"3":18,"4":18,"5":18},"f":{"0":18},"b":{},"_coverageSchema":"43e27e138ebf9cfc5966b082cf9a028302ed4184","hash":"4a8138d2dea5453bd1d0eb2ad95f15b33c721cd2"}
}
