{"/home/jonatana/Documents/hei-admin-ui/src/App.js": {"path":"/home/jonatana/Documents/hei-admin-ui/src/App.js","statementMap":{"0":{"start":{"line":24,"column":18},"end":{"line":24,"column":74}},"1":{"start":{"line":24,"column":35},"end":{"line":24,"column":73}},"2":{"start":{"line":25,"column":12},"end":{"line":64,"column":1}},"3":{"start":{"line":26,"column":2},"end":{"line":63,"column":10}},"4":{"start":{"line":30,"column":45},"end":{"line":30,"column":59}}},"fnMap":{"0":{"name":"(anonymous_0)","decl":{"start":{"line":24,"column":29},"end":{"line":24,"column":30}},"loc":{"start":{"line":24,"column":35},"end":{"line":24,"column":73}},"line":24},"1":{"name":"(anonymous_1)","decl":{"start":{"line":25,"column":12},"end":{"line":25,"column":13}},"loc":{"start":{"line":26,"column":2},"end":{"line":63,"column":10}},"line":26},"2":{"name":"(anonymous_2)","decl":{"start":{"line":30,"column":39},"end":{"line":30,"column":40}},"loc":{"start":{"line":30,"column":45},"end":{"line":30,"column":59}},"line":30}},"branchMap":{},"s":{"0":65,"1":0,"2":65,"3":216,"4":216},"f":{"0":0,"1":216,"2":216},"b":{},"_coverageSchema":"43e27e138ebf9cfc5966b082cf9a028302ed4184","hash":"02ae60a854a362837dad2ee2b94e31844e05d40e"}
,"/home/jonatana/Documents/hei-admin-ui/src/HaAppBar.js": {"path":"/home/jonatana/Documents/hei-admin-ui/src/HaAppBar.js","statementMap":{"0":{"start":{"line":6,"column":17},"end":{"line":18,"column":1}},"1":{"start":{"line":7,"column":17},"end":{"line":10,"column":3}},"2":{"start":{"line":8,"column":4},"end":{"line":8,"column":25}},"3":{"start":{"line":9,"column":4},"end":{"line":9,"column":28}},"4":{"start":{"line":11,"column":2},"end":{"line":17,"column":3}},"5":{"start":{"line":20,"column":17},"end":{"line":27,"column":1}},"6":{"start":{"line":21,"column":2},"end":{"line":26,"column":3}}},"fnMap":{"0":{"name":"(anonymous_0)","decl":{"start":{"line":6,"column":17},"end":{"line":6,"column":18}},"loc":{"start":{"line":6,"column":23},"end":{"line":18,"column":1}},"line":6},"1":{"name":"(anonymous_1)","decl":{"start":{"line":7,"column":17},"end":{"line":7,"column":18}},"loc":{"start":{"line":7,"column":23},"end":{"line":10,"column":3}},"line":7},"2":{"name":"(anonymous_2)","decl":{"start":{"line":20,"column":17},"end":{"line":20,"column":18}},"loc":{"start":{"line":20,"column":26},"end":{"line":27,"column":1}},"line":20}},"branchMap":{},"s":{"0":65,"1":0,"2":0,"3":0,"4":0,"5":65,"6":0},"f":{"0":0,"1":0,"2":0},"b":{},"_coverageSchema":"43e27e138ebf9cfc5966b082cf9a028302ed4184","hash":"d65f6d56c39d1a6854a1b412c260ad1791206283"}
,"/home/jonatana/Documents/hei-admin-ui/src/HaLayout.js": {"path":"/home/jonatana/Documents/hei-admin-ui/src/HaLayout.js","statementMap":{"0":{"start":{"line":8,"column":17},"end":{"line":12,"column":1}},"1":{"start":{"line":9,"column":2},"end":{"line":11,"column":23}}},"fnMap":{"0":{"name":"(anonymous_0)","decl":{"start":{"line":8,"column":17},"end":{"line":8,"column":18}},"loc":{"start":{"line":9,"column":2},"end":{"line":11,"column":23}},"line":9}},"branchMap":{},"s":{"0":65,"1":0},"f":{"0":0},"b":{},"_coverageSchema":"43e27e138ebf9cfc5966b082cf9a028302ed4184","hash":"bd91adc73dedac4598073a436e9a810a53198c28"}
,"/home/jonatana/Documents/hei-admin-ui/src/MyBreadcrumb.js": {"path":"/home/jonatana/Documents/hei-admin-ui/src/MyBreadcrumb.js","statementMap":{"0":{"start":{"line":5,"column":28},"end":{"line":44,"column":1}},"1":{"start":{"line":6,"column":38},"end":{"line":6,"column":53}},"2":{"start":{"line":7,"column":26},"end":{"line":21,"column":3}},"3":{"start":{"line":8,"column":4},"end":{"line":19,"column":5}},"4":{"start":{"line":9,"column":6},"end":{"line":18,"column":7}},"5":{"start":{"line":10,"column":8},"end":{"line":10,"column":40}},"6":{"start":{"line":12,"column":25},"end":{"line":15,"column":9}},"7":{"start":{"line":13,"column":26},"end":{"line":13,"column":90}},"8":{"start":{"line":14,"column":10},"end":{"line":14,"column":41}},"9":{"start":{"line":16,"column":8},"end":{"line":16,"column":18}},"10":{"start":{"line":17,"column":8},"end":{"line":17,"column":40}},"11":{"start":{"line":20,"column":4},"end":{"line":20,"column":31}},"12":{"start":{"line":23,"column":2},"end":{"line":43,"column":3}}},"fnMap":{"0":{"name":"(anonymous_0)","decl":{"start":{"line":5,"column":28},"end":{"line":5,"column":29}},"loc":{"start":{"line":5,"column":34},"end":{"line":44,"column":1}},"line":5},"1":{"name":"(anonymous_1)","decl":{"start":{"line":7,"column":26},"end":{"line":7,"column":27}},"loc":{"start":{"line":7,"column":42},"end":{"line":21,"column":3}},"line":7},"2":{"name":"(anonymous_2)","decl":{"start":{"line":12,"column":25},"end":{"line":12,"column":26}},"loc":{"start":{"line":12,"column":37},"end":{"line":15,"column":9}},"line":12}},"branchMap":{"0":{"loc":{"start":{"line":8,"column":4},"end":{"line":19,"column":5}},"type":"if","locations":[{"start":{"line":8,"column":4},"end":{"line":19,"column":5}},{"start":{"line":8,"column":4},"end":{"line":19,"column":5}}],"line":8},"1":{"loc":{"start":{"line":9,"column":6},"end":{"line":18,"column":7}},"type":"if","locations":[{"start":{"line":9,"column":6},"end":{"line":18,"column":7}},{"start":{"line":9,"column":6},"end":{"line":18,"column":7}}],"line":9}},"s":{"0":65,"1":0,"2":0,"3":0,"4":0,"5":0,"6":0,"7":0,"8":0,"9":0,"10":0,"11":0,"12":0},"f":{"0":0,"1":0,"2":0},"b":{"0":[0,0],"1":[0,0]},"_coverageSchema":"43e27e138ebf9cfc5966b082cf9a028302ed4184","hash":"ec070cd7f911f51079557f4744198b015ed67752"}
,"/home/jonatana/Documents/hei-admin-ui/src/aws-exports.js": {"path":"/home/jonatana/Documents/hei-admin-ui/src/aws-exports.js","statementMap":{"0":{"start":{"line":4,"column":18},"end":{"line":33,"column":1}}},"fnMap":{},"branchMap":{},"s":{"0":65},"f":{},"b":{},"_coverageSchema":"43e27e138ebf9cfc5966b082cf9a028302ed4184","hash":"de4edec03e2bab6153bb4d876257a854f4f2cf2b"}
,"/home/jonatana/Documents/hei-admin-ui/src/conf.js": {"path":"/home/jonatana/Documents/hei-admin-ui/src/conf.js","statementMap":{"0":{"start":{"line":1,"column":27},"end":{"line":1,"column":31}},"1":{"start":{"line":3,"column":28},"end":{"line":3,"column":48}},"2":{"start":{"line":5,"column":34},"end":{"line":32,"column":1}},"3":{"start":{"line":33,"column":30},"end":{"line":36,"column":1}},"4":{"start":{"line":38,"column":39},"end":{"line":42,"column":1}},"5":{"start":{"line":44,"column":28},"end":{"line":47,"column":1}}},"fnMap":{},"branchMap":{},"s":{"0":65,"1":65,"2":65,"3":65,"4":65,"5":65},"f":{},"b":{},"_coverageSchema":"43e27e138ebf9cfc5966b082cf9a028302ed4184","hash":"f2809a71151ec06a8f1d91ef4646fd04a81ac02d"}
,"/home/jonatana/Documents/hei-admin-ui/src/haTheme.js": {"path":"/home/jonatana/Documents/hei-admin-ui/src/haTheme.js","statementMap":{"0":{"start":{"line":4,"column":25},"end":{"line":18,"column":2}}},"fnMap":{},"branchMap":{},"s":{"0":65},"f":{},"b":{},"_coverageSchema":"43e27e138ebf9cfc5966b082cf9a028302ed4184","hash":"51848bcb0a9a50dd1a8498b3d09bbac98777bc39"}
,"/home/jonatana/Documents/hei-admin-ui/src/gen/haClient/api.ts": {"path":"/home/jonatana/Documents/hei-admin-ui/src/gen/haClient/api.ts","statementMap":{"0":{"start":{"line":124,"column":60},"end":{"line":126,"column":10}},"1":{"start":{"line":169,"column":33},"end":{"line":172,"column":10}},"2":{"start":{"line":250,"column":61},"end":{"line":253,"column":10}},"3":{"start":{"line":284,"column":37},"end":{"line":289,"column":10}},"4":{"start":{"line":337,"column":48},"end":{"line":339,"column":10}},"5":{"start":{"line":349,"column":28},"end":{"line":352,"column":10}},"6":{"start":{"line":443,"column":29},"end":{"line":447,"column":10}},"7":{"start":{"line":450,"column":27},"end":{"line":453,"column":10}},"8":{"start":{"line":581,"column":30},"end":{"line":584,"column":10}},"9":{"start":{"line":651,"column":31},"end":{"line":656,"column":10}},"10":{"start":{"line":753,"column":30},"end":{"line":756,"column":10}},"11":{"start":{"line":834,"column":30},"end":{"line":837,"column":10}},"12":{"start":{"line":945,"column":27},"end":{"line":948,"column":10}},"13":{"start":{"line":1000,"column":30},"end":{"line":1004,"column":10}},"14":{"start":{"line":1012,"column":42},"end":{"line":1370,"column":1}},"15":{"start":{"line":1013,"column":2},"end":{"line":1369,"column":3}},"16":{"start":{"line":1023,"column":6},"end":{"line":1023,"column":105}},"17":{"start":{"line":1024,"column":27},"end":{"line":1024,"column":50}},"18":{"start":{"line":1026,"column":29},"end":{"line":1026,"column":66}},"19":{"start":{"line":1028,"column":6},"end":{"line":1030,"column":7}},"20":{"start":{"line":1029,"column":8},"end":{"line":1029,"column":47}},"21":{"start":{"line":1032,"column":37},"end":{"line":1032,"column":83}},"22":{"start":{"line":1033,"column":38},"end":{"line":1033,"column":47}},"23":{"start":{"line":1034,"column":37},"end":{"line":1034,"column":46}},"24":{"start":{"line":1038,"column":6},"end":{"line":1038,"column":73}},"25":{"start":{"line":1040,"column":6},"end":{"line":1040,"column":66}},"26":{"start":{"line":1042,"column":6},"end":{"line":1042,"column":61}},"27":{"start":{"line":1043,"column":35},"end":{"line":1043,"column":96}},"28":{"start":{"line":1044,"column":6},"end":{"line":1044,"column":116}},"29":{"start":{"line":1045,"column":6},"end":{"line":1045,"column":122}},"30":{"start":{"line":1047,"column":6},"end":{"line":1050,"column":7}},"31":{"start":{"line":1062,"column":6},"end":{"line":1062,"column":68}},"32":{"start":{"line":1064,"column":6},"end":{"line":1064,"column":68}},"33":{"start":{"line":1065,"column":27},"end":{"line":1065,"column":124}},"34":{"start":{"line":1067,"column":29},"end":{"line":1067,"column":66}},"35":{"start":{"line":1069,"column":6},"end":{"line":1071,"column":7}},"36":{"start":{"line":1070,"column":8},"end":{"line":1070,"column":47}},"37":{"start":{"line":1073,"column":37},"end":{"line":1073,"column":83}},"38":{"start":{"line":1074,"column":38},"end":{"line":1074,"column":47}},"39":{"start":{"line":1075,"column":37},"end":{"line":1075,"column":46}},"40":{"start":{"line":1079,"column":6},"end":{"line":1079,"column":73}},"41":{"start":{"line":1081,"column":6},"end":{"line":1081,"column":66}},"42":{"start":{"line":1083,"column":6},"end":{"line":1083,"column":61}},"43":{"start":{"line":1084,"column":35},"end":{"line":1084,"column":96}},"44":{"start":{"line":1085,"column":6},"end":{"line":1085,"column":116}},"45":{"start":{"line":1086,"column":6},"end":{"line":1086,"column":107}},"46":{"start":{"line":1088,"column":6},"end":{"line":1091,"column":7}},"47":{"start":{"line":1109,"column":6},"end":{"line":1109,"column":72}},"48":{"start":{"line":1111,"column":6},"end":{"line":1111,"column":64}},"49":{"start":{"line":1113,"column":6},"end":{"line":1113,"column":80}},"50":{"start":{"line":1114,"column":27},"end":{"line":1116,"column":68}},"51":{"start":{"line":1118,"column":29},"end":{"line":1118,"column":66}},"52":{"start":{"line":1120,"column":6},"end":{"line":1122,"column":7}},"53":{"start":{"line":1121,"column":8},"end":{"line":1121,"column":47}},"54":{"start":{"line":1124,"column":37},"end":{"line":1124,"column":83}},"55":{"start":{"line":1125,"column":38},"end":{"line":1125,"column":47}},"56":{"start":{"line":1126,"column":37},"end":{"line":1126,"column":46}},"57":{"start":{"line":1130,"column":6},"end":{"line":1130,"column":73}},"58":{"start":{"line":1132,"column":6},"end":{"line":1132,"column":66}},"59":{"start":{"line":1134,"column":6},"end":{"line":1134,"column":61}},"60":{"start":{"line":1135,"column":35},"end":{"line":1135,"column":96}},"61":{"start":{"line":1136,"column":6},"end":{"line":1136,"column":116}},"62":{"start":{"line":1137,"column":6},"end":{"line":1137,"column":111}},"63":{"start":{"line":1139,"column":6},"end":{"line":1142,"column":7}},"64":{"start":{"line":1151,"column":27},"end":{"line":1151,"column":43}},"65":{"start":{"line":1153,"column":29},"end":{"line":1153,"column":66}},"66":{"start":{"line":1155,"column":6},"end":{"line":1157,"column":7}},"67":{"start":{"line":1156,"column":8},"end":{"line":1156,"column":47}},"68":{"start":{"line":1159,"column":37},"end":{"line":1159,"column":82}},"69":{"start":{"line":1160,"column":38},"end":{"line":1160,"column":47}},"70":{"start":{"line":1161,"column":37},"end":{"line":1161,"column":46}},"71":{"start":{"line":1165,"column":6},"end":{"line":1165,"column":73}},"72":{"start":{"line":1167,"column":6},"end":{"line":1167,"column":61}},"73":{"start":{"line":1168,"column":35},"end":{"line":1168,"column":96}},"74":{"start":{"line":1169,"column":6},"end":{"line":1169,"column":116}},"75":{"start":{"line":1171,"column":6},"end":{"line":1174,"column":7}},"76":{"start":{"line":1186,"column":27},"end":{"line":1186,"column":34}},"77":{"start":{"line":1188,"column":29},"end":{"line":1188,"column":66}},"78":{"start":{"line":1190,"column":6},"end":{"line":1192,"column":7}},"79":{"start":{"line":1191,"column":8},"end":{"line":1191,"column":47}},"80":{"start":{"line":1194,"column":37},"end":{"line":1194,"column":82}},"81":{"start":{"line":1195,"column":38},"end":{"line":1195,"column":47}},"82":{"start":{"line":1196,"column":37},"end":{"line":1196,"column":46}},"83":{"start":{"line":1200,"column":6},"end":{"line":1200,"column":73}},"84":{"start":{"line":1202,"column":6},"end":{"line":1204,"column":7}},"85":{"start":{"line":1203,"column":8},"end":{"line":1203,"column":49}},"86":{"start":{"line":1206,"column":6},"end":{"line":1208,"column":7}},"87":{"start":{"line":1207,"column":8},"end":{"line":1207,"column":45}},"88":{"start":{"line":1210,"column":6},"end":{"line":1212,"column":7}},"89":{"start":{"line":1211,"column":8},"end":{"line":1211,"column":54}},"90":{"start":{"line":1214,"column":6},"end":{"line":1214,"column":61}},"91":{"start":{"line":1215,"column":35},"end":{"line":1215,"column":96}},"92":{"start":{"line":1216,"column":6},"end":{"line":1216,"column":116}},"93":{"start":{"line":1218,"column":6},"end":{"line":1221,"column":7}},"94":{"start":{"line":1233,"column":6},"end":{"line":1233,"column":68}},"95":{"start":{"line":1235,"column":6},"end":{"line":1235,"column":60}},"96":{"start":{"line":1236,"column":27},"end":{"line":1238,"column":68}},"97":{"start":{"line":1240,"column":29},"end":{"line":1240,"column":66}},"98":{"start":{"line":1242,"column":6},"end":{"line":1244,"column":7}},"99":{"start":{"line":1243,"column":8},"end":{"line":1243,"column":47}},"100":{"start":{"line":1246,"column":37},"end":{"line":1246,"column":82}},"101":{"start":{"line":1247,"column":38},"end":{"line":1247,"column":47}},"102":{"start":{"line":1248,"column":37},"end":{"line":1248,"column":46}},"103":{"start":{"line":1252,"column":6},"end":{"line":1252,"column":73}},"104":{"start":{"line":1254,"column":6},"end":{"line":1254,"column":61}},"105":{"start":{"line":1255,"column":35},"end":{"line":1255,"column":96}},"106":{"start":{"line":1256,"column":6},"end":{"line":1256,"column":116}},"107":{"start":{"line":1258,"column":6},"end":{"line":1261,"column":7}},"108":{"start":{"line":1281,"column":6},"end":{"line":1281,"column":65}},"109":{"start":{"line":1282,"column":27},"end":{"line":1282,"column":124}},"110":{"start":{"line":1284,"column":29},"end":{"line":1284,"column":66}},"111":{"start":{"line":1286,"column":6},"end":{"line":1288,"column":7}},"112":{"start":{"line":1287,"column":8},"end":{"line":1287,"column":47}},"113":{"start":{"line":1290,"column":37},"end":{"line":1290,"column":82}},"114":{"start":{"line":1291,"column":38},"end":{"line":1291,"column":47}},"115":{"start":{"line":1292,"column":37},"end":{"line":1292,"column":46}},"116":{"start":{"line":1296,"column":6},"end":{"line":1296,"column":73}},"117":{"start":{"line":1298,"column":6},"end":{"line":1300,"column":7}},"118":{"start":{"line":1299,"column":8},"end":{"line":1299,"column":45}},"119":{"start":{"line":1302,"column":6},"end":{"line":1304,"column":7}},"120":{"start":{"line":1303,"column":8},"end":{"line":1303,"column":54}},"121":{"start":{"line":1306,"column":6},"end":{"line":1308,"column":7}},"122":{"start":{"line":1307,"column":8},"end":{"line":1307,"column":49}},"123":{"start":{"line":1310,"column":6},"end":{"line":1310,"column":61}},"124":{"start":{"line":1311,"column":35},"end":{"line":1311,"column":96}},"125":{"start":{"line":1312,"column":6},"end":{"line":1312,"column":116}},"126":{"start":{"line":1314,"column":6},"end":{"line":1317,"column":7}},"127":{"start":{"line":1331,"column":6},"end":{"line":1331,"column":69}},"128":{"start":{"line":1333,"column":6},"end":{"line":1333,"column":61}},"129":{"start":{"line":1334,"column":27},"end":{"line":1336,"column":68}},"130":{"start":{"line":1338,"column":29},"end":{"line":1338,"column":66}},"131":{"start":{"line":1340,"column":6},"end":{"line":1342,"column":7}},"132":{"start":{"line":1341,"column":8},"end":{"line":1341,"column":47}},"133":{"start":{"line":1344,"column":37},"end":{"line":1344,"column":82}},"134":{"start":{"line":1345,"column":38},"end":{"line":1345,"column":47}},"135":{"start":{"line":1346,"column":37},"end":{"line":1346,"column":46}},"136":{"start":{"line":1350,"column":6},"end":{"line":1350,"column":73}},"137":{"start":{"line":1352,"column":6},"end":{"line":1354,"column":7}},"138":{"start":{"line":1353,"column":8},"end":{"line":1353,"column":45}},"139":{"start":{"line":1356,"column":6},"end":{"line":1358,"column":7}},"140":{"start":{"line":1357,"column":8},"end":{"line":1357,"column":54}},"141":{"start":{"line":1360,"column":6},"end":{"line":1360,"column":61}},"142":{"start":{"line":1361,"column":35},"end":{"line":1361,"column":96}},"143":{"start":{"line":1362,"column":6},"end":{"line":1362,"column":116}},"144":{"start":{"line":1364,"column":6},"end":{"line":1367,"column":7}},"145":{"start":{"line":1376,"column":27},"end":{"line":1512,"column":1}},"146":{"start":{"line":1377,"column":36},"end":{"line":1377,"column":77}},"147":{"start":{"line":1378,"column":2},"end":{"line":1511,"column":3}},"148":{"start":{"line":1390,"column":32},"end":{"line":1390,"column":123}},"149":{"start":{"line":1391,"column":6},"end":{"line":1391,"column":92}},"150":{"start":{"line":1406,"column":32},"end":{"line":1406,"column":112}},"151":{"start":{"line":1407,"column":6},"end":{"line":1407,"column":92}},"152":{"start":{"line":1424,"column":32},"end":{"line":1424,"column":127}},"153":{"start":{"line":1425,"column":6},"end":{"line":1425,"column":92}},"154":{"start":{"line":1434,"column":32},"end":{"line":1434,"column":88}},"155":{"start":{"line":1435,"column":6},"end":{"line":1435,"column":92}},"156":{"start":{"line":1452,"column":32},"end":{"line":1452,"column":104}},"157":{"start":{"line":1453,"column":6},"end":{"line":1453,"column":92}},"158":{"start":{"line":1468,"column":32},"end":{"line":1468,"column":108}},"159":{"start":{"line":1469,"column":6},"end":{"line":1469,"column":92}},"160":{"start":{"line":1488,"column":32},"end":{"line":1488,"column":122}},"161":{"start":{"line":1489,"column":6},"end":{"line":1489,"column":92}},"162":{"start":{"line":1508,"column":32},"end":{"line":1508,"column":125}},"163":{"start":{"line":1509,"column":6},"end":{"line":1509,"column":92}},"164":{"start":{"line":1518,"column":32},"end":{"line":1613,"column":1}},"165":{"start":{"line":1519,"column":21},"end":{"line":1519,"column":47}},"166":{"start":{"line":1520,"column":2},"end":{"line":1612,"column":3}},"167":{"start":{"line":1529,"column":6},"end":{"line":1529,"column":125}},"168":{"start":{"line":1529,"column":100},"end":{"line":1529,"column":124}},"169":{"start":{"line":1540,"column":6},"end":{"line":1540,"column":114}},"170":{"start":{"line":1540,"column":89},"end":{"line":1540,"column":113}},"171":{"start":{"line":1552,"column":6},"end":{"line":1552,"column":129}},"172":{"start":{"line":1552,"column":104},"end":{"line":1552,"column":128}},"173":{"start":{"line":1561,"column":6},"end":{"line":1561,"column":90}},"174":{"start":{"line":1561,"column":65},"end":{"line":1561,"column":89}},"175":{"start":{"line":1573,"column":6},"end":{"line":1573,"column":106}},"176":{"start":{"line":1573,"column":81},"end":{"line":1573,"column":105}},"177":{"start":{"line":1584,"column":6},"end":{"line":1584,"column":110}},"178":{"start":{"line":1584,"column":85},"end":{"line":1584,"column":109}},"179":{"start":{"line":1597,"column":6},"end":{"line":1597,"column":124}},"180":{"start":{"line":1597,"column":99},"end":{"line":1597,"column":123}},"181":{"start":{"line":1610,"column":6},"end":{"line":1610,"column":127}},"182":{"start":{"line":1610,"column":102},"end":{"line":1610,"column":126}},"183":{"start":{"line":1631,"column":4},"end":{"line":1633,"column":58}},"184":{"start":{"line":1633,"column":23},"end":{"line":1633,"column":57}},"185":{"start":{"line":1646,"column":4},"end":{"line":1648,"column":58}},"186":{"start":{"line":1648,"column":23},"end":{"line":1648,"column":57}},"187":{"start":{"line":1662,"column":4},"end":{"line":1664,"column":58}},"188":{"start":{"line":1664,"column":23},"end":{"line":1664,"column":57}},"189":{"start":{"line":1675,"column":4},"end":{"line":1677,"column":58}},"190":{"start":{"line":1677,"column":23},"end":{"line":1677,"column":57}},"191":{"start":{"line":1691,"column":4},"end":{"line":1693,"column":58}},"192":{"start":{"line":1693,"column":23},"end":{"line":1693,"column":57}},"193":{"start":{"line":1706,"column":4},"end":{"line":1708,"column":58}},"194":{"start":{"line":1708,"column":23},"end":{"line":1708,"column":57}},"195":{"start":{"line":1723,"column":4},"end":{"line":1725,"column":58}},"196":{"start":{"line":1725,"column":23},"end":{"line":1725,"column":57}},"197":{"start":{"line":1740,"column":4},"end":{"line":1742,"column":58}},"198":{"start":{"line":1742,"column":23},"end":{"line":1742,"column":57}},"199":{"start":{"line":1750,"column":44},"end":{"line":1817,"column":1}},"200":{"start":{"line":1751,"column":2},"end":{"line":1816,"column":3}},"201":{"start":{"line":1759,"column":27},"end":{"line":1759,"column":34}},"202":{"start":{"line":1761,"column":29},"end":{"line":1761,"column":66}},"203":{"start":{"line":1763,"column":6},"end":{"line":1765,"column":7}},"204":{"start":{"line":1764,"column":8},"end":{"line":1764,"column":47}},"205":{"start":{"line":1767,"column":37},"end":{"line":1767,"column":82}},"206":{"start":{"line":1768,"column":38},"end":{"line":1768,"column":47}},"207":{"start":{"line":1769,"column":37},"end":{"line":1769,"column":46}},"208":{"start":{"line":1773,"column":6},"end":{"line":1773,"column":73}},"209":{"start":{"line":1775,"column":6},"end":{"line":1775,"column":61}},"210":{"start":{"line":1776,"column":35},"end":{"line":1776,"column":96}},"211":{"start":{"line":1777,"column":6},"end":{"line":1777,"column":116}},"212":{"start":{"line":1779,"column":6},"end":{"line":1782,"column":7}},"213":{"start":{"line":1791,"column":27},"end":{"line":1791,"column":36}},"214":{"start":{"line":1793,"column":29},"end":{"line":1793,"column":66}},"215":{"start":{"line":1795,"column":6},"end":{"line":1797,"column":7}},"216":{"start":{"line":1796,"column":8},"end":{"line":1796,"column":47}},"217":{"start":{"line":1799,"column":37},"end":{"line":1799,"column":82}},"218":{"start":{"line":1800,"column":38},"end":{"line":1800,"column":47}},"219":{"start":{"line":1801,"column":37},"end":{"line":1801,"column":46}},"220":{"start":{"line":1805,"column":6},"end":{"line":1805,"column":73}},"221":{"start":{"line":1807,"column":6},"end":{"line":1807,"column":61}},"222":{"start":{"line":1808,"column":35},"end":{"line":1808,"column":96}},"223":{"start":{"line":1809,"column":6},"end":{"line":1809,"column":116}},"224":{"start":{"line":1811,"column":6},"end":{"line":1814,"column":7}},"225":{"start":{"line":1823,"column":29},"end":{"line":1847,"column":1}},"226":{"start":{"line":1824,"column":36},"end":{"line":1824,"column":79}},"227":{"start":{"line":1825,"column":2},"end":{"line":1846,"column":3}},"228":{"start":{"line":1833,"column":32},"end":{"line":1833,"column":77}},"229":{"start":{"line":1834,"column":6},"end":{"line":1834,"column":92}},"230":{"start":{"line":1843,"column":32},"end":{"line":1843,"column":79}},"231":{"start":{"line":1844,"column":6},"end":{"line":1844,"column":92}},"232":{"start":{"line":1853,"column":34},"end":{"line":1875,"column":1}},"233":{"start":{"line":1854,"column":21},"end":{"line":1854,"column":49}},"234":{"start":{"line":1855,"column":2},"end":{"line":1874,"column":3}},"235":{"start":{"line":1863,"column":6},"end":{"line":1863,"column":79}},"236":{"start":{"line":1863,"column":54},"end":{"line":1863,"column":78}},"237":{"start":{"line":1872,"column":6},"end":{"line":1872,"column":81}},"238":{"start":{"line":1872,"column":56},"end":{"line":1872,"column":80}},"239":{"start":{"line":1892,"column":4},"end":{"line":1894,"column":58}},"240":{"start":{"line":1894,"column":23},"end":{"line":1894,"column":57}},"241":{"start":{"line":1905,"column":4},"end":{"line":1907,"column":58}},"242":{"start":{"line":1907,"column":23},"end":{"line":1907,"column":57}},"243":{"start":{"line":1915,"column":44},"end":{"line":2128,"column":1}},"244":{"start":{"line":1916,"column":2},"end":{"line":2127,"column":3}},"245":{"start":{"line":1926,"column":6},"end":{"line":1926,"column":66}},"246":{"start":{"line":1927,"column":27},"end":{"line":1927,"column":37}},"247":{"start":{"line":1929,"column":29},"end":{"line":1929,"column":66}},"248":{"start":{"line":1931,"column":6},"end":{"line":1933,"column":7}},"249":{"start":{"line":1932,"column":8},"end":{"line":1932,"column":47}},"250":{"start":{"line":1935,"column":37},"end":{"line":1935,"column":82}},"251":{"start":{"line":1936,"column":38},"end":{"line":1936,"column":47}},"252":{"start":{"line":1937,"column":37},"end":{"line":1937,"column":46}},"253":{"start":{"line":1941,"column":6},"end":{"line":1941,"column":73}},"254":{"start":{"line":1943,"column":6},"end":{"line":1943,"column":66}},"255":{"start":{"line":1945,"column":6},"end":{"line":1945,"column":61}},"256":{"start":{"line":1946,"column":35},"end":{"line":1946,"column":96}},"257":{"start":{"line":1947,"column":6},"end":{"line":1947,"column":116}},"258":{"start":{"line":1948,"column":6},"end":{"line":1948,"column":104}},"259":{"start":{"line":1950,"column":6},"end":{"line":1953,"column":7}},"260":{"start":{"line":1964,"column":6},"end":{"line":1964,"column":63}},"261":{"start":{"line":1965,"column":27},"end":{"line":1965,"column":36}},"262":{"start":{"line":1967,"column":29},"end":{"line":1967,"column":66}},"263":{"start":{"line":1969,"column":6},"end":{"line":1971,"column":7}},"264":{"start":{"line":1970,"column":8},"end":{"line":1970,"column":47}},"265":{"start":{"line":1973,"column":37},"end":{"line":1973,"column":82}},"266":{"start":{"line":1974,"column":38},"end":{"line":1974,"column":47}},"267":{"start":{"line":1975,"column":37},"end":{"line":1975,"column":46}},"268":{"start":{"line":1979,"column":6},"end":{"line":1979,"column":73}},"269":{"start":{"line":1981,"column":6},"end":{"line":1981,"column":66}},"270":{"start":{"line":1983,"column":6},"end":{"line":1983,"column":61}},"271":{"start":{"line":1984,"column":35},"end":{"line":1984,"column":96}},"272":{"start":{"line":1985,"column":6},"end":{"line":1985,"column":116}},"273":{"start":{"line":1986,"column":6},"end":{"line":1986,"column":103}},"274":{"start":{"line":1988,"column":6},"end":{"line":1991,"column":7}},"275":{"start":{"line":2002,"column":6},"end":{"line":2002,"column":50}},"276":{"start":{"line":2003,"column":27},"end":{"line":2003,"column":95}},"277":{"start":{"line":2005,"column":29},"end":{"line":2005,"column":66}},"278":{"start":{"line":2007,"column":6},"end":{"line":2009,"column":7}},"279":{"start":{"line":2008,"column":8},"end":{"line":2008,"column":47}},"280":{"start":{"line":2011,"column":37},"end":{"line":2011,"column":82}},"281":{"start":{"line":2012,"column":38},"end":{"line":2012,"column":47}},"282":{"start":{"line":2013,"column":37},"end":{"line":2013,"column":46}},"283":{"start":{"line":2017,"column":6},"end":{"line":2017,"column":73}},"284":{"start":{"line":2019,"column":6},"end":{"line":2019,"column":61}},"285":{"start":{"line":2020,"column":35},"end":{"line":2020,"column":96}},"286":{"start":{"line":2021,"column":6},"end":{"line":2021,"column":116}},"287":{"start":{"line":2023,"column":6},"end":{"line":2026,"column":7}},"288":{"start":{"line":2035,"column":27},"end":{"line":2035,"column":37}},"289":{"start":{"line":2037,"column":29},"end":{"line":2037,"column":66}},"290":{"start":{"line":2039,"column":6},"end":{"line":2041,"column":7}},"291":{"start":{"line":2040,"column":8},"end":{"line":2040,"column":47}},"292":{"start":{"line":2043,"column":37},"end":{"line":2043,"column":82}},"293":{"start":{"line":2044,"column":38},"end":{"line":2044,"column":47}},"294":{"start":{"line":2045,"column":37},"end":{"line":2045,"column":46}},"295":{"start":{"line":2049,"column":6},"end":{"line":2049,"column":73}},"296":{"start":{"line":2051,"column":6},"end":{"line":2051,"column":61}},"297":{"start":{"line":2052,"column":35},"end":{"line":2052,"column":96}},"298":{"start":{"line":2053,"column":6},"end":{"line":2053,"column":116}},"299":{"start":{"line":2055,"column":6},"end":{"line":2058,"column":7}},"300":{"start":{"line":2069,"column":6},"end":{"line":2069,"column":49}},"301":{"start":{"line":2070,"column":27},"end":{"line":2070,"column":94}},"302":{"start":{"line":2072,"column":29},"end":{"line":2072,"column":66}},"303":{"start":{"line":2074,"column":6},"end":{"line":2076,"column":7}},"304":{"start":{"line":2075,"column":8},"end":{"line":2075,"column":47}},"305":{"start":{"line":2078,"column":37},"end":{"line":2078,"column":82}},"306":{"start":{"line":2079,"column":38},"end":{"line":2079,"column":47}},"307":{"start":{"line":2080,"column":37},"end":{"line":2080,"column":46}},"308":{"start":{"line":2084,"column":6},"end":{"line":2084,"column":73}},"309":{"start":{"line":2086,"column":6},"end":{"line":2086,"column":61}},"310":{"start":{"line":2087,"column":35},"end":{"line":2087,"column":96}},"311":{"start":{"line":2088,"column":6},"end":{"line":2088,"column":116}},"312":{"start":{"line":2090,"column":6},"end":{"line":2093,"column":7}},"313":{"start":{"line":2102,"column":27},"end":{"line":2102,"column":36}},"314":{"start":{"line":2104,"column":29},"end":{"line":2104,"column":66}},"315":{"start":{"line":2106,"column":6},"end":{"line":2108,"column":7}},"316":{"start":{"line":2107,"column":8},"end":{"line":2107,"column":47}},"317":{"start":{"line":2110,"column":37},"end":{"line":2110,"column":82}},"318":{"start":{"line":2111,"column":38},"end":{"line":2111,"column":47}},"319":{"start":{"line":2112,"column":37},"end":{"line":2112,"column":46}},"320":{"start":{"line":2116,"column":6},"end":{"line":2116,"column":73}},"321":{"start":{"line":2118,"column":6},"end":{"line":2118,"column":61}},"322":{"start":{"line":2119,"column":35},"end":{"line":2119,"column":96}},"323":{"start":{"line":2120,"column":6},"end":{"line":2120,"column":116}},"324":{"start":{"line":2122,"column":6},"end":{"line":2125,"column":7}},"325":{"start":{"line":2134,"column":29},"end":{"line":2205,"column":1}},"326":{"start":{"line":2135,"column":36},"end":{"line":2135,"column":79}},"327":{"start":{"line":2136,"column":2},"end":{"line":2204,"column":3}},"328":{"start":{"line":2145,"column":32},"end":{"line":2145,"column":102}},"329":{"start":{"line":2146,"column":6},"end":{"line":2146,"column":92}},"330":{"start":{"line":2159,"column":32},"end":{"line":2159,"column":100}},"331":{"start":{"line":2160,"column":6},"end":{"line":2160,"column":92}},"332":{"start":{"line":2170,"column":32},"end":{"line":2170,"column":90}},"333":{"start":{"line":2171,"column":6},"end":{"line":2171,"column":92}},"334":{"start":{"line":2180,"column":32},"end":{"line":2180,"column":83}},"335":{"start":{"line":2181,"column":6},"end":{"line":2181,"column":92}},"336":{"start":{"line":2191,"column":32},"end":{"line":2191,"column":89}},"337":{"start":{"line":2192,"column":6},"end":{"line":2192,"column":92}},"338":{"start":{"line":2201,"column":32},"end":{"line":2201,"column":82}},"339":{"start":{"line":2202,"column":6},"end":{"line":2202,"column":92}},"340":{"start":{"line":2211,"column":34},"end":{"line":2273,"column":1}},"341":{"start":{"line":2212,"column":21},"end":{"line":2212,"column":49}},"342":{"start":{"line":2213,"column":2},"end":{"line":2272,"column":3}},"343":{"start":{"line":2222,"column":6},"end":{"line":2222,"column":104}},"344":{"start":{"line":2222,"column":79},"end":{"line":2222,"column":103}},"345":{"start":{"line":2232,"column":6},"end":{"line":2232,"column":102}},"346":{"start":{"line":2232,"column":77},"end":{"line":2232,"column":101}},"347":{"start":{"line":2242,"column":6},"end":{"line":2242,"column":92}},"348":{"start":{"line":2242,"column":67},"end":{"line":2242,"column":91}},"349":{"start":{"line":2251,"column":6},"end":{"line":2251,"column":85}},"350":{"start":{"line":2251,"column":60},"end":{"line":2251,"column":84}},"351":{"start":{"line":2261,"column":6},"end":{"line":2261,"column":91}},"352":{"start":{"line":2261,"column":66},"end":{"line":2261,"column":90}},"353":{"start":{"line":2270,"column":6},"end":{"line":2270,"column":84}},"354":{"start":{"line":2270,"column":59},"end":{"line":2270,"column":83}},"355":{"start":{"line":2291,"column":4},"end":{"line":2293,"column":58}},"356":{"start":{"line":2293,"column":23},"end":{"line":2293,"column":57}},"357":{"start":{"line":2305,"column":4},"end":{"line":2307,"column":58}},"358":{"start":{"line":2307,"column":23},"end":{"line":2307,"column":57}},"359":{"start":{"line":2319,"column":4},"end":{"line":2321,"column":58}},"360":{"start":{"line":2321,"column":23},"end":{"line":2321,"column":57}},"361":{"start":{"line":2332,"column":4},"end":{"line":2334,"column":58}},"362":{"start":{"line":2334,"column":23},"end":{"line":2334,"column":57}},"363":{"start":{"line":2346,"column":4},"end":{"line":2348,"column":58}},"364":{"start":{"line":2348,"column":23},"end":{"line":2348,"column":57}},"365":{"start":{"line":2359,"column":4},"end":{"line":2361,"column":58}},"366":{"start":{"line":2361,"column":23},"end":{"line":2361,"column":57}},"367":{"start":{"line":2369,"column":41},"end":{"line":2723,"column":1}},"368":{"start":{"line":2370,"column":2},"end":{"line":2722,"column":3}},"369":{"start":{"line":2380,"column":6},"end":{"line":2380,"column":69}},"370":{"start":{"line":2381,"column":27},"end":{"line":2381,"column":38}},"371":{"start":{"line":2383,"column":29},"end":{"line":2383,"column":66}},"372":{"start":{"line":2385,"column":6},"end":{"line":2387,"column":7}},"373":{"start":{"line":2386,"column":8},"end":{"line":2386,"column":47}},"374":{"start":{"line":2389,"column":37},"end":{"line":2389,"column":82}},"375":{"start":{"line":2390,"column":38},"end":{"line":2390,"column":47}},"376":{"start":{"line":2391,"column":37},"end":{"line":2391,"column":46}},"377":{"start":{"line":2395,"column":6},"end":{"line":2395,"column":73}},"378":{"start":{"line":2397,"column":6},"end":{"line":2397,"column":66}},"379":{"start":{"line":2399,"column":6},"end":{"line":2399,"column":61}},"380":{"start":{"line":2400,"column":35},"end":{"line":2400,"column":96}},"381":{"start":{"line":2401,"column":6},"end":{"line":2401,"column":116}},"382":{"start":{"line":2402,"column":6},"end":{"line":2402,"column":105}},"383":{"start":{"line":2404,"column":6},"end":{"line":2407,"column":7}},"384":{"start":{"line":2418,"column":6},"end":{"line":2418,"column":69}},"385":{"start":{"line":2419,"column":27},"end":{"line":2419,"column":38}},"386":{"start":{"line":2421,"column":29},"end":{"line":2421,"column":66}},"387":{"start":{"line":2423,"column":6},"end":{"line":2425,"column":7}},"388":{"start":{"line":2424,"column":8},"end":{"line":2424,"column":47}},"389":{"start":{"line":2427,"column":37},"end":{"line":2427,"column":82}},"390":{"start":{"line":2428,"column":38},"end":{"line":2428,"column":47}},"391":{"start":{"line":2429,"column":37},"end":{"line":2429,"column":46}},"392":{"start":{"line":2433,"column":6},"end":{"line":2433,"column":73}},"393":{"start":{"line":2435,"column":6},"end":{"line":2435,"column":66}},"394":{"start":{"line":2437,"column":6},"end":{"line":2437,"column":61}},"395":{"start":{"line":2438,"column":35},"end":{"line":2438,"column":96}},"396":{"start":{"line":2439,"column":6},"end":{"line":2439,"column":116}},"397":{"start":{"line":2440,"column":6},"end":{"line":2440,"column":105}},"398":{"start":{"line":2442,"column":6},"end":{"line":2445,"column":7}},"399":{"start":{"line":2456,"column":6},"end":{"line":2456,"column":51}},"400":{"start":{"line":2457,"column":27},"end":{"line":2457,"column":96}},"401":{"start":{"line":2459,"column":29},"end":{"line":2459,"column":66}},"402":{"start":{"line":2461,"column":6},"end":{"line":2463,"column":7}},"403":{"start":{"line":2462,"column":8},"end":{"line":2462,"column":47}},"404":{"start":{"line":2465,"column":37},"end":{"line":2465,"column":82}},"405":{"start":{"line":2466,"column":38},"end":{"line":2466,"column":47}},"406":{"start":{"line":2467,"column":37},"end":{"line":2467,"column":46}},"407":{"start":{"line":2471,"column":6},"end":{"line":2471,"column":73}},"408":{"start":{"line":2473,"column":6},"end":{"line":2473,"column":61}},"409":{"start":{"line":2474,"column":35},"end":{"line":2474,"column":96}},"410":{"start":{"line":2475,"column":6},"end":{"line":2475,"column":116}},"411":{"start":{"line":2477,"column":6},"end":{"line":2480,"column":7}},"412":{"start":{"line":2491,"column":27},"end":{"line":2491,"column":38}},"413":{"start":{"line":2493,"column":29},"end":{"line":2493,"column":66}},"414":{"start":{"line":2495,"column":6},"end":{"line":2497,"column":7}},"415":{"start":{"line":2496,"column":8},"end":{"line":2496,"column":47}},"416":{"start":{"line":2499,"column":37},"end":{"line":2499,"column":82}},"417":{"start":{"line":2500,"column":38},"end":{"line":2500,"column":47}},"418":{"start":{"line":2501,"column":37},"end":{"line":2501,"column":46}},"419":{"start":{"line":2505,"column":6},"end":{"line":2505,"column":73}},"420":{"start":{"line":2507,"column":6},"end":{"line":2509,"column":7}},"421":{"start":{"line":2508,"column":8},"end":{"line":2508,"column":45}},"422":{"start":{"line":2511,"column":6},"end":{"line":2513,"column":7}},"423":{"start":{"line":2512,"column":8},"end":{"line":2512,"column":54}},"424":{"start":{"line":2515,"column":6},"end":{"line":2515,"column":61}},"425":{"start":{"line":2516,"column":35},"end":{"line":2516,"column":96}},"426":{"start":{"line":2517,"column":6},"end":{"line":2517,"column":116}},"427":{"start":{"line":2519,"column":6},"end":{"line":2522,"column":7}},"428":{"start":{"line":2533,"column":6},"end":{"line":2533,"column":51}},"429":{"start":{"line":2534,"column":27},"end":{"line":2534,"column":96}},"430":{"start":{"line":2536,"column":29},"end":{"line":2536,"column":66}},"431":{"start":{"line":2538,"column":6},"end":{"line":2540,"column":7}},"432":{"start":{"line":2539,"column":8},"end":{"line":2539,"column":47}},"433":{"start":{"line":2542,"column":37},"end":{"line":2542,"column":82}},"434":{"start":{"line":2543,"column":38},"end":{"line":2543,"column":47}},"435":{"start":{"line":2544,"column":37},"end":{"line":2544,"column":46}},"436":{"start":{"line":2548,"column":6},"end":{"line":2548,"column":73}},"437":{"start":{"line":2550,"column":6},"end":{"line":2550,"column":61}},"438":{"start":{"line":2551,"column":35},"end":{"line":2551,"column":96}},"439":{"start":{"line":2552,"column":6},"end":{"line":2552,"column":116}},"440":{"start":{"line":2554,"column":6},"end":{"line":2557,"column":7}},"441":{"start":{"line":2578,"column":27},"end":{"line":2578,"column":38}},"442":{"start":{"line":2580,"column":29},"end":{"line":2580,"column":66}},"443":{"start":{"line":2582,"column":6},"end":{"line":2584,"column":7}},"444":{"start":{"line":2583,"column":8},"end":{"line":2583,"column":47}},"445":{"start":{"line":2586,"column":37},"end":{"line":2586,"column":82}},"446":{"start":{"line":2587,"column":38},"end":{"line":2587,"column":47}},"447":{"start":{"line":2588,"column":37},"end":{"line":2588,"column":46}},"448":{"start":{"line":2592,"column":6},"end":{"line":2592,"column":73}},"449":{"start":{"line":2594,"column":6},"end":{"line":2596,"column":7}},"450":{"start":{"line":2595,"column":8},"end":{"line":2595,"column":45}},"451":{"start":{"line":2598,"column":6},"end":{"line":2600,"column":7}},"452":{"start":{"line":2599,"column":8},"end":{"line":2599,"column":54}},"453":{"start":{"line":2602,"column":6},"end":{"line":2604,"column":7}},"454":{"start":{"line":2603,"column":8},"end":{"line":2603,"column":43}},"455":{"start":{"line":2606,"column":6},"end":{"line":2608,"column":7}},"456":{"start":{"line":2607,"column":8},"end":{"line":2607,"column":56}},"457":{"start":{"line":2610,"column":6},"end":{"line":2612,"column":7}},"458":{"start":{"line":2611,"column":8},"end":{"line":2611,"column":54}},"459":{"start":{"line":2614,"column":6},"end":{"line":2614,"column":61}},"460":{"start":{"line":2615,"column":35},"end":{"line":2615,"column":96}},"461":{"start":{"line":2616,"column":6},"end":{"line":2616,"column":116}},"462":{"start":{"line":2618,"column":6},"end":{"line":2621,"column":7}},"463":{"start":{"line":2632,"column":6},"end":{"line":2632,"column":51}},"464":{"start":{"line":2633,"column":27},"end":{"line":2633,"column":96}},"465":{"start":{"line":2635,"column":29},"end":{"line":2635,"column":66}},"466":{"start":{"line":2637,"column":6},"end":{"line":2639,"column":7}},"467":{"start":{"line":2638,"column":8},"end":{"line":2638,"column":47}},"468":{"start":{"line":2641,"column":37},"end":{"line":2641,"column":82}},"469":{"start":{"line":2642,"column":38},"end":{"line":2642,"column":47}},"470":{"start":{"line":2643,"column":37},"end":{"line":2643,"column":46}},"471":{"start":{"line":2647,"column":6},"end":{"line":2647,"column":73}},"472":{"start":{"line":2649,"column":6},"end":{"line":2649,"column":61}},"473":{"start":{"line":2650,"column":35},"end":{"line":2650,"column":96}},"474":{"start":{"line":2651,"column":6},"end":{"line":2651,"column":116}},"475":{"start":{"line":2653,"column":6},"end":{"line":2656,"column":7}},"476":{"start":{"line":2677,"column":27},"end":{"line":2677,"column":38}},"477":{"start":{"line":2679,"column":29},"end":{"line":2679,"column":66}},"478":{"start":{"line":2681,"column":6},"end":{"line":2683,"column":7}},"479":{"start":{"line":2682,"column":8},"end":{"line":2682,"column":47}},"480":{"start":{"line":2685,"column":37},"end":{"line":2685,"column":82}},"481":{"start":{"line":2686,"column":38},"end":{"line":2686,"column":47}},"482":{"start":{"line":2687,"column":37},"end":{"line":2687,"column":46}},"483":{"start":{"line":2691,"column":6},"end":{"line":2691,"column":73}},"484":{"start":{"line":2693,"column":6},"end":{"line":2695,"column":7}},"485":{"start":{"line":2694,"column":8},"end":{"line":2694,"column":45}},"486":{"start":{"line":2697,"column":6},"end":{"line":2699,"column":7}},"487":{"start":{"line":2698,"column":8},"end":{"line":2698,"column":54}},"488":{"start":{"line":2701,"column":6},"end":{"line":2703,"column":7}},"489":{"start":{"line":2702,"column":8},"end":{"line":2702,"column":43}},"490":{"start":{"line":2705,"column":6},"end":{"line":2707,"column":7}},"491":{"start":{"line":2706,"column":8},"end":{"line":2706,"column":56}},"492":{"start":{"line":2709,"column":6},"end":{"line":2711,"column":7}},"493":{"start":{"line":2710,"column":8},"end":{"line":2710,"column":54}},"494":{"start":{"line":2713,"column":6},"end":{"line":2713,"column":61}},"495":{"start":{"line":2714,"column":35},"end":{"line":2714,"column":96}},"496":{"start":{"line":2715,"column":6},"end":{"line":2715,"column":116}},"497":{"start":{"line":2717,"column":6},"end":{"line":2720,"column":7}},"498":{"start":{"line":2729,"column":26},"end":{"line":2854,"column":1}},"499":{"start":{"line":2730,"column":36},"end":{"line":2730,"column":76}},"500":{"start":{"line":2731,"column":2},"end":{"line":2853,"column":3}},"501":{"start":{"line":2743,"column":32},"end":{"line":2743,"column":104}},"502":{"start":{"line":2744,"column":6},"end":{"line":2744,"column":92}},"503":{"start":{"line":2757,"column":32},"end":{"line":2757,"column":104}},"504":{"start":{"line":2758,"column":6},"end":{"line":2758,"column":92}},"505":{"start":{"line":2768,"column":32},"end":{"line":2768,"column":91}},"506":{"start":{"line":2769,"column":6},"end":{"line":2769,"column":92}},"507":{"start":{"line":2784,"column":32},"end":{"line":2784,"column":100}},"508":{"start":{"line":2785,"column":6},"end":{"line":2785,"column":92}},"509":{"start":{"line":2795,"column":32},"end":{"line":2795,"column":91}},"510":{"start":{"line":2796,"column":6},"end":{"line":2796,"column":92}},"511":{"start":{"line":2817,"column":32},"end":{"line":2817,"column":126}},"512":{"start":{"line":2818,"column":6},"end":{"line":2818,"column":92}},"513":{"start":{"line":2828,"column":32},"end":{"line":2828,"column":91}},"514":{"start":{"line":2829,"column":6},"end":{"line":2829,"column":92}},"515":{"start":{"line":2850,"column":32},"end":{"line":2850,"column":126}},"516":{"start":{"line":2851,"column":6},"end":{"line":2851,"column":92}},"517":{"start":{"line":2860,"column":31},"end":{"line":2953,"column":1}},"518":{"start":{"line":2861,"column":21},"end":{"line":2861,"column":46}},"519":{"start":{"line":2862,"column":2},"end":{"line":2952,"column":3}},"520":{"start":{"line":2871,"column":6},"end":{"line":2871,"column":106}},"521":{"start":{"line":2871,"column":81},"end":{"line":2871,"column":105}},"522":{"start":{"line":2881,"column":6},"end":{"line":2881,"column":106}},"523":{"start":{"line":2881,"column":81},"end":{"line":2881,"column":105}},"524":{"start":{"line":2891,"column":6},"end":{"line":2891,"column":93}},"525":{"start":{"line":2891,"column":68},"end":{"line":2891,"column":92}},"526":{"start":{"line":2902,"column":6},"end":{"line":2902,"column":102}},"527":{"start":{"line":2902,"column":77},"end":{"line":2902,"column":101}},"528":{"start":{"line":2912,"column":6},"end":{"line":2912,"column":93}},"529":{"start":{"line":2912,"column":68},"end":{"line":2912,"column":92}},"530":{"start":{"line":2926,"column":6},"end":{"line":2926,"column":128}},"531":{"start":{"line":2926,"column":103},"end":{"line":2926,"column":127}},"532":{"start":{"line":2936,"column":6},"end":{"line":2936,"column":93}},"533":{"start":{"line":2936,"column":68},"end":{"line":2936,"column":92}},"534":{"start":{"line":2950,"column":6},"end":{"line":2950,"column":128}},"535":{"start":{"line":2950,"column":103},"end":{"line":2950,"column":127}},"536":{"start":{"line":2971,"column":4},"end":{"line":2973,"column":58}},"537":{"start":{"line":2973,"column":23},"end":{"line":2973,"column":57}},"538":{"start":{"line":2985,"column":4},"end":{"line":2987,"column":58}},"539":{"start":{"line":2987,"column":23},"end":{"line":2987,"column":57}},"540":{"start":{"line":2999,"column":4},"end":{"line":3001,"column":58}},"541":{"start":{"line":3001,"column":23},"end":{"line":3001,"column":57}},"542":{"start":{"line":3014,"column":4},"end":{"line":3016,"column":58}},"543":{"start":{"line":3016,"column":23},"end":{"line":3016,"column":57}},"544":{"start":{"line":3028,"column":4},"end":{"line":3030,"column":58}},"545":{"start":{"line":3030,"column":23},"end":{"line":3030,"column":57}},"546":{"start":{"line":3046,"column":4},"end":{"line":3048,"column":58}},"547":{"start":{"line":3048,"column":23},"end":{"line":3048,"column":57}},"548":{"start":{"line":3060,"column":4},"end":{"line":3062,"column":58}},"549":{"start":{"line":3062,"column":23},"end":{"line":3062,"column":57}},"550":{"start":{"line":3078,"column":4},"end":{"line":3080,"column":58}},"551":{"start":{"line":3080,"column":23},"end":{"line":3080,"column":57}}},"fnMap":{"0":{"name":"(anonymous_0)","decl":{"start":{"line":1012,"column":42},"end":{"line":1012,"column":43}},"loc":{"start":{"line":1012,"column":83},"end":{"line":1370,"column":1}},"line":1012},"1":{"name":"(anonymous_1)","decl":{"start":{"line":1021,"column":30},"end":{"line":1021,"column":31}},"loc":{"start":{"line":1021,"column":148},"end":{"line":1051,"column":5}},"line":1021},"2":{"name":"(anonymous_2)","decl":{"start":{"line":1060,"column":23},"end":{"line":1060,"column":24}},"loc":{"start":{"line":1060,"column":137},"end":{"line":1092,"column":5}},"line":1060},"3":{"name":"(anonymous_3)","decl":{"start":{"line":1102,"column":27},"end":{"line":1102,"column":28}},"loc":{"start":{"line":1107,"column":31},"end":{"line":1143,"column":5}},"line":1107},"4":{"name":"(anonymous_4)","decl":{"start":{"line":1150,"column":21},"end":{"line":1150,"column":22}},"loc":{"start":{"line":1150,"column":87},"end":{"line":1175,"column":5}},"line":1150},"5":{"name":"(anonymous_5)","decl":{"start":{"line":1185,"column":13},"end":{"line":1185,"column":14}},"loc":{"start":{"line":1185,"column":150},"end":{"line":1222,"column":5}},"line":1185},"6":{"name":"(anonymous_6)","decl":{"start":{"line":1231,"column":23},"end":{"line":1231,"column":24}},"loc":{"start":{"line":1231,"column":123},"end":{"line":1262,"column":5}},"line":1231},"7":{"name":"(anonymous_7)","decl":{"start":{"line":1273,"column":20},"end":{"line":1273,"column":21}},"loc":{"start":{"line":1279,"column":31},"end":{"line":1318,"column":5}},"line":1279},"8":{"name":"(anonymous_8)","decl":{"start":{"line":1329,"column":24},"end":{"line":1329,"column":25}},"loc":{"start":{"line":1329,"column":158},"end":{"line":1368,"column":5}},"line":1329},"9":{"name":"(anonymous_9)","decl":{"start":{"line":1376,"column":27},"end":{"line":1376,"column":28}},"loc":{"start":{"line":1376,"column":68},"end":{"line":1512,"column":1}},"line":1376},"10":{"name":"(anonymous_10)","decl":{"start":{"line":1386,"column":4},"end":{"line":1386,"column":5}},"loc":{"start":{"line":1389,"column":89},"end":{"line":1392,"column":5}},"line":1389},"11":{"name":"(anonymous_11)","decl":{"start":{"line":1401,"column":4},"end":{"line":1401,"column":5}},"loc":{"start":{"line":1405,"column":87},"end":{"line":1408,"column":5}},"line":1405},"12":{"name":"(anonymous_12)","decl":{"start":{"line":1418,"column":4},"end":{"line":1418,"column":5}},"loc":{"start":{"line":1423,"column":91},"end":{"line":1426,"column":5}},"line":1423},"13":{"name":"(anonymous_13)","decl":{"start":{"line":1433,"column":4},"end":{"line":1433,"column":5}},"loc":{"start":{"line":1433,"column":139},"end":{"line":1436,"column":5}},"line":1433},"14":{"name":"(anonymous_14)","decl":{"start":{"line":1446,"column":4},"end":{"line":1446,"column":5}},"loc":{"start":{"line":1451,"column":87},"end":{"line":1454,"column":5}},"line":1451},"15":{"name":"(anonymous_15)","decl":{"start":{"line":1463,"column":4},"end":{"line":1463,"column":5}},"loc":{"start":{"line":1467,"column":80},"end":{"line":1470,"column":5}},"line":1467},"16":{"name":"(anonymous_16)","decl":{"start":{"line":1481,"column":4},"end":{"line":1481,"column":5}},"loc":{"start":{"line":1487,"column":87},"end":{"line":1490,"column":5}},"line":1487},"17":{"name":"(anonymous_17)","decl":{"start":{"line":1501,"column":4},"end":{"line":1501,"column":5}},"loc":{"start":{"line":1507,"column":91},"end":{"line":1510,"column":5}},"line":1507},"18":{"name":"(anonymous_18)","decl":{"start":{"line":1518,"column":32},"end":{"line":1518,"column":33}},"loc":{"start":{"line":1518,"column":115},"end":{"line":1613,"column":1}},"line":1518},"19":{"name":"(anonymous_19)","decl":{"start":{"line":1528,"column":4},"end":{"line":1528,"column":5}},"loc":{"start":{"line":1528,"column":124},"end":{"line":1530,"column":5}},"line":1528},"20":{"name":"(anonymous_20)","decl":{"start":{"line":1529,"column":89},"end":{"line":1529,"column":90}},"loc":{"start":{"line":1529,"column":100},"end":{"line":1529,"column":124}},"line":1529},"21":{"name":"(anonymous_21)","decl":{"start":{"line":1539,"column":4},"end":{"line":1539,"column":5}},"loc":{"start":{"line":1539,"column":111},"end":{"line":1541,"column":5}},"line":1539},"22":{"name":"(anonymous_22)","decl":{"start":{"line":1540,"column":78},"end":{"line":1540,"column":79}},"loc":{"start":{"line":1540,"column":89},"end":{"line":1540,"column":113}},"line":1540},"23":{"name":"(anonymous_23)","decl":{"start":{"line":1551,"column":4},"end":{"line":1551,"column":5}},"loc":{"start":{"line":1551,"column":142},"end":{"line":1553,"column":5}},"line":1551},"24":{"name":"(anonymous_24)","decl":{"start":{"line":1552,"column":93},"end":{"line":1552,"column":94}},"loc":{"start":{"line":1552,"column":104},"end":{"line":1552,"column":128}},"line":1552},"25":{"name":"(anonymous_25)","decl":{"start":{"line":1560,"column":4},"end":{"line":1560,"column":5}},"loc":{"start":{"line":1560,"column":63},"end":{"line":1562,"column":5}},"line":1560},"26":{"name":"(anonymous_26)","decl":{"start":{"line":1561,"column":54},"end":{"line":1561,"column":55}},"loc":{"start":{"line":1561,"column":65},"end":{"line":1561,"column":89}},"line":1561},"27":{"name":"(anonymous_27)","decl":{"start":{"line":1572,"column":4},"end":{"line":1572,"column":5}},"loc":{"start":{"line":1572,"column":124},"end":{"line":1574,"column":5}},"line":1572},"28":{"name":"(anonymous_28)","decl":{"start":{"line":1573,"column":70},"end":{"line":1573,"column":71}},"loc":{"start":{"line":1573,"column":81},"end":{"line":1573,"column":105}},"line":1573},"29":{"name":"(anonymous_29)","decl":{"start":{"line":1583,"column":4},"end":{"line":1583,"column":5}},"loc":{"start":{"line":1583,"column":90},"end":{"line":1585,"column":5}},"line":1583},"30":{"name":"(anonymous_30)","decl":{"start":{"line":1584,"column":74},"end":{"line":1584,"column":75}},"loc":{"start":{"line":1584,"column":85},"end":{"line":1584,"column":109}},"line":1584},"31":{"name":"(anonymous_31)","decl":{"start":{"line":1596,"column":4},"end":{"line":1596,"column":5}},"loc":{"start":{"line":1596,"column":150},"end":{"line":1598,"column":5}},"line":1596},"32":{"name":"(anonymous_32)","decl":{"start":{"line":1597,"column":88},"end":{"line":1597,"column":89}},"loc":{"start":{"line":1597,"column":99},"end":{"line":1597,"column":123}},"line":1597},"33":{"name":"(anonymous_33)","decl":{"start":{"line":1609,"column":4},"end":{"line":1609,"column":5}},"loc":{"start":{"line":1609,"column":136},"end":{"line":1611,"column":5}},"line":1609},"34":{"name":"(anonymous_34)","decl":{"start":{"line":1610,"column":91},"end":{"line":1610,"column":92}},"loc":{"start":{"line":1610,"column":102},"end":{"line":1610,"column":126}},"line":1610},"35":{"name":"(anonymous_35)","decl":{"start":{"line":1630,"column":2},"end":{"line":1630,"column":3}},"loc":{"start":{"line":1630,"column":116},"end":{"line":1634,"column":3}},"line":1630},"36":{"name":"(anonymous_36)","decl":{"start":{"line":1633,"column":12},"end":{"line":1633,"column":13}},"loc":{"start":{"line":1633,"column":23},"end":{"line":1633,"column":57}},"line":1633},"37":{"name":"(anonymous_37)","decl":{"start":{"line":1645,"column":2},"end":{"line":1645,"column":3}},"loc":{"start":{"line":1645,"column":105},"end":{"line":1649,"column":3}},"line":1645},"38":{"name":"(anonymous_38)","decl":{"start":{"line":1648,"column":12},"end":{"line":1648,"column":13}},"loc":{"start":{"line":1648,"column":23},"end":{"line":1648,"column":57}},"line":1648},"39":{"name":"(anonymous_39)","decl":{"start":{"line":1661,"column":2},"end":{"line":1661,"column":3}},"loc":{"start":{"line":1661,"column":132},"end":{"line":1665,"column":3}},"line":1661},"40":{"name":"(anonymous_40)","decl":{"start":{"line":1664,"column":12},"end":{"line":1664,"column":13}},"loc":{"start":{"line":1664,"column":23},"end":{"line":1664,"column":57}},"line":1664},"41":{"name":"(anonymous_41)","decl":{"start":{"line":1674,"column":2},"end":{"line":1674,"column":3}},"loc":{"start":{"line":1674,"column":55},"end":{"line":1678,"column":3}},"line":1674},"42":{"name":"(anonymous_42)","decl":{"start":{"line":1677,"column":12},"end":{"line":1677,"column":13}},"loc":{"start":{"line":1677,"column":23},"end":{"line":1677,"column":57}},"line":1677},"43":{"name":"(anonymous_43)","decl":{"start":{"line":1690,"column":2},"end":{"line":1690,"column":3}},"loc":{"start":{"line":1690,"column":118},"end":{"line":1694,"column":3}},"line":1690},"44":{"name":"(anonymous_44)","decl":{"start":{"line":1693,"column":12},"end":{"line":1693,"column":13}},"loc":{"start":{"line":1693,"column":23},"end":{"line":1693,"column":57}},"line":1693},"45":{"name":"(anonymous_45)","decl":{"start":{"line":1705,"column":2},"end":{"line":1705,"column":3}},"loc":{"start":{"line":1705,"column":91},"end":{"line":1709,"column":3}},"line":1705},"46":{"name":"(anonymous_46)","decl":{"start":{"line":1708,"column":12},"end":{"line":1708,"column":13}},"loc":{"start":{"line":1708,"column":23},"end":{"line":1708,"column":57}},"line":1708},"47":{"name":"(anonymous_47)","decl":{"start":{"line":1722,"column":2},"end":{"line":1722,"column":3}},"loc":{"start":{"line":1722,"column":144},"end":{"line":1726,"column":3}},"line":1722},"48":{"name":"(anonymous_48)","decl":{"start":{"line":1725,"column":12},"end":{"line":1725,"column":13}},"loc":{"start":{"line":1725,"column":23},"end":{"line":1725,"column":57}},"line":1725},"49":{"name":"(anonymous_49)","decl":{"start":{"line":1739,"column":2},"end":{"line":1739,"column":3}},"loc":{"start":{"line":1739,"column":126},"end":{"line":1743,"column":3}},"line":1739},"50":{"name":"(anonymous_50)","decl":{"start":{"line":1742,"column":12},"end":{"line":1742,"column":13}},"loc":{"start":{"line":1742,"column":23},"end":{"line":1742,"column":57}},"line":1742},"51":{"name":"(anonymous_51)","decl":{"start":{"line":1750,"column":44},"end":{"line":1750,"column":45}},"loc":{"start":{"line":1750,"column":85},"end":{"line":1817,"column":1}},"line":1750},"52":{"name":"(anonymous_52)","decl":{"start":{"line":1758,"column":10},"end":{"line":1758,"column":11}},"loc":{"start":{"line":1758,"column":76},"end":{"line":1783,"column":5}},"line":1758},"53":{"name":"(anonymous_53)","decl":{"start":{"line":1790,"column":12},"end":{"line":1790,"column":13}},"loc":{"start":{"line":1790,"column":78},"end":{"line":1815,"column":5}},"line":1790},"54":{"name":"(anonymous_54)","decl":{"start":{"line":1823,"column":29},"end":{"line":1823,"column":30}},"loc":{"start":{"line":1823,"column":70},"end":{"line":1847,"column":1}},"line":1823},"55":{"name":"(anonymous_55)","decl":{"start":{"line":1832,"column":4},"end":{"line":1832,"column":5}},"loc":{"start":{"line":1832,"column":122},"end":{"line":1835,"column":5}},"line":1832},"56":{"name":"(anonymous_56)","decl":{"start":{"line":1842,"column":4},"end":{"line":1842,"column":5}},"loc":{"start":{"line":1842,"column":124},"end":{"line":1845,"column":5}},"line":1842},"57":{"name":"(anonymous_57)","decl":{"start":{"line":1853,"column":34},"end":{"line":1853,"column":35}},"loc":{"start":{"line":1853,"column":117},"end":{"line":1875,"column":1}},"line":1853},"58":{"name":"(anonymous_58)","decl":{"start":{"line":1862,"column":4},"end":{"line":1862,"column":5}},"loc":{"start":{"line":1862,"column":46},"end":{"line":1864,"column":5}},"line":1862},"59":{"name":"(anonymous_59)","decl":{"start":{"line":1863,"column":43},"end":{"line":1863,"column":44}},"loc":{"start":{"line":1863,"column":54},"end":{"line":1863,"column":78}},"line":1863},"60":{"name":"(anonymous_60)","decl":{"start":{"line":1871,"column":4},"end":{"line":1871,"column":5}},"loc":{"start":{"line":1871,"column":48},"end":{"line":1873,"column":5}},"line":1871},"61":{"name":"(anonymous_61)","decl":{"start":{"line":1872,"column":45},"end":{"line":1872,"column":46}},"loc":{"start":{"line":1872,"column":56},"end":{"line":1872,"column":80}},"line":1872},"62":{"name":"(anonymous_62)","decl":{"start":{"line":1891,"column":2},"end":{"line":1891,"column":3}},"loc":{"start":{"line":1891,"column":44},"end":{"line":1895,"column":3}},"line":1891},"63":{"name":"(anonymous_63)","decl":{"start":{"line":1894,"column":12},"end":{"line":1894,"column":13}},"loc":{"start":{"line":1894,"column":23},"end":{"line":1894,"column":57}},"line":1894},"64":{"name":"(anonymous_64)","decl":{"start":{"line":1904,"column":2},"end":{"line":1904,"column":3}},"loc":{"start":{"line":1904,"column":46},"end":{"line":1908,"column":3}},"line":1904},"65":{"name":"(anonymous_65)","decl":{"start":{"line":1907,"column":12},"end":{"line":1907,"column":13}},"loc":{"start":{"line":1907,"column":23},"end":{"line":1907,"column":57}},"line":1907},"66":{"name":"(anonymous_66)","decl":{"start":{"line":1915,"column":44},"end":{"line":1915,"column":45}},"loc":{"start":{"line":1915,"column":85},"end":{"line":2128,"column":1}},"line":1915},"67":{"name":"(anonymous_67)","decl":{"start":{"line":1924,"column":27},"end":{"line":1924,"column":28}},"loc":{"start":{"line":1924,"column":109},"end":{"line":1954,"column":5}},"line":1924},"68":{"name":"(anonymous_68)","decl":{"start":{"line":1962,"column":26},"end":{"line":1962,"column":27}},"loc":{"start":{"line":1962,"column":113},"end":{"line":1992,"column":5}},"line":1962},"69":{"name":"(anonymous_69)","decl":{"start":{"line":2000,"column":19},"end":{"line":2000,"column":20}},"loc":{"start":{"line":2000,"column":97},"end":{"line":2027,"column":5}},"line":2000},"70":{"name":"(anonymous_70)","decl":{"start":{"line":2034,"column":16},"end":{"line":2034,"column":17}},"loc":{"start":{"line":2034,"column":82},"end":{"line":2059,"column":5}},"line":2034},"71":{"name":"(anonymous_71)","decl":{"start":{"line":2067,"column":18},"end":{"line":2067,"column":19}},"loc":{"start":{"line":2067,"column":96},"end":{"line":2094,"column":5}},"line":2067},"72":{"name":"(anonymous_72)","decl":{"start":{"line":2101,"column":15},"end":{"line":2101,"column":16}},"loc":{"start":{"line":2101,"column":81},"end":{"line":2126,"column":5}},"line":2101},"73":{"name":"(anonymous_73)","decl":{"start":{"line":2134,"column":29},"end":{"line":2134,"column":30}},"loc":{"start":{"line":2134,"column":70},"end":{"line":2205,"column":1}},"line":2134},"74":{"name":"(anonymous_74)","decl":{"start":{"line":2144,"column":4},"end":{"line":2144,"column":5}},"loc":{"start":{"line":2144,"column":155},"end":{"line":2147,"column":5}},"line":2144},"75":{"name":"(anonymous_75)","decl":{"start":{"line":2155,"column":4},"end":{"line":2155,"column":5}},"loc":{"start":{"line":2158,"column":89},"end":{"line":2161,"column":5}},"line":2158},"76":{"name":"(anonymous_76)","decl":{"start":{"line":2169,"column":4},"end":{"line":2169,"column":5}},"loc":{"start":{"line":2169,"column":143},"end":{"line":2172,"column":5}},"line":2169},"77":{"name":"(anonymous_77)","decl":{"start":{"line":2179,"column":4},"end":{"line":2179,"column":5}},"loc":{"start":{"line":2179,"column":135},"end":{"line":2182,"column":5}},"line":2179},"78":{"name":"(anonymous_78)","decl":{"start":{"line":2190,"column":4},"end":{"line":2190,"column":5}},"loc":{"start":{"line":2190,"column":141},"end":{"line":2193,"column":5}},"line":2190},"79":{"name":"(anonymous_79)","decl":{"start":{"line":2200,"column":4},"end":{"line":2200,"column":5}},"loc":{"start":{"line":2200,"column":133},"end":{"line":2203,"column":5}},"line":2200},"80":{"name":"(anonymous_80)","decl":{"start":{"line":2211,"column":34},"end":{"line":2211,"column":35}},"loc":{"start":{"line":2211,"column":117},"end":{"line":2273,"column":1}},"line":2211},"81":{"name":"(anonymous_81)","decl":{"start":{"line":2221,"column":4},"end":{"line":2221,"column":5}},"loc":{"start":{"line":2221,"column":79},"end":{"line":2223,"column":5}},"line":2221},"82":{"name":"(anonymous_82)","decl":{"start":{"line":2222,"column":68},"end":{"line":2222,"column":69}},"loc":{"start":{"line":2222,"column":79},"end":{"line":2222,"column":103}},"line":2222},"83":{"name":"(anonymous_83)","decl":{"start":{"line":2231,"column":4},"end":{"line":2231,"column":5}},"loc":{"start":{"line":2231,"column":89},"end":{"line":2233,"column":5}},"line":2231},"84":{"name":"(anonymous_84)","decl":{"start":{"line":2232,"column":66},"end":{"line":2232,"column":67}},"loc":{"start":{"line":2232,"column":77},"end":{"line":2232,"column":101}},"line":2232},"85":{"name":"(anonymous_85)","decl":{"start":{"line":2241,"column":4},"end":{"line":2241,"column":5}},"loc":{"start":{"line":2241,"column":67},"end":{"line":2243,"column":5}},"line":2241},"86":{"name":"(anonymous_86)","decl":{"start":{"line":2242,"column":56},"end":{"line":2242,"column":57}},"loc":{"start":{"line":2242,"column":67},"end":{"line":2242,"column":91}},"line":2242},"87":{"name":"(anonymous_87)","decl":{"start":{"line":2250,"column":4},"end":{"line":2250,"column":5}},"loc":{"start":{"line":2250,"column":59},"end":{"line":2252,"column":5}},"line":2250},"88":{"name":"(anonymous_88)","decl":{"start":{"line":2251,"column":49},"end":{"line":2251,"column":50}},"loc":{"start":{"line":2251,"column":60},"end":{"line":2251,"column":84}},"line":2251},"89":{"name":"(anonymous_89)","decl":{"start":{"line":2260,"column":4},"end":{"line":2260,"column":5}},"loc":{"start":{"line":2260,"column":65},"end":{"line":2262,"column":5}},"line":2260},"90":{"name":"(anonymous_90)","decl":{"start":{"line":2261,"column":55},"end":{"line":2261,"column":56}},"loc":{"start":{"line":2261,"column":66},"end":{"line":2261,"column":90}},"line":2261},"91":{"name":"(anonymous_91)","decl":{"start":{"line":2269,"column":4},"end":{"line":2269,"column":5}},"loc":{"start":{"line":2269,"column":57},"end":{"line":2271,"column":5}},"line":2269},"92":{"name":"(anonymous_92)","decl":{"start":{"line":2270,"column":48},"end":{"line":2270,"column":49}},"loc":{"start":{"line":2270,"column":59},"end":{"line":2270,"column":83}},"line":2270},"93":{"name":"(anonymous_93)","decl":{"start":{"line":2290,"column":2},"end":{"line":2290,"column":3}},"loc":{"start":{"line":2290,"column":77},"end":{"line":2294,"column":3}},"line":2290},"94":{"name":"(anonymous_94)","decl":{"start":{"line":2293,"column":12},"end":{"line":2293,"column":13}},"loc":{"start":{"line":2293,"column":23},"end":{"line":2293,"column":57}},"line":2293},"95":{"name":"(anonymous_95)","decl":{"start":{"line":2304,"column":2},"end":{"line":2304,"column":3}},"loc":{"start":{"line":2304,"column":81},"end":{"line":2308,"column":3}},"line":2304},"96":{"name":"(anonymous_96)","decl":{"start":{"line":2307,"column":12},"end":{"line":2307,"column":13}},"loc":{"start":{"line":2307,"column":23},"end":{"line":2307,"column":57}},"line":2307},"97":{"name":"(anonymous_97)","decl":{"start":{"line":2318,"column":2},"end":{"line":2318,"column":3}},"loc":{"start":{"line":2318,"column":65},"end":{"line":2322,"column":3}},"line":2318},"98":{"name":"(anonymous_98)","decl":{"start":{"line":2321,"column":12},"end":{"line":2321,"column":13}},"loc":{"start":{"line":2321,"column":23},"end":{"line":2321,"column":57}},"line":2321},"99":{"name":"(anonymous_99)","decl":{"start":{"line":2331,"column":2},"end":{"line":2331,"column":3}},"loc":{"start":{"line":2331,"column":50},"end":{"line":2335,"column":3}},"line":2331},"100":{"name":"(anonymous_100)","decl":{"start":{"line":2334,"column":12},"end":{"line":2334,"column":13}},"loc":{"start":{"line":2334,"column":23},"end":{"line":2334,"column":57}},"line":2334},"101":{"name":"(anonymous_101)","decl":{"start":{"line":2345,"column":2},"end":{"line":2345,"column":3}},"loc":{"start":{"line":2345,"column":64},"end":{"line":2349,"column":3}},"line":2345},"102":{"name":"(anonymous_102)","decl":{"start":{"line":2348,"column":12},"end":{"line":2348,"column":13}},"loc":{"start":{"line":2348,"column":23},"end":{"line":2348,"column":57}},"line":2348},"103":{"name":"(anonymous_103)","decl":{"start":{"line":2358,"column":2},"end":{"line":2358,"column":3}},"loc":{"start":{"line":2358,"column":49},"end":{"line":2362,"column":3}},"line":2358},"104":{"name":"(anonymous_104)","decl":{"start":{"line":2361,"column":12},"end":{"line":2361,"column":13}},"loc":{"start":{"line":2361,"column":23},"end":{"line":2361,"column":57}},"line":2361},"105":{"name":"(anonymous_105)","decl":{"start":{"line":2369,"column":41},"end":{"line":2369,"column":42}},"loc":{"start":{"line":2369,"column":82},"end":{"line":2723,"column":1}},"line":2369},"106":{"name":"(anonymous_106)","decl":{"start":{"line":2378,"column":28},"end":{"line":2378,"column":29}},"loc":{"start":{"line":2378,"column":119},"end":{"line":2408,"column":5}},"line":2378},"107":{"name":"(anonymous_107)","decl":{"start":{"line":2416,"column":28},"end":{"line":2416,"column":29}},"loc":{"start":{"line":2416,"column":119},"end":{"line":2446,"column":5}},"line":2416},"108":{"name":"(anonymous_108)","decl":{"start":{"line":2454,"column":20},"end":{"line":2454,"column":21}},"loc":{"start":{"line":2454,"column":98},"end":{"line":2481,"column":5}},"line":2454},"109":{"name":"(anonymous_109)","decl":{"start":{"line":2490,"column":17},"end":{"line":2490,"column":18}},"loc":{"start":{"line":2490,"column":117},"end":{"line":2523,"column":5}},"line":2490},"110":{"name":"(anonymous_110)","decl":{"start":{"line":2531,"column":20},"end":{"line":2531,"column":21}},"loc":{"start":{"line":2531,"column":98},"end":{"line":2558,"column":5}},"line":2531},"111":{"name":"(anonymous_111)","decl":{"start":{"line":2570,"column":17},"end":{"line":2570,"column":18}},"loc":{"start":{"line":2577,"column":31},"end":{"line":2622,"column":5}},"line":2577},"112":{"name":"(anonymous_112)","decl":{"start":{"line":2630,"column":20},"end":{"line":2630,"column":21}},"loc":{"start":{"line":2630,"column":98},"end":{"line":2657,"column":5}},"line":2630},"113":{"name":"(anonymous_113)","decl":{"start":{"line":2669,"column":17},"end":{"line":2669,"column":18}},"loc":{"start":{"line":2676,"column":31},"end":{"line":2721,"column":5}},"line":2676},"114":{"name":"(anonymous_114)","decl":{"start":{"line":2729,"column":26},"end":{"line":2729,"column":27}},"loc":{"start":{"line":2729,"column":67},"end":{"line":2854,"column":1}},"line":2729},"115":{"name":"(anonymous_115)","decl":{"start":{"line":2739,"column":4},"end":{"line":2739,"column":5}},"loc":{"start":{"line":2742,"column":122},"end":{"line":2745,"column":5}},"line":2742},"116":{"name":"(anonymous_116)","decl":{"start":{"line":2753,"column":4},"end":{"line":2753,"column":5}},"loc":{"start":{"line":2756,"column":91},"end":{"line":2759,"column":5}},"line":2756},"117":{"name":"(anonymous_117)","decl":{"start":{"line":2767,"column":4},"end":{"line":2767,"column":5}},"loc":{"start":{"line":2767,"column":145},"end":{"line":2770,"column":5}},"line":2767},"118":{"name":"(anonymous_118)","decl":{"start":{"line":2779,"column":4},"end":{"line":2779,"column":5}},"loc":{"start":{"line":2783,"column":91},"end":{"line":2786,"column":5}},"line":2783},"119":{"name":"(anonymous_119)","decl":{"start":{"line":2794,"column":4},"end":{"line":2794,"column":5}},"loc":{"start":{"line":2794,"column":145},"end":{"line":2797,"column":5}},"line":2794},"120":{"name":"(anonymous_120)","decl":{"start":{"line":2809,"column":4},"end":{"line":2809,"column":5}},"loc":{"start":{"line":2816,"column":91},"end":{"line":2819,"column":5}},"line":2816},"121":{"name":"(anonymous_121)","decl":{"start":{"line":2827,"column":4},"end":{"line":2827,"column":5}},"loc":{"start":{"line":2827,"column":145},"end":{"line":2830,"column":5}},"line":2827},"122":{"name":"(anonymous_122)","decl":{"start":{"line":2842,"column":4},"end":{"line":2842,"column":5}},"loc":{"start":{"line":2849,"column":91},"end":{"line":2852,"column":5}},"line":2849},"123":{"name":"(anonymous_123)","decl":{"start":{"line":2860,"column":31},"end":{"line":2860,"column":32}},"loc":{"start":{"line":2860,"column":114},"end":{"line":2953,"column":1}},"line":2860},"124":{"name":"(anonymous_124)","decl":{"start":{"line":2870,"column":4},"end":{"line":2870,"column":5}},"loc":{"start":{"line":2870,"column":128},"end":{"line":2872,"column":5}},"line":2870},"125":{"name":"(anonymous_125)","decl":{"start":{"line":2871,"column":70},"end":{"line":2871,"column":71}},"loc":{"start":{"line":2871,"column":81},"end":{"line":2871,"column":105}},"line":2871},"126":{"name":"(anonymous_126)","decl":{"start":{"line":2880,"column":4},"end":{"line":2880,"column":5}},"loc":{"start":{"line":2880,"column":97},"end":{"line":2882,"column":5}},"line":2880},"127":{"name":"(anonymous_127)","decl":{"start":{"line":2881,"column":70},"end":{"line":2881,"column":71}},"loc":{"start":{"line":2881,"column":81},"end":{"line":2881,"column":105}},"line":2881},"128":{"name":"(anonymous_128)","decl":{"start":{"line":2890,"column":4},"end":{"line":2890,"column":5}},"loc":{"start":{"line":2890,"column":69},"end":{"line":2892,"column":5}},"line":2890},"129":{"name":"(anonymous_129)","decl":{"start":{"line":2891,"column":57},"end":{"line":2891,"column":58}},"loc":{"start":{"line":2891,"column":68},"end":{"line":2891,"column":92}},"line":2891},"130":{"name":"(anonymous_130)","decl":{"start":{"line":2901,"column":4},"end":{"line":2901,"column":5}},"loc":{"start":{"line":2901,"column":95},"end":{"line":2903,"column":5}},"line":2901},"131":{"name":"(anonymous_131)","decl":{"start":{"line":2902,"column":66},"end":{"line":2902,"column":67}},"loc":{"start":{"line":2902,"column":77},"end":{"line":2902,"column":101}},"line":2902},"132":{"name":"(anonymous_132)","decl":{"start":{"line":2911,"column":4},"end":{"line":2911,"column":5}},"loc":{"start":{"line":2911,"column":69},"end":{"line":2913,"column":5}},"line":2911},"133":{"name":"(anonymous_133)","decl":{"start":{"line":2912,"column":57},"end":{"line":2912,"column":58}},"loc":{"start":{"line":2912,"column":68},"end":{"line":2912,"column":92}},"line":2912},"134":{"name":"(anonymous_134)","decl":{"start":{"line":2925,"column":4},"end":{"line":2925,"column":5}},"loc":{"start":{"line":2925,"column":148},"end":{"line":2927,"column":5}},"line":2925},"135":{"name":"(anonymous_135)","decl":{"start":{"line":2926,"column":92},"end":{"line":2926,"column":93}},"loc":{"start":{"line":2926,"column":103},"end":{"line":2926,"column":127}},"line":2926},"136":{"name":"(anonymous_136)","decl":{"start":{"line":2935,"column":4},"end":{"line":2935,"column":5}},"loc":{"start":{"line":2935,"column":69},"end":{"line":2937,"column":5}},"line":2935},"137":{"name":"(anonymous_137)","decl":{"start":{"line":2936,"column":57},"end":{"line":2936,"column":58}},"loc":{"start":{"line":2936,"column":68},"end":{"line":2936,"column":92}},"line":2936},"138":{"name":"(anonymous_138)","decl":{"start":{"line":2949,"column":4},"end":{"line":2949,"column":5}},"loc":{"start":{"line":2949,"column":148},"end":{"line":2951,"column":5}},"line":2949},"139":{"name":"(anonymous_139)","decl":{"start":{"line":2950,"column":92},"end":{"line":2950,"column":93}},"loc":{"start":{"line":2950,"column":103},"end":{"line":2950,"column":127}},"line":2950},"140":{"name":"(anonymous_140)","decl":{"start":{"line":2970,"column":2},"end":{"line":2970,"column":3}},"loc":{"start":{"line":2970,"column":87},"end":{"line":2974,"column":3}},"line":2970},"141":{"name":"(anonymous_141)","decl":{"start":{"line":2973,"column":12},"end":{"line":2973,"column":13}},"loc":{"start":{"line":2973,"column":23},"end":{"line":2973,"column":57}},"line":2973},"142":{"name":"(anonymous_142)","decl":{"start":{"line":2984,"column":2},"end":{"line":2984,"column":3}},"loc":{"start":{"line":2984,"column":87},"end":{"line":2988,"column":3}},"line":2984},"143":{"name":"(anonymous_143)","decl":{"start":{"line":2987,"column":12},"end":{"line":2987,"column":13}},"loc":{"start":{"line":2987,"column":23},"end":{"line":2987,"column":57}},"line":2987},"144":{"name":"(anonymous_144)","decl":{"start":{"line":2998,"column":2},"end":{"line":2998,"column":3}},"loc":{"start":{"line":2998,"column":66},"end":{"line":3002,"column":3}},"line":2998},"145":{"name":"(anonymous_145)","decl":{"start":{"line":3001,"column":12},"end":{"line":3001,"column":13}},"loc":{"start":{"line":3001,"column":23},"end":{"line":3001,"column":57}},"line":3001},"146":{"name":"(anonymous_146)","decl":{"start":{"line":3013,"column":2},"end":{"line":3013,"column":3}},"loc":{"start":{"line":3013,"column":85},"end":{"line":3017,"column":3}},"line":3013},"147":{"name":"(anonymous_147)","decl":{"start":{"line":3016,"column":12},"end":{"line":3016,"column":13}},"loc":{"start":{"line":3016,"column":23},"end":{"line":3016,"column":57}},"line":3016},"148":{"name":"(anonymous_148)","decl":{"start":{"line":3027,"column":2},"end":{"line":3027,"column":3}},"loc":{"start":{"line":3027,"column":66},"end":{"line":3031,"column":3}},"line":3027},"149":{"name":"(anonymous_149)","decl":{"start":{"line":3030,"column":12},"end":{"line":3030,"column":13}},"loc":{"start":{"line":3030,"column":23},"end":{"line":3030,"column":57}},"line":3030},"150":{"name":"(anonymous_150)","decl":{"start":{"line":3045,"column":2},"end":{"line":3045,"column":3}},"loc":{"start":{"line":3045,"column":138},"end":{"line":3049,"column":3}},"line":3045},"151":{"name":"(anonymous_151)","decl":{"start":{"line":3048,"column":12},"end":{"line":3048,"column":13}},"loc":{"start":{"line":3048,"column":23},"end":{"line":3048,"column":57}},"line":3048},"152":{"name":"(anonymous_152)","decl":{"start":{"line":3059,"column":2},"end":{"line":3059,"column":3}},"loc":{"start":{"line":3059,"column":66},"end":{"line":3063,"column":3}},"line":3059},"153":{"name":"(anonymous_153)","decl":{"start":{"line":3062,"column":12},"end":{"line":3062,"column":13}},"loc":{"start":{"line":3062,"column":23},"end":{"line":3062,"column":57}},"line":3062},"154":{"name":"(anonymous_154)","decl":{"start":{"line":3077,"column":2},"end":{"line":3077,"column":3}},"loc":{"start":{"line":3077,"column":138},"end":{"line":3081,"column":3}},"line":3077},"155":{"name":"(anonymous_155)","decl":{"start":{"line":3080,"column":12},"end":{"line":3080,"column":13}},"loc":{"start":{"line":3080,"column":23},"end":{"line":3080,"column":57}},"line":3080}},"branchMap":{"0":{"loc":{"start":{"line":1021,"column":89},"end":{"line":1021,"column":121}},"type":"default-arg","locations":[{"start":{"line":1021,"column":119},"end":{"line":1021,"column":121}}],"line":1021},"1":{"loc":{"start":{"line":1028,"column":6},"end":{"line":1030,"column":7}},"type":"if","locations":[{"start":{"line":1028,"column":6},"end":{"line":1030,"column":7}},{"start":{"line":1028,"column":6},"end":{"line":1030,"column":7}}],"line":1028},"2":{"loc":{"start":{"line":1043,"column":35},"end":{"line":1043,"column":96}},"type":"cond-expr","locations":[{"start":{"line":1043,"column":72},"end":{"line":1043,"column":91}},{"start":{"line":1043,"column":94},"end":{"line":1043,"column":96}}],"line":1043},"3":{"loc":{"start":{"line":1043,"column":35},"end":{"line":1043,"column":69}},"type":"binary-expr","locations":[{"start":{"line":1043,"column":35},"end":{"line":1043,"column":46}},{"start":{"line":1043,"column":50},"end":{"line":1043,"column":69}}],"line":1043},"4":{"loc":{"start":{"line":1060,"column":78},"end":{"line":1060,"column":110}},"type":"default-arg","locations":[{"start":{"line":1060,"column":108},"end":{"line":1060,"column":110}}],"line":1060},"5":{"loc":{"start":{"line":1069,"column":6},"end":{"line":1071,"column":7}},"type":"if","locations":[{"start":{"line":1069,"column":6},"end":{"line":1071,"column":7}},{"start":{"line":1069,"column":6},"end":{"line":1071,"column":7}}],"line":1069},"6":{"loc":{"start":{"line":1084,"column":35},"end":{"line":1084,"column":96}},"type":"cond-expr","locations":[{"start":{"line":1084,"column":72},"end":{"line":1084,"column":91}},{"start":{"line":1084,"column":94},"end":{"line":1084,"column":96}}],"line":1084},"7":{"loc":{"start":{"line":1084,"column":35},"end":{"line":1084,"column":69}},"type":"binary-expr","locations":[{"start":{"line":1084,"column":35},"end":{"line":1084,"column":46}},{"start":{"line":1084,"column":50},"end":{"line":1084,"column":69}}],"line":1084},"8":{"loc":{"start":{"line":1106,"column":6},"end":{"line":1106,"column":38}},"type":"default-arg","locations":[{"start":{"line":1106,"column":36},"end":{"line":1106,"column":38}}],"line":1106},"9":{"loc":{"start":{"line":1120,"column":6},"end":{"line":1122,"column":7}},"type":"if","locations":[{"start":{"line":1120,"column":6},"end":{"line":1122,"column":7}},{"start":{"line":1120,"column":6},"end":{"line":1122,"column":7}}],"line":1120},"10":{"loc":{"start":{"line":1135,"column":35},"end":{"line":1135,"column":96}},"type":"cond-expr","locations":[{"start":{"line":1135,"column":72},"end":{"line":1135,"column":91}},{"start":{"line":1135,"column":94},"end":{"line":1135,"column":96}}
[...]
,"/home/jonatana/Documents/hei-admin-ui/src/providers/paymentProvider.ts": {"path":"/home/jonatana/Documents/hei-admin-ui/src/providers/paymentProvider.ts","statementMap":{"0":{"start":{"line":6,"column":20},"end":{"line":6,"column":24}},"1":{"start":{"line":7,"column":15},"end":{"line":7,"column":137}},"2":{"start":{"line":7,"column":80},"end":{"line":7,"column":137}},"3":{"start":{"line":9,"column":44},"end":{"line":34,"column":1}},"4":{"start":{"line":11,"column":33},"end":{"line":11,"column":58}},"5":{"start":{"line":12,"column":19},"end":{"line":12,"column":88}},"6":{"start":{"line":13,"column":4},"end":{"line":16,"column":7}},"7":{"start":{"line":13,"column":39},"end":{"line":16,"column":5}},"8":{"start":{"line":19,"column":4},"end":{"line":19,"column":48}},"9":{"start":{"line":22,"column":21},"end":{"line":22,"column":33}},"10":{"start":{"line":23,"column":20},"end":{"line":23,"column":37}},"11":{"start":{"line":24,"column":4},"end":{"line":28,"column":6}},"12":{"start":{"line":25,"column":6},"end":{"line":27,"column":7}},"13":{"start":{"line":26,"column":8},"end":{"line":26,"column":79}},"14":{"start":{"line":30,"column":33},"end":{"line":30,"column":53}},"15":{"start":{"line":31,"column":19},"end":{"line":31,"column":86}},"16":{"start":{"line":32,"column":4},"end":{"line":32,"column":29}}},"fnMap":{"0":{"name":"(anonymous_0)","decl":{"start":{"line":7,"column":15},"end":{"line":7,"column":16}},"loc":{"start":{"line":7,"column":80},"end":{"line":7,"column":137}},"line":7},"1":{"name":"(anonymous_1)","decl":{"start":{"line":10,"column":2},"end":{"line":10,"column":3}},"loc":{"start":{"line":10,"column":60},"end":{"line":17,"column":3}},"line":10},"2":{"name":"(anonymous_2)","decl":{"start":{"line":13,"column":27},"end":{"line":13,"column":28}},"loc":{"start":{"line":13,"column":39},"end":{"line":16,"column":5}},"line":13},"3":{"name":"(anonymous_3)","decl":{"start":{"line":18,"column":2},"end":{"line":18,"column":3}},"loc":{"start":{"line":18,"column":30},"end":{"line":20,"column":3}},"line":18},"4":{"name":"(anonymous_4)","decl":{"start":{"line":21,"column":2},"end":{"line":21,"column":3}},"loc":{"start":{"line":21,"column":44},"end":{"line":33,"column":3}},"line":21},"5":{"name":"(anonymous_5)","decl":{"start":{"line":24,"column":21},"end":{"line":24,"column":22}},"loc":{"start":{"line":24,"column":39},"end":{"line":28,"column":5}},"line":24}},"branchMap":{"0":{"loc":{"start":{"line":25,"column":6},"end":{"line":27,"column":7}},"type":"if","locations":[{"start":{"line":25,"column":6},"end":{"line":27,"column":7}},{"start":{"line":25,"column":6},"end":{"line":27,"column":7}}],"line":25}},"s":{"0":65,"1":65,"2":0,"3":65,"4":0,"5":0,"6":0,"7":0,"8":0,"9":0,"10":0,"11":0,"12":0,"13":0,"14":0,"15":0,"16":0},"f":{"0":0,"1":0,"2":0,"3":0,"4":0,"5":0},"b":{"0":[0,0]},"_coverageSchema":"43e27e138ebf9cfc5966b082cf9a028302ed4184","hash":"390980799393e8febf9f2e353dad289b09da7dbe"}
,"/home/jonatana/Documents/hei-admin-ui/src/providers/profileProvider.ts": {"path":"/home/jonatana/Documents/hei-admin-ui/src/providers/profileProvider.ts","statementMap":{"0":{"start":{"line":5,"column":44},"end":{"line":30,"column":1}},"1":{"start":{"line":7,"column":17},"end":{"line":7,"column":45}},"2":{"start":{"line":8,"column":4},"end":{"line":12,"column":5}},"3":{"start":{"line":9,"column":6},"end":{"line":11,"column":36}},"4":{"start":{"line":11,"column":24},"end":{"line":11,"column":35}},"5":{"start":{"line":13,"column":4},"end":{"line":17,"column":5}},"6":{"start":{"line":14,"column":6},"end":{"line":16,"column":36}},"7":{"start":{"line":16,"column":24},"end":{"line":16,"column":35}},"8":{"start":{"line":18,"column":4},"end":{"line":22,"column":5}},"9":{"start":{"line":19,"column":6},"end":{"line":21,"column":36}},"10":{"start":{"line":21,"column":24},"end":{"line":21,"column":35}},"11":{"start":{"line":25,"column":4},"end":{"line":25,"column":48}},"12":{"start":{"line":28,"column":4},"end":{"line":28,"column":48}}},"fnMap":{"0":{"name":"(anonymous_0)","decl":{"start":{"line":6,"column":2},"end":{"line":6,"column":3}},"loc":{"start":{"line":6,"column":27},"end":{"line":23,"column":3}},"line":6},"1":{"name":"(anonymous_1)","decl":{"start":{"line":11,"column":14},"end":{"line":11,"column":15}},"loc":{"start":{"line":11,"column":24},"end":{"line":11,"column":35}},"line":11},"2":{"name":"(anonymous_2)","decl":{"start":{"line":16,"column":14},"end":{"line":16,"column":15}},"loc":{"start":{"line":16,"column":24},"end":{"line":16,"column":35}},"line":16},"3":{"name":"(anonymous_3)","decl":{"start":{"line":21,"column":14},"end":{"line":21,"column":15}},"loc":{"start":{"line":21,"column":24},"end":{"line":21,"column":35}},"line":21},"4":{"name":"(anonymous_4)","decl":{"start":{"line":24,"column":11},"end":{"line":24,"column":12}},"loc":{"start":{"line":24,"column":81},"end":{"line":26,"column":3}},"line":24},"5":{"name":"(anonymous_5)","decl":{"start":{"line":27,"column":16},"end":{"line":27,"column":17}},"loc":{"start":{"line":27,"column":60},"end":{"line":29,"column":3}},"line":27}},"branchMap":{"0":{"loc":{"start":{"line":8,"column":4},"end":{"line":12,"column":5}},"type":"if","locations":[{"start":{"line":8,"column":4},"end":{"line":12,"column":5}},{"start":{"line":8,"column":4},"end":{"line":12,"column":5}}],"line":8},"1":{"loc":{"start":{"line":13,"column":4},"end":{"line":17,"column":5}},"type":"if","locations":[{"start":{"line":13,"column":4},"end":{"line":17,"column":5}},{"start":{"line":13,"column":4},"end":{"line":17,"column":5}}],"line":13},"2":{"loc":{"start":{"line":18,"column":4},"end":{"line":22,"column":5}},"type":"if","locations":[{"start":{"line":18,"column":4},"end":{"line":22,"column":5}},{"start":{"line":18,"column":4},"end":{"line":22,"column":5}}],"line":18}},"s":{"0":65,"1":0,"2":0,"3":0,"4":0,"5":0,"6":0,"7":0,"8":0,"9":0,"10":0,"11":0,"12":0},"f":{"0":0,"1":0,"2":0,"3":0,"4":0,"5":0},"b":{"0":[0,0],"1":[0,0],"2":[0,0]},"_coverageSchema":"43e27e138ebf9cfc5966b082cf9a028302ed4184","hash":"ce15ec9c0f18d00b6e99f213ffd1e7a09ff9b030"}
,"/home/jonatana/Documents/hei-admin-ui/src/providers/studentProvider.ts": {"path":"/home/jonatana/Documents/hei-admin-ui/src/providers/studentProvider.ts","statementMap":{"0":{"start":{"line":5,"column":44},"end":{"line":28,"column":1}},"1":{"start":{"line":7,"column":19},"end":{"line":7,"column":111}},"2":{"start":{"line":8,"column":4},"end":{"line":8,"column":22}},"3":{"start":{"line":11,"column":19},"end":{"line":11,"column":54}},"4":{"start":{"line":12,"column":4},"end":{"line":12,"column":22}},"5":{"start":{"line":15,"column":4},"end":{"line":26,"column":5}},"6":{"start":{"line":17,"column":30},"end":{"line":17,"column":40}},"7":{"start":{"line":18,"column":6},"end":{"line":18,"column":62}},"8":{"start":{"line":19,"column":32},"end":{"line":19,"column":89}},"9":{"start":{"line":20,"column":6},"end":{"line":20,"column":92}},"10":{"start":{"line":21,"column":6},"end":{"line":21,"column":30}},"11":{"start":{"line":24,"column":21},"end":{"line":24,"column":69}},"12":{"start":{"line":25,"column":6},"end":{"line":25,"column":24}}},"fnMap":{"0":{"name":"(anonymous_0)","decl":{"start":{"line":6,"column":2},"end":{"line":6,"column":3}},"loc":{"start":{"line":6,"column":60},"end":{"line":9,"column":3}},"line":6},"1":{"name":"(anonymous_1)","decl":{"start":{"line":10,"column":2},"end":{"line":10,"column":3}},"loc":{"start":{"line":10,"column":27},"end":{"line":13,"column":3}},"line":10},"2":{"name":"(anonymous_2)","decl":{"start":{"line":14,"column":2},"end":{"line":14,"column":3}},"loc":{"start":{"line":14,"column":35},"end":{"line":27,"column":3}},"line":14}},"branchMap":{"0":{"loc":{"start":{"line":15,"column":4},"end":{"line":26,"column":5}},"type":"if","locations":[{"start":{"line":15,"column":4},"end":{"line":26,"column":5}},{"start":{"line":15,"column":4},"end":{"line":26,"column":5}}],"line":15},"1":{"loc":{"start":{"line":20,"column":6},"end":{"line":20,"column":92}},"type":"binary-expr","locations":[{"start":{"line":20,"column":6},"end":{"line":20,"column":23}},{"start":{"line":20,"column":28},"end":{"line":20,"column":91}}],"line":20}},"s":{"0":65,"1":0,"2":0,"3":0,"4":0,"5":0,"6":0,"7":0,"8":0,"9":0,"10":0,"11":0,"12":0},"f":{"0":0,"1":0,"2":0},"b":{"0":[0,0],"1":[0,0]},"_coverageSchema":"43e27e138ebf9cfc5966b082cf9a028302ed4184","hash":"45e4079ff58992f43e9751b78c612e43d6bb8266"}
,"/home/jonatana/Documents/hei-admin-ui/src/providers/teacherProvider.ts": {"path":"/home/jonatana/Documents/hei-admin-ui/src/providers/teacherProvider.ts","statementMap":{"0":{"start":{"line":4,"column":44},"end":{"line":17,"column":1}},"1":{"start":{"line":6,"column":19},"end":{"line":6,"column":111}},"2":{"start":{"line":7,"column":4},"end":{"line":7,"column":22}},"3":{"start":{"line":10,"column":19},"end":{"line":10,"column":54}},"4":{"start":{"line":11,"column":4},"end":{"line":11,"column":22}},"5":{"start":{"line":14,"column":19},"end":{"line":14,"column":65}},"6":{"start":{"line":15,"column":4},"end":{"line":15,"column":22}}},"fnMap":{"0":{"name":"(anonymous_0)","decl":{"start":{"line":5,"column":2},"end":{"line":5,"column":3}},"loc":{"start":{"line":5,"column":60},"end":{"line":8,"column":3}},"line":5},"1":{"name":"(anonymous_1)","decl":{"start":{"line":9,"column":2},"end":{"line":9,"column":3}},"loc":{"start":{"line":9,"column":27},"end":{"line":12,"column":3}},"line":9},"2":{"name":"(anonymous_2)","decl":{"start":{"line":13,"column":2},"end":{"line":13,"column":3}},"loc":{"start":{"line":13,"column":40},"end":{"line":16,"column":3}},"line":13}},"branchMap":{},"s":{"0":65,"1":0,"2":0,"3":0,"4":0,"5":0,"6":0},"f":{"0":0,"1":0,"2":0},"b":{},"_coverageSchema":"43e27e138ebf9cfc5966b082cf9a028302ed4184","hash":"180d9b2efe9b6c9ac8cad665f9bc7aebc774d4a5"}
,"/home/jonatana/Documents/hei-admin-ui/src/security/CompletePasswordPage.js": {"path":"/home/jonatana/Documents/hei-admin-ui/src/security/CompletePasswordPage.js","statementMap":{"0":{"start":{"line":5,"column":18},"end":{"line":52,"column":2}},"1":{"start":{"line":54,"column":20},"end":{"line":56,"column":1}},"2":{"start":{"line":55,"column":2},"end":{"line":55,"column":78}},"3":{"start":{"line":58,"column":29},"end":{"line":108,"column":1}},"4":{"start":{"line":59,"column":18},"end":{"line":59,"column":29}},"5":{"start":{"line":60,"column":34},"end":{"line":60,"column":44}},"6":{"start":{"line":61,"column":31},"end":{"line":73,"column":3}},"7":{"start":{"line":62,"column":17},"end":{"line":62,"column":36}},"8":{"start":{"line":63,"column":4},"end":{"line":71,"column":5}},"9":{"start":{"line":64,"column":6},"end":{"line":64,"column":18}},"10":{"start":{"line":65,"column":11},"end":{"line":71,"column":5}},"11":{"start":{"line":66,"column":6},"end":{"line":66,"column":18}},"12":{"start":{"line":67,"column":11},"end":{"line":71,"column":5}},"13":{"start":{"line":68,"column":6},"end":{"line":68,"column":18}},"14":{"start":{"line":69,"column":11},"end":{"line":71,"column":5}},"15":{"start":{"line":70,"column":6},"end":{"line":70,"column":18}},"16":{"start":{"line":72,"column":4},"end":{"line":72,"column":15}},"17":{"start":{"line":74,"column":23},"end":{"line":88,"column":3}},"18":{"start":{"line":75,"column":4},"end":{"line":75,"column":26}},"19":{"start":{"line":76,"column":24},"end":{"line":76,"column":65}},"20":{"start":{"line":77,"column":4},"end":{"line":87,"column":5}},"21":{"start":{"line":78,"column":6},"end":{"line":78,"column":53}},"22":{"start":{"line":79,"column":11},"end":{"line":87,"column":5}},"23":{"start":{"line":80,"column":6},"end":{"line":80,"column":55}},"24":{"start":{"line":81,"column":11},"end":{"line":87,"column":5}},"25":{"start":{"line":82,"column":6},"end":{"line":84,"column":7}},"26":{"start":{"line":86,"column":6},"end":{"line":86,"column":43}},"27":{"start":{"line":89,"column":2},"end":{"line":107,"column":3}},"28":{"start":{"line":96,"column":78},"end":{"line":96,"column":105}},"29":{"start":{"line":109,"column":29},"end":{"line":115,"column":1}},"30":{"start":{"line":110,"column":2},"end":{"line":114,"column":3}}},"fnMap":{"0":{"name":"(anonymous_0)","decl":{"start":{"line":54,"column":20},"end":{"line":54,"column":21}},"loc":{"start":{"line":54,"column":28},"end":{"line":56,"column":1}},"line":54},"1":{"name":"(anonymous_1)","decl":{"start":{"line":58,"column":29},"end":{"line":58,"column":30}},"loc":{"start":{"line":58,"column":35},"end":{"line":108,"column":1}},"line":58},"2":{"name":"(anonymous_2)","decl":{"start":{"line":61,"column":31},"end":{"line":61,"column":32}},"loc":{"start":{"line":61,"column":43},"end":{"line":73,"column":3}},"line":61},"3":{"name":"(anonymous_3)","decl":{"start":{"line":74,"column":23},"end":{"line":74,"column":24}},"loc":{"start":{"line":74,"column":32},"end":{"line":88,"column":3}},"line":74},"4":{"name":"(anonymous_4)","decl":{"start":{"line":96,"column":73},"end":{"line":96,"column":74}},"loc":{"start":{"line":96,"column":78},"end":{"line":96,"column":105}},"line":96},"5":{"name":"(anonymous_5)","decl":{"start":{"line":109,"column":29},"end":{"line":109,"column":30}},"loc":{"start":{"line":109,"column":35},"end":{"line":115,"column":1}},"line":109}},"branchMap":{"0":{"loc":{"start":{"line":63,"column":4},"end":{"line":71,"column":5}},"type":"if","locations":[{"start":{"line":63,"column":4},"end":{"line":71,"column":5}},{"start":{"line":63,"column":4},"end":{"line":71,"column":5}}],"line":63},"1":{"loc":{"start":{"line":65,"column":11},"end":{"line":71,"column":5}},"type":"if","locations":[{"start":{"line":65,"column":11},"end":{"line":71,"column":5}},{"start":{"line":65,"column":11},"end":{"line":71,"column":5}}],"line":65},"2":{"loc":{"start":{"line":67,"column":11},"end":{"line":71,"column":5}},"type":"if","locations":[{"start":{"line":67,"column":11},"end":{"line":71,"column":5}},{"start":{"line":67,"column":11},"end":{"line":71,"column":5}}],"line":67},"3":{"loc":{"start":{"line":69,"column":11},"end":{"line":71,"column":5}},"type":"if","locations":[{"start":{"line":69,"column":11},"end":{"line":71,"column":5}},{"start":{"line":69,"column":11},"end":{"line":71,"column":5}}],"line":69},"4":{"loc":{"start":{"line":77,"column":4},"end":{"line":87,"column":5}},"type":"if","locations":[{"start":{"line":77,"column":4},"end":{"line":87,"column":5}},{"start":{"line":77,"column":4},"end":{"line":87,"column":5}}],"line":77},"5":{"loc":{"start":{"line":79,"column":11},"end":{"line":87,"column":5}},"type":"if","locations":[{"start":{"line":79,"column":11},"end":{"line":87,"column":5}},{"start":{"line":79,"column":11},"end":{"line":87,"column":5}}],"line":79},"6":{"loc":{"start":{"line":81,"column":11},"end":{"line":87,"column":5}},"type":"if","locations":[{"start":{"line":81,"column":11},"end":{"line":87,"column":5}},{"start":{"line":81,"column":11},"end":{"line":87,"column":5}}],"line":81}},"s":{"0":65,"1":65,"2":0,"3":65,"4":0,"5":0,"6":0,"7":0,"8":0,"9":0,"10":0,"11":0,"12":0,"13":0,"14":0,"15":0,"16":0,"17":0,"18":0,"19":0,"20":0,"21":0,"22":0,"23":0,"24":0,"25":0,"26":0,"27":0,"28":0,"29":65,"30":0},"f":{"0":0,"1":0,"2":0,"3":0,"4":0,"5":0},"b":{"0":[0,0],"1":[0,0],"2":[0,0],"3":[0,0],"4":[0,0],"5":[0,0],"6":[0,0]},"_coverageSchema":"43e27e138ebf9cfc5966b082cf9a028302ed4184","hash":"f95387c3715fd4bc5300d29981dd615dc26530c3"}
,"/home/jonatana/Documents/hei-admin-ui/src/security/LoginPage.js": {"path":"/home/jonatana/Documents/hei-admin-ui/src/security/LoginPage.js","statementMap":{"0":{"start":{"line":7,"column":14},"end":{"line":34,"column":1}},"1":{"start":{"line":8,"column":19},"end":{"line":8,"column":91}},"2":{"start":{"line":9,"column":2},"end":{"line":33,"column":3}},"3":{"start":{"line":36,"column":20},"end":{"line":91,"column":1}},"4":{"start":{"line":37,"column":22},"end":{"line":37,"column":80}},"5":{"start":{"line":38,"column":26},"end":{"line":38,"column":103}},"6":{"start":{"line":38,"column":32},"end":{"line":38,"column":103}},"7":{"start":{"line":39,"column":37},"end":{"line":39,"column":106}},"8":{"start":{"line":39,"column":43},"end":{"line":39,"column":106}},"9":{"start":{"line":40,"column":34},"end":{"line":40,"column":131}},"10":{"start":{"line":40,"column":41},"end":{"line":40,"column":130}},"11":{"start":{"line":42,"column":2},"end":{"line":90,"column":3}}},"fnMap":{"0":{"name":"(anonymous_0)","decl":{"start":{"line":7,"column":14},"end":{"line":7,"column":15}},"loc":{"start":{"line":7,"column":71},"end":{"line":34,"column":1}},"line":7},"1":{"name":"(anonymous_1)","decl":{"start":{"line":36,"column":20},"end":{"line":36,"column":21}},"loc":{"start":{"line":36,"column":26},"end":{"line":91,"column":1}},"line":36},"2":{"name":"(anonymous_2)","decl":{"start":{"line":38,"column":26},"end":{"line":38,"column":27}},"loc":{"start":{"line":38,"column":32},"end":{"line":38,"column":103}},"line":38},"3":{"name":"(anonymous_3)","decl":{"start":{"line":39,"column":37},"end":{"line":39,"column":38}},"loc":{"start":{"line":39,"column":43},"end":{"line":39,"column":106}},"line":39},"4":{"name":"(anonymous_4)","decl":{"start":{"line":40,"column":34},"end":{"line":40,"column":35}},"loc":{"start":{"line":40,"column":41},"end":{"line":40,"column":130}},"line":40}},"branchMap":{"0":{"loc":{"start":{"line":40,"column":41},"end":{"line":40,"column":130}},"type":"cond-expr","locations":[{"start":{"line":40,"column":78},"end":{"line":40,"column":108}},{"start":{"line":40,"column":111},"end":{"line":40,"column":130}}],"line":40},"1":{"loc":{"start":{"line":54,"column":7},"end":{"line":88,"column":7}},"type":"cond-expr","locations":[{"start":{"line":55,"column":8},"end":{"line":85,"column":15}},{"start":{"line":87,"column":8},"end":{"line":87,"column":35}}],"line":54}},"s":{"0":65,"1":0,"2":0,"3":65,"4":216,"5":216,"6":216,"7":216,"8":0,"9":216,"10":216,"11":216},"f":{"0":0,"1":216,"2":216,"3":0,"4":216},"b":{"0":[0,216],"1":[0,216]},"_coverageSchema":"43e27e138ebf9cfc5966b082cf9a028302ed4184","hash":"c36f505464f690e81cb413ad52842293e5793152"}
,"/home/jonatana/Documents/hei-admin-ui/src/security/permissions.ts": {"path":"/home/jonatana/Documents/hei-admin-ui/src/security/permissions.ts","statementMap":{"0":{"start":{"line":3,"column":30},"end":{"line":32,"column":1}},"1":{"start":{"line":4,"column":19},"end":{"line":4,"column":52}},"2":{"start":{"line":6,"column":28},"end":{"line":6,"column":72}},"3":{"start":{"line":7,"column":28},"end":{"line":7,"column":60}},"4":{"start":{"line":9,"column":26},"end":{"line":30,"column":3}},"5":{"start":{"line":31,"column":2},"end":{"line":31,"column":62}}},"fnMap":{"0":{"name":"(anonymous_0)","decl":{"start":{"line":3,"column":30},"end":{"line":3,"column":31}},"loc":{"start":{"line":3,"column":48},"end":{"line":32,"column":1}},"line":3}},"branchMap":{},"s":{"0":65,"1":65,"2":65,"3":65,"4":65,"5":65},"f":{"0":65},"b":{},"_coverageSchema":"43e27e138ebf9cfc5966b082cf9a028302ed4184","hash":"5d41123a349c0ca7c0e7fee088c8f9f111b59658"}
}
