TN:
SF:src\App.js
FN:24,(anonymous_0)
FN:25,(anonymous_1)
FN:30,(anonymous_2)
FNF:3
FNH:2
FNDA:0,(anonymous_0)
FNDA:17,(anonymous_1)
FNDA:17,(anonymous_2)
DA:24,5
DA:25,5
DA:26,17
DA:30,17
LF:4
LH:4
BRF:0
BRH:0
end_of_record
TN:
SF:src\HaAppBar.js
FN:6,(anonymous_0)
FN:7,(anonymous_1)
FN:20,(anonymous_2)
FNF:3
FNH:2
FNDA:34,(anonymous_0)
FNDA:0,(anonymous_1)
FNDA:34,(anonymous_2)
DA:6,5
DA:7,34
DA:8,0
DA:9,0
DA:11,34
DA:20,5
DA:21,34
LF:7
LH:5
BRF:0
BRH:0
end_of_record
TN:
SF:src\HaLayout.js
FN:8,(anonymous_0)
FNF:1
FNH:1
FNDA:37,(anonymous_0)
DA:8,5
DA:9,37
LF:2
LH:2
BRF:0
BRH:0
end_of_record
TN:
SF:src\MyBreadcrumb.js
FN:5,(anonymous_0)
FN:7,(anonymous_1)
FN:12,(anonymous_2)
FNF:3
FNH:3
FNDA:43,(anonymous_0)
FNDA:25,(anonymous_1)
FNDA:13,(anonymous_2)
DA:5,5
DA:6,43
DA:7,40
DA:8,25
DA:9,13
DA:10,0
DA:12,13
DA:13,13
DA:14,11
DA:16,13
DA:17,13
DA:20,12
DA:23,40
LF:13
LH:12
BRDA:8,0,0,13
BRDA:8,0,1,12
BRDA:9,1,0,0
BRDA:9,1,1,13
BRF:4
BRH:3
end_of_record
TN:
SF:src\aws-exports.js
FNF:0
FNH:0
DA:4,5
LF:1
LH:1
BRF:0
BRH:0
end_of_record
TN:
SF:src\conf.js
FNF:0
FNH:0
DA:1,5
DA:3,5
DA:5,5
DA:33,5
DA:38,5
DA:44,5
LF:6
LH:6
BRF:0
BRH:0
end_of_record
TN:
SF:src\haTheme.js
FNF:0
FNH:0
DA:4,5
LF:1
LH:1
BRF:0
BRH:0
end_of_record
TN:
SF:src\gen\haClient\api.ts
FN:994,(anonymous_0)
FN:1003,(anonymous_1)
FN:1044,(anonymous_2)
FN:1089,(anonymous_3)
FN:1134,(anonymous_4)
FN:1171,(anonymous_5)
FN:1219,(anonymous_6)
FN:1263,(anonymous_7)
FN:1316,(anonymous_8)
FN:1365,(anonymous_9)
FN:1375,(anonymous_10)
FN:1387,(anonymous_11)
FN:1400,(anonymous_12)
FN:1410,(anonymous_13)
FN:1423,(anonymous_14)
FN:1435,(anonymous_15)
FN:1449,(anonymous_16)
FN:1463,(anonymous_17)
FN:1474,(anonymous_18)
FN:1484,(anonymous_19)
FN:1485,(anonymous_20)
FN:1495,(anonymous_21)
FN:1496,(anonymous_22)
FN:1507,(anonymous_23)
FN:1508,(anonymous_24)
FN:1516,(anonymous_25)
FN:1517,(anonymous_26)
FN:1528,(anonymous_27)
FN:1529,(anonymous_28)
FN:1539,(anonymous_29)
FN:1540,(anonymous_30)
FN:1552,(anonymous_31)
FN:1553,(anonymous_32)
FN:1565,(anonymous_33)
FN:1566,(anonymous_34)
FN:1586,(anonymous_35)
FN:1587,(anonymous_36)
FN:1599,(anonymous_37)
FN:1600,(anonymous_38)
FN:1613,(anonymous_39)
FN:1614,(anonymous_40)
FN:1624,(anonymous_41)
FN:1625,(anonymous_42)
FN:1638,(anonymous_43)
FN:1639,(anonymous_44)
FN:1651,(anonymous_45)
FN:1652,(anonymous_46)
FN:1666,(anonymous_47)
FN:1667,(anonymous_48)
FN:1681,(anonymous_49)
FN:1682,(anonymous_50)
FN:1691,(anonymous_51)
FN:1699,(anonymous_52)
FN:1733,(anonymous_53)
FN:1768,(anonymous_54)
FN:1777,(anonymous_55)
FN:1787,(anonymous_56)
FN:1798,(anonymous_57)
FN:1807,(anonymous_58)
FN:1808,(anonymous_59)
FN:1816,(anonymous_60)
FN:1817,(anonymous_61)
FN:1836,(anonymous_62)
FN:1837,(anonymous_63)
FN:1847,(anonymous_64)
FN:1848,(anonymous_65)
FN:1857,(anonymous_66)
FN:1866,(anonymous_67)
FN:1906,(anonymous_68)
FN:1946,(anonymous_69)
FN:1983,(anonymous_70)
FN:2018,(anonymous_71)
FN:2055,(anonymous_72)
FN:2090,(anonymous_73)
FN:2100,(anonymous_74)
FN:2111,(anonymous_75)
FN:2122,(anonymous_76)
FN:2132,(anonymous_77)
FN:2143,(anonymous_78)
FN:2153,(anonymous_79)
FN:2164,(anonymous_80)
FN:2174,(anonymous_81)
FN:2175,(anonymous_82)
FN:2184,(anonymous_83)
FN:2185,(anonymous_84)
FN:2194,(anonymous_85)
FN:2195,(anonymous_86)
FN:2203,(anonymous_87)
FN:2204,(anonymous_88)
FN:2213,(anonymous_89)
FN:2214,(anonymous_90)
FN:2222,(anonymous_91)
FN:2223,(anonymous_92)
FN:2243,(anonymous_93)
FN:2244,(anonymous_94)
FN:2255,(anonymous_95)
FN:2256,(anonymous_96)
FN:2267,(anonymous_97)
FN:2268,(anonymous_98)
FN:2278,(anonymous_99)
FN:2279,(anonymous_100)
FN:2290,(anonymous_101)
FN:2291,(anonymous_102)
FN:2301,(anonymous_103)
FN:2302,(anonymous_104)
FN:2311,(anonymous_105)
FN:2320,(anonymous_106)
FN:2360,(anonymous_107)
FN:2400,(anonymous_108)
FN:2439,(anonymous_109)
FN:2482,(anonymous_110)
FN:2524,(anonymous_111)
FN:2579,(anonymous_112)
FN:2621,(anonymous_113)
FN:2676,(anonymous_114)
FN:2686,(anonymous_115)
FN:2697,(anonymous_116)
FN:2708,(anonymous_117)
FN:2720,(anonymous_118)
FN:2731,(anonymous_119)
FN:2746,(anonymous_120)
FN:2757,(anonymous_121)
FN:2772,(anonymous_122)
FN:2783,(anonymous_123)
FN:2793,(anonymous_124)
FN:2794,(anonymous_125)
FN:2803,(anonymous_126)
FN:2804,(anonymous_127)
FN:2813,(anonymous_128)
FN:2814,(anonymous_129)
FN:2824,(anonymous_130)
FN:2825,(anonymous_131)
FN:2834,(anonymous_132)
FN:2835,(anonymous_133)
FN:2848,(anonymous_134)
FN:2849,(anonymous_135)
FN:2858,(anonymous_136)
FN:2859,(anonymous_137)
FN:2872,(anonymous_138)
FN:2873,(anonymous_139)
FN:2893,(anonymous_140)
FN:2894,(anonymous_141)
FN:2905,(anonymous_142)
FN:2906,(anonymous_143)
FN:2917,(anonymous_144)
FN:2918,(anonymous_145)
FN:2930,(anonymous_146)
FN:2931,(anonymous_147)
FN:2942,(anonymous_148)
FN:2943,(anonymous_149)
FN:2958,(anonymous_150)
FN:2959,(anonymous_151)
FN:2970,(anonymous_152)
FN:2971,(anonymous_153)
FN:2986,(anonymous_154)
FN:2987,(anonymous_155)
FNF:156
FNH:26
FNDA:19,(anonymous_0)
FNDA:0,(anonymous_1)
FNDA:0,(anonymous_2)
FNDA:0,(anonymous_3)
FNDA:0,(anonymous_4)
FNDA:0,(anonymous_5)
FNDA:7,(anonymous_6)
FNDA:5,(anonymous_7)
FNDA:7,(anonymous_8)
FNDA:19,(anonymous_9)
FNDA:0,(anonymous_10)
FNDA:0,(anonymous_11)
FNDA:0,(anonymous_12)
FNDA:0,(anonymous_13)
FNDA:0,(anonymous_14)
FNDA:7,(anonymous_15)
FNDA:5,(anonymous_16)
FNDA:7,(anonymous_17)
FNDA:0,(anonymous_18)
FNDA:0,(anonymous_19)
FNDA:0,(anonymous_20)
FNDA:0,(anonymous_21)
FNDA:0,(anonymous_22)
FNDA:0,(anonymous_23)
FNDA:0,(anonymous_24)
FNDA:0,(anonymous_25)
FNDA:0,(anonymous_26)
FNDA:0,(anonymous_27)
FNDA:0,(anonymous_28)
FNDA:0,(anonymous_29)
FNDA:0,(anonymous_30)
FNDA:0,(anonymous_31)
FNDA:0,(anonymous_32)
FNDA:0,(anonymous_33)
FNDA:0,(anonymous_34)
FNDA:0,(anonymous_35)
FNDA:0,(anonymous_36)
FNDA:0,(anonymous_37)
FNDA:0,(anonymous_38)
FNDA:0,(anonymous_39)
FNDA:0,(anonymous_40)
FNDA:0,(anonymous_41)
FNDA:0,(anonymous_42)
FNDA:0,(anonymous_43)
FNDA:0,(anonymous_44)
FNDA:7,(anonymous_45)
FNDA:7,(anonymous_46)
FNDA:5,(anonymous_47)
FNDA:5,(anonymous_48)
FNDA:7,(anonymous_49)
FNDA:7,(anonymous_50)
FNDA:73,(anonymous_51)
FNDA:0,(anonymous_52)
FNDA:73,(anonymous_53)
FNDA:73,(anonymous_54)
FNDA:0,(anonymous_55)
FNDA:73,(anonymous_56)
FNDA:0,(anonymous_57)
FNDA:0,(anonymous_58)
FNDA:0,(anonymous_59)
FNDA:0,(anonymous_60)
FNDA:0,(anonymous_61)
FNDA:0,(anonymous_62)
FNDA:0,(anonymous_63)
FNDA:73,(anonymous_64)
FNDA:73,(anonymous_65)
FNDA:0,(anonymous_66)
FNDA:0,(anonymous_67)
FNDA:0,(anonymous_68)
FNDA:0,(anonymous_69)
FNDA:0,(anonymous_70)
FNDA:0,(anonymous_71)
FNDA:0,(anonymous_72)
FNDA:0,(anonymous_73)
FNDA:0,(anonymous_74)
FNDA:0,(anonymous_75)
FNDA:0,(anonymous_76)
FNDA:0,(anonymous_77)
FNDA:0,(anonymous_78)
FNDA:0,(anonymous_79)
FNDA:0,(anonymous_80)
FNDA:0,(anonymous_81)
FNDA:0,(anonymous_82)
FNDA:0,(anonymous_83)
FNDA:0,(anonymous_84)
FNDA:0,(anonymous_85)
FNDA:0,(anonymous_86)
FNDA:0,(anonymous_87)
FNDA:0,(anonymous_88)
FNDA:0,(anonymous_89)
FNDA:0,(anonymous_90)
FNDA:0,(anonymous_91)
FNDA:0,(anonymous_92)
FNDA:0,(anonymous_93)
FNDA:0,(anonymous_94)
FNDA:0,(anonymous_95)
FNDA:0,(anonymous_96)
FNDA:0,(anonymous_97)
FNDA:0,(anonymous_98)
FNDA:0,(anonymous_99)
FNDA:0,(anonymous_100)
FNDA:0,(anonymous_101)
FNDA:0,(anonymous_102)
FNDA:0,(anonymous_103)
FNDA:0,(anonymous_104)
FNDA:37,(anonymous_105)
FNDA:0,(anonymous_106)
FNDA:0,(anonymous_107)
FNDA:0,(anonymous_108)
FNDA:0,(anonymous_109)
FNDA:37,(anonymous_110)
FNDA:0,(anonymous_111)
FNDA:0,(anonymous_112)
FNDA:0,(anonymous_113)
FNDA:37,(anonymous_114)
FNDA:0,(anonymous_115)
FNDA:0,(anonymous_116)
FNDA:0,(anonymous_117)
FNDA:0,(anonymous_118)
FNDA:37,(anonymous_119)
FNDA:0,(anonymous_120)
FNDA:0,(anonymous_121)
FNDA:0,(anonymous_122)
FNDA:0,(anonymous_123)
FNDA:0,(anonymous_124)
FNDA:0,(anonymous_125)
FNDA:0,(anonymous_126)
FNDA:0,(anonymous_127)
FNDA:0,(anonymous_128)
FNDA:0,(anonymous_129)
FNDA:0,(anonymous_130)
FNDA:0,(anonymous_131)
FNDA:0,(anonymous_132)
FNDA:0,(anonymous_133)
FNDA:0,(anonymous_134)
FNDA:0,(anonymous_135)
FNDA:0,(anonymous_136)
FNDA:0,(anonymous_137)
FNDA:0,(anonymous_138)
FNDA:0,(anonymous_139)
FNDA:0,(anonymous_140)
FNDA:0,(anonymous_141)
FNDA:0,(anonymous_142)
FNDA:0,(anonymous_143)
FNDA:0,(anonymous_144)
FNDA:0,(anonymous_145)
FNDA:0,(anonymous_146)
FNDA:0,(anonymous_147)
FNDA:37,(anonymous_148)
FNDA:37,(anonymous_149)
FNDA:0,(anonymous_150)
FNDA:0,(anonymous_151)
FNDA:0,(anonymous_152)
FNDA:0,(anonymous_153)
FNDA:0,(anonymous_154)
FNDA:0,(anonymous_155)
DA:114,5
DA:158,5
DA:239,5
DA:272,5
DA:325,5
DA:337,5
DA:432,5
DA:439,5
DA:589,5
DA:659,5
DA:767,5
DA:848,5
DA:948,5
DA:981,5
DA:994,5
DA:995,19
DA:1005,0
DA:1006,0
DA:1008,0
DA:1010,0
DA:1011,0
DA:1014,0
DA:1015,0
DA:1016,0
DA:1020,0
DA:1024,0
DA:1026,0
DA:1027,0
DA:1028,0
DA:1029,0
DA:1031,0
DA:1046,0
DA:1048,0
DA:1049,0
DA:1052,0
DA:1054,0
DA:1055,0
DA:1058,0
DA:1059,0
DA:1060,0
DA:1064,0
DA:1068,0
DA:1070,0
DA:1071,0
DA:1072,0
DA:1073,0
DA:1075,0
DA:1091,0
DA:1093,0
DA:1095,0
DA:1096,0
DA:1100,0
DA:1102,0
DA:1103,0
DA:1106,0
DA:1107,0
DA:1108,0
DA:1112,0
DA:1116,0
DA:1118,0
DA:1119,0
DA:1120,0
DA:1121,0
DA:1123,0
DA:1135,0
DA:1137,0
DA:1139,0
DA:1140,0
DA:1143,0
DA:1144,0
DA:1145,0
DA:1149,0
DA:1153,0
DA:1154,0
DA:1155,0
DA:1157,0
DA:1172,0
DA:1174,0
DA:1176,0
DA:1177,0
DA:1180,0
DA:1181,0
DA:1182,0
DA:1186,0
DA:1188,0
DA:1189,0
DA:1192,0
DA:1193,0
DA:1196,0
DA:1197,0
DA:1202,0
DA:1203,0
DA:1204,0
DA:1206,0
DA:1221,7
DA:1223,7
DA:1224,7
DA:1228,7
DA:1230,7
DA:1231,7
DA:1234,7
DA:1235,7
DA:1236,7
DA:1240,7
DA:1244,7
DA:1245,7
DA:1246,7
DA:1248,7
DA:1265,5
DA:1266,5
DA:1269,5
DA:1271,5
DA:1272,5
DA:1275,5
DA:1276,5
DA:1277,5
DA:1281,5
DA:1283,5
DA:1284,5
DA:1287,5
DA:1288,5
DA:1291,5
DA:1292,0
DA:1297,5
DA:1298,5
DA:1299,5
DA:1301,5
DA:1318,7
DA:1320,7
DA:1321,7
DA:1325,7
DA:1327,7
DA:1328,7
DA:1331,7
DA:1332,7
DA:1333,7
DA:1337,7
DA:1339,7
DA:1340,7
DA:1343,7
DA:1344,7
DA:1349,7
DA:1350,7
DA:1351,7
DA:1353,7
DA:1365,5
DA:1366,19
DA:1367,19
DA:1376,0
DA:1377,0
DA:1388,0
DA:1389,0
DA:1401,0
DA:1402,0
DA:1411,0
DA:1412,0
DA:1424,0
DA:1425,0
DA:1436,7
DA:1437,7
DA:1450,5
DA:1451,5
DA:1464,7
DA:1465,7
DA:1474,5
DA:1475,0
DA:1476,0
DA:1485,0
DA:1496,0
DA:1508,0
DA:1517,0
DA:1529,0
DA:1540,0
DA:1553,0
DA:1566,0
DA:1587,0
DA:1600,0
DA:1614,0
DA:1625,0
DA:1639,0
DA:1652,7
DA:1667,5
DA:1682,7
DA:1691,5
DA:1692,73
DA:1700,0
DA:1702,0
DA:1704,0
DA:1705,0
DA:1708,0
DA:1709,0
DA:1710,0
DA:1714,0
DA:1718,0
DA:1719,0
DA:1720,0
DA:1722,0
DA:1734,73
DA:1736,73
DA:1738,73
DA:1739,73
DA:1742,73
DA:1743,73
DA:1744,73
DA:1748,73
DA:1752,73
DA:1753,73
DA:1754,73
DA:1756,73
DA:1768,5
DA:1769,73
DA:1770,73
DA:1778,0
DA:1779,0
DA:1788,73
DA:1789,73
DA:1798,5
DA:1799,0
DA:1800,0
DA:1808,0
DA:1817,0
DA:1837,0
DA:1848,73
DA:1857,5
DA:1858,0
DA:1868,0
DA:1869,0
DA:1871,0
DA:1873,0
DA:1874,0
DA:1877,0
DA:1878,0
DA:1879,0
DA:1883,0
DA:1887,0
DA:1889,0
DA:1890,0
DA:1891,0
DA:1892,0
DA:1894,0
DA:1908,0
DA:1909,0
DA:1911,0
DA:1913,0
DA:1914,0
DA:1917,0
DA:1918,0
DA:1919,0
DA:1923,0
DA:1927,0
DA:1929,0
DA:1930,0
DA:1931,0
DA:1932,0
DA:1934,0
DA:1948,0
DA:1949,0
DA:1952,0
DA:1954,0
DA:1955,0
DA:1958,0
DA:1959,0
DA:1960,0
DA:1964,0
DA:1968,0
DA:1969,0
DA:1970,0
DA:1972,0
DA:1984,0
DA:1986,0
DA:1988,0
DA:1989,0
DA:1992,0
DA:1993,0
DA:1994,0
DA:1998,0
DA:2002,0
DA:2003,0
DA:2004,0
DA:2006,0
DA:2020,0
DA:2021,0
DA:2024,0
DA:2026,0
DA:2027,0
DA:2030,0
DA:2031,0
DA:2032,0
DA:2036,0
DA:2040,0
DA:2041,0
DA:2042,0
DA:2044,0
DA:2056,0
DA:2058,0
DA:2060,0
DA:2061,0
DA:2064,0
DA:2065,0
DA:2066,0
DA:2070,0
DA:2074,0
DA:2075,0
DA:2076,0
DA:2078,0
DA:2090,5
DA:2091,0
DA:2092,0
DA:2101,0
DA:2102,0
DA:2112,0
DA:2113,0
DA:2123,0
DA:2124,0
DA:2133,0
DA:2134,0
DA:2144,0
DA:2145,0
DA:2154,0
DA:2155,0
DA:2164,5
DA:2165,0
DA:2166,0
DA:2175,0
DA:2185,0
DA:2195,0
DA:2204,0
DA:2214,0
DA:2223,0
DA:2244,0
DA:2256,0
DA:2268,0
DA:2279,0
DA:2291,0
DA:2302,0
DA:2311,5
DA:2312,37
DA:2322,0
DA:2323,0
DA:2325,0
DA:2327,0
DA:2328,0
DA:2331,0
DA:2332,0
DA:2333,0
DA:2337,0
DA:2341,0
DA:2343,0
DA:2344,0
DA:2345,0
DA:2346,0
DA:2348,0
DA:2362,0
DA:2363,0
DA:2365,0
DA:2367,0
DA:2368,0
DA:2371,0
DA:2372,0
DA:2373,0
DA:2377,0
DA:2381,0
DA:2383,0
DA:2384,0
DA:2385,0
DA:2386,0
DA:2388,0
DA:2402,0
DA:2403,0
DA:2406,0
DA:2408,0
DA:2409,0
DA:2412,0
DA:2413,0
DA:2414,0
DA:2418,0
DA:2422,0
DA:2423,0
DA:2424,0
DA:2426,0
DA:2440,0
DA:2442,0
DA:2444,0
DA:2445,0
DA:2448,0
DA:2449,0
DA:2450,0
DA:2454,0
DA:2456,0
DA:2457,0
DA:2460,0
DA:2461,0
DA:2466,0
DA:2467,0
DA:2468,0
DA:2470,0
DA:2484,37
DA:2485,37
DA:2488,37
DA:2490,37
DA:2491,37
DA:2494,37
DA:2495,37
DA:2496,37
DA:2500,37
DA:2504,37
DA:2505,37
DA:2506,37
DA:2508,37
DA:2525,0
DA:2527,0
DA:2529,0
DA:2530,0
DA:2533,0
DA:2534,0
DA:2535,0
DA:2539,0
DA:2541,0
DA:2542,0
DA:2545,0
DA:2546,0
DA:2549,0
DA:2550,0
DA:2553,0
DA:2554,0
DA:2557,0
DA:2558,0
DA:2563,0
DA:2564,0
DA:2565,0
DA:2567,0
DA:2581,0
DA:2582,0
DA:2585,0
DA:2587,0
DA:2588,0
DA:2591,0
DA:2592,0
DA:2593,0
DA:2597,0
DA:2601,0
DA:2602,0
DA:2603,0
DA:2605,0
DA:2622,0
DA:2624,0
DA:2626,0
DA:2627,0
DA:2630,0
DA:2631,0
DA:2632,0
DA:2636,0
DA:2638,0
DA:2639,0
DA:2642,0
DA:2643,0
DA:2646,0
DA:2647,0
DA:2650,0
DA:2651,0
DA:2654,0
DA:2655,0
DA:2660,0
DA:2661,0
DA:2662,0
DA:2664,0
DA:2676,5
DA:2677,37
DA:2678,37
DA:2687,0
DA:2688,0
DA:2698,0
DA:2699,0
DA:2709,0
DA:2710,0
DA:2721,0
DA:2722,0
DA:2732,37
DA:2733,37
DA:2747,0
DA:2748,0
DA:2758,0
DA:2759,0
DA:2773,0
DA:2774,0
DA:2783,5
DA:2784,0
DA:2785,0
DA:2794,0
DA:2804,0
DA:2814,0
DA:2825,0
DA:2835,0
DA:2849,0
DA:2859,0
DA:2873,0
DA:2894,0
DA:2906,0
DA:2918,0
DA:2931,0
DA:2943,37
DA:2959,0
DA:2971,0
DA:2987,0
LF:504
LH:125
BRDA:1003,0,0,0
BRDA:1010,1,0,0
BRDA:1010,1,1,0
BRDA:1027,2,0,0
BRDA:1027,2,1,0
BRDA:1027,3,0,0
BRDA:1027,3,1,0
BRDA:1044,4,0,0
BRDA:1054,5,0,0
BRDA:1054,5,1,0
BRDA:1071,6,0,0
BRDA:1071,6,1,0
BRDA:1071,7,0,0
BRDA:1071,7,1,0
BRDA:1089,8,0,0
BRDA:1102,9,0,0
BRDA:1102,9,1,0
BRDA:1119,10,0,0
BRDA:1119,10,1,0
BRDA:1119,11,0,0
BRDA:1119,11,1,0
BRDA:1134,12,0,0
BRDA:1139,13,0,0
BRDA:1139,13,1,0
BRDA:1154,14,0,0
BRDA:1154,14,1,0
BRDA:1154,15,0,0
BRDA:1154,15,1,0
BRDA:1171,16,0,0
BRDA:1176,17,0,0
BRDA:1176,17,1,0
BRDA:1188,18,0,0
BRDA:1188,18,1,0
BRDA:1192,19,0,0
BRDA:1192,19,1,0
BRDA:1196,20,0,0
BRDA:1196,20,1,0
BRDA:1203,21,0,0
BRDA:1203,21,1,0
BRDA:1203,22,0,0
BRDA:1203,22,1,0
BRDA:1219,23,0,7
BRDA:1230,24,0,7
BRDA:1230,24,1,0
BRDA:1245,25,0,0
BRDA:1245,25,1,7
BRDA:1245,26,0,7
BRDA:1245,26,1,0
BRDA:1263,27,0,5
BRDA:1271,28,0,5
BRDA:1271,28,1,0
BRDA:1283,29,0,5
BRDA:1283,29,1,0
BRDA:1287,30,0,5
BRDA:1287,30,1,0
BRDA:1291,31,0,0
BRDA:1291,31,1,5
BRDA:1298,32,0,0
BRDA:1298,32,1,5
BRDA:1298,33,0,5
BRDA:1298,33,1,0
BRDA:1316,34,0,7
BRDA:1327,35,0,7
BRDA:1327,35,1,0
BRDA:1339,36,0,7
BRDA:1339,36,1,0
BRDA:1343,37,0,7
BRDA:1343,37,1,0
BRDA:1350,38,0,0
BRDA:1350,38,1,7
BRDA:1350,39,0,7
BRDA:1350,39,1,0
BRDA:1699,40,0,0
BRDA:1704,41,0,0
BRDA:1704,41,1,0
BRDA:1719,42,0,0
BRDA:1719,42,1,0
BRDA:1719,43,0,0
BRDA:1719,43,1,0
BRDA:1733,44,0,73
BRDA:1738,45,0,73
BRDA:1738,45,1,0
BRDA:1753,46,0,0
BRDA:1753,46,1,73
BRDA:1753,47,0,73
BRDA:1753,47,1,0
BRDA:1866,48,0,0
BRDA:1873,49,0,0
BRDA:1873,49,1,0
BRDA:1890,50,0,0
BRDA:1890,50,1,0
BRDA:1890,51,0,0
BRDA:1890,51,1,0
BRDA:1906,52,0,0
BRDA:1913,53,0,0
BRDA:1913,53,1,0
BRDA:1930,54,0,0
BRDA:1930,54,1,0
BRDA:1930,55,0,0
BRDA:1930,55,1,0
BRDA:1946,56,0,0
BRDA:1954,57,0,0
BRDA:1954,57,1,0
BRDA:1969,58,0,0
BRDA:1969,58,1,0
BRDA:1969,59,0,0
BRDA:1969,59,1,0
BRDA:1983,60,0,0
BRDA:1988,61,0,0
BRDA:1988,61,1,0
BRDA:2003,62,0,0
BRDA:2003,62,1,0
BRDA:2003,63,0,0
BRDA:2003,63,1,0
BRDA:2018,64,0,0
BRDA:2026,65,0,0
BRDA:2026,65,1,0
BRDA:2041,66,0,0
BRDA:2041,66,1,0
BRDA:2041,67,0,0
BRDA:2041,67,1,0
BRDA:2055,68,0,0
BRDA:2060,69,0,0
BRDA:2060,69,1,0
BRDA:2075,70,0,0
BRDA:2075,70,1,0
BRDA:2075,71,0,0
BRDA:2075,71,1,0
BRDA:2320,72,0,0
BRDA:2327,73,0,0
BRDA:2327,73,1,0
BRDA:2344,74,0,0
BRDA:2344,74,1,0
BRDA:2344,75,0,0
BRDA:2344,75,1,0
BRDA:2360,76,0,0
BRDA:2367,77,0,0
BRDA:2367,77,1,0
BRDA:2384,78,0,0
BRDA:2384,78,1,0
BRDA:2384,79,0,0
BRDA:2384,79,1,0
BRDA:2400,80,0,0
BRDA:2408,81,0,0
BRDA:2408,81,1,0
BRDA:2423,82,0,0
BRDA:2423,82,1,0
BRDA:2423,83,0,0
BRDA:2423,83,1,0
BRDA:2439,84,0,0
BRDA:2444,85,0,0
BRDA:2444,85,1,0
BRDA:2456,86,0,0
BRDA:2456,86,1,0
BRDA:2460,87,0,0
BRDA:2460,87,1,0
BRDA:2467,88,0,0
BRDA:2467,88,1,0
BRDA:2467,89,0,0
BRDA:2467,89,1,0
BRDA:2482,90,0,37
BRDA:2490,91,0,37
BRDA:2490,91,1,0
BRDA:2505,92,0,0
BRDA:2505,92,1,37
BRDA:2505,93,0,37
BRDA:2505,93,1,0
BRDA:2524,94,0,0
BRDA:2529,95,0,0
BRDA:2529,95,1,0
BRDA:2541,96,0,0
BRDA:2541,96,1,0
BRDA:2545,97,0,0
BRDA:2545,97,1,0
BRDA:2549,98,0,0
BRDA:2549,98,1,0
BRDA:2553,99,0,0
BRDA:2553,99,1,0
BRDA:2557,100,0,0
BRDA:2557,100,1,0
BRDA:2564,101,0,0
BRDA:2564,101,1,0
BRDA:2564,102,0,0
BRDA:2564,102,1,0
BRDA:2579,103,0,0
BRDA:2587,104,0,0
BRDA:2587,104,1,0
BRDA:2602,105,0,0
BRDA:2602,105,1,0
BRDA:2602,106,0,0
BRDA:2602,106,1,0
BRDA:2621,107,0,0
BRDA:2626,108,0,0
BRDA:2626,108,1,0
BRDA:2638,109,0,0
BRDA:2638,109,1,0
BRDA:2642,110,0,0
BRDA:2642,110,1,0
BRDA:2646,111,0,0
BRDA:2646,111,1,0
BRDA:2650,112,0,0
BRDA:2650,112,1,0
BRDA:2654,113,0,0
BRDA:2654,113,1,0
BRDA:2661,114,0,0
BRDA:2661,114,1,0
BRDA:2661,115,0,0
BRDA:2661,115,1,0
BRF:208
BRH:25
end_of_record
TN:
SF:src\gen\haClient\base.ts
FN:53,(anonymous_0)
FN:68,(anonymous_1)
FNF:2
FNH:1
FNDA:129,(anonymous_0)
FNDA:0,(anonymous_1)
DA:22,5
DA:28,5
DA:54,129
DA:55,129
DA:56,129
DA:69,0
DA:70,0
LF:7
LH:5
BRDA:53,0,0,129
BRDA:53,1,0,129
BRDA:54,2,0,129
BRDA:54,2,1,0
BRDA:56,3,0,129
BRDA:56,3,1,129
BRF:6
BRH:5
end_of_record
TN:
SF:src\gen\haClient\common.ts
FN:32,(anonymous_0)
FN:42,(anonymous_1)
FN:55,(anonymous_2)
FN:65,(anonymous_3)
FN:78,(anonymous_4)
FN:87,setFlattenedQueryParams
FN:91,(anonymous_6)
FN:94,(anonymous_7)
FN:113,(anonymous_8)
FN:123,(anonymous_9)
FN:137,(anonymous_10)
FN:145,(anonymous_11)
FN:146,(anonymous_12)
FNF:13
FNH:9
FNDA:70,(anonymous_0)
FNDA:0,(anonymous_1)
FNDA:0,(anonymous_2)
FNDA:129,(anonymous_3)
FNDA:0,(anonymous_4)
FNDA:282,setFlattenedQueryParams
FNDA:129,(anonymous_6)
FNDA:24,(anonymous_7)
FNDA:129,(anonymous_8)
FNDA:0,(anonymous_9)
FNDA:129,(anonymous_10)
FNDA:129,(anonymous_11)
FNDA:129,(anonymous_12)
DA:25,5
DA:32,5
DA:33,70
DA:34,0
DA:42,5
DA:43,0
DA:44,0
DA:47,0
DA:55,5
DA:56,0
DA:57,0
DA:65,5
DA:66,129
DA:67,129
DA:70,129
DA:78,5
DA:79,0
DA:80,0
DA:83,0
DA:88,282
DA:89,282
DA:90,258
DA:91,129
DA:94,129
DA:95,24
DA:100,24
DA:101,0
DA:104,24
DA:113,5
DA:114,129
DA:115,129
DA:116,129
DA:123,5
DA:124,0
DA:125,0
DA:128,0
DA:137,5
DA:138,129
DA:145,5
DA:146,129
DA:147,129
DA:148,129
LF:42
LH:29
BRDA:33,0,0,0
BRDA:33,0,1,70
BRDA:33,1,0,70
BRDA:33,1,1,70
BRDA:43,2,0,0
BRDA:43,2,1,0
BRDA:43,3,0,0
BRDA:43,3,1,0
BRDA:44,4,0,0
BRDA:44,4,1,0
BRDA:56,5,0,0
BRDA:56,5,1,0
BRDA:56,6,0,0
BRDA:56,6,1,0
BRDA:56,6,2,0
BRDA:66,7,0,129
BRDA:66,7,1,0
BRDA:66,8,0,129
BRDA:66,8,1,129
BRDA:67,9,0,0
BRDA:67,9,1,129
BRDA:79,10,0,0
BRDA:79,10,1,0
BRDA:79,11,0,0
BRDA:79,11,1,0
BRDA:80,12,0,0
BRDA:80,12,1,0
BRDA:87,13,0,129
BRDA:88,14,0,0
BRDA:88,14,1,282
BRDA:89,15,0,258
BRDA:89,15,1,24
BRDA:90,16,0,129
BRDA:90,16,1,129
BRDA:95,17,0,0
BRDA:95,17,1,24
BRDA:100,18,0,0
BRDA:100,18,1,24
BRDA:125,19,0,0
BRDA:125,19,1,0
BRDA:125,20,0,0
BRDA:125,20,1,0
BRDA:125,20,2,0
BRDA:128,21,0,0
BRDA:128,21,1,0
BRDA:129,22,0,0
BRDA:129,22,1,0
BRDA:130,23,0,0
BRDA:130,23,1,0
BRDA:146,24,0,0
BRDA:146,25,0,0
BRDA:147,26,0,129
BRDA:147,26,1,129
BRF:53
BRH:17
end_of_record
TN:
SF:src\gen\haClient\configuration.ts
FN:77,(anonymous_0)
FN:97,(anonymous_1)
FNF:2
FNH:1
FNDA:129,(anonymous_0)
FNDA:0,(anonymous_1)
DA:78,129
DA:79,129
DA:80,129
DA:81,129
DA:82,129
DA:83,129
DA:84,129
DA:98,0
DA:99,0
LF:9
LH:7
BRDA:77,0,0,129
BRDA:99,1,0,0
BRDA:99,1,1,0
BRDA:99,1,2,0
BRF:4
BRH:1
end_of_record
TN:
SF:src\gen\haClient\index.ts
FNF:0
FNH:0
LF:0
LH:0
BRF:0
BRH:0
end_of_record
TN:
SF:src\menu\HaMenu.js
FN:6,(anonymous_0)
FNF:1
FNH:1
FNDA:34,(anonymous_0)
DA:6,5
DA:7,34
DA:9,34
DA:10,34
DA:12,0
DA:13,0
DA:15,0
DA:16,0
DA:18,0
LF:9
LH:4
BRDA:9,0,0,34
BRDA:9,0,1,0
BRDA:12,1,0,0
BRDA:12,1,1,0
BRDA:15,2,0,0
BRDA:15,2,1,0
BRF:6
BRH:1
end_of_record
TN:
SF:src\menu\ManagerMenu.js
FN:6,(anonymous_0)
FNF:1
FNH:0
FNDA:0,(anonymous_0)
DA:6,5
DA:7,0
LF:2
LH:1
BRF:0
BRH:0
end_of_record
TN:
SF:src\menu\StudentMenu.js
FN:8,(anonymous_0)
FN:10,(anonymous_1)
FNF:2
FNH:1
FNDA:34,(anonymous_0)
FNDA:0,(anonymous_1)
DA:8,5
DA:9,34
DA:10,34
DA:11,34
DA:12,34
LF:5
LH:5
BRDA:15,0,0,34
BRDA:15,0,1,0
BRF:2
BRH:1
end_of_record
TN:
SF:src\menu\TeacherMenu.js
FN:5,(anonymous_0)
FNF:1
FNH:0
FNDA:0,(anonymous_0)
DA:5,5
DA:6,0
LF:2
LH:1
BRF:0
BRH:0
end_of_record
TN:
SF:src\operations\fees\ByStatusFeeList.js
FN:7,(anonymous_0)
FN:11,(anonymous_1)
FN:26,(anonymous_2)
FN:29,(anonymous_3)
FNF:4
FNH:1
FNDA:192,(anonymous_0)
FNDA:0,(anonymous_1)
FNDA:0,(anonymous_2)
FNDA:0,(anonymous_3)
DA:7,5
DA:8,192
DA:9,192
DA:11,5
DA:12,0
DA:13,0
DA:26,0
DA:29,0
LF:8
LH:4
BRDA:12,0,0,0
BRDA:12,0,1,0
BRF:2
BRH:0
end_of_record
TN:
SF:src\operations\fees\FeeList.js
FN:14,(anonymous_0)
FN:20,(anonymous_1)
FN:26,(anonymous_2)
FN:27,(anonymous_3)
FN:45,(anonymous_4)
FN:48,(anonymous_5)
FNF:6
FNH:5
FNDA:0,(anonymous_0)
FNDA:15,(anonymous_1)
FNDA:5,(anonymous_2)
FNDA:5,(anonymous_3)
FNDA:3,(anonymous_4)
FNDA:70,(anonymous_5)
DA:14,5
DA:15,0
DA:20,5
DA:21,15
DA:22,15
DA:23,15
DA:24,15
DA:25,15
DA:26,15
DA:27,5
DA:28,5
DA:29,5
DA:31,5
DA:35,15
DA:45,3
DA:48,70
LF:16
LH:15
BRDA:22,0,0,0
BRDA:22,0,1,15
BRDA:40,1,0,15
BRDA:40,1,1,0
BRF:4
BRH:2
end_of_record
TN:
SF:src\operations\fees\FeeShow.js
FN:14,(anonymous_0)
FN:20,(anonymous_1)
FN:21,(anonymous_2)
FN:24,(anonymous_3)
FN:33,(anonymous_4)
FN:39,(anonymous_5)
FN:40,(anonymous_6)
FNF:7
FNH:7
FNDA:10,(anonymous_0)
FNDA:10,(anonymous_1)
FNDA:10,(anonymous_2)
FNDA:10,(anonymous_3)
FNDA:10,(anonymous_4)
FNDA:7,(anonymous_5)
FNDA:7,(anonymous_6)
DA:14,5
DA:15,10
DA:20,10
DA:21,10
DA:24,10
DA:33,5
DA:34,10
DA:35,10
DA:36,10
DA:37,10
DA:38,10
DA:39,10
DA:40,7
DA:41,7
DA:42,5
DA:44,7
DA:48,10
LF:17
LH:17
BRDA:24,0,0,10
BRDA:24,0,1,0
BRF:2
BRH:1
end_of_record
TN:
SF:src\operations\fees\FeesCreate.js
FN:31,(anonymous_0)
FN:36,(anonymous_1)
FN:37,(anonymous_2)
FN:42,(anonymous_3)
FN:47,(anonymous_4)
FN:51,(anonymous_5)
FN:56,(anonymous_6)
FN:61,(anonymous_7)
FN:74,(anonymous_8)
FN:85,(anonymous_9)
FN:95,(anonymous_10)
FN:100,(anonymous_11)
FN:101,(anonymous_12)
FN:118,(anonymous_13)
FN:121,(anonymous_14)
FN:123,(anonymous_15)
FN:130,(anonymous_16)
FN:164,(anonymous_17)
FN:174,(anonymous_18)
FNF:19
FNH:0
FNDA:0,(anonymous_0)
FNDA:0,(anonymous_1)
FNDA:0,(anonymous_2)
FNDA:0,(anonymous_3)
FNDA:0,(anonymous_4)
FNDA:0,(anonymous_5)
FNDA:0,(anonymous_6)
FNDA:0,(anonymous_7)
FNDA:0,(anonymous_8)
FNDA:0,(anonymous_9)
FNDA:0,(anonymous_10)
FNDA:0,(anonymous_11)
FNDA:0,(anonymous_12)
FNDA:0,(anonymous_13)
FNDA:0,(anonymous_14)
FNDA:0,(anonymous_15)
FNDA:0,(anonymous_16)
FNDA:0,(anonymous_17)
FNDA:0,(anonymous_18)
DA:20,5
DA:30,5
DA:31,5
DA:32,0
DA:36,0
DA:37,0
DA:42,5
DA:43,0
DA:47,0
DA:51,5
DA:52,0
DA:56,0
DA:61,5
DA:62,0
DA:63,0
DA:64,0
DA:65,0
DA:66,0
DA:67,0
DA:74,0
DA:85,0
DA:95,5
DA:96,0
DA:97,0
DA:98,0
DA:99,0
DA:100,0
DA:101,0
DA:102,0
DA:103,0
DA:105,0
DA:109,0
DA:117,0
DA:118,0
DA:119,0
DA:121,0
DA:122,0
DA:123,0
DA:124,0
DA:125,0
DA:127,0
DA:130,0
DA:131,0
DA:132,0
DA:133,0
DA:142,0
DA:143,0
DA:144,0
DA:145,0
DA:146,0
DA:156,0
DA:158,0
DA:164,0
DA:174,5
DA:175,0
DA:176,0
DA:177,0
DA:178,0
DA:179,0
DA:181,0
DA:182,0
DA:183,0
LF:62
LH:8
BRDA:76,0,0,0
BRDA:76,0,1,0
BRDA:87,1,0,0
BRDA:87,1,1,0
BRDA:127,2,0,0
BRDA:127,2,1,0
BRDA:131,3,0,0
BRDA:131,3,1,0
BRDA:135,4,0,0
BRDA:135,4,1,0
BRDA:143,5,0,0
BRDA:143,5,1,0
BRDA:148,6,0,0
BRDA:148,6,1,0
BRDA:176,7,0,0
BRDA:176,7,1,0
BRDA:177,8,0,0
BRDA:177,8,1,0
BRDA:178,9,0,0
BRDA:178,9,1,0
BRDA:179,10,0,0
BRDA:179,10,1,0
BRF:22
BRH:0
end_of_record
TN:
SF:src\operations\fees\byStatusRowStyle.js
FN:3,(anonymous_0)
FNF:1
FNH:1
FNDA:70,(anonymous_0)
DA:3,5
DA:4,70
DA:5,70
LF:3
LH:3
BRDA:4,0,0,21
BRDA:4,0,1,49
BRDA:6,1,0,28
BRDA:6,1,1,42
BRF:4
BRH:4
end_of_record
TN:
SF:src\operations\fees\index.js
FNF:0
FNH:0
DA:7,5
LF:1
LH:1
BRF:0
BRH:0
end_of_record
TN:
SF:src\operations\payments\PaymentCreate.js
FN:9,(anonymous_0)
FN:15,(anonymous_1)
FN:16,(anonymous_2)
FN:25,(anonymous_3)
FN:34,(anonymous_4)
FN:42,(anonymous_5)
FN:43,(anonymous_6)
FNF:7
FNH:0
FNDA:0,(anonymous_0)
FNDA:0,(anonymous_1)
FNDA:0,(anonymous_2)
FNDA:0,(anonymous_3)
FNDA:0,(anonymous_4)
FNDA:0,(anonymous_5)
FNDA:0,(anonymous_6)
DA:9,5
DA:10,0
DA:11,0
DA:12,0
DA:13,0
DA:14,0
DA:15,0
DA:16,0
DA:17,0
DA:18,0
DA:20,0
DA:23,0
DA:24,0
DA:25,0
DA:26,0
DA:29,0
DA:34,0
DA:42,0
DA:44,0
LF:19
LH:1
BRDA:48,0,0,0
BRDA:48,0,1,0
BRF:2
BRH:0
end_of_record
TN:
SF:src\operations\payments\PaymentList.js
FN:6,(anonymous_0)
FN:12,(anonymous_1)
FN:24,(anonymous_2)
FNF:3
FNH:3
FNDA:10,(anonymous_0)
FNDA:10,(anonymous_1)
FNDA:8,(anonymous_2)
DA:6,5
DA:7,10
DA:12,5
DA:13,10
DA:24,8
LF:5
LH:5
BRF:0
BRH:0
end_of_record
TN:
SF:src\operations\payments\index.js
FNF:0
FNH:0
DA:5,5
LF:1
LH:1
BRF:0
BRH:0
end_of_record
TN:
SF:src\operations\profile\ProfileEdit.js
FN:5,(anonymous_0)
FN:16,(anonymous_1)
FNF:2
FNH:0
FNDA:0,(anonymous_0)
FNDA:0,(anonymous_1)
DA:5,5
DA:6,0
DA:16,5
DA:17,0
LF:4
LH:2
BRF:0
BRH:0
end_of_record
TN:
SF:src\operations\profile\ProfileShow.js
FN:7,(anonymous_0)
FN:8,(anonymous_1)
FN:13,(anonymous_2)
FN:18,(anonymous_3)
FN:23,(anonymous_4)
FN:41,(anonymous_5)
FNF:6
FNH:6
FNDA:12,(anonymous_0)
FNDA:12,(anonymous_1)
FNDA:12,(anonymous_2)
FNDA:12,(anonymous_3)
FNDA:12,(anonymous_4)
FNDA:12,(anonymous_5)
DA:7,5
DA:8,12
DA:9,12
DA:10,0
DA:11,0
DA:13,12
DA:14,12
DA:15,0
DA:16,0
DA:18,12
DA:19,12
DA:20,12
DA:21,0
DA:23,12
DA:24,12
DA:41,5
DA:42,12
DA:43,12
LF:18
LH:13
BRDA:9,0,0,12
BRDA:9,0,1,0
BRDA:10,1,0,0
BRDA:10,1,1,0
BRDA:14,2,0,12
BRDA:14,2,1,0
BRDA:15,3,0,0
BRDA:15,3,1,0
BRDA:19,4,0,0
BRDA:19,4,1,12
BRDA:19,5,0,12
BRDA:19,5,1,12
BRDA:20,6,0,12
BRDA:20,6,1,0
BRDA:20,7,0,12
BRDA:20,7,1,0
BRF:16
BRH:7
end_of_record
TN:
SF:src\operations\profile\index.js
FNF:0
FNH:0
DA:4,5
DA:10,5
LF:2
LH:2
BRF:0
BRH:0
end_of_record
TN:
SF:src\operations\studentGrades\index.js
FNF:0
FNH:0
DA:5,5
LF:1
LH:1
BRF:0
BRH:0
end_of_record
TN:
SF:src\operations\students\StudentCreate.js
FN:7,(anonymous_0)
FN:18,(anonymous_1)
FN:23,(anonymous_2)
FN:37,(anonymous_3)
FN:43,(anonymous_4)
FN:78,(anonymous_5)
FNF:6
FNH:0
FNDA:0,(anonymous_0)
FNDA:0,(anonymous_1)
FNDA:0,(anonymous_2)
FNDA:0,(anonymous_3)
FNDA:0,(anonymous_4)
FNDA:0,(anonymous_5)
DA:7,5
DA:8,0
DA:16,0
DA:17,0
DA:18,0
DA:19,0
DA:21,0
DA:22,0
DA:23,0
DA:35,0
DA:36,0
DA:37,0
DA:38,0
DA:39,0
DA:41,0
DA:42,0
DA:43,0
DA:44,0
DA:45,0
DA:46,0
DA:47,0
DA:48,0
DA:57,0
DA:58,0
DA:59,0
DA:61,0
DA:78,0
LF:27
LH:1
BRDA:41,0,0,0
BRDA:41,0,1,0
BRDA:42,1,0,0
BRDA:42,1,1,0
BRDA:45,2,0,0
BRDA:45,2,1,0
BRDA:50,3,0,0
BRDA:50,3,1,0
BRDA:80,4,0,0
BRDA:80,4,1,0
BRF:10
BRH:0
end_of_record
TN:
SF:src\operations\students\StudentList.js
FN:8,(anonymous_0)
FNF:1
FNH:0
FNDA:0,(anonymous_0)
DA:8,5
DA:9,0
DA:10,0
LF:3
LH:1
BRDA:23,0,0,0
BRDA:23,0,1,0
BRF:2
BRH:0
end_of_record
TN:
SF:src\operations\students\StudentShow.js
FN:8,(anonymous_0)
FN:22,(anonymous_1)
FNF:2
FNH:0
FNDA:0,(anonymous_0)
FNDA:0,(anonymous_1)
DA:8,5
DA:9,0
DA:10,0
DA:22,5
DA:23,0
DA:24,0
LF:6
LH:2
BRDA:13,0,0,0
BRDA:13,0,1,0
BRDA:25,1,0,0
BRDA:25,1,1,0
BRF:4
BRH:0
end_of_record
TN:
SF:src\operations\students\index.js
FNF:0
FNH:0
DA:7,5
LF:1
LH:1
BRF:0
BRH:0
end_of_record
TN:
SF:src\operations\teachers\TeacherCreate.js
FN:4,(anonymous_0)
FNF:1
FNH:0
FNDA:0,(anonymous_0)
DA:4,5
DA:5,0
LF:2
LH:1
BRF:0
BRH:0
end_of_record
TN:
SF:src\operations\teachers\TeacherList.js
FN:6,(anonymous_0)
FNF:1
FNH:0
FNDA:0,(anonymous_0)
DA:6,5
DA:7,0
LF:2
LH:1
BRF:0
BRH:0
end_of_record
TN:
SF:src\operations\teachers\TeacherShow.js
FN:5,(anonymous_0)
FN:13,(anonymous_1)
FNF:2
FNH:0
FNDA:0,(anonymous_0)
FNDA:0,(anonymous_1)
DA:5,5
DA:6,0
DA:13,5
DA:14,0
LF:4
LH:2
BRF:0
BRH:0
end_of_record
TN:
SF:src\operations\teachers\index.js
FNF:0
FNH:0
DA:7,5
LF:1
LH:1
BRF:0
BRH:0
end_of_record
TN:
SF:src\operations\utils\EditToolBar.js
FN:3,(anonymous_0)
FNF:1
FNH:0
FNDA:0,(anonymous_0)
DA:3,5
DA:4,0
LF:2
LH:1
BRF:0
BRH:0
end_of_record
TN:
SF:src\operations\utils\PrevNextPagination.js
FN:9,(anonymous_0)
FN:24,(anonymous_1)
FN:37,(anonymous_2)
FNF:3
FNH:0
FNDA:0,(anonymous_0)
FNDA:0,(anonymous_1)
FNDA:0,(anonymous_2)
DA:7,5
DA:9,5
DA:10,0
DA:11,0
DA:12,0
DA:13,0
DA:14,0
DA:15,0
DA:17,0
DA:21,0
DA:24,0
DA:25,0
DA:26,0
DA:28,0
DA:37,0
LF:15
LH:2
BRDA:12,0,0,0
BRDA:12,0,1,0
BRDA:13,1,0,0
BRDA:13,1,1,0
BRDA:13,2,0,0
BRDA:13,2,1,0
BRDA:13,2,2,0
BRDA:13,2,3,0
BRDA:17,3,0,0
BRDA:17,3,1,0
BRDA:17,4,0,0
BRDA:17,4,1,0
BRDA:30,5,0,0
BRDA:30,5,1,0
BRDA:36,6,0,0
BRDA:36,6,1,0
BRDA:36,6,2,0
BRF:17
BRH:0
end_of_record
TN:
SF:src\operations\utils\SexRadioButton.js
FN:3,(anonymous_0)
FNF:1
FNH:0
FNDA:0,(anonymous_0)
DA:3,5
DA:4,0
LF:2
LH:1
BRF:0
BRH:0
end_of_record
TN:
SF:src\operations\utils\index.js
FNF:0
FNH:0
LF:0
LH:0
BRF:0
BRH:0
end_of_record
TN:
SF:src\operations\utils\money.ts
FN:3,(anonymous_0)
FNF:1
FNH:1
FNDA:98,(anonymous_0)
DA:1,5
DA:3,5
DA:4,98
LF:3
LH:3
BRF:0
BRH:0
end_of_record
TN:
SF:src\operations\utils\typography.js
FN:1,(anonymous_0)
FN:4,(anonymous_1)
FNF:2
FNH:2
FNDA:15,(anonymous_0)
FNDA:10,(anonymous_1)
DA:1,15
DA:2,5
DA:4,5
DA:5,10
DA:6,0
DA:7,0
DA:8,0
LF:7
LH:4
BRDA:5,0,0,10
BRDA:5,0,1,0
BRDA:6,1,0,0
BRDA:6,1,1,0
BRDA:7,2,0,0
BRDA:7,2,1,0
BRF:6
BRH:1
end_of_record
TN:
SF:src\providers\api.js
FN:4,(anonymous_0)
FN:5,(anonymous_1)
FNF:2
FNH:2
FNDA:37,(anonymous_0)
FNDA:19,(anonymous_1)
DA:4,37
DA:5,19
LF:2
LH:2
BRF:0
BRH:0
end_of_record
TN:
SF:src\providers\authProvider.ts
FN:22,(anonymous_0)
FN:29,(anonymous_1)
FN:30,(anonymous_2)
FN:36,(anonymous_3)
FN:38,(anonymous_4)
FN:40,(anonymous_5)
FN:46,(anonymous_6)
FN:48,(anonymous_7)
FN:50,(anonymous_8)
FN:60,(anonymous_9)
FN:68,(anonymous_10)
FN:71,(anonymous_11)
FN:77,(anonymous_12)
FN:79,(anonymous_13)
FN:84,(anonymous_14)
FN:89,(anonymous_15)
FN:91,(anonymous_16)
FN:93,(anonymous_17)
FN:97,(anonymous_18)
FN:103,(anonymous_19)
FNF:20
FNH:14
FNDA:115,(anonymous_0)
FNDA:70,(anonymous_1)
FNDA:0,(anonymous_2)
FNDA:0,(anonymous_3)
FNDA:0,(anonymous_4)
FNDA:14,(anonymous_5)
FNDA:197,(anonymous_6)
FNDA:55,(anonymous_7)
FNDA:56,(anonymous_8)
FNDA:14,(anonymous_9)
FNDA:14,(anonymous_10)
FNDA:14,(anonymous_11)
FNDA:101,(anonymous_12)
FNDA:56,(anonymous_13)
FNDA:42,(anonymous_14)
FNDA:0,(anonymous_15)
FNDA:0,(anonymous_16)
FNDA:28,(anonymous_17)
FNDA:14,(anonymous_18)
FNDA:0,(anonymous_19)
DA:12,5
DA:14,5
DA:15,5
DA:16,5
DA:17,5
DA:18,5
DA:19,5
DA:20,5
DA:22,5
DA:23,115
DA:24,73
DA:25,73
DA:26,73
DA:27,73
DA:29,70
DA:31,0
DA:32,0
DA:36,5
DA:38,5
DA:40,5
DA:41,14
DA:42,14
DA:43,14
DA:46,197
DA:48,55
DA:50,5
DA:51,56
DA:52,56
DA:53,56
DA:56,5
DA:61,14
DA:62,14
DA:63,0
DA:64,0
DA:65,0
DA:66,0
DA:68,14
DA:72,14
DA:73,14
DA:74,14
DA:78,101
DA:80,56
DA:81,0
DA:85,42
DA:89,0
DA:91,0
DA:93,28
DA:98,14
DA:99,14
DA:100,14
DA:104,0
DA:105,0
DA:106,0
DA:107,0
DA:108,0
DA:109,0
DA:110,0
LF:57
LH:41
BRDA:62,0,0,0
BRDA:62,0,1,14
BRDA:80,1,0,0
BRDA:80,1,1,56
BRDA:80,2,0,56
BRDA:80,2,1,0
BRF:6
BRH:3
end_of_record
TN:
SF:src\providers\dataProvider.ts
FN:11,(anonymous_0)
FN:21,(anonymous_1)
FN:34,(anonymous_2)
FN:38,(anonymous_3)
FN:42,(anonymous_4)
FN:50,(anonymous_5)
FNF:6
FNH:3
FNDA:56,(anonymous_0)
FNDA:12,(anonymous_1)
FNDA:44,(anonymous_2)
FNDA:0,(anonymous_3)
FNDA:0,(anonymous_4)
FNDA:0,(anonymous_5)
DA:9,5
DA:11,5
DA:12,56
DA:13,44
DA:14,19
DA:15,7
DA:16,0
DA:17,0
DA:20,5
DA:22,12
DA:23,12
DA:24,12
DA:25,12
DA:26,0
DA:27,0
DA:30,12
DA:31,12
DA:32,12
DA:35,44
DA:36,38
DA:39,0
DA:40,0
DA:43,0
DA:46,0
DA:50,5
DA:51,0
DA:52,0
DA:53,0
DA:54,0
DA:55,0
DA:57,0
LF:31
LH:17
BRDA:12,0,0,12
BRDA:12,0,1,44
BRDA:13,1,0,25
BRDA:13,1,1,19
BRDA:14,2,0,12
BRDA:14,2,1,7
BRDA:15,3,0,7
BRDA:15,3,1,0
BRDA:16,4,0,0
BRDA:16,4,1,0
BRDA:23,5,0,0
BRDA:23,5,1,12
BRDA:25,6,0,0
BRDA:25,6,1,12
BRDA:44,7,0,0
BRDA:44,7,1,0
BRDA:44,8,0,0
BRDA:44,8,1,0
BRF:18
BRH:9
end_of_record
TN:
SF:src\providers\feeProvider.ts
FN:5,(anonymous_0)
FN:6,(anonymous_1)
FN:10,(anonymous_2)
FN:13,(anonymous_3)
FN:17,(anonymous_4)
FN:22,(anonymous_5)
FN:27,(anonymous_6)
FN:30,(anonymous_7)
FNF:8
FNH:6
FNDA:50,(anonymous_0)
FNDA:24,(anonymous_1)
FNDA:10,(anonymous_2)
FNDA:5,(anonymous_3)
FNDA:50,(anonymous_4)
FNDA:7,(anonymous_5)
FNDA:0,(anonymous_6)
FNDA:0,(anonymous_7)
DA:4,5
DA:5,50
DA:6,5
DA:7,24
DA:8,24
DA:10,10
DA:12,5
DA:14,5
DA:17,50
DA:23,7
DA:24,7
DA:25,5
DA:28,0
DA:29,0
DA:30,0
DA:31,0
DA:32,0
DA:36,0
DA:37,0
LF:19
LH:12
BRDA:14,0,0,5
BRDA:14,0,1,0
BRDA:29,1,0,0
BRDA:29,1,1,0
BRDA:31,2,0,0
BRDA:31,2,1,0
BRF:6
BRH:1
end_of_record
TN:
SF:src\providers\paymentProvider.ts
FN:7,(anonymous_0)
FN:10,(anonymous_1)
FN:13,(anonymous_2)
FN:18,(anonymous_3)
FN:21,(anonymous_4)
FN:24,(anonymous_5)
FNF:6
FNH:3
FNDA:7,(anonymous_0)
FNDA:7,(anonymous_1)
FNDA:7,(anonymous_2)
FNDA:0,(anonymous_3)
FNDA:0,(anonymous_4)
FNDA:0,(anonymous_5)
DA:6,5
DA:7,7
DA:9,5
DA:11,7
DA:12,7
DA:13,7
DA:19,0
DA:22,0
DA:23,0
DA:24,0
DA:25,0
DA:26,0
DA:30,0
DA:31,0
DA:32,0
LF:15
LH:6
BRDA:25,0,0,0
BRDA:25,0,1,0
BRF:2
BRH:0
end_of_record
TN:
SF:src\providers\profileProvider.ts
FN:6,(anonymous_0)
FN:11,(anonymous_1)
FN:16,(anonymous_2)
FN:21,(anonymous_3)
FN:24,(anonymous_4)
FN:27,(anonymous_5)
FNF:6
FNH:2
FNDA:12,(anonymous_0)
FNDA:12,(anonymous_1)
FNDA:0,(anonymous_2)
FNDA:0,(anonymous_3)
FNDA:0,(anonymous_4)
FNDA:0,(anonymous_5)
DA:5,5
DA:7,12
DA:8,12
DA:9,12
DA:11,12
DA:13,0
DA:14,0
DA:16,0
DA:18,0
DA:19,0
DA:21,0
DA:25,0
DA:28,0
LF:13
LH:5
BRDA:8,0,0,12
BRDA:8,0,1,0
BRDA:13,1,0,0
BRDA:13,1,1,0
BRDA:18,2,0,0
BRDA:18,2,1,0
BRF:6
BRH:1
end_of_record
TN:
SF:src\providers\studentProvider.ts
FN:6,(anonymous_0)
FN:10,(anonymous_1)
FN:14,(anonymous_2)
FNF:3
FNH:1
FNDA:0,(anonymous_0)
FNDA:25,(anonymous_1)
FNDA:0,(anonymous_2)
DA:5,5
DA:7,0
DA:8,0
DA:11,25
DA:12,21
DA:15,0
DA:16,0
DA:17,0
DA:18,0
DA:19,0
LF:10
LH:3
BRDA:18,0,0,0
BRDA:18,0,1,0
BRF:2
BRH:0
end_of_record
TN:
SF:src\providers\teacherProvider.ts
FN:5,(anonymous_0)
FN:9,(anonymous_1)
FN:13,(anonymous_2)
FNF:3
FNH:0
FNDA:0,(anonymous_0)
FNDA:0,(anonymous_1)
FNDA:0,(anonymous_2)
DA:4,5
DA:6,0
DA:7,0
DA:10,0
DA:11,0
DA:14,0
DA:15,0
LF:7
LH:1
BRF:0
BRH:0
end_of_record
TN:
SF:src\security\CompletePasswordPage.js
FN:54,(anonymous_0)
FN:58,(anonymous_1)
FN:61,(anonymous_2)
FN:74,(anonymous_3)
FN:96,(anonymous_4)
FN:109,(anonymous_5)
FNF:6
FNH:0
FNDA:0,(anonymous_0)
FNDA:0,(anonymous_1)
FNDA:0,(anonymous_2)
FNDA:0,(anonymous_3)
FNDA:0,(anonymous_4)
FNDA:0,(anonymous_5)
DA:5,5
DA:54,5
DA:55,0
DA:58,5
DA:59,0
DA:60,0
DA:61,0
DA:62,0
DA:63,0
DA:64,0
DA:65,0
DA:66,0
DA:67,0
DA:68,0
DA:69,0
DA:70,0
DA:72,0
DA:74,0
DA:75,0
DA:76,0
DA:77,0
DA:78,0
DA:79,0
DA:80,0
DA:81,0
DA:82,0
DA:86,0
DA:89,0
DA:96,0
DA:109,5
DA:110,0
LF:31
LH:4
BRDA:63,0,0,0
BRDA:63,0,1,0
BRDA:65,1,0,0
BRDA:65,1,1,0
BRDA:67,2,0,0
BRDA:67,2,1,0
BRDA:69,3,0,0
BRDA:69,3,1,0
BRDA:77,4,0,0
BRDA:77,4,1,0
BRDA:79,5,0,0
BRDA:79,5,1,0
BRDA:81,6,0,0
BRDA:81,6,1,0
BRF:14
BRH:0
end_of_record
TN:
SF:src\security\LoginPage.js
FN:7,(anonymous_0)
FN:36,(anonymous_1)
FN:38,(anonymous_2)
FN:39,(anonymous_3)
FN:40,(anonymous_4)
FNF:5
FNH:3
FNDA:0,(anonymous_0)
FNDA:14,(anonymous_1)
FNDA:14,(anonymous_2)
FNDA:0,(anonymous_3)
FNDA:14,(anonymous_4)
DA:7,5
DA:8,0
DA:9,0
DA:36,5
DA:37,14
DA:38,14
DA:39,14
DA:40,14
DA:42,14
LF:9
LH:7
BRDA:40,0,0,0
BRDA:40,0,1,14
BRDA:54,1,0,0
BRDA:54,1,1,14
BRF:4
BRH:2
end_of_record
TN:
SF:src\security\permissions.ts
FN:3,(anonymous_0)
FNF:1
FNH:1
FNDA:28,(anonymous_0)
DA:3,5
DA:4,28
DA:6,28
DA:7,28
DA:9,28
DA:31,28
LF:6
LH:6
BRF:0
BRH:0
end_of_record
