TN:
SF:src\App.js
FN:24,(anonymous_0)
FN:25,(anonymous_1)
FN:30,(anonymous_2)
FNF:3
FNH:2
FNDA:0,(anonymous_0)
FNDA:24,(anonymous_1)
FNDA:24,(anonymous_2)
DA:24,6
DA:25,6
DA:26,24
DA:30,24
LF:4
LH:4
BRF:0
BRH:0
end_of_record
TN:
SF:src\HaAppBar.js
FN:6,(anonymous_0)
FN:7,(anonymous_1)
FN:20,(anonymous_2)
FNF:3
FNH:2
FNDA:55,(anonymous_0)
FNDA:0,(anonymous_1)
FNDA:55,(anonymous_2)
DA:6,6
DA:7,55
DA:8,0
DA:9,0
DA:11,55
DA:20,6
DA:21,55
LF:7
LH:5
BRF:0
BRH:0
end_of_record
TN:
SF:src\HaLayout.js
FN:8,(anonymous_0)
FNF:1
FNH:1
FNDA:59,(anonymous_0)
DA:8,6
DA:9,59
LF:2
LH:2
BRF:0
BRH:0
end_of_record
TN:
SF:src\MyBreadcrumb.js
FN:5,(anonymous_0)
FN:7,(anonymous_1)
FN:12,(anonymous_2)
FNF:3
FNH:3
FNDA:71,(anonymous_0)
FNDA:50,(anonymous_1)
FNDA:19,(anonymous_2)
DA:5,6
DA:6,71
DA:7,67
DA:8,50
DA:9,19
DA:10,0
DA:12,19
DA:13,19
DA:14,17
DA:16,19
DA:17,19
DA:20,31
DA:23,67
LF:13
LH:12
BRDA:8,0,0,19
BRDA:8,0,1,31
BRDA:9,1,0,0
BRDA:9,1,1,19
BRF:4
BRH:3
end_of_record
TN:
SF:src\aws-exports.js
FNF:0
FNH:0
DA:4,6
LF:1
LH:1
BRF:0
BRH:0
end_of_record
TN:
SF:src\conf.js
FNF:0
FNH:0
DA:1,6
DA:3,6
DA:5,6
DA:33,6
DA:38,6
DA:44,6
LF:6
LH:6
BRF:0
BRH:0
end_of_record
TN:
SF:src\haTheme.js
FNF:0
FNH:0
DA:4,6
LF:1
LH:1
BRF:0
BRH:0
end_of_record
TN:
SF:src\gen\haClient\api.ts
FN:1004,(anonymous_0)
FN:1013,(anonymous_1)
FN:1052,(anonymous_2)
FN:1094,(anonymous_3)
FN:1142,(anonymous_4)
FN:1177,(anonymous_5)
FN:1223,(anonymous_6)
FN:1265,(anonymous_7)
FN:1321,(anonymous_8)
FN:1368,(anonymous_9)
FN:1378,(anonymous_10)
FN:1393,(anonymous_11)
FN:1410,(anonymous_12)
FN:1425,(anonymous_13)
FN:1438,(anonymous_14)
FN:1455,(anonymous_15)
FN:1473,(anonymous_16)
FN:1493,(anonymous_17)
FN:1510,(anonymous_18)
FN:1520,(anonymous_19)
FN:1521,(anonymous_20)
FN:1531,(anonymous_21)
FN:1532,(anonymous_22)
FN:1543,(anonymous_23)
FN:1544,(anonymous_24)
FN:1552,(anonymous_25)
FN:1553,(anonymous_26)
FN:1564,(anonymous_27)
FN:1565,(anonymous_28)
FN:1575,(anonymous_29)
FN:1576,(anonymous_30)
FN:1588,(anonymous_31)
FN:1589,(anonymous_32)
FN:1601,(anonymous_33)
FN:1602,(anonymous_34)
FN:1622,(anonymous_35)
FN:1625,(anonymous_36)
FN:1637,(anonymous_37)
FN:1640,(anonymous_38)
FN:1653,(anonymous_39)
FN:1656,(anonymous_40)
FN:1666,(anonymous_41)
FN:1669,(anonymous_42)
FN:1682,(anonymous_43)
FN:1685,(anonymous_44)
FN:1697,(anonymous_45)
FN:1700,(anonymous_46)
FN:1714,(anonymous_47)
FN:1717,(anonymous_48)
FN:1731,(anonymous_49)
FN:1734,(anonymous_50)
FN:1742,(anonymous_51)
FN:1750,(anonymous_52)
FN:1782,(anonymous_53)
FN:1815,(anonymous_54)
FN:1824,(anonymous_55)
FN:1834,(anonymous_56)
FN:1845,(anonymous_57)
FN:1854,(anonymous_58)
FN:1855,(anonymous_59)
FN:1863,(anonymous_60)
FN:1864,(anonymous_61)
FN:1883,(anonymous_62)
FN:1886,(anonymous_63)
FN:1896,(anonymous_64)
FN:1899,(anonymous_65)
FN:1907,(anonymous_66)
FN:1916,(anonymous_67)
FN:1954,(anonymous_68)
FN:1992,(anonymous_69)
FN:2026,(anonymous_70)
FN:2059,(anonymous_71)
FN:2093,(anonymous_72)
FN:2126,(anonymous_73)
FN:2136,(anonymous_74)
FN:2147,(anonymous_75)
FN:2161,(anonymous_76)
FN:2171,(anonymous_77)
FN:2182,(anonymous_78)
FN:2192,(anonymous_79)
FN:2203,(anonymous_80)
FN:2213,(anonymous_81)
FN:2214,(anonymous_82)
FN:2223,(anonymous_83)
FN:2224,(anonymous_84)
FN:2233,(anonymous_85)
FN:2234,(anonymous_86)
FN:2242,(anonymous_87)
FN:2243,(anonymous_88)
FN:2252,(anonymous_89)
FN:2253,(anonymous_90)
FN:2261,(anonymous_91)
FN:2262,(anonymous_92)
FN:2282,(anonymous_93)
FN:2285,(anonymous_94)
FN:2296,(anonymous_95)
FN:2299,(anonymous_96)
FN:2310,(anonymous_97)
FN:2313,(anonymous_98)
FN:2323,(anonymous_99)
FN:2326,(anonymous_100)
FN:2337,(anonymous_101)
FN:2340,(anonymous_102)
FN:2350,(anonymous_103)
FN:2353,(anonymous_104)
FN:2361,(anonymous_105)
FN:2370,(anonymous_106)
FN:2408,(anonymous_107)
FN:2446,(anonymous_108)
FN:2482,(anonymous_109)
FN:2523,(anonymous_110)
FN:2562,(anonymous_111)
FN:2622,(anonymous_112)
FN:2661,(anonymous_113)
FN:2721,(anonymous_114)
FN:2731,(anonymous_115)
FN:2745,(anonymous_116)
FN:2759,(anonymous_117)
FN:2771,(anonymous_118)
FN:2786,(anonymous_119)
FN:2801,(anonymous_120)
FN:2819,(anonymous_121)
FN:2834,(anonymous_122)
FN:2852,(anonymous_123)
FN:2862,(anonymous_124)
FN:2863,(anonymous_125)
FN:2872,(anonymous_126)
FN:2873,(anonymous_127)
FN:2882,(anonymous_128)
FN:2883,(anonymous_129)
FN:2893,(anonymous_130)
FN:2894,(anonymous_131)
FN:2903,(anonymous_132)
FN:2904,(anonymous_133)
FN:2917,(anonymous_134)
FN:2918,(anonymous_135)
FN:2927,(anonymous_136)
FN:2928,(anonymous_137)
FN:2941,(anonymous_138)
FN:2942,(anonymous_139)
FN:2962,(anonymous_140)
FN:2965,(anonymous_141)
FN:2976,(anonymous_142)
FN:2979,(anonymous_143)
FN:2990,(anonymous_144)
FN:2993,(anonymous_145)
FN:3005,(anonymous_146)
FN:3008,(anonymous_147)
FN:3019,(anonymous_148)
FN:3022,(anonymous_149)
FN:3037,(anonymous_150)
FN:3040,(anonymous_151)
FN:3051,(anonymous_152)
FN:3054,(anonymous_153)
FN:3069,(anonymous_154)
FN:3072,(anonymous_155)
FNF:156
FNH:30
FNDA:33,(anonymous_0)
FNDA:0,(anonymous_1)
FNDA:0,(anonymous_2)
FNDA:0,(anonymous_3)
FNDA:0,(anonymous_4)
FNDA:2,(anonymous_5)
FNDA:14,(anonymous_6)
FNDA:7,(anonymous_7)
FNDA:10,(anonymous_8)
FNDA:33,(anonymous_9)
FNDA:0,(anonymous_10)
FNDA:0,(anonymous_11)
FNDA:0,(anonymous_12)
FNDA:0,(anonymous_13)
FNDA:2,(anonymous_14)
FNDA:14,(anonymous_15)
FNDA:7,(anonymous_16)
FNDA:10,(anonymous_17)
FNDA:0,(anonymous_18)
FNDA:0,(anonymous_19)
FNDA:0,(anonymous_20)
FNDA:0,(anonymous_21)
FNDA:0,(anonymous_22)
FNDA:0,(anonymous_23)
FNDA:0,(anonymous_24)
FNDA:0,(anonymous_25)
FNDA:0,(anonymous_26)
FNDA:0,(anonymous_27)
FNDA:0,(anonymous_28)
FNDA:0,(anonymous_29)
FNDA:0,(anonymous_30)
FNDA:0,(anonymous_31)
FNDA:0,(anonymous_32)
FNDA:0,(anonymous_33)
FNDA:0,(anonymous_34)
FNDA:0,(anonymous_35)
FNDA:0,(anonymous_36)
FNDA:0,(anonymous_37)
FNDA:0,(anonymous_38)
FNDA:0,(anonymous_39)
FNDA:0,(anonymous_40)
FNDA:0,(anonymous_41)
FNDA:0,(anonymous_42)
FNDA:2,(anonymous_43)
FNDA:2,(anonymous_44)
FNDA:14,(anonymous_45)
FNDA:14,(anonymous_46)
FNDA:7,(anonymous_47)
FNDA:7,(anonymous_48)
FNDA:10,(anonymous_49)
FNDA:10,(anonymous_50)
FNDA:106,(anonymous_51)
FNDA:0,(anonymous_52)
FNDA:106,(anonymous_53)
FNDA:106,(anonymous_54)
FNDA:0,(anonymous_55)
FNDA:106,(anonymous_56)
FNDA:0,(anonymous_57)
FNDA:0,(anonymous_58)
FNDA:0,(anonymous_59)
FNDA:0,(anonymous_60)
FNDA:0,(anonymous_61)
FNDA:0,(anonymous_62)
FNDA:0,(anonymous_63)
FNDA:106,(anonymous_64)
FNDA:106,(anonymous_65)
FNDA:0,(anonymous_66)
FNDA:0,(anonymous_67)
FNDA:0,(anonymous_68)
FNDA:0,(anonymous_69)
FNDA:0,(anonymous_70)
FNDA:0,(anonymous_71)
FNDA:0,(anonymous_72)
FNDA:0,(anonymous_73)
FNDA:0,(anonymous_74)
FNDA:0,(anonymous_75)
FNDA:0,(anonymous_76)
FNDA:0,(anonymous_77)
FNDA:0,(anonymous_78)
FNDA:0,(anonymous_79)
FNDA:0,(anonymous_80)
FNDA:0,(anonymous_81)
FNDA:0,(anonymous_82)
FNDA:0,(anonymous_83)
FNDA:0,(anonymous_84)
FNDA:0,(anonymous_85)
FNDA:0,(anonymous_86)
FNDA:0,(anonymous_87)
FNDA:0,(anonymous_88)
FNDA:0,(anonymous_89)
FNDA:0,(anonymous_90)
FNDA:0,(anonymous_91)
FNDA:0,(anonymous_92)
FNDA:0,(anonymous_93)
FNDA:0,(anonymous_94)
FNDA:0,(anonymous_95)
FNDA:0,(anonymous_96)
FNDA:0,(anonymous_97)
FNDA:0,(anonymous_98)
FNDA:0,(anonymous_99)
FNDA:0,(anonymous_100)
FNDA:0,(anonymous_101)
FNDA:0,(anonymous_102)
FNDA:0,(anonymous_103)
FNDA:0,(anonymous_104)
FNDA:53,(anonymous_105)
FNDA:0,(anonymous_106)
FNDA:0,(anonymous_107)
FNDA:0,(anonymous_108)
FNDA:0,(anonymous_109)
FNDA:53,(anonymous_110)
FNDA:0,(anonymous_111)
FNDA:0,(anonymous_112)
FNDA:0,(anonymous_113)
FNDA:53,(anonymous_114)
FNDA:0,(anonymous_115)
FNDA:0,(anonymous_116)
FNDA:0,(anonymous_117)
FNDA:0,(anonymous_118)
FNDA:53,(anonymous_119)
FNDA:0,(anonymous_120)
FNDA:0,(anonymous_121)
FNDA:0,(anonymous_122)
FNDA:0,(anonymous_123)
FNDA:0,(anonymous_124)
FNDA:0,(anonymous_125)
FNDA:0,(anonymous_126)
FNDA:0,(anonymous_127)
FNDA:0,(anonymous_128)
FNDA:0,(anonymous_129)
FNDA:0,(anonymous_130)
FNDA:0,(anonymous_131)
FNDA:0,(anonymous_132)
FNDA:0,(anonymous_133)
FNDA:0,(anonymous_134)
FNDA:0,(anonymous_135)
FNDA:0,(anonymous_136)
FNDA:0,(anonymous_137)
FNDA:0,(anonymous_138)
FNDA:0,(anonymous_139)
FNDA:0,(anonymous_140)
FNDA:0,(anonymous_141)
FNDA:0,(anonymous_142)
FNDA:0,(anonymous_143)
FNDA:0,(anonymous_144)
FNDA:0,(anonymous_145)
FNDA:0,(anonymous_146)
FNDA:0,(anonymous_147)
FNDA:53,(anonymous_148)
FNDA:53,(anonymous_149)
FNDA:0,(anonymous_150)
FNDA:0,(anonymous_151)
FNDA:0,(anonymous_152)
FNDA:0,(anonymous_153)
FNDA:0,(anonymous_154)
FNDA:0,(anonymous_155)
DA:124,6
DA:169,6
DA:250,6
DA:284,6
DA:337,6
DA:349,6
DA:443,6
DA:450,6
DA:600,6
DA:670,6
DA:778,6
DA:859,6
DA:959,6
DA:992,6
DA:1004,6
DA:1005,33
DA:1015,0
DA:1016,0
DA:1018,0
DA:1020,0
DA:1021,0
DA:1024,0
DA:1025,0
DA:1026,0
DA:1030,0
DA:1032,0
DA:1034,0
DA:1035,0
DA:1036,0
DA:1037,0
DA:1039,0
DA:1054,0
DA:1056,0
DA:1057,0
DA:1059,0
DA:1061,0
DA:1062,0
DA:1065,0
DA:1066,0
DA:1067,0
DA:1071,0
DA:1073,0
DA:1075,0
DA:1076,0
DA:1077,0
DA:1078,0
DA:1080,0
DA:1101,0
DA:1103,0
DA:1105,0
DA:1106,0
DA:1110,0
DA:1112,0
DA:1113,0
DA:1116,0
DA:1117,0
DA:1118,0
DA:1122,0
DA:1124,0
DA:1126,0
DA:1127,0
DA:1128,0
DA:1129,0
DA:1131,0
DA:1143,0
DA:1145,0
DA:1147,0
DA:1148,0
DA:1151,0
DA:1152,0
DA:1153,0
DA:1157,0
DA:1159,0
DA:1160,0
DA:1161,0
DA:1163,0
DA:1178,2
DA:1180,2
DA:1182,2
DA:1183,2
DA:1186,2
DA:1187,2
DA:1188,2
DA:1192,2
DA:1194,2
DA:1195,2
DA:1198,2
DA:1199,2
DA:1202,2
DA:1203,2
DA:1206,2
DA:1207,2
DA:1208,2
DA:1210,2
DA:1225,14
DA:1227,14
DA:1228,14
DA:1232,14
DA:1234,14
DA:1235,14
DA:1238,14
DA:1239,14
DA:1240,14
DA:1244,14
DA:1246,14
DA:1247,14
DA:1248,14
DA:1250,14
DA:1273,7
DA:1274,7
DA:1276,7
DA:1278,7
DA:1279,7
DA:1282,7
DA:1283,7
DA:1284,7
DA:1288,7
DA:1290,7
DA:1291,7
DA:1294,7
DA:1295,7
DA:1298,7
DA:1299,0
DA:1302,7
DA:1303,7
DA:1304,7
DA:1306,7
DA:1323,10
DA:1325,10
DA:1326,10
DA:1330,10
DA:1332,10
DA:1333,10
DA:1336,10
DA:1337,10
DA:1338,10
DA:1342,10
DA:1344,10
DA:1345,10
DA:1348,10
DA:1349,10
DA:1352,10
DA:1353,10
DA:1354,10
DA:1356,10
DA:1368,6
DA:1369,33
DA:1370,33
DA:1382,0
DA:1383,0
DA:1398,0
DA:1399,0
DA:1416,0
DA:1417,0
DA:1426,0
DA:1427,0
DA:1444,2
DA:1445,2
DA:1460,14
DA:1461,14
DA:1480,7
DA:1481,7
DA:1500,10
DA:1501,10
DA:1510,6
DA:1511,0
DA:1512,0
DA:1521,0
DA:1532,0
DA:1544,0
DA:1553,0
DA:1565,0
DA:1576,0
DA:1589,0
DA:1602,0
DA:1623,0
DA:1625,0
DA:1638,0
DA:1640,0
DA:1654,0
DA:1656,0
DA:1667,0
DA:1669,0
DA:1683,2
DA:1685,2
DA:1698,14
DA:1700,14
DA:1715,7
DA:1717,7
DA:1732,10
DA:1734,10
DA:1742,6
DA:1743,106
DA:1751,0
DA:1753,0
DA:1755,0
DA:1756,0
DA:1759,0
DA:1760,0
DA:1761,0
DA:1765,0
DA:1767,0
DA:1768,0
DA:1769,0
DA:1771,0
DA:1783,106
DA:1785,106
DA:1787,106
DA:1788,106
DA:1791,106
DA:1792,106
DA:1793,106
DA:1797,106
DA:1799,106
DA:1800,106
DA:1801,106
DA:1803,106
DA:1815,6
DA:1816,106
DA:1817,106
DA:1825,0
DA:1826,0
DA:1835,106
DA:1836,106
DA:1845,6
DA:1846,0
DA:1847,0
DA:1855,0
DA:1864,0
DA:1884,0
DA:1886,0
DA:1897,106
DA:1899,106
DA:1907,6
DA:1908,0
DA:1918,0
DA:1919,0
DA:1921,0
DA:1923,0
DA:1924,0
DA:1927,0
DA:1928,0
DA:1929,0
DA:1933,0
DA:1935,0
DA:1937,0
DA:1938,0
DA:1939,0
DA:1940,0
DA:1942,0
DA:1956,0
DA:1957,0
DA:1959,0
DA:1961,0
DA:1962,0
DA:1965,0
DA:1966,0
DA:1967,0
DA:1971,0
DA:1973,0
DA:1975,0
DA:1976,0
DA:1977,0
DA:1978,0
DA:1980,0
DA:1994,0
DA:1995,0
DA:1997,0
DA:1999,0
DA:2000,0
DA:2003,0
DA:2004,0
DA:2005,0
DA:2009,0
DA:2011,0
DA:2012,0
DA:2013,0
DA:2015,0
DA:2027,0
DA:2029,0
DA:2031,0
DA:2032,0
DA:2035,0
DA:2036,0
DA:2037,0
DA:2041,0
DA:2043,0
DA:2044,0
DA:2045,0
DA:2047,0
DA:2061,0
DA:2062,0
DA:2064,0
DA:2066,0
DA:2067,0
DA:2070,0
DA:2071,0
DA:2072,0
DA:2076,0
DA:2078,0
DA:2079,0
DA:2080,0
DA:2082,0
DA:2094,0
DA:2096,0
DA:2098,0
DA:2099,0
DA:2102,0
DA:2103,0
DA:2104,0
DA:2108,0
DA:2110,0
DA:2111,0
DA:2112,0
DA:2114,0
DA:2126,6
DA:2127,0
DA:2128,0
DA:2137,0
DA:2138,0
DA:2151,0
DA:2152,0
DA:2162,0
DA:2163,0
DA:2172,0
DA:2173,0
DA:2183,0
DA:2184,0
DA:2193,0
DA:2194,0
DA:2203,6
DA:2204,0
DA:2205,0
DA:2214,0
DA:2224,0
DA:2234,0
DA:2243,0
DA:2253,0
DA:2262,0
DA:2283,0
DA:2285,0
DA:2297,0
DA:2299,0
DA:2311,0
DA:2313,0
DA:2324,0
DA:2326,0
DA:2338,0
DA:2340,0
DA:2351,0
DA:2353,0
DA:2361,6
DA:2362,53
DA:2372,0
DA:2373,0
DA:2375,0
DA:2377,0
DA:2378,0
DA:2381,0
DA:2382,0
DA:2383,0
DA:2387,0
DA:2389,0
DA:2391,0
DA:2392,0
DA:2393,0
DA:2394,0
DA:2396,0
DA:2410,0
DA:2411,0
DA:2413,0
DA:2415,0
DA:2416,0
DA:2419,0
DA:2420,0
DA:2421,0
DA:2425,0
DA:2427,0
DA:2429,0
DA:2430,0
DA:2431,0
DA:2432,0
DA:2434,0
DA:2448,0
DA:2449,0
DA:2451,0
DA:2453,0
DA:2454,0
DA:2457,0
DA:2458,0
DA:2459,0
DA:2463,0
DA:2465,0
DA:2466,0
DA:2467,0
DA:2469,0
DA:2483,0
DA:2485,0
DA:2487,0
DA:2488,0
DA:2491,0
DA:2492,0
DA:2493,0
DA:2497,0
DA:2499,0
DA:2500,0
DA:2503,0
DA:2504,0
DA:2507,0
DA:2508,0
DA:2509,0
DA:2511,0
DA:2525,53
DA:2526,53
DA:2528,53
DA:2530,53
DA:2531,53
DA:2534,53
DA:2535,53
DA:2536,53
DA:2540,53
DA:2542,53
DA:2543,53
DA:2544,53
DA:2546,53
DA:2570,0
DA:2572,0
DA:2574,0
DA:2575,0
DA:2578,0
DA:2579,0
DA:2580,0
DA:2584,0
DA:2586,0
DA:2587,0
DA:2590,0
DA:2591,0
DA:2594,0
DA:2595,0
DA:2598,0
DA:2599,0
DA:2602,0
DA:2603,0
DA:2606,0
DA:2607,0
DA:2608,0
DA:2610,0
DA:2624,0
DA:2625,0
DA:2627,0
DA:2629,0
DA:2630,0
DA:2633,0
DA:2634,0
DA:2635,0
DA:2639,0
DA:2641,0
DA:2642,0
DA:2643,0
DA:2645,0
DA:2669,0
DA:2671,0
DA:2673,0
DA:2674,0
DA:2677,0
DA:2678,0
DA:2679,0
DA:2683,0
DA:2685,0
DA:2686,0
DA:2689,0
DA:2690,0
DA:2693,0
DA:2694,0
DA:2697,0
DA:2698,0
DA:2701,0
DA:2702,0
DA:2705,0
DA:2706,0
DA:2707,0
DA:2709,0
DA:2721,6
DA:2722,53
DA:2723,53
DA:2735,0
DA:2736,0
DA:2749,0
DA:2750,0
DA:2760,0
DA:2761,0
DA:2776,0
DA:2777,0
DA:2787,53
DA:2788,53
DA:2809,0
DA:2810,0
DA:2820,0
DA:2821,0
DA:2842,0
DA:2843,0
DA:2852,6
DA:2853,0
DA:2854,0
DA:2863,0
DA:2873,0
DA:2883,0
DA:2894,0
DA:2904,0
DA:2918,0
DA:2928,0
DA:2942,0
DA:2963,0
DA:2965,0
DA:2977,0
DA:2979,0
DA:2991,0
DA:2993,0
DA:3006,0
DA:3008,0
DA:3020,53
DA:3022,53
DA:3038,0
DA:3040,0
DA:3052,0
DA:3054,0
DA:3070,0
DA:3072,0
LF:528
LH:152
BRDA:1013,0,0,0
BRDA:1020,1,0,0
BRDA:1020,1,1,0
BRDA:1035,2,0,0
BRDA:1035,2,1,0
BRDA:1035,3,0,0
BRDA:1035,3,1,0
BRDA:1052,4,0,0
BRDA:1061,5,0,0
BRDA:1061,5,1,0
BRDA:1076,6,0,0
BRDA:1076,6,1,0
BRDA:1076,7,0,0
BRDA:1076,7,1,0
BRDA:1098,8,0,0
BRDA:1112,9,0,0
BRDA:1112,9,1,0
BRDA:1127,10,0,0
BRDA:1127,10,1,0
BRDA:1127,11,0,0
BRDA:1127,11,1,0
BRDA:1142,12,0,0
BRDA:1147,13,0,0
BRDA:1147,13,1,0
BRDA:1160,14,0,0
BRDA:1160,14,1,0
BRDA:1160,15,0,0
BRDA:1160,15,1,0
BRDA:1177,16,0,2
BRDA:1182,17,0,2
BRDA:1182,17,1,0
BRDA:1194,18,0,2
BRDA:1194,18,1,0
BRDA:1198,19,0,2
BRDA:1198,19,1,0
BRDA:1202,20,0,2
BRDA:1202,20,1,0
BRDA:1207,21,0,0
BRDA:1207,21,1,2
BRDA:1207,22,0,2
BRDA:1207,22,1,0
BRDA:1223,23,0,14
BRDA:1234,24,0,14
BRDA:1234,24,1,0
BRDA:1247,25,0,0
BRDA:1247,25,1,14
BRDA:1247,26,0,14
BRDA:1247,26,1,0
BRDA:1270,27,0,7
BRDA:1278,28,0,7
BRDA:1278,28,1,0
BRDA:1290,29,0,7
BRDA:1290,29,1,0
BRDA:1294,30,0,7
BRDA:1294,30,1,0
BRDA:1298,31,0,0
BRDA:1298,31,1,7
BRDA:1303,32,0,0
BRDA:1303,32,1,7
BRDA:1303,33,0,7
BRDA:1303,33,1,0
BRDA:1321,34,0,10
BRDA:1332,35,0,10
BRDA:1332,35,1,0
BRDA:1344,36,0,10
BRDA:1344,36,1,0
BRDA:1348,37,0,10
BRDA:1348,37,1,0
BRDA:1353,38,0,0
BRDA:1353,38,1,10
BRDA:1353,39,0,10
BRDA:1353,39,1,0
BRDA:1750,40,0,0
BRDA:1755,41,0,0
BRDA:1755,41,1,0
BRDA:1768,42,0,0
BRDA:1768,42,1,0
BRDA:1768,43,0,0
BRDA:1768,43,1,0
BRDA:1782,44,0,106
BRDA:1787,45,0,106
BRDA:1787,45,1,0
BRDA:1800,46,0,0
BRDA:1800,46,1,106
BRDA:1800,47,0,106
BRDA:1800,47,1,0
BRDA:1916,48,0,0
BRDA:1923,49,0,0
BRDA:1923,49,1,0
BRDA:1938,50,0,0
BRDA:1938,50,1,0
BRDA:1938,51,0,0
BRDA:1938,51,1,0
BRDA:1954,52,0,0
BRDA:1961,53,0,0
BRDA:1961,53,1,0
BRDA:1976,54,0,0
BRDA:1976,54,1,0
BRDA:1976,55,0,0
BRDA:1976,55,1,0
BRDA:1992,56,0,0
BRDA:1999,57,0,0
BRDA:1999,57,1,0
BRDA:2012,58,0,0
BRDA:2012,58,1,0
BRDA:2012,59,0,0
BRDA:2012,59,1,0
BRDA:2026,60,0,0
BRDA:2031,61,0,0
BRDA:2031,61,1,0
BRDA:2044,62,0,0
BRDA:2044,62,1,0
BRDA:2044,63,0,0
BRDA:2044,63,1,0
BRDA:2059,64,0,0
BRDA:2066,65,0,0
BRDA:2066,65,1,0
BRDA:2079,66,0,0
BRDA:2079,66,1,0
BRDA:2079,67,0,0
BRDA:2079,67,1,0
BRDA:2093,68,0,0
BRDA:2098,69,0,0
BRDA:2098,69,1,0
BRDA:2111,70,0,0
BRDA:2111,70,1,0
BRDA:2111,71,0,0
BRDA:2111,71,1,0
BRDA:2370,72,0,0
BRDA:2377,73,0,0
BRDA:2377,73,1,0
BRDA:2392,74,0,0
BRDA:2392,74,1,0
BRDA:2392,75,0,0
BRDA:2392,75,1,0
BRDA:2408,76,0,0
BRDA:2415,77,0,0
BRDA:2415,77,1,0
BRDA:2430,78,0,0
BRDA:2430,78,1,0
BRDA:2430,79,0,0
BRDA:2430,79,1,0
BRDA:2446,80,0,0
BRDA:2453,81,0,0
BRDA:2453,81,1,0
BRDA:2466,82,0,0
BRDA:2466,82,1,0
BRDA:2466,83,0,0
BRDA:2466,83,1,0
BRDA:2482,84,0,0
BRDA:2487,85,0,0
BRDA:2487,85,1,0
BRDA:2499,86,0,0
BRDA:2499,86,1,0
BRDA:2503,87,0,0
BRDA:2503,87,1,0
BRDA:2508,88,0,0
BRDA:2508,88,1,0
BRDA:2508,89,0,0
BRDA:2508,89,1,0
BRDA:2523,90,0,53
BRDA:2530,91,0,53
BRDA:2530,91,1,0
BRDA:2543,92,0,0
BRDA:2543,92,1,53
BRDA:2543,93,0,53
BRDA:2543,93,1,0
BRDA:2568,94,0,0
BRDA:2574,95,0,0
BRDA:2574,95,1,0
BRDA:2586,96,0,0
BRDA:2586,96,1,0
BRDA:2590,97,0,0
BRDA:2590,97,1,0
BRDA:2594,98,0,0
BRDA:2594,98,1,0
BRDA:2598,99,0,0
BRDA:2598,99,1,0
BRDA:2602,100,0,0
BRDA:2602,100,1,0
BRDA:2607,101,0,0
BRDA:2607,101,1,0
BRDA:2607,102,0,0
BRDA:2607,102,1,0
BRDA:2622,103,0,0
BRDA:2629,104,0,0
BRDA:2629,104,1,0
BRDA:2642,105,0,0
BRDA:2642,105,1,0
BRDA:2642,106,0,0
BRDA:2642,106,1,0
BRDA:2667,107,0,0
BRDA:2673,108,0,0
BRDA:2673,108,1,0
BRDA:2685,109,0,0
BRDA:2685,109,1,0
BRDA:2689,110,0,0
BRDA:2689,110,1,0
BRDA:2693,111,0,0
BRDA:2693,111,1,0
BRDA:2697,112,0,0
BRDA:2697,112,1,0
BRDA:2701,113,0,0
BRDA:2701,113,1,0
BRDA:2706,114,0,0
BRDA:2706,114,1,0
BRDA:2706,115,0,0
BRDA:2706,115,1,0
BRF:208
BRH:32
end_of_record
TN:
SF:src\gen\haClient\base.ts
FN:52,(anonymous_0)
FN:67,(anonymous_1)
FNF:2
FNH:1
FNDA:192,(anonymous_0)
FNDA:0,(anonymous_1)
DA:21,6
DA:27,6
DA:53,192
DA:54,192
DA:55,192
DA:68,0
DA:69,0
LF:7
LH:5
BRDA:52,0,0,192
BRDA:52,1,0,192
BRDA:53,2,0,192
BRDA:53,2,1,0
BRDA:55,3,0,192
BRDA:55,3,1,192
BRF:6
BRH:5
end_of_record
TN:
SF:src\gen\haClient\common.ts
FN:31,(anonymous_0)
FN:41,(anonymous_1)
FN:52,(anonymous_2)
FN:62,(anonymous_3)
FN:73,(anonymous_4)
FN:81,setFlattenedQueryParams
FN:85,(anonymous_6)
FN:87,(anonymous_7)
FN:104,(anonymous_8)
FN:114,(anonymous_9)
FN:125,(anonymous_10)
FN:133,(anonymous_11)
FN:134,(anonymous_12)
FNF:13
FNH:9
FNDA:108,(anonymous_0)
FNDA:0,(anonymous_1)
FNDA:0,(anonymous_2)
FNDA:192,(anonymous_3)
FNDA:0,(anonymous_4)
FNDA:424,setFlattenedQueryParams
FNDA:192,(anonymous_6)
FNDA:40,(anonymous_7)
FNDA:192,(anonymous_8)
FNDA:0,(anonymous_9)
FNDA:192,(anonymous_10)
FNDA:192,(anonymous_11)
FNDA:192,(anonymous_12)
DA:24,6
DA:31,6
DA:32,108
DA:33,0
DA:41,6
DA:42,0
DA:43,0
DA:44,0
DA:52,6
DA:53,0
DA:54,0
DA:62,6
DA:63,192
DA:64,192
DA:65,192
DA:73,6
DA:74,0
DA:76,0
DA:77,0
DA:82,424
DA:83,424
DA:84,384
DA:85,192
DA:87,192
DA:88,40
DA:92,40
DA:93,0
DA:95,40
DA:104,6
DA:105,192
DA:106,192
DA:107,192
DA:114,6
DA:115,0
DA:117,0
DA:118,0
DA:125,6
DA:126,192
DA:133,6
DA:134,192
DA:135,192
DA:136,192
LF:42
LH:29
BRDA:32,0,0,0
BRDA:32,0,1,108
BRDA:32,1,0,108
BRDA:32,1,1,108
BRDA:42,2,0,0
BRDA:42,2,1,0
BRDA:42,3,0,0
BRDA:42,3,1,0
BRDA:43,4,0,0
BRDA:43,4,1,0
BRDA:53,5,0,0
BRDA:53,5,1,0
BRDA:53,6,0,0
BRDA:53,6,1,0
BRDA:53,6,2,0
BRDA:63,7,0,192
BRDA:63,7,1,0
BRDA:63,8,0,192
BRDA:63,8,1,192
BRDA:64,9,0,0
BRDA:64,9,1,192
BRDA:74,10,0,0
BRDA:74,10,1,0
BRDA:74,11,0,0
BRDA:74,11,1,0
BRDA:76,12,0,0
BRDA:76,12,1,0
BRDA:81,13,0,192
BRDA:82,14,0,0
BRDA:82,14,1,424
BRDA:83,15,0,384
BRDA:83,15,1,40
BRDA:84,16,0,192
BRDA:84,16,1,192
BRDA:88,17,0,0
BRDA:88,17,1,40
BRDA:92,18,0,0
BRDA:92,18,1,40
BRDA:117,19,0,0
BRDA:117,19,1,0
BRDA:117,20,0,0
BRDA:117,20,1,0
BRDA:117,20,2,0
BRDA:118,21,0,0
BRDA:118,21,1,0
BRDA:118,22,0,0
BRDA:118,22,1,0
BRDA:118,23,0,0
BRDA:118,23,1,0
BRDA:134,24,0,0
BRDA:134,25,0,0
BRDA:135,26,0,192
BRDA:135,26,1,192
BRF:53
BRH:17
end_of_record
TN:
SF:src\gen\haClient\configuration.ts
FN:76,(anonymous_0)
FN:96,(anonymous_1)
FNF:2
FNH:1
FNDA:192,(anonymous_0)
FNDA:0,(anonymous_1)
DA:77,192
DA:78,192
DA:79,192
DA:80,192
DA:81,192
DA:82,192
DA:83,192
DA:97,0
DA:98,0
LF:9
LH:7
BRDA:76,0,0,192
BRDA:98,1,0,0
BRDA:98,1,1,0
BRDA:98,1,2,0
BRF:4
BRH:1
end_of_record
TN:
SF:src\gen\haClient\index.ts
FNF:0
FNH:0
LF:0
LH:0
BRF:0
BRH:0
end_of_record
TN:
SF:src\menu\HaMenu.js
FN:6,(anonymous_0)
FNF:1
FNH:1
FNDA:55,(anonymous_0)
DA:6,6
DA:7,55
DA:9,55
DA:10,55
DA:12,0
DA:13,0
DA:15,0
DA:16,0
DA:18,0
LF:9
LH:4
BRDA:9,0,0,55
BRDA:9,0,1,0
BRDA:12,1,0,0
BRDA:12,1,1,0
BRDA:15,2,0,0
BRDA:15,2,1,0
BRF:6
BRH:1
end_of_record
TN:
SF:src\menu\ManagerMenu.js
FN:6,(anonymous_0)
FNF:1
FNH:0
FNDA:0,(anonymous_0)
DA:6,6
DA:7,0
LF:2
LH:1
BRF:0
BRH:0
end_of_record
TN:
SF:src\menu\StudentMenu.js
FN:8,(anonymous_0)
FN:10,(anonymous_1)
FNF:2
FNH:1
FNDA:55,(anonymous_0)
FNDA:0,(anonymous_1)
DA:8,6
DA:9,55
DA:10,55
DA:11,55
DA:12,55
LF:5
LH:5
BRDA:15,0,0,55
BRDA:15,0,1,0
BRF:2
BRH:1
end_of_record
TN:
SF:src\menu\TeacherMenu.js
FN:5,(anonymous_0)
FNF:1
FNH:0
FNDA:0,(anonymous_0)
DA:5,6
DA:6,0
LF:2
LH:1
BRF:0
BRH:0
end_of_record
TN:
SF:src\operations\fees\ByStatusFeeList.js
FN:7,(anonymous_0)
FN:11,(anonymous_1)
FN:26,(anonymous_2)
FN:29,(anonymous_3)
FNF:4
FNH:2
FNDA:432,(anonymous_0)
FNDA:2,(anonymous_1)
FNDA:0,(anonymous_2)
FNDA:0,(anonymous_3)
DA:7,6
DA:8,432
DA:9,432
DA:11,6
DA:12,2
DA:13,2
DA:26,0
DA:29,0
LF:8
LH:6
BRDA:12,0,0,0
BRDA:12,0,1,2
BRF:2
BRH:1
end_of_record
TN:
SF:src\operations\fees\FeeList.js
FN:14,(anonymous_0)
FN:20,(anonymous_1)
FN:26,(anonymous_2)
FN:27,(anonymous_3)
FN:45,(anonymous_4)
FN:48,(anonymous_5)
FNF:6
FNH:5
FNDA:0,(anonymous_0)
FNDA:21,(anonymous_1)
FNDA:7,(anonymous_2)
FNDA:7,(anonymous_3)
FNDA:4,(anonymous_4)
FNDA:180,(anonymous_5)
DA:14,6
DA:15,0
DA:20,6
DA:21,21
DA:22,21
DA:23,21
DA:24,21
DA:25,21
DA:26,21
DA:27,7
DA:28,7
DA:29,7
DA:31,7
DA:35,21
DA:45,4
DA:48,180
LF:16
LH:15
BRDA:22,0,0,0
BRDA:22,0,1,21
BRDA:40,1,0,21
BRDA:40,1,1,0
BRF:4
BRH:2
end_of_record
TN:
SF:src\operations\fees\FeeShow.js
FN:14,(anonymous_0)
FN:20,(anonymous_1)
FN:21,(anonymous_2)
FN:24,(anonymous_3)
FN:33,(anonymous_4)
FN:39,(anonymous_5)
FN:40,(anonymous_6)
FNF:7
FNH:7
FNDA:19,(anonymous_0)
FNDA:15,(anonymous_1)
FNDA:15,(anonymous_2)
FNDA:15,(anonymous_3)
FNDA:19,(anonymous_4)
FNDA:12,(anonymous_5)
FNDA:12,(anonymous_6)
DA:14,6
DA:15,19
DA:20,15
DA:21,15
DA:24,15
DA:33,6
DA:34,19
DA:35,19
DA:36,19
DA:37,19
DA:38,19
DA:39,19
DA:40,12
DA:41,12
DA:42,8
DA:44,12
DA:48,19
LF:17
LH:17
BRDA:24,0,0,15
BRDA:24,0,1,0
BRF:2
BRH:1
end_of_record
TN:
SF:src\operations\fees\FeesCreate.js
FN:31,(anonymous_0)
FN:36,(anonymous_1)
FN:37,(anonymous_2)
FN:42,(anonymous_3)
FN:47,(anonymous_4)
FN:51,(anonymous_5)
FN:56,(anonymous_6)
FN:61,(anonymous_7)
FN:74,(anonymous_8)
FN:85,(anonymous_9)
FN:95,(anonymous_10)
FN:100,(anonymous_11)
FN:101,(anonymous_12)
FN:118,(anonymous_13)
FN:121,(anonymous_14)
FN:123,(anonymous_15)
FN:130,(anonymous_16)
FN:164,(anonymous_17)
FN:174,(anonymous_18)
FNF:19
FNH:0
FNDA:0,(anonymous_0)
FNDA:0,(anonymous_1)
FNDA:0,(anonymous_2)
FNDA:0,(anonymous_3)
FNDA:0,(anonymous_4)
FNDA:0,(anonymous_5)
FNDA:0,(anonymous_6)
FNDA:0,(anonymous_7)
FNDA:0,(anonymous_8)
FNDA:0,(anonymous_9)
FNDA:0,(anonymous_10)
FNDA:0,(anonymous_11)
FNDA:0,(anonymous_12)
FNDA:0,(anonymous_13)
FNDA:0,(anonymous_14)
FNDA:0,(anonymous_15)
FNDA:0,(anonymous_16)
FNDA:0,(anonymous_17)
FNDA:0,(anonymous_18)
DA:20,6
DA:30,6
DA:31,6
DA:32,0
DA:36,0
DA:37,0
DA:42,6
DA:43,0
DA:47,0
DA:51,6
DA:52,0
DA:56,0
DA:61,6
DA:62,0
DA:63,0
DA:64,0
DA:65,0
DA:66,0
DA:67,0
DA:74,0
DA:85,0
DA:95,6
DA:96,0
DA:97,0
DA:98,0
DA:99,0
DA:100,0
DA:101,0
DA:102,0
DA:103,0
DA:105,0
DA:109,0
DA:117,0
DA:118,0
DA:119,0
DA:121,0
DA:122,0
DA:123,0
DA:124,0
DA:125,0
DA:127,0
DA:130,0
DA:131,0
DA:132,0
DA:133,0
DA:142,0
DA:143,0
DA:144,0
DA:145,0
DA:146,0
DA:156,0
DA:158,0
DA:164,0
DA:174,6
DA:175,0
DA:176,0
DA:177,0
DA:178,0
DA:179,0
DA:181,0
DA:182,0
DA:183,0
LF:62
LH:8
BRDA:76,0,0,0
BRDA:76,0,1,0
BRDA:87,1,0,0
BRDA:87,1,1,0
BRDA:127,2,0,0
BRDA:127,2,1,0
BRDA:131,3,0,0
BRDA:131,3,1,0
BRDA:135,4,0,0
BRDA:135,4,1,0
BRDA:143,5,0,0
BRDA:143,5,1,0
BRDA:148,6,0,0
BRDA:148,6,1,0
BRDA:176,7,0,0
BRDA:176,7,1,0
BRDA:177,8,0,0
BRDA:177,8,1,0
BRDA:178,9,0,0
BRDA:178,9,1,0
BRDA:179,10,0,0
BRDA:179,10,1,0
BRF:22
BRH:0
end_of_record
TN:
SF:src\operations\fees\byStatusRowStyle.js
FN:3,(anonymous_0)
FNF:1
FNH:1
FNDA:180,(anonymous_0)
DA:3,6
DA:4,180
DA:5,180
LF:3
LH:3
BRDA:4,0,0,54
BRDA:4,0,1,126
BRDA:6,1,0,72
BRDA:6,1,1,108
BRF:4
BRH:4
end_of_record
TN:
SF:src\operations\fees\index.js
FNF:0
FNH:0
DA:7,6
LF:1
LH:1
BRF:0
BRH:0
end_of_record
TN:
SF:src\operations\payments\PaymentCreate.js
FN:9,(anonymous_0)
FN:15,(anonymous_1)
FN:16,(anonymous_2)
FN:25,(anonymous_3)
FN:34,(anonymous_4)
FN:42,(anonymous_5)
FN:43,(anonymous_6)
FNF:7
FNH:0
FNDA:0,(anonymous_0)
FNDA:0,(anonymous_1)
FNDA:0,(anonymous_2)
FNDA:0,(anonymous_3)
FNDA:0,(anonymous_4)
FNDA:0,(anonymous_5)
FNDA:0,(anonymous_6)
DA:9,6
DA:10,0
DA:11,0
DA:12,0
DA:13,0
DA:14,0
DA:15,0
DA:16,0
DA:17,0
DA:18,0
DA:20,0
DA:23,0
DA:24,0
DA:25,0
DA:26,0
DA:29,0
DA:34,0
DA:42,0
DA:44,0
LF:19
LH:1
BRDA:48,0,0,0
BRDA:48,0,1,0
BRF:2
BRH:0
end_of_record
TN:
SF:src\operations\payments\PaymentList.js
FN:6,(anonymous_0)
FN:12,(anonymous_1)
FN:24,(anonymous_2)
FNF:3
FNH:3
FNDA:15,(anonymous_0)
FNDA:15,(anonymous_1)
FNDA:12,(anonymous_2)
DA:6,6
DA:7,15
DA:12,6
DA:13,15
DA:24,12
LF:5
LH:5
BRF:0
BRH:0
end_of_record
TN:
SF:src\operations\payments\index.js
FNF:0
FNH:0
DA:5,6
LF:1
LH:1
BRF:0
BRH:0
end_of_record
TN:
SF:src\operations\profile\ProfileEdit.js
FN:5,(anonymous_0)
FN:16,(anonymous_1)
FNF:2
FNH:0
FNDA:0,(anonymous_0)
FNDA:0,(anonymous_1)
DA:5,6
DA:6,0
DA:16,6
DA:17,0
LF:4
LH:2
BRF:0
BRH:0
end_of_record
TN:
SF:src\operations\profile\ProfileShow.js
FN:7,(anonymous_0)
FN:8,(anonymous_1)
FN:13,(anonymous_2)
FN:18,(anonymous_3)
FN:27,(anonymous_4)
FN:45,(anonymous_5)
FNF:6
FNH:6
FNDA:15,(anonymous_0)
FNDA:15,(anonymous_1)
FNDA:15,(anonymous_2)
FNDA:15,(anonymous_3)
FNDA:15,(anonymous_4)
FNDA:15,(anonymous_5)
DA:7,6
DA:8,15
DA:9,15
DA:10,0
DA:11,0
DA:13,15
DA:14,15
DA:15,0
DA:16,0
DA:18,15
DA:19,15
DA:20,0
DA:22,15
DA:23,15
DA:25,0
DA:27,15
DA:28,15
DA:45,6
DA:46,15
DA:47,15
LF:20
LH:14
BRDA:9,0,0,15
BRDA:9,0,1,0
BRDA:10,1,0,0
BRDA:10,1,1,0
BRDA:14,2,0,15
BRDA:14,2,1,0
BRDA:15,3,0,0
BRDA:15,3,1,0
BRDA:19,4,0,0
BRDA:19,4,1,15
BRDA:19,5,0,15
BRDA:19,5,1,15
BRDA:22,6,0,15
BRDA:22,6,1,0
BRDA:22,7,0,15
BRDA:22,7,1,15
BRF:16
BRH:8
end_of_record
TN:
SF:src\operations\profile\index.js
FNF:0
FNH:0
DA:4,6
DA:10,6
LF:2
LH:2
BRF:0
BRH:0
end_of_record
TN:
SF:src\operations\studentGrades\index.js
FNF:0
FNH:0
DA:5,6
LF:1
LH:1
BRF:0
BRH:0
end_of_record
TN:
SF:src\operations\students\StudentCreate.js
FN:7,(anonymous_0)
FN:18,(anonymous_1)
FN:23,(anonymous_2)
FN:37,(anonymous_3)
FN:43,(anonymous_4)
FN:78,(anonymous_5)
FNF:6
FNH:0
FNDA:0,(anonymous_0)
FNDA:0,(anonymous_1)
FNDA:0,(anonymous_2)
FNDA:0,(anonymous_3)
FNDA:0,(anonymous_4)
FNDA:0,(anonymous_5)
DA:7,6
DA:8,0
DA:16,0
DA:17,0
DA:18,0
DA:19,0
DA:21,0
DA:22,0
DA:23,0
DA:35,0
DA:36,0
DA:37,0
DA:38,0
DA:39,0
DA:41,0
DA:42,0
DA:43,0
DA:44,0
DA:45,0
DA:46,0
DA:47,0
DA:48,0
DA:57,0
DA:58,0
DA:59,0
DA:61,0
DA:78,0
LF:27
LH:1
BRDA:41,0,0,0
BRDA:41,0,1,0
BRDA:42,1,0,0
BRDA:42,1,1,0
BRDA:45,2,0,0
BRDA:45,2,1,0
BRDA:50,3,0,0
BRDA:50,3,1,0
BRDA:80,4,0,0
BRDA:80,4,1,0
BRF:10
BRH:0
end_of_record
TN:
SF:src\operations\students\StudentList.js
FN:8,(anonymous_0)
FNF:1
FNH:0
FNDA:0,(anonymous_0)
DA:8,6
DA:9,0
DA:10,0
LF:3
LH:1
BRDA:23,0,0,0
BRDA:23,0,1,0
BRF:2
BRH:0
end_of_record
TN:
SF:src\operations\students\StudentShow.js
FN:8,(anonymous_0)
FN:22,(anonymous_1)
FNF:2
FNH:0
FNDA:0,(anonymous_0)
FNDA:0,(anonymous_1)
DA:8,6
DA:9,0
DA:10,0
DA:22,6
DA:23,0
DA:24,0
LF:6
LH:2
BRDA:13,0,0,0
BRDA:13,0,1,0
BRDA:25,1,0,0
BRDA:25,1,1,0
BRF:4
BRH:0
end_of_record
TN:
SF:src\operations\students\index.js
FNF:0
FNH:0
DA:7,6
LF:1
LH:1
BRF:0
BRH:0
end_of_record
TN:
SF:src\operations\teachers\TeacherCreate.js
FN:4,(anonymous_0)
FNF:1
FNH:0
FNDA:0,(anonymous_0)
DA:4,6
DA:5,0
LF:2
LH:1
BRF:0
BRH:0
end_of_record
TN:
SF:src\operations\teachers\TeacherList.js
FN:6,(anonymous_0)
FNF:1
FNH:0
FNDA:0,(anonymous_0)
DA:6,6
DA:7,0
LF:2
LH:1
BRF:0
BRH:0
end_of_record
TN:
SF:src\operations\teachers\TeacherShow.js
FN:5,(anonymous_0)
FN:13,(anonymous_1)
FNF:2
FNH:0
FNDA:0,(anonymous_0)
FNDA:0,(anonymous_1)
DA:5,6
DA:6,0
DA:13,6
DA:14,0
LF:4
LH:2
BRF:0
BRH:0
end_of_record
TN:
SF:src\operations\teachers\index.js
FNF:0
FNH:0
DA:7,6
LF:1
LH:1
BRF:0
BRH:0
end_of_record
TN:
SF:src\operations\utils\EditToolBar.js
FN:3,(anonymous_0)
FNF:1
FNH:0
FNDA:0,(anonymous_0)
DA:3,6
DA:4,0
LF:2
LH:1
BRF:0
BRH:0
end_of_record
TN:
SF:src\operations\utils\PrevNextPagination.js
FN:9,(anonymous_0)
FN:24,(anonymous_1)
FN:37,(anonymous_2)
FNF:3
FNH:0
FNDA:0,(anonymous_0)
FNDA:0,(anonymous_1)
FNDA:0,(anonymous_2)
DA:7,6
DA:9,6
DA:10,0
DA:11,0
DA:12,0
DA:13,0
DA:14,0
DA:15,0
DA:17,0
DA:21,0
DA:24,0
DA:25,0
DA:26,0
DA:28,0
DA:37,0
LF:15
LH:2
BRDA:12,0,0,0
BRDA:12,0,1,0
BRDA:13,1,0,0
BRDA:13,1,1,0
BRDA:13,2,0,0
BRDA:13,2,1,0
BRDA:13,2,2,0
BRDA:13,2,3,0
BRDA:17,3,0,0
BRDA:17,3,1,0
BRDA:17,4,0,0
BRDA:17,4,1,0
BRDA:30,5,0,0
BRDA:30,5,1,0
BRDA:36,6,0,0
BRDA:36,6,1,0
BRDA:36,6,2,0
BRF:17
BRH:0
end_of_record
TN:
SF:src\operations\utils\SexRadioButton.js
FN:3,(anonymous_0)
FNF:1
FNH:0
FNDA:0,(anonymous_0)
DA:3,6
DA:4,0
LF:2
LH:1
BRF:0
BRH:0
end_of_record
TN:
SF:src\operations\utils\index.js
FNF:0
FNH:0
LF:0
LH:0
BRF:0
BRH:0
end_of_record
TN:
SF:src\operations\utils\money.ts
FN:3,(anonymous_0)
FNF:1
FNH:1
FNDA:222,(anonymous_0)
DA:1,6
DA:3,6
DA:4,222
LF:3
LH:3
BRF:0
BRH:0
end_of_record
TN:
SF:src\operations\utils\typography.js
FN:1,(anonymous_0)
FN:4,(anonymous_1)
FNF:2
FNH:2
FNDA:21,(anonymous_0)
FNDA:17,(anonymous_1)
DA:1,21
DA:2,6
DA:4,6
DA:5,17
DA:6,0
DA:7,0
DA:8,0
LF:7
LH:4
BRDA:5,0,0,17
BRDA:5,0,1,0
BRDA:6,1,0,0
BRDA:6,1,1,0
BRDA:7,2,0,0
BRDA:7,2,1,0
BRF:6
BRH:1
end_of_record
TN:
SF:src\providers\api.js
FN:4,(anonymous_0)
FN:5,(anonymous_1)
FNF:2
FNH:2
FNDA:53,(anonymous_0)
FNDA:33,(anonymous_1)
DA:4,53
DA:5,33
LF:2
LH:2
BRF:0
BRH:0
end_of_record
TN:
SF:src\providers\authProvider.ts
FN:22,(anonymous_0)
FN:29,(anonymous_1)
FN:30,(anonymous_2)
FN:36,(anonymous_3)
FN:38,(anonymous_4)
FN:40,(anonymous_5)
FN:46,(anonymous_6)
FN:48,(anonymous_7)
FN:50,(anonymous_8)
FN:60,(anonymous_9)
FN:68,(anonymous_10)
FN:71,(anonymous_11)
FN:77,(anonymous_12)
FN:79,(anonymous_13)
FN:84,(anonymous_14)
FN:89,(anonymous_15)
FN:91,(anonymous_16)
FN:93,(anonymous_17)
FN:97,(anonymous_18)
FN:103,(anonymous_19)
FNF:20
FNH:15
FNDA:166,(anonymous_0)
FNDA:101,(anonymous_1)
FNDA:0,(anonymous_2)
FNDA:0,(anonymous_3)
FNDA:0,(anonymous_4)
FNDA:20,(anonymous_5)
FNDA:300,(anonymous_6)
FNDA:78,(anonymous_7)
FNDA:86,(anonymous_8)
FNDA:20,(anonymous_9)
FNDA:20,(anonymous_10)
FNDA:20,(anonymous_11)
FNDA:146,(anonymous_12)
FNDA:81,(anonymous_13)
FNDA:60,(anonymous_14)
FNDA:6,(anonymous_15)
FNDA:0,(anonymous_16)
FNDA:42,(anonymous_17)
FNDA:20,(anonymous_18)
FNDA:0,(anonymous_19)
DA:12,6
DA:14,6
DA:15,6
DA:16,6
DA:17,6
DA:18,6
DA:19,6
DA:20,6
DA:22,6
DA:23,166
DA:24,106
DA:25,106
DA:26,106
DA:27,106
DA:29,101
DA:31,0
DA:32,0
DA:36,6
DA:38,6
DA:40,6
DA:41,20
DA:42,20
DA:43,20
DA:46,300
DA:48,78
DA:50,6
DA:51,86
DA:52,86
DA:53,86
DA:56,6
DA:61,20
DA:62,20
DA:63,0
DA:64,0
DA:65,0
DA:66,0
DA:68,20
DA:72,20
DA:73,20
DA:74,20
DA:78,146
DA:80,81
DA:81,0
DA:85,60
DA:89,6
DA:91,0
DA:93,42
DA:98,20
DA:99,20
DA:100,20
DA:104,0
DA:105,0
DA:106,0
DA:107,0
DA:108,0
DA:109,0
DA:110,0
LF:57
LH:42
BRDA:62,0,0,0
BRDA:62,0,1,20
BRDA:80,1,0,0
BRDA:80,1,1,81
BRDA:80,2,0,81
BRDA:80,2,1,0
BRF:6
BRH:3
end_of_record
TN:
SF:src\providers\dataProvider.ts
FN:11,(anonymous_0)
FN:21,(anonymous_1)
FN:34,(anonymous_2)
FN:38,(anonymous_3)
FN:42,(anonymous_4)
FN:50,(anonymous_5)
FNF:6
FNH:3
FNDA:86,(anonymous_0)
FNDA:19,(anonymous_1)
FNDA:67,(anonymous_2)
FNDA:0,(anonymous_3)
FNDA:0,(anonymous_4)
FNDA:0,(anonymous_5)
DA:9,6
DA:11,6
DA:12,86
DA:13,71
DA:14,33
DA:15,10
DA:16,0
DA:17,0
DA:20,6
DA:22,19
DA:23,19
DA:24,19
DA:25,19
DA:26,0
DA:27,0
DA:30,19
DA:31,19
DA:32,17
DA:35,67
DA:36,55
DA:39,0
DA:40,0
DA:43,0
DA:46,0
DA:50,6
DA:51,0
DA:52,0
DA:53,0
DA:54,0
DA:55,0
DA:57,0
LF:31
LH:17
BRDA:12,0,0,15
BRDA:12,0,1,71
BRDA:13,1,0,38
BRDA:13,1,1,33
BRDA:14,2,0,23
BRDA:14,2,1,10
BRDA:15,3,0,10
BRDA:15,3,1,0
BRDA:16,4,0,0
BRDA:16,4,1,0
BRDA:23,5,0,0
BRDA:23,5,1,19
BRDA:25,6,0,0
BRDA:25,6,1,19
BRDA:44,7,0,0
BRDA:44,7,1,0
BRDA:44,8,0,0
BRDA:44,8,1,0
BRF:18
BRH:9
end_of_record
TN:
SF:src\providers\feeProvider.ts
FN:5,(anonymous_0)
FN:6,(anonymous_1)
FN:10,(anonymous_2)
FN:13,(anonymous_3)
FN:17,(anonymous_4)
FN:22,(anonymous_5)
FN:27,(anonymous_6)
FN:30,(anonymous_7)
FNF:8
FNH:6
FNDA:70,(anonymous_0)
FNDA:43,(anonymous_1)
FNDA:19,(anonymous_2)
FNDA:9,(anonymous_3)
FNDA:70,(anonymous_4)
FNDA:14,(anonymous_5)
FNDA:0,(anonymous_6)
FNDA:0,(anonymous_7)
DA:4,6
DA:5,70
DA:6,6
DA:7,43
DA:8,43
DA:10,19
DA:12,6
DA:14,9
DA:17,70
DA:23,14
DA:24,14
DA:25,8
DA:28,0
DA:29,0
DA:30,0
DA:31,0
DA:32,0
DA:36,0
DA:37,0
LF:19
LH:12
BRDA:14,0,0,7
BRDA:14,0,1,2
BRDA:29,1,0,0
BRDA:29,1,1,0
BRDA:31,2,0,0
BRDA:31,2,1,0
BRF:6
BRH:2
end_of_record
TN:
SF:src\providers\paymentProvider.ts
FN:7,(anonymous_0)
FN:10,(anonymous_1)
FN:13,(anonymous_2)
FN:18,(anonymous_3)
FN:21,(anonymous_4)
FN:24,(anonymous_5)
FNF:6
FNH:3
FNDA:10,(anonymous_0)
FNDA:10,(anonymous_1)
FNDA:10,(anonymous_2)
FNDA:0,(anonymous_3)
FNDA:0,(anonymous_4)
FNDA:0,(anonymous_5)
DA:6,6
DA:7,10
DA:9,6
DA:11,10
DA:12,10
DA:13,10
DA:19,0
DA:22,0
DA:23,0
DA:24,0
DA:25,0
DA:26,0
DA:30,0
DA:31,0
DA:32,0
LF:15
LH:6
BRDA:25,0,0,0
BRDA:25,0,1,0
BRF:2
BRH:0
end_of_record
TN:
SF:src\providers\profileProvider.ts
FN:6,(anonymous_0)
FN:11,(anonymous_1)
FN:16,(anonymous_2)
FN:21,(anonymous_3)
FN:24,(anonymous_4)
FN:27,(anonymous_5)
FNF:6
FNH:2
FNDA:15,(anonymous_0)
FNDA:15,(anonymous_1)
FNDA:0,(anonymous_2)
FNDA:0,(anonymous_3)
FNDA:0,(anonymous_4)
FNDA:0,(anonymous_5)
DA:5,6
DA:7,15
DA:8,15
DA:9,15
DA:11,15
DA:13,0
DA:14,0
DA:16,0
DA:18,0
DA:19,0
DA:21,0
DA:25,0
DA:28,0
LF:13
LH:5
BRDA:8,0,0,15
BRDA:8,0,1,0
BRDA:13,1,0,0
BRDA:13,1,1,0
BRDA:18,2,0,0
BRDA:18,2,1,0
BRF:6
BRH:1
end_of_record
TN:
SF:src\providers\studentProvider.ts
FN:6,(anonymous_0)
FN:10,(anonymous_1)
FN:14,(anonymous_2)
FNF:3
FNH:1
FNDA:0,(anonymous_0)
FNDA:38,(anonymous_1)
FNDA:0,(anonymous_2)
DA:5,6
DA:7,0
DA:8,0
DA:11,38
DA:12,32
DA:15,0
DA:16,0
DA:17,0
DA:18,0
DA:19,0
LF:10
LH:3
BRDA:18,0,0,0
BRDA:18,0,1,0
BRF:2
BRH:0
end_of_record
TN:
SF:src\providers\teacherProvider.ts
FN:5,(anonymous_0)
FN:9,(anonymous_1)
FN:13,(anonymous_2)
FNF:3
FNH:0
FNDA:0,(anonymous_0)
FNDA:0,(anonymous_1)
FNDA:0,(anonymous_2)
DA:4,6
DA:6,0
DA:7,0
DA:10,0
DA:11,0
DA:14,0
DA:15,0
LF:7
LH:1
BRF:0
BRH:0
end_of_record
TN:
SF:src\security\CompletePasswordPage.js
FN:54,(anonymous_0)
FN:58,(anonymous_1)
FN:61,(anonymous_2)
FN:74,(anonymous_3)
FN:96,(anonymous_4)
FN:109,(anonymous_5)
FNF:6
FNH:0
FNDA:0,(anonymous_0)
FNDA:0,(anonymous_1)
FNDA:0,(anonymous_2)
FNDA:0,(anonymous_3)
FNDA:0,(anonymous_4)
FNDA:0,(anonymous_5)
DA:5,6
DA:54,6
DA:55,0
DA:58,6
DA:59,0
DA:60,0
DA:61,0
DA:62,0
DA:63,0
DA:64,0
DA:65,0
DA:66,0
DA:67,0
DA:68,0
DA:69,0
DA:70,0
DA:72,0
DA:74,0
DA:75,0
DA:76,0
DA:77,0
DA:78,0
DA:79,0
DA:80,0
DA:81,0
DA:82,0
DA:86,0
DA:89,0
DA:96,0
DA:109,6
DA:110,0
LF:31
LH:4
BRDA:63,0,0,0
BRDA:63,0,1,0
BRDA:65,1,0,0
BRDA:65,1,1,0
BRDA:67,2,0,0
BRDA:67,2,1,0
BRDA:69,3,0,0
BRDA:69,3,1,0
BRDA:77,4,0,0
BRDA:77,4,1,0
BRDA:79,5,0,0
BRDA:79,5,1,0
BRDA:81,6,0,0
BRDA:81,6,1,0
BRF:14
BRH:0
end_of_record
TN:
SF:src\security\LoginPage.js
FN:7,(anonymous_0)
FN:36,(anonymous_1)
FN:38,(anonymous_2)
FN:39,(anonymous_3)
FN:40,(anonymous_4)
FNF:5
FNH:3
FNDA:0,(anonymous_0)
FNDA:20,(anonymous_1)
FNDA:20,(anonymous_2)
FNDA:0,(anonymous_3)
FNDA:20,(anonymous_4)
DA:7,6
DA:8,0
DA:9,0
DA:36,6
DA:37,20
DA:38,20
DA:39,20
DA:40,20
DA:42,20
LF:9
LH:7
BRDA:40,0,0,0
BRDA:40,0,1,20
BRDA:54,1,0,0
BRDA:54,1,1,20
BRF:4
BRH:2
end_of_record
TN:
SF:src\security\permissions.ts
FN:3,(anonymous_0)
FNF:1
FNH:1
FNDA:42,(anonymous_0)
DA:3,6
DA:4,42
DA:6,42
DA:7,42
DA:9,42
DA:31,42
LF:6
LH:6
BRF:0
BRH:0
end_of_record
